#
# There is insufficient memory for the Java Runtime Environment to continue.
# Native memory allocation (malloc) failed to allocate 1198096 bytes for Chunk::new
# Possible reasons:
#   The system is out of physical RAM or swap space
#   The process is running with CompressedOops enabled, and the Java Heap may be blocking the growth of the native heap
# Possible solutions:
#   Reduce memory load on the system
#   Increase physical memory or swap space
#   Check if swap backing store is full
#   Decrease Java heap size (-Xmx/-Xms)
#   Decrease number of Java threads
#   Decrease Java thread stack sizes (-Xss)
#   Set larger code cache with -XX:ReservedCodeCacheSize=
#   JVM is running with Unscaled Compressed Oops mode in which the Java heap is
#     placed in the first 4GB address space. The Java Heap base address is the
#     maximum limit for the native heap growth. Please use -XX:HeapBaseMinAddress
#     to set the Java Heap base and to place the Java Heap above 4GB virtual address.
# This output file may be truncated or incomplete.
#
#  Out of Memory Error (./src/hotspot/share/memory/arena.cpp:197), pid=1776, tid=1592
#
# JRE version: OpenJDK Runtime Environment Microsoft-25199 (11.0.12+7) (build 11.0.12+7)
# Java VM: OpenJDK 64-Bit Server VM Microsoft-25199 (11.0.12+7, mixed mode, tiered, compressed oops, g1 gc, windows-amd64)
# No core dump will be written. Minidumps are not enabled by default on client versions of Windows
#

---------------  S U M M A R Y ------------

Command Line: --add-opens=java.base/java.util=ALL-UNNAMED --add-opens=java.base/java.lang=ALL-UNNAMED --add-opens=java.base/java.lang.invoke=ALL-UNNAMED --add-opens=java.base/java.util=ALL-UNNAMED --add-opens=java.prefs/java.util.prefs=ALL-UNNAMED --add-opens=java.prefs/java.util.prefs=ALL-UNNAMED --add-opens=java.base/java.nio.charset=ALL-UNNAMED --add-opens=java.base/java.net=ALL-UNNAMED --add-opens=java.base/java.util.concurrent.atomic=ALL-UNNAMED -Xmx2048m -Dfile.encoding=UTF-8 -Duser.country=CO -Duser.language=es -Duser.variant org.gradle.launcher.daemon.bootstrap.GradleDaemon 7.5

Host: Intel(R) Core(TM) i3-1005G1 CPU @ 1.20GHz, 4 cores, 3G,  Windows 10 , 64 bit Build 19041 (10.0.19041.2364)
Time: Wed Mar  8 23:00:57 2023 Hora est. Pacífico, Sudamérica elapsed time: 22.407424 seconds (0d 0h 0m 22s)

---------------  T H R E A D  ---------------

Current thread (0x000001c71feae800):  JavaThread "C2 CompilerThread0" daemon [_thread_in_native, id=1592, stack(0x000000c300400000,0x000000c300500000)]


Current CompileTask:
C2:  22407 7482       4       groovyjarjarantlr4.v4.runtime.atn.ParserATNSimulator::closure (784 bytes)

Stack: [0x000000c300400000,0x000000c300500000]
Native frames: (J=compiled Java code, j=interpreted, Vv=VM code, C=native code)
V  [jvm.dll+0x6090fa]
V  [jvm.dll+0x79229e]
V  [jvm.dll+0x79396f]
V  [jvm.dll+0x794033]
V  [jvm.dll+0x24bed8]
V  [jvm.dll+0xc219c]
V  [jvm.dll+0xc275c]
V  [jvm.dll+0x3548a7]
V  [jvm.dll+0x321fb3]
V  [jvm.dll+0x3212ea]
V  [jvm.dll+0x205585]
V  [jvm.dll+0x20476d]
V  [jvm.dll+0x18996c]
V  [jvm.dll+0x213dd7]
V  [jvm.dll+0x211f9b]
V  [jvm.dll+0x7563a9]
V  [jvm.dll+0x74f414]
V  [jvm.dll+0x607f56]
C  [ucrtbase.dll+0x21bb2]
C  [KERNEL32.DLL+0x17614]
C  [ntdll.dll+0x526a1]


---------------  P R O C E S S  ---------------

Threads class SMR info:
_java_thread_list=0x000001c726db6210, length=78, elements={
0x000001c77f740000, 0x000001c71fe5c000, 0x000001c71fe66000, 0x000001c71fe57800,
0x000001c71fe58800, 0x000001c71feac800, 0x000001c71feae800, 0x000001c71feb0000,
0x000001c71febd000, 0x000001c72093e800, 0x000001c722828000, 0x000001c721d2c000,
0x000001c721d2c800, 0x000001c721df3000, 0x000001c7228ce000, 0x000001c7220bb000,
0x000001c721f74800, 0x000001c721f75800, 0x000001c7222b3800, 0x000001c72233d000,
0x000001c72233e000, 0x000001c72233f000, 0x000001c722339000, 0x000001c72233b800,
0x000001c72233c800, 0x000001c72233f800, 0x000001c72233a000, 0x000001c72233b000,
0x000001c722e26000, 0x000001c722e27000, 0x000001c722e27800, 0x000001c722e28800,
0x000001c722e2a000, 0x000001c722e2b000, 0x000001c722e25000, 0x000001c722e2d800,
0x000001c722e2c800, 0x000001c722e2f000, 0x000001c722e29000, 0x000001c722e2f800,
0x000001c722e32000, 0x000001c722e34000, 0x000001c722e30800, 0x000001c722e31800,
0x000001c722e33000, 0x000001c725195000, 0x000001c725191000, 0x000001c725192800,
0x000001c725190000, 0x000001c725193800, 0x000001c725196000, 0x000001c725197800,
0x000001c725194800, 0x000001c725192000, 0x000001c725198800, 0x000001c72519b800,
0x000001c725199000, 0x000001c72519c800, 0x000001c72519a000, 0x000001c725196800,
0x000001c72519b000, 0x000001c72519d800, 0x000001c72519e000, 0x000001c72519f000,
0x000001c727155000, 0x000001c727153800, 0x000001c72715a000, 0x000001c727158000,
0x000001c727155800, 0x000001c727159000, 0x000001c727156800, 0x000001c727154000,
0x000001c72715a800, 0x000001c72715b800, 0x000001c727157800, 0x000001c72715e800,
0x000001c72715f800, 0x000001c72715c800
}

Java Threads: ( => current thread )
  0x000001c77f740000 JavaThread "main" [_thread_blocked, id=23004, stack(0x000000c37f800000,0x000000c37f900000)]
  0x000001c71fe5c000 JavaThread "Reference Handler" daemon [_thread_blocked, id=12788, stack(0x000000c37ff00000,0x000000c380000000)]
  0x000001c71fe66000 JavaThread "Finalizer" daemon [_thread_blocked, id=21304, stack(0x000000c300000000,0x000000c300100000)]
  0x000001c71fe57800 JavaThread "Signal Dispatcher" daemon [_thread_blocked, id=1248, stack(0x000000c300100000,0x000000c300200000)]
  0x000001c71fe58800 JavaThread "Attach Listener" daemon [_thread_blocked, id=14204, stack(0x000000c300200000,0x000000c300300000)]
  0x000001c71feac800 JavaThread "Service Thread" daemon [_thread_blocked, id=15104, stack(0x000000c300300000,0x000000c300400000)]
=>0x000001c71feae800 JavaThread "C2 CompilerThread0" daemon [_thread_in_native, id=1592, stack(0x000000c300400000,0x000000c300500000)]
  0x000001c71feb0000 JavaThread "C1 CompilerThread0" daemon [_thread_blocked, id=1032, stack(0x000000c300500000,0x000000c300600000)]
  0x000001c71febd000 JavaThread "Sweeper thread" daemon [_thread_blocked, id=4816, stack(0x000000c300600000,0x000000c300700000)]
  0x000001c72093e800 JavaThread "Common-Cleaner" daemon [_thread_blocked, id=21484, stack(0x000000c300700000,0x000000c300800000)]
  0x000001c722828000 JavaThread "Daemon health stats" [_thread_blocked, id=20972, stack(0x000000c300a00000,0x000000c300b00000)]
  0x000001c721d2c000 JavaThread "Incoming local TCP Connector on port 56202" [_thread_in_native, id=4752, stack(0x000000c300b00000,0x000000c300c00000)]
  0x000001c721d2c800 JavaThread "Daemon periodic checks" [_thread_blocked, id=12792, stack(0x000000c300c00000,0x000000c300d00000)]
  0x000001c721df3000 JavaThread "Daemon" [_thread_blocked, id=12236, stack(0x000000c300d00000,0x000000c300e00000)]
  0x000001c7228ce000 JavaThread "Handler for socket connection from /127.0.0.1:56202 to /127.0.0.1:56203" [_thread_in_native, id=2616, stack(0x000000c300e00000,0x000000c300f00000)]
  0x000001c7220bb000 JavaThread "Cancel handler" [_thread_blocked, id=512, stack(0x000000c300f00000,0x000000c301000000)]
  0x000001c721f74800 JavaThread "Daemon worker" [_thread_in_native, id=25120, stack(0x000000c301000000,0x000000c301100000)]
  0x000001c721f75800 JavaThread "Asynchronous log dispatcher for DefaultDaemonConnection: socket connection from /127.0.0.1:56202 to /127.0.0.1:56203" [_thread_blocked, id=13120, stack(0x000000c301100000,0x000000c301200000)]
  0x000001c7222b3800 JavaThread "Stdin handler" [_thread_blocked, id=10580, stack(0x000000c301200000,0x000000c301300000)]
  0x000001c72233d000 JavaThread "Daemon client event forwarder" [_thread_blocked, id=6212, stack(0x000000c301300000,0x000000c301400000)]
  0x000001c72233e000 JavaThread "Cache worker for journal cache (C:\Users\Kevin\.gradle\caches\journal-1)" [_thread_blocked, id=10388, stack(0x000000c301600000,0x000000c301700000)]
  0x000001c72233f000 JavaThread "File lock request listener" [_thread_in_native, id=9760, stack(0x000000c301700000,0x000000c301800000)]
  0x000001c722339000 JavaThread "Cache worker for file hash cache (C:\Users\Kevin\.gradle\caches\7.5\fileHashes)" [_thread_blocked, id=16712, stack(0x000000c301800000,0x000000c301900000)]
  0x000001c72233b800 JavaThread "File watcher server" daemon [_thread_in_native, id=23956, stack(0x000000c301900000,0x000000c301a00000)]
  0x000001c72233c800 JavaThread "File watcher consumer" daemon [_thread_blocked, id=11304, stack(0x000000c301a00000,0x000000c301b00000)]
  0x000001c72233f800 JavaThread "jar transforms" [_thread_blocked, id=19992, stack(0x000000c301b00000,0x000000c301c00000)]
  0x000001c72233a000 JavaThread "jar transforms Thread 2" [_thread_blocked, id=12756, stack(0x000000c301c00000,0x000000c301d00000)]
  0x000001c72233b000 JavaThread "jar transforms Thread 3" [_thread_blocked, id=1884, stack(0x000000c301d00000,0x000000c301e00000)]
  0x000001c722e26000 JavaThread "jar transforms Thread 4" [_thread_blocked, id=11892, stack(0x000000c301e00000,0x000000c301f00000)]
  0x000001c722e27000 JavaThread "Cache worker for checksums cache (C:\Users\Kevin\AndroidStudioProjects\FitTitan\.gradle\7.5\checksums)" [_thread_blocked, id=3192, stack(0x000000c301f00000,0x000000c302000000)]
  0x000001c722e27800 JavaThread "Cache worker for cache directory md-rule (C:\Users\Kevin\.gradle\caches\7.5\md-rule)" [_thread_blocked, id=3232, stack(0x000000c302000000,0x000000c302100000)]
  0x000001c722e28800 JavaThread "Cache worker for file content cache (C:\Users\Kevin\.gradle\caches\7.5\fileContent)" [_thread_blocked, id=19080, stack(0x000000c302100000,0x000000c302200000)]
  0x000001c722e2a000 JavaThread "Cache worker for file hash cache (C:\Users\Kevin\AndroidStudioProjects\FitTitan\.gradle\7.5\fileHashes)" [_thread_blocked, id=15920, stack(0x000000c302200000,0x000000c302300000)]
  0x000001c722e2b000 JavaThread "Cache worker for cache directory md-supplier (C:\Users\Kevin\.gradle\caches\7.5\md-supplier)" [_thread_blocked, id=18868, stack(0x000000c302300000,0x000000c302400000)]
  0x000001c722e25000 JavaThread "Cache worker for execution history cache (C:\Users\Kevin\.gradle\caches\7.5\executionHistory)" [_thread_blocked, id=1108, stack(0x000000c302400000,0x000000c302500000)]
  0x000001c722e2d800 JavaThread "Cache worker for dependencies-accessors (C:\Users\Kevin\AndroidStudioProjects\FitTitan\.gradle\7.5\dependencies-accessors)" [_thread_blocked, id=10272, stack(0x000000c302500000,0x000000c302600000)]
  0x000001c722e2c800 JavaThread "Cache worker for Build Output Cleanup Cache (C:\Users\Kevin\AndroidStudioProjects\FitTitan\.gradle\buildOutputCleanup)" [_thread_blocked, id=10356, stack(0x000000c302600000,0x000000c302700000)]
  0x000001c722e2f000 JavaThread "Unconstrained build operations" [_thread_blocked, id=16900, stack(0x000000c302700000,0x000000c302800000)]
  0x000001c722e29000 JavaThread "Unconstrained build operations Thread 2" [_thread_blocked, id=5272, stack(0x000000c302800000,0x000000c302900000)]
  0x000001c722e2f800 JavaThread "Unconstrained build operations Thread 3" [_thread_blocked, id=4916, stack(0x000000c302900000,0x000000c302a00000)]
  0x000001c722e32000 JavaThread "Unconstrained build operations Thread 4" [_thread_blocked, id=24772, stack(0x000000c302a00000,0x000000c302b00000)]
  0x000001c722e34000 JavaThread "Unconstrained build operations Thread 5" [_thread_blocked, id=16704, stack(0x000000c302b00000,0x000000c302c00000)]
  0x000001c722e30800 JavaThread "Unconstrained build operations Thread 6" [_thread_blocked, id=9924, stack(0x000000c302c00000,0x000000c302d00000)]
  0x000001c722e31800 JavaThread "Unconstrained build operations Thread 7" [_thread_blocked, id=6220, stack(0x000000c302d00000,0x000000c302e00000)]
  0x000001c722e33000 JavaThread "Unconstrained build operations Thread 8" [_thread_blocked, id=19084, stack(0x000000c302e00000,0x000000c302f00000)]
  0x000001c725195000 JavaThread "Unconstrained build operations Thread 9" [_thread_blocked, id=16420, stack(0x000000c302f00000,0x000000c303000000)]
  0x000001c725191000 JavaThread "Unconstrained build operations Thread 10" [_thread_blocked, id=16852, stack(0x000000c303000000,0x000000c303100000)]
  0x000001c725192800 JavaThread "Unconstrained build operations Thread 11" [_thread_blocked, id=9648, stack(0x000000c303100000,0x000000c303200000)]
  0x000001c725190000 JavaThread "Unconstrained build operations Thread 12" [_thread_blocked, id=3444, stack(0x000000c303200000,0x000000c303300000)]
  0x000001c725193800 JavaThread "Unconstrained build operations Thread 13" [_thread_blocked, id=7616, stack(0x000000c303300000,0x000000c303400000)]
  0x000001c725196000 JavaThread "Unconstrained build operations Thread 14" [_thread_blocked, id=13940, stack(0x000000c303400000,0x000000c303500000)]
  0x000001c725197800 JavaThread "Unconstrained build operations Thread 15" [_thread_blocked, id=7480, stack(0x000000c303500000,0x000000c303600000)]
  0x000001c725194800 JavaThread "Unconstrained build operations Thread 16" [_thread_blocked, id=15808, stack(0x000000c303600000,0x000000c303700000)]
  0x000001c725192000 JavaThread "Unconstrained build operations Thread 17" [_thread_blocked, id=21400, stack(0x000000c303700000,0x000000c303800000)]
  0x000001c725198800 JavaThread "Unconstrained build operations Thread 18" [_thread_blocked, id=6948, stack(0x000000c303800000,0x000000c303900000)]
  0x000001c72519b800 JavaThread "Unconstrained build operations Thread 19" [_thread_blocked, id=14960, stack(0x000000c303900000,0x000000c303a00000)]
  0x000001c725199000 JavaThread "Unconstrained build operations Thread 20" [_thread_blocked, id=4948, stack(0x000000c303a00000,0x000000c303b00000)]
  0x000001c72519c800 JavaThread "Unconstrained build operations Thread 21" [_thread_blocked, id=25076, stack(0x000000c303b00000,0x000000c303c00000)]
  0x000001c72519a000 JavaThread "Unconstrained build operations Thread 22" [_thread_blocked, id=21600, stack(0x000000c303c00000,0x000000c303d00000)]
  0x000001c725196800 JavaThread "Unconstrained build operations Thread 23" [_thread_blocked, id=23520, stack(0x000000c303d00000,0x000000c303e00000)]
  0x000001c72519b000 JavaThread "Unconstrained build operations Thread 24" [_thread_blocked, id=21508, stack(0x000000c303e00000,0x000000c303f00000)]
  0x000001c72519d800 JavaThread "Unconstrained build operations Thread 25" [_thread_blocked, id=22372, stack(0x000000c303f00000,0x000000c304000000)]
  0x000001c72519e000 JavaThread "Unconstrained build operations Thread 26" [_thread_blocked, id=19520, stack(0x000000c304000000,0x000000c304100000)]
  0x000001c72519f000 JavaThread "Unconstrained build operations Thread 27" [_thread_blocked, id=23576, stack(0x000000c304100000,0x000000c304200000)]
  0x000001c727155000 JavaThread "Unconstrained build operations Thread 28" [_thread_blocked, id=14928, stack(0x000000c304200000,0x000000c304300000)]
  0x000001c727153800 JavaThread "Unconstrained build operations Thread 29" [_thread_blocked, id=22096, stack(0x000000c304300000,0x000000c304400000)]
  0x000001c72715a000 JavaThread "Unconstrained build operations Thread 30" [_thread_blocked, id=13320, stack(0x000000c304400000,0x000000c304500000)]
  0x000001c727158000 JavaThread "Unconstrained build operations Thread 31" [_thread_blocked, id=16032, stack(0x000000c304500000,0x000000c304600000)]
  0x000001c727155800 JavaThread "Unconstrained build operations Thread 32" [_thread_blocked, id=24480, stack(0x000000c304600000,0x000000c304700000)]
  0x000001c727159000 JavaThread "Unconstrained build operations Thread 33" [_thread_blocked, id=25108, stack(0x000000c304700000,0x000000c304800000)]
  0x000001c727156800 JavaThread "Unconstrained build operations Thread 34" [_thread_blocked, id=16548, stack(0x000000c304800000,0x000000c304900000)]
  0x000001c727154000 JavaThread "Unconstrained build operations Thread 35" [_thread_blocked, id=6936, stack(0x000000c304900000,0x000000c304a00000)]
  0x000001c72715a800 JavaThread "Unconstrained build operations Thread 36" [_thread_blocked, id=16928, stack(0x000000c304a00000,0x000000c304b00000)]
  0x000001c72715b800 JavaThread "Unconstrained build operations Thread 37" [_thread_blocked, id=17256, stack(0x000000c304b00000,0x000000c304c00000)]
  0x000001c727157800 JavaThread "Unconstrained build operations Thread 38" [_thread_blocked, id=22236, stack(0x000000c304c00000,0x000000c304d00000)]
  0x000001c72715e800 JavaThread "Unconstrained build operations Thread 39" [_thread_blocked, id=5260, stack(0x000000c304d00000,0x000000c304e00000)]
  0x000001c72715f800 JavaThread "Unconstrained build operations Thread 40" [_thread_blocked, id=5084, stack(0x000000c304e00000,0x000000c304f00000)]
  0x000001c72715c800 JavaThread "Memory manager" [_thread_blocked, id=20916, stack(0x000000c304f00000,0x000000c305000000)]

Other Threads:
  0x000001c71fe47800 VMThread "VM Thread" [stack: 0x000000c37fe00000,0x000000c37ff00000] [id=20992]
  0x000001c720974800 WatcherThread [stack: 0x000000c300800000,0x000000c300900000] [id=11328]
  0x000001c77f757000 GCTaskThread "GC Thread#0" [stack: 0x000000c37f900000,0x000000c37fa00000] [id=6972]
  0x000001c7210f4800 GCTaskThread "GC Thread#1" [stack: 0x000000c300900000,0x000000c300a00000] [id=16604]
  0x000001c722c12000 GCTaskThread "GC Thread#2" [stack: 0x000000c301400000,0x000000c301500000] [id=9672]
  0x000001c722371800 GCTaskThread "GC Thread#3" [stack: 0x000000c301500000,0x000000c301600000] [id=4768]
  0x000001c77f787000 ConcurrentGCThread "G1 Main Marker" [stack: 0x000000c37fa00000,0x000000c37fb00000] [id=24016]
  0x000001c77f788800 ConcurrentGCThread "G1 Conc#0" [stack: 0x000000c37fb00000,0x000000c37fc00000] [id=12012]
  0x000001c77f7e2800 ConcurrentGCThread "G1 Refine#0" [stack: 0x000000c37fc00000,0x000000c37fd00000] [id=16368]
  0x000001c77f7e3800 ConcurrentGCThread "G1 Young RemSet Sampling" [stack: 0x000000c37fd00000,0x000000c37fe00000] [id=6004]

Threads with active compile tasks:
C2 CompilerThread0  22463 7482       4       groovyjarjarantlr4.v4.runtime.atn.ParserATNSimulator::closure (784 bytes)
C1 CompilerThread0  22463 7910   !   2       com.google.common.cache.LocalCache$Segment::storeLoadedValue (371 bytes)

VM state:not at safepoint (normal execution)

VM Mutex/Monitor currently owned by a thread: None

Heap address: 0x0000000080000000, size: 2048 MB, Compressed Oops mode: 32-bit
Narrow klass base: 0x0000000000000000, Narrow klass shift: 3
Compressed class space size: 1073741824 Address: 0x0000000100000000

Heap:
 garbage-first heap   total 239616K, used 138497K [0x0000000080000000, 0x0000000100000000)
  region size 1024K, 32 young (32768K), 6 survivors (6144K)
 Metaspace       used 76480K, capacity 78444K, committed 78592K, reserved 1118208K
  class space    used 9872K, capacity 10672K, committed 10752K, reserved 1048576K
Heap Regions: E=young(eden), S=young(survivor), O=old, HS=humongous(starts), HC=humongous(continues), CS=collection set, F=free, A=archive, TAMS=top-at-mark-start (previous, next)
|   0|0x0000000080000000, 0x0000000080100000, 0x0000000080100000|100%|HS|  |TAMS 0x0000000080100000, 0x0000000080000000| Complete 
|   1|0x0000000080100000, 0x0000000080200000, 0x0000000080200000|100%|HC|  |TAMS 0x0000000080200000, 0x0000000080100000| Complete 
|   2|0x0000000080200000, 0x0000000080300000, 0x0000000080300000|100%|HC|  |TAMS 0x0000000080300000, 0x0000000080200000| Complete 
|   3|0x0000000080300000, 0x0000000080400000, 0x0000000080400000|100%| O|  |TAMS 0x0000000080400000, 0x0000000080300000| Untracked 
|   4|0x0000000080400000, 0x0000000080500000, 0x0000000080500000|100%| O|  |TAMS 0x0000000080500000, 0x0000000080400000| Untracked 
|   5|0x0000000080500000, 0x0000000080600000, 0x0000000080600000|100%| O|  |TAMS 0x0000000080600000, 0x0000000080500000| Untracked 
|   6|0x0000000080600000, 0x0000000080700000, 0x0000000080700000|100%| O|  |TAMS 0x0000000080700000, 0x0000000080600000| Untracked 
|   7|0x0000000080700000, 0x0000000080800000, 0x0000000080800000|100%| O|  |TAMS 0x0000000080800000, 0x0000000080700000| Untracked 
|   8|0x0000000080800000, 0x0000000080900000, 0x0000000080900000|100%| O|  |TAMS 0x0000000080900000, 0x0000000080800000| Untracked 
|   9|0x0000000080900000, 0x0000000080a00000, 0x0000000080a00000|100%| O|  |TAMS 0x0000000080a00000, 0x0000000080900000| Untracked 
|  10|0x0000000080a00000, 0x0000000080b00000, 0x0000000080b00000|100%| O|  |TAMS 0x0000000080b00000, 0x0000000080a00000| Untracked 
|  11|0x0000000080b00000, 0x0000000080c00000, 0x0000000080c00000|100%| O|  |TAMS 0x0000000080c00000, 0x0000000080b00000| Untracked 
|  12|0x0000000080c00000, 0x0000000080d00000, 0x0000000080d00000|100%| O|  |TAMS 0x0000000080d00000, 0x0000000080c00000| Untracked 
|  13|0x0000000080d00000, 0x0000000080e00000, 0x0000000080e00000|100%| O|  |TAMS 0x0000000080e00000, 0x0000000080d00000| Untracked 
|  14|0x0000000080e00000, 0x0000000080f00000, 0x0000000080f00000|100%| O|  |TAMS 0x0000000080f00000, 0x0000000080e00000| Untracked 
|  15|0x0000000080f00000, 0x0000000081000000, 0x0000000081000000|100%| O|  |TAMS 0x0000000081000000, 0x0000000080f00000| Untracked 
|  16|0x0000000081000000, 0x0000000081100000, 0x0000000081100000|100%| O|  |TAMS 0x0000000081100000, 0x0000000081000000| Untracked 
|  17|0x0000000081100000, 0x0000000081200000, 0x0000000081200000|100%|HS|  |TAMS 0x0000000081200000, 0x0000000081100000| Complete 
|  18|0x0000000081200000, 0x0000000081300000, 0x0000000081300000|100%|HC|  |TAMS 0x0000000081300000, 0x0000000081200000| Complete 
|  19|0x0000000081300000, 0x0000000081400000, 0x0000000081400000|100%|HS|  |TAMS 0x0000000081400000, 0x0000000081300000| Complete 
|  20|0x0000000081400000, 0x0000000081500000, 0x0000000081500000|100%|HC|  |TAMS 0x0000000081500000, 0x0000000081400000| Complete 
|  21|0x0000000081500000, 0x0000000081600000, 0x0000000081600000|100%|HC|  |TAMS 0x0000000081600000, 0x0000000081500000| Complete 
|  22|0x0000000081600000, 0x0000000081700000, 0x0000000081700000|100%|HS|  |TAMS 0x0000000081700000, 0x0000000081600000| Complete 
|  23|0x0000000081700000, 0x0000000081800000, 0x0000000081800000|100%|HC|  |TAMS 0x0000000081800000, 0x0000000081700000| Complete 
|  24|0x0000000081800000, 0x0000000081900000, 0x0000000081900000|100%|HC|  |TAMS 0x0000000081900000, 0x0000000081800000| Complete 
|  25|0x0000000081900000, 0x0000000081a00000, 0x0000000081a00000|100%| O|  |TAMS 0x0000000081a00000, 0x0000000081900000| Untracked 
|  26|0x0000000081a00000, 0x0000000081b00000, 0x0000000081b00000|100%|HS|  |TAMS 0x0000000081b00000, 0x0000000081a00000| Complete 
|  27|0x0000000081b00000, 0x0000000081c00000, 0x0000000081c00000|100%|HC|  |TAMS 0x0000000081c00000, 0x0000000081b00000| Complete 
|  28|0x0000000081c00000, 0x0000000081d00000, 0x0000000081d00000|100%|HC|  |TAMS 0x0000000081d00000, 0x0000000081c00000| Complete 
|  29|0x0000000081d00000, 0x0000000081e00000, 0x0000000081e00000|100%|HC|  |TAMS 0x0000000081e00000, 0x0000000081d00000| Complete 
|  30|0x0000000081e00000, 0x0000000081f00000, 0x0000000081f00000|100%|HC|  |TAMS 0x0000000081f00000, 0x0000000081e00000| Complete 
|  31|0x0000000081f00000, 0x0000000082000000, 0x0000000082000000|100%| O|  |TAMS 0x0000000082000000, 0x0000000081f00000| Untracked 
|  32|0x0000000082000000, 0x0000000082100000, 0x0000000082100000|100%| O|  |TAMS 0x0000000082100000, 0x0000000082000000| Untracked 
|  33|0x0000000082100000, 0x0000000082200000, 0x0000000082200000|100%| O|  |TAMS 0x0000000082200000, 0x0000000082100000| Untracked 
|  34|0x0000000082200000, 0x0000000082300000, 0x0000000082300000|100%| O|  |TAMS 0x0000000082300000, 0x0000000082200000| Untracked 
|  35|0x0000000082300000, 0x0000000082400000, 0x0000000082400000|100%|HS|  |TAMS 0x0000000082400000, 0x0000000082300000| Complete 
|  36|0x0000000082400000, 0x0000000082500000, 0x0000000082500000|100%|HC|  |TAMS 0x0000000082500000, 0x0000000082400000| Complete 
|  37|0x0000000082500000, 0x0000000082600000, 0x0000000082600000|100%| O|  |TAMS 0x0000000082600000, 0x0000000082500000| Untracked 
|  38|0x0000000082600000, 0x0000000082700000, 0x0000000082700000|100%| O|  |TAMS 0x0000000082700000, 0x0000000082600000| Untracked 
|  39|0x0000000082700000, 0x0000000082800000, 0x0000000082800000|100%| O|  |TAMS 0x0000000082800000, 0x0000000082700000| Untracked 
|  40|0x0000000082800000, 0x0000000082900000, 0x0000000082900000|100%| O|  |TAMS 0x0000000082900000, 0x0000000082800000| Untracked 
|  41|0x0000000082900000, 0x0000000082a00000, 0x0000000082a00000|100%| O|  |TAMS 0x0000000082a00000, 0x0000000082900000| Untracked 
|  42|0x0000000082a00000, 0x0000000082b00000, 0x0000000082b00000|100%| O|  |TAMS 0x0000000082b00000, 0x0000000082a00000| Untracked 
|  43|0x0000000082b00000, 0x0000000082c00000, 0x0000000082c00000|100%| O|  |TAMS 0x0000000082c00000, 0x0000000082b00000| Untracked 
|  44|0x0000000082c00000, 0x0000000082d00000, 0x0000000082d00000|100%| O|  |TAMS 0x0000000082d00000, 0x0000000082c00000| Untracked 
|  45|0x0000000082d00000, 0x0000000082e00000, 0x0000000082e00000|100%| O|  |TAMS 0x0000000082e00000, 0x0000000082d00000| Untracked 
|  46|0x0000000082e00000, 0x0000000082f00000, 0x0000000082f00000|100%| O|  |TAMS 0x0000000082f00000, 0x0000000082e00000| Untracked 
|  47|0x0000000082f00000, 0x0000000083000000, 0x0000000083000000|100%|HS|  |TAMS 0x0000000083000000, 0x0000000082f00000| Complete 
|  48|0x0000000083000000, 0x0000000083100000, 0x0000000083100000|100%|HC|  |TAMS 0x0000000083100000, 0x0000000083000000| Complete 
|  49|0x0000000083100000, 0x0000000083200000, 0x0000000083200000|100%|HC|  |TAMS 0x0000000083200000, 0x0000000083100000| Complete 
|  50|0x0000000083200000, 0x0000000083300000, 0x0000000083300000|100%|HS|  |TAMS 0x0000000083300000, 0x0000000083200000| Complete 
|  51|0x0000000083300000, 0x0000000083400000, 0x0000000083400000|100%|HC|  |TAMS 0x0000000083400000, 0x0000000083300000| Complete 
|  52|0x0000000083400000, 0x0000000083500000, 0x0000000083500000|100%|HS|  |TAMS 0x0000000083500000, 0x0000000083400000| Complete 
|  53|0x0000000083500000, 0x0000000083600000, 0x0000000083600000|100%|HC|  |TAMS 0x0000000083600000, 0x0000000083500000| Complete 
|  54|0x0000000083600000, 0x0000000083700000, 0x0000000083700000|100%|HC|  |TAMS 0x0000000083700000, 0x0000000083600000| Complete 
|  55|0x0000000083700000, 0x0000000083800000, 0x0000000083800000|100%|HC|  |TAMS 0x0000000083800000, 0x0000000083700000| Complete 
|  56|0x0000000083800000, 0x0000000083900000, 0x0000000083900000|100%|HC|  |TAMS 0x0000000083900000, 0x0000000083800000| Complete 
|  57|0x0000000083900000, 0x0000000083a00000, 0x0000000083a00000|100%|HC|  |TAMS 0x0000000083a00000, 0x0000000083900000| Complete 
|  58|0x0000000083a00000, 0x0000000083b00000, 0x0000000083b00000|100%|HC|  |TAMS 0x0000000083b00000, 0x0000000083a00000| Complete 
|  59|0x0000000083b00000, 0x0000000083c00000, 0x0000000083c00000|100%|HC|  |TAMS 0x0000000083c00000, 0x0000000083b00000| Complete 
|  60|0x0000000083c00000, 0x0000000083d00000, 0x0000000083d00000|100%|HC|  |TAMS 0x0000000083d00000, 0x0000000083c00000| Complete 
|  61|0x0000000083d00000, 0x0000000083e00000, 0x0000000083e00000|100%|HC|  |TAMS 0x0000000083e00000, 0x0000000083d00000| Complete 
|  62|0x0000000083e00000, 0x0000000083f00000, 0x0000000083f00000|100%| O|  |TAMS 0x0000000083f00000, 0x0000000083e00000| Untracked 
|  63|0x0000000083f00000, 0x0000000084000000, 0x0000000084000000|100%|HS|  |TAMS 0x0000000084000000, 0x0000000083f00000| Complete 
|  64|0x0000000084000000, 0x0000000084100000, 0x0000000084100000|100%|HC|  |TAMS 0x0000000084100000, 0x0000000084000000| Complete 
|  65|0x0000000084100000, 0x0000000084200000, 0x0000000084200000|100%|HS|  |TAMS 0x0000000084200000, 0x0000000084100000| Complete 
|  66|0x0000000084200000, 0x0000000084300000, 0x0000000084300000|100%|HC|  |TAMS 0x0000000084300000, 0x0000000084200000| Complete 
|  67|0x0000000084300000, 0x0000000084400000, 0x0000000084400000|100%|HC|  |TAMS 0x0000000084400000, 0x0000000084300000| Complete 
|  68|0x0000000084400000, 0x0000000084500000, 0x0000000084500000|100%| O|  |TAMS 0x0000000084500000, 0x0000000084400000| Untracked 
|  69|0x0000000084500000, 0x0000000084600000, 0x0000000084600000|100%| O|  |TAMS 0x0000000084600000, 0x0000000084500000| Untracked 
|  70|0x0000000084600000, 0x0000000084700000, 0x0000000084700000|100%| O|  |TAMS 0x0000000084700000, 0x0000000084600000| Untracked 
|  71|0x0000000084700000, 0x0000000084800000, 0x0000000084800000|100%| O|  |TAMS 0x0000000084800000, 0x0000000084700000| Untracked 
|  72|0x0000000084800000, 0x0000000084900000, 0x0000000084900000|100%| O|  |TAMS 0x0000000084900000, 0x0000000084800000| Untracked 
|  73|0x0000000084900000, 0x0000000084a00000, 0x0000000084a00000|100%| O|  |TAMS 0x0000000084a00000, 0x0000000084900000| Untracked 
|  74|0x0000000084a00000, 0x0000000084b00000, 0x0000000084b00000|100%|HS|  |TAMS 0x0000000084b00000, 0x0000000084a00000| Complete 
|  75|0x0000000084b00000, 0x0000000084c00000, 0x0000000084c00000|100%|HC|  |TAMS 0x0000000084c00000, 0x0000000084b00000| Complete 
|  76|0x0000000084c00000, 0x0000000084d00000, 0x0000000084d00000|100%|HC|  |TAMS 0x0000000084d00000, 0x0000000084c00000| Complete 
|  77|0x0000000084d00000, 0x0000000084e00000, 0x0000000084e00000|100%|HC|  |TAMS 0x0000000084e00000, 0x0000000084d00000| Complete 
|  78|0x0000000084e00000, 0x0000000084f00000, 0x0000000084f00000|100%|HC|  |TAMS 0x0000000084f00000, 0x0000000084e00000| Complete 
|  79|0x0000000084f00000, 0x0000000085000000, 0x0000000085000000|100%| O|  |TAMS 0x0000000085000000, 0x0000000084f00000| Untracked 
|  80|0x0000000085000000, 0x0000000085100000, 0x0000000085100000|100%| O|  |TAMS 0x0000000085100000, 0x0000000085000000| Untracked 
|  81|0x0000000085100000, 0x0000000085200000, 0x0000000085200000|100%| O|  |TAMS 0x0000000085200000, 0x0000000085100000| Untracked 
|  82|0x0000000085200000, 0x0000000085300000, 0x0000000085300000|100%|HS|  |TAMS 0x0000000085300000, 0x0000000085200000| Complete 
|  83|0x0000000085300000, 0x0000000085400000, 0x0000000085400000|100%|HS|  |TAMS 0x0000000085400000, 0x0000000085300000| Complete 
|  84|0x0000000085400000, 0x0000000085500000, 0x0000000085500000|100%|HC|  |TAMS 0x0000000085500000, 0x0000000085400000| Complete 
|  85|0x0000000085500000, 0x0000000085600000, 0x0000000085600000|100%|HS|  |TAMS 0x0000000085600000, 0x0000000085500000| Complete 
|  86|0x0000000085600000, 0x0000000085700000, 0x0000000085700000|100%|HS|  |TAMS 0x0000000085700000, 0x0000000085600000| Complete 
|  87|0x0000000085700000, 0x0000000085800000, 0x0000000085800000|100%|HC|  |TAMS 0x0000000085800000, 0x0000000085700000| Complete 
|  88|0x0000000085800000, 0x0000000085900000, 0x0000000085900000|100%|HC|  |TAMS 0x0000000085900000, 0x0000000085800000| Complete 
|  89|0x0000000085900000, 0x0000000085a00000, 0x0000000085a00000|100%|HC|  |TAMS 0x0000000085a00000, 0x0000000085900000| Complete 
|  90|0x0000000085a00000, 0x0000000085b00000, 0x0000000085b00000|100%| O|  |TAMS 0x0000000085b00000, 0x0000000085a00000| Untracked 
|  91|0x0000000085b00000, 0x0000000085c00000, 0x0000000085c00000|100%| O|  |TAMS 0x0000000085c00000, 0x0000000085b00000| Untracked 
|  92|0x0000000085c00000, 0x0000000085d00000, 0x0000000085d00000|100%| O|  |TAMS 0x0000000085d00000, 0x0000000085c00000| Untracked 
|  93|0x0000000085d00000, 0x0000000085e00000, 0x0000000085e00000|100%| O|  |TAMS 0x0000000085e00000, 0x0000000085d00000| Untracked 
|  94|0x0000000085e00000, 0x0000000085f00000, 0x0000000085f00000|100%| O|  |TAMS 0x0000000085f00000, 0x0000000085e00000| Untracked 
|  95|0x0000000085f00000, 0x0000000086000000, 0x0000000086000000|100%| O|  |TAMS 0x0000000086000000, 0x0000000085f00000| Untracked 
|  96|0x0000000086000000, 0x0000000086100000, 0x0000000086100000|100%| O|  |TAMS 0x0000000086100000, 0x0000000086000000| Untracked 
|  97|0x0000000086100000, 0x0000000086200000, 0x0000000086200000|100%| O|  |TAMS 0x0000000086200000, 0x0000000086100000| Untracked 
|  98|0x0000000086200000, 0x0000000086300000, 0x0000000086300000|100%| O|  |TAMS 0x0000000086300000, 0x0000000086200000| Untracked 
|  99|0x0000000086300000, 0x0000000086400000, 0x0000000086400000|100%| O|  |TAMS 0x0000000086400000, 0x0000000086300000| Untracked 
| 100|0x0000000086400000, 0x0000000086400000, 0x0000000086500000|  0%| F|  |TAMS 0x0000000086400000, 0x0000000086400000| Untracked 
| 101|0x0000000086500000, 0x0000000086500000, 0x0000000086600000|  0%| F|  |TAMS 0x0000000086500000, 0x0000000086500000| Untracked 
| 102|0x0000000086600000, 0x0000000086600000, 0x0000000086700000|  0%| F|  |TAMS 0x0000000086600000, 0x0000000086600000| Untracked 
| 103|0x0000000086700000, 0x0000000086700000, 0x0000000086800000|  0%| F|  |TAMS 0x0000000086700000, 0x0000000086700000| Untracked 
| 104|0x0000000086800000, 0x0000000086800000, 0x0000000086900000|  0%| F|  |TAMS 0x0000000086800000, 0x0000000086800000| Untracked 
| 105|0x0000000086900000, 0x0000000086a00000, 0x0000000086a00000|100%| O|  |TAMS 0x0000000086a00000, 0x0000000086900000| Untracked 
| 106|0x0000000086a00000, 0x0000000086b00000, 0x0000000086b00000|100%| O|  |TAMS 0x0000000086b00000, 0x0000000086a00000| Untracked 
| 107|0x0000000086b00000, 0x0000000086c00000, 0x0000000086c00000|100%| O|  |TAMS 0x0000000086c00000, 0x0000000086b00000| Untracked 
| 108|0x0000000086c00000, 0x0000000086d00000, 0x0000000086d00000|100%| O|  |TAMS 0x0000000086d00000, 0x0000000086c00000| Untracked 
| 109|0x0000000086d00000, 0x0000000086d88e00, 0x0000000086e00000| 53%| O|  |TAMS 0x0000000086d88e00, 0x0000000086d00000| Untracked 
| 110|0x0000000086e00000, 0x0000000086e00000, 0x0000000086f00000|  0%| F|  |TAMS 0x0000000086e00000, 0x0000000086e00000| Untracked 
| 111|0x0000000086f00000, 0x0000000086f00000, 0x0000000087000000|  0%| F|  |TAMS 0x0000000086f00000, 0x0000000086f00000| Untracked 
| 112|0x0000000087000000, 0x0000000087000000, 0x0000000087100000|  0%| F|  |TAMS 0x0000000087000000, 0x0000000087000000| Untracked 
| 113|0x0000000087100000, 0x0000000087100000, 0x0000000087200000|  0%| F|  |TAMS 0x0000000087100000, 0x0000000087100000| Untracked 
| 114|0x0000000087200000, 0x0000000087200000, 0x0000000087300000|  0%| F|  |TAMS 0x0000000087200000, 0x0000000087200000| Untracked 
| 115|0x0000000087300000, 0x0000000087300000, 0x0000000087400000|  0%| F|  |TAMS 0x0000000087300000, 0x0000000087300000| Untracked 
| 116|0x0000000087400000, 0x0000000087400000, 0x0000000087500000|  0%| F|  |TAMS 0x0000000087400000, 0x0000000087400000| Untracked 
| 117|0x0000000087500000, 0x0000000087500000, 0x0000000087600000|  0%| F|  |TAMS 0x0000000087500000, 0x0000000087500000| Untracked 
| 118|0x0000000087600000, 0x0000000087600000, 0x0000000087700000|  0%| F|  |TAMS 0x0000000087600000, 0x0000000087600000| Untracked 
| 119|0x0000000087700000, 0x0000000087700000, 0x0000000087800000|  0%| F|  |TAMS 0x0000000087700000, 0x0000000087700000| Untracked 
| 120|0x0000000087800000, 0x0000000087800000, 0x0000000087900000|  0%| F|  |TAMS 0x0000000087800000, 0x0000000087800000| Untracked 
| 121|0x0000000087900000, 0x0000000087900000, 0x0000000087a00000|  0%| F|  |TAMS 0x0000000087900000, 0x0000000087900000| Untracked 
| 122|0x0000000087a00000, 0x0000000087a00000, 0x0000000087b00000|  0%| F|  |TAMS 0x0000000087a00000, 0x0000000087a00000| Untracked 
| 123|0x0000000087b00000, 0x0000000087b00000, 0x0000000087c00000|  0%| F|  |TAMS 0x0000000087b00000, 0x0000000087b00000| Untracked 
| 124|0x0000000087c00000, 0x0000000087c00000, 0x0000000087d00000|  0%| F|  |TAMS 0x0000000087c00000, 0x0000000087c00000| Untracked 
| 125|0x0000000087d00000, 0x0000000087d00000, 0x0000000087e00000|  0%| F|  |TAMS 0x0000000087d00000, 0x0000000087d00000| Untracked 
| 126|0x0000000087e00000, 0x0000000087e00000, 0x0000000087f00000|  0%| F|  |TAMS 0x0000000087e00000, 0x0000000087e00000| Untracked 
| 127|0x0000000087f00000, 0x0000000087f00000, 0x0000000088000000|  0%| F|  |TAMS 0x0000000087f00000, 0x0000000087f00000| Untracked 
| 128|0x0000000088000000, 0x0000000088000000, 0x0000000088100000|  0%| F|  |TAMS 0x0000000088000000, 0x0000000088000000| Untracked 
| 129|0x0000000088100000, 0x0000000088100000, 0x0000000088200000|  0%| F|  |TAMS 0x0000000088100000, 0x0000000088100000| Untracked 
| 130|0x0000000088200000, 0x0000000088200000, 0x0000000088300000|  0%| F|  |TAMS 0x0000000088200000, 0x0000000088200000| Untracked 
| 131|0x0000000088300000, 0x0000000088300000, 0x0000000088400000|  0%| F|  |TAMS 0x0000000088300000, 0x0000000088300000| Untracked 
| 132|0x0000000088400000, 0x0000000088400000, 0x0000000088500000|  0%| F|  |TAMS 0x0000000088400000, 0x0000000088400000| Untracked 
| 133|0x0000000088500000, 0x0000000088500000, 0x0000000088600000|  0%| F|  |TAMS 0x0000000088500000, 0x0000000088500000| Untracked 
| 134|0x0000000088600000, 0x0000000088600000, 0x0000000088700000|  0%| F|  |TAMS 0x0000000088600000, 0x0000000088600000| Untracked 
| 135|0x0000000088700000, 0x0000000088700000, 0x0000000088800000|  0%| F|  |TAMS 0x0000000088700000, 0x0000000088700000| Untracked 
| 136|0x0000000088800000, 0x0000000088800000, 0x0000000088900000|  0%| F|  |TAMS 0x0000000088800000, 0x0000000088800000| Untracked 
| 137|0x0000000088900000, 0x0000000088900000, 0x0000000088a00000|  0%| F|  |TAMS 0x0000000088900000, 0x0000000088900000| Untracked 
| 138|0x0000000088a00000, 0x0000000088a00000, 0x0000000088b00000|  0%| F|  |TAMS 0x0000000088a00000, 0x0000000088a00000| Untracked 
| 139|0x0000000088b00000, 0x0000000088b00000, 0x0000000088c00000|  0%| F|  |TAMS 0x0000000088b00000, 0x0000000088b00000| Untracked 
| 140|0x0000000088c00000, 0x0000000088c00000, 0x0000000088d00000|  0%| F|  |TAMS 0x0000000088c00000, 0x0000000088c00000| Untracked 
| 141|0x0000000088d00000, 0x0000000088d00000, 0x0000000088e00000|  0%| F|  |TAMS 0x0000000088d00000, 0x0000000088d00000| Untracked 
| 142|0x0000000088e00000, 0x0000000088e00000, 0x0000000088f00000|  0%| F|  |TAMS 0x0000000088e00000, 0x0000000088e00000| Untracked 
| 143|0x0000000088f00000, 0x0000000088f00000, 0x0000000089000000|  0%| F|  |TAMS 0x0000000088f00000, 0x0000000088f00000| Untracked 
| 144|0x0000000089000000, 0x0000000089000000, 0x0000000089100000|  0%| F|  |TAMS 0x0000000089000000, 0x0000000089000000| Untracked 
| 145|0x0000000089100000, 0x0000000089100000, 0x0000000089200000|  0%| F|  |TAMS 0x0000000089100000, 0x0000000089100000| Untracked 
| 146|0x0000000089200000, 0x0000000089200000, 0x0000000089300000|  0%| F|  |TAMS 0x0000000089200000, 0x0000000089200000| Untracked 
| 147|0x0000000089300000, 0x0000000089300000, 0x0000000089400000|  0%| F|  |TAMS 0x0000000089300000, 0x0000000089300000| Untracked 
| 148|0x0000000089400000, 0x0000000089400000, 0x0000000089500000|  0%| F|  |TAMS 0x0000000089400000, 0x0000000089400000| Untracked 
| 149|0x0000000089500000, 0x0000000089500000, 0x0000000089600000|  0%| F|  |TAMS 0x0000000089500000, 0x0000000089500000| Untracked 
| 150|0x0000000089600000, 0x0000000089600000, 0x0000000089700000|  0%| F|  |TAMS 0x0000000089600000, 0x0000000089600000| Untracked 
| 151|0x0000000089700000, 0x0000000089700000, 0x0000000089800000|  0%| F|  |TAMS 0x0000000089700000, 0x0000000089700000| Untracked 
| 152|0x0000000089800000, 0x0000000089800000, 0x0000000089900000|  0%| F|  |TAMS 0x0000000089800000, 0x0000000089800000| Untracked 
| 153|0x0000000089900000, 0x0000000089900000, 0x0000000089a00000|  0%| F|  |TAMS 0x0000000089900000, 0x0000000089900000| Untracked 
| 154|0x0000000089a00000, 0x0000000089a00000, 0x0000000089b00000|  0%| F|  |TAMS 0x0000000089a00000, 0x0000000089a00000| Untracked 
| 155|0x0000000089b00000, 0x0000000089b00000, 0x0000000089c00000|  0%| F|  |TAMS 0x0000000089b00000, 0x0000000089b00000| Untracked 
| 156|0x0000000089c00000, 0x0000000089c00000, 0x0000000089d00000|  0%| F|  |TAMS 0x0000000089c00000, 0x0000000089c00000| Untracked 
| 157|0x0000000089d00000, 0x0000000089d00000, 0x0000000089e00000|  0%| F|  |TAMS 0x0000000089d00000, 0x0000000089d00000| Untracked 
| 158|0x0000000089e00000, 0x0000000089e00000, 0x0000000089f00000|  0%| F|  |TAMS 0x0000000089e00000, 0x0000000089e00000| Untracked 
| 159|0x0000000089f00000, 0x0000000089f00000, 0x000000008a000000|  0%| F|  |TAMS 0x0000000089f00000, 0x0000000089f00000| Untracked 
| 160|0x000000008a000000, 0x000000008a000000, 0x000000008a100000|  0%| F|  |TAMS 0x000000008a000000, 0x000000008a000000| Untracked 
| 161|0x000000008a100000, 0x000000008a100000, 0x000000008a200000|  0%| F|  |TAMS 0x000000008a100000, 0x000000008a100000| Untracked 
| 162|0x000000008a200000, 0x000000008a2b7600, 0x000000008a300000| 71%| S|CS|TAMS 0x000000008a200000, 0x000000008a200000| Complete 
| 163|0x000000008a300000, 0x000000008a400000, 0x000000008a400000|100%| S|CS|TAMS 0x000000008a300000, 0x000000008a300000| Complete 
| 164|0x000000008a400000, 0x000000008a500000, 0x000000008a500000|100%| S|CS|TAMS 0x000000008a400000, 0x000000008a400000| Complete 
| 165|0x000000008a500000, 0x000000008a600000, 0x000000008a600000|100%| S|CS|TAMS 0x000000008a500000, 0x000000008a500000| Complete 
| 166|0x000000008a600000, 0x000000008a700000, 0x000000008a700000|100%| S|CS|TAMS 0x000000008a600000, 0x000000008a600000| Complete 
| 167|0x000000008a700000, 0x000000008a800000, 0x000000008a800000|100%| S|CS|TAMS 0x000000008a700000, 0x000000008a700000| Complete 
| 168|0x000000008a800000, 0x000000008a800000, 0x000000008a900000|  0%| F|  |TAMS 0x000000008a800000, 0x000000008a800000| Untracked 
| 169|0x000000008a900000, 0x000000008a900000, 0x000000008aa00000|  0%| F|  |TAMS 0x000000008a900000, 0x000000008a900000| Untracked 
| 170|0x000000008aa00000, 0x000000008aa00000, 0x000000008ab00000|  0%| F|  |TAMS 0x000000008aa00000, 0x000000008aa00000| Untracked 
| 171|0x000000008ab00000, 0x000000008ab00000, 0x000000008ac00000|  0%| F|  |TAMS 0x000000008ab00000, 0x000000008ab00000| Untracked 
| 172|0x000000008ac00000, 0x000000008ac00000, 0x000000008ad00000|  0%| F|  |TAMS 0x000000008ac00000, 0x000000008ac00000| Untracked 
| 173|0x000000008ad00000, 0x000000008ad00000, 0x000000008ae00000|  0%| F|  |TAMS 0x000000008ad00000, 0x000000008ad00000| Untracked 
| 174|0x000000008ae00000, 0x000000008ae00000, 0x000000008af00000|  0%| F|  |TAMS 0x000000008ae00000, 0x000000008ae00000| Untracked 
| 175|0x000000008af00000, 0x000000008af00000, 0x000000008b000000|  0%| F|  |TAMS 0x000000008af00000, 0x000000008af00000| Untracked 
| 176|0x000000008b000000, 0x000000008b000000, 0x000000008b100000|  0%| F|  |TAMS 0x000000008b000000, 0x000000008b000000| Untracked 
| 177|0x000000008b100000, 0x000000008b100000, 0x000000008b200000|  0%| F|  |TAMS 0x000000008b100000, 0x000000008b100000| Untracked 
| 178|0x000000008b200000, 0x000000008b200000, 0x000000008b300000|  0%| F|  |TAMS 0x000000008b200000, 0x000000008b200000| Untracked 
| 179|0x000000008b300000, 0x000000008b300000, 0x000000008b400000|  0%| F|  |TAMS 0x000000008b300000, 0x000000008b300000| Untracked 
| 180|0x000000008b400000, 0x000000008b400000, 0x000000008b500000|  0%| F|  |TAMS 0x000000008b400000, 0x000000008b400000| Untracked 
| 181|0x000000008b500000, 0x000000008b500000, 0x000000008b600000|  0%| F|  |TAMS 0x000000008b500000, 0x000000008b500000| Untracked 
| 182|0x000000008b600000, 0x000000008b600000, 0x000000008b700000|  0%| F|  |TAMS 0x000000008b600000, 0x000000008b600000| Untracked 
| 183|0x000000008b700000, 0x000000008b700000, 0x000000008b800000|  0%| F|  |TAMS 0x000000008b700000, 0x000000008b700000| Untracked 
| 184|0x000000008b800000, 0x000000008b800000, 0x000000008b900000|  0%| F|  |TAMS 0x000000008b800000, 0x000000008b800000| Untracked 
| 185|0x000000008b900000, 0x000000008b900000, 0x000000008ba00000|  0%| F|  |TAMS 0x000000008b900000, 0x000000008b900000| Untracked 
| 186|0x000000008ba00000, 0x000000008ba00000, 0x000000008bb00000|  0%| F|  |TAMS 0x000000008ba00000, 0x000000008ba00000| Untracked 
| 187|0x000000008bb00000, 0x000000008bb00000, 0x000000008bc00000|  0%| F|  |TAMS 0x000000008bb00000, 0x000000008bb00000| Untracked 
| 188|0x000000008bc00000, 0x000000008bc00000, 0x000000008bd00000|  0%| F|  |TAMS 0x000000008bc00000, 0x000000008bc00000| Untracked 
| 189|0x000000008bd00000, 0x000000008bd00000, 0x000000008be00000|  0%| F|  |TAMS 0x000000008bd00000, 0x000000008bd00000| Untracked 
| 190|0x000000008be00000, 0x000000008be00000, 0x000000008bf00000|  0%| F|  |TAMS 0x000000008be00000, 0x000000008be00000| Untracked 
| 191|0x000000008bf00000, 0x000000008bf00000, 0x000000008c000000|  0%| F|  |TAMS 0x000000008bf00000, 0x000000008bf00000| Untracked 
| 192|0x000000008c000000, 0x000000008c000000, 0x000000008c100000|  0%| F|  |TAMS 0x000000008c000000, 0x000000008c000000| Untracked 
| 193|0x000000008c100000, 0x000000008c100000, 0x000000008c200000|  0%| F|  |TAMS 0x000000008c100000, 0x000000008c100000| Untracked 
| 194|0x000000008c200000, 0x000000008c200000, 0x000000008c300000|  0%| F|  |TAMS 0x000000008c200000, 0x000000008c200000| Untracked 
| 195|0x000000008c300000, 0x000000008c300000, 0x000000008c400000|  0%| F|  |TAMS 0x000000008c300000, 0x000000008c300000| Untracked 
| 196|0x000000008c400000, 0x000000008c400000, 0x000000008c500000|  0%| F|  |TAMS 0x000000008c400000, 0x000000008c400000| Untracked 
| 197|0x000000008c500000, 0x000000008c500000, 0x000000008c600000|  0%| F|  |TAMS 0x000000008c500000, 0x000000008c500000| Untracked 
| 198|0x000000008c600000, 0x000000008c600000, 0x000000008c700000|  0%| F|  |TAMS 0x000000008c600000, 0x000000008c600000| Untracked 
| 199|0x000000008c700000, 0x000000008c700000, 0x000000008c800000|  0%| F|  |TAMS 0x000000008c700000, 0x000000008c700000| Untracked 
| 200|0x000000008c800000, 0x000000008c800000, 0x000000008c900000|  0%| F|  |TAMS 0x000000008c800000, 0x000000008c800000| Untracked 
| 201|0x000000008c900000, 0x000000008c900000, 0x000000008ca00000|  0%| F|  |TAMS 0x000000008c900000, 0x000000008c900000| Untracked 
| 202|0x000000008ca00000, 0x000000008ca00000, 0x000000008cb00000|  0%| F|  |TAMS 0x000000008ca00000, 0x000000008ca00000| Untracked 
| 203|0x000000008cb00000, 0x000000008cb00000, 0x000000008cc00000|  0%| F|  |TAMS 0x000000008cb00000, 0x000000008cb00000| Untracked 
| 204|0x000000008cc00000, 0x000000008cc00000, 0x000000008cd00000|  0%| F|  |TAMS 0x000000008cc00000, 0x000000008cc00000| Untracked 
| 205|0x000000008cd00000, 0x000000008cd00000, 0x000000008ce00000|  0%| F|  |TAMS 0x000000008cd00000, 0x000000008cd00000| Untracked 
| 206|0x000000008ce00000, 0x000000008ce00000, 0x000000008cf00000|  0%| F|  |TAMS 0x000000008ce00000, 0x000000008ce00000| Untracked 
| 207|0x000000008cf00000, 0x000000008cf00000, 0x000000008d000000|  0%| F|  |TAMS 0x000000008cf00000, 0x000000008cf00000| Untracked 
| 208|0x000000008d000000, 0x000000008d0159e0, 0x000000008d100000|  8%| E|  |TAMS 0x000000008d000000, 0x000000008d000000| Complete 
| 209|0x000000008d100000, 0x000000008d200000, 0x000000008d200000|100%| E|CS|TAMS 0x000000008d100000, 0x000000008d100000| Complete 
| 210|0x000000008d200000, 0x000000008d300000, 0x000000008d300000|100%| E|CS|TAMS 0x000000008d200000, 0x000000008d200000| Complete 
| 211|0x000000008d300000, 0x000000008d400000, 0x000000008d400000|100%| E|CS|TAMS 0x000000008d300000, 0x000000008d300000| Complete 
| 212|0x000000008d400000, 0x000000008d500000, 0x000000008d500000|100%| E|CS|TAMS 0x000000008d400000, 0x000000008d400000| Complete 
| 213|0x000000008d500000, 0x000000008d600000, 0x000000008d600000|100%| E|CS|TAMS 0x000000008d500000, 0x000000008d500000| Complete 
| 214|0x000000008d600000, 0x000000008d700000, 0x000000008d700000|100%| E|CS|TAMS 0x000000008d600000, 0x000000008d600000| Complete 
| 215|0x000000008d700000, 0x000000008d800000, 0x000000008d800000|100%| E|CS|TAMS 0x000000008d700000, 0x000000008d700000| Complete 
| 216|0x000000008d800000, 0x000000008d900000, 0x000000008d900000|100%| E|CS|TAMS 0x000000008d800000, 0x000000008d800000| Complete 
| 217|0x000000008d900000, 0x000000008da00000, 0x000000008da00000|100%| E|CS|TAMS 0x000000008d900000, 0x000000008d900000| Complete 
| 218|0x000000008da00000, 0x000000008db00000, 0x000000008db00000|100%| E|CS|TAMS 0x000000008da00000, 0x000000008da00000| Complete 
| 219|0x000000008db00000, 0x000000008dc00000, 0x000000008dc00000|100%| E|CS|TAMS 0x000000008db00000, 0x000000008db00000| Complete 
| 220|0x000000008dc00000, 0x000000008dd00000, 0x000000008dd00000|100%| E|CS|TAMS 0x000000008dc00000, 0x000000008dc00000| Complete 
| 221|0x000000008dd00000, 0x000000008de00000, 0x000000008de00000|100%| E|CS|TAMS 0x000000008dd00000, 0x000000008dd00000| Complete 
| 222|0x000000008de00000, 0x000000008df00000, 0x000000008df00000|100%| E|CS|TAMS 0x000000008de00000, 0x000000008de00000| Complete 
| 223|0x000000008df00000, 0x000000008e000000, 0x000000008e000000|100%| E|CS|TAMS 0x000000008df00000, 0x000000008df00000| Complete 
| 224|0x000000008e000000, 0x000000008e100000, 0x000000008e100000|100%| E|CS|TAMS 0x000000008e000000, 0x000000008e000000| Complete 
| 225|0x000000008e100000, 0x000000008e200000, 0x000000008e200000|100%| E|CS|TAMS 0x000000008e100000, 0x000000008e100000| Complete 
| 226|0x000000008e200000, 0x000000008e300000, 0x000000008e300000|100%| E|CS|TAMS 0x000000008e200000, 0x000000008e200000| Complete 
| 227|0x000000008e300000, 0x000000008e400000, 0x000000008e400000|100%| E|CS|TAMS 0x000000008e300000, 0x000000008e300000| Complete 
| 228|0x000000008e400000, 0x000000008e500000, 0x000000008e500000|100%| E|CS|TAMS 0x000000008e400000, 0x000000008e400000| Complete 
| 229|0x000000008e500000, 0x000000008e600000, 0x000000008e600000|100%| E|CS|TAMS 0x000000008e500000, 0x000000008e500000| Complete 
| 230|0x000000008e600000, 0x000000008e700000, 0x000000008e700000|100%| E|CS|TAMS 0x000000008e600000, 0x000000008e600000| Complete 
| 231|0x000000008e700000, 0x000000008e800000, 0x000000008e800000|100%| E|CS|TAMS 0x000000008e700000, 0x000000008e700000| Complete 
| 232|0x000000008e800000, 0x000000008e900000, 0x000000008e900000|100%| E|CS|TAMS 0x000000008e800000, 0x000000008e800000| Complete 
| 233|0x000000008e900000, 0x000000008ea00000, 0x000000008ea00000|100%| E|CS|TAMS 0x000000008e900000, 0x000000008e900000| Complete 

Card table byte_map: [0x000001c719080000,0x000001c719480000] _byte_map_base: 0x000001c718c80000

Marking Bits (Prev, Next): (CMBitMap*) 0x000001c77f77e298, (CMBitMap*) 0x000001c77f77e2d0
 Prev Bits: [0x000001c719880000, 0x000001c71b880000)
 Next Bits: [0x000001c71b880000, 0x000001c71d880000)

Polling page: 0x000001c77f510000

Metaspace:

Usage:
  Non-class:     66.18 MB capacity,    65.05 MB ( 98%) used,   950.09 KB (  1%) free+waste,   212.94 KB ( <1%) overhead. 
      Class:     10.42 MB capacity,     9.64 MB ( 93%) used,   698.95 KB (  7%) free+waste,   100.94 KB ( <1%) overhead. 
       Both:     76.61 MB capacity,    74.69 MB ( 97%) used,     1.61 MB (  2%) free+waste,   313.88 KB ( <1%) overhead. 

Virtual space:
  Non-class space:       68.00 MB reserved,      66.25 MB ( 97%) committed 
      Class space:        1.00 GB reserved,      10.50 MB (  1%) committed 
             Both:        1.07 GB reserved,      76.75 MB (  7%) committed 

Chunk freelists:
   Non-Class:  4.00 KB
       Class:  16.00 KB
        Both:  20.00 KB

MaxMetaspaceSize: 17179869184.00 GB
CompressedClassSpaceSize: 1.00 GB
Initial GC threshold: 20.80 MB
Current GC threshold: 113.75 MB
CDS: off

CodeHeap 'non-profiled nmethods': size=120064Kb used=3716Kb max_used=3716Kb free=116347Kb
 bounds [0x000001c711510000, 0x000001c7118c0000, 0x000001c718a50000]
CodeHeap 'profiled nmethods': size=120000Kb used=16253Kb max_used=16253Kb free=103746Kb
 bounds [0x000001c709fe0000, 0x000001c70afc0000, 0x000001c711510000]
CodeHeap 'non-nmethods': size=5696Kb used=2388Kb max_used=2427Kb free=3307Kb
 bounds [0x000001c709a50000, 0x000001c709cc0000, 0x000001c709fe0000]
 total_blobs=8717 nmethods=7823 adapters=804
 compilation: enabled
              stopped_count=0, restarted_count=0
 full_count=0

Compilation events (20 events):
Event: 22.386 Thread 0x000001c71feb0000 7877       2       org.codehaus.groovy.classgen.FinalVariableAnalyzer::getState (13 bytes)
Event: 22.386 Thread 0x000001c71feb0000 nmethod 7877 0x000001c70afb0090 code [0x000001c70afb0240, 0x000001c70afb03a8]
Event: 22.386 Thread 0x000001c71feb0000 7878       2       org.codehaus.groovy.ast.ClassCodeVisitorSupport::visitBlockStatement (11 bytes)
Event: 22.386 Thread 0x000001c71feb0000 nmethod 7878 0x000001c70afb0490 code [0x000001c70afb0660, 0x000001c70afb07b8]
Event: 22.386 Thread 0x000001c71feb0000 7880       2       org.codehaus.groovy.ast.ClassNode::getDeclaredMethodsMap (56 bytes)
Event: 22.387 Thread 0x000001c71feb0000 nmethod 7880 0x000001c70afb0890 code [0x000001c70afb0ac0, 0x000001c70afb0e48]
Event: 22.387 Thread 0x000001c71feb0000 7879       2       org.apache.groovy.ast.tools.ClassNodeUtils::addDeclaredMethodsFromInterfaces (142 bytes)
Event: 22.388 Thread 0x000001c71feb0000 nmethod 7879 0x000001c70afb1090 code [0x000001c70afb1320, 0x000001c70afb18d8]
Event: 22.388 Thread 0x000001c71feb0000 7881       2       org.codehaus.groovy.ast.expr.ConstantExpression::getText (20 bytes)
Event: 22.388 Thread 0x000001c71feb0000 nmethod 7881 0x000001c70afb1d10 code [0x000001c70afb1ec0, 0x000001c70afb2008]
Event: 22.388 Thread 0x000001c71feb0000 7882       2       groovyjarjarasm.asm.SymbolTable::hash (15 bytes)
Event: 22.388 Thread 0x000001c71feb0000 nmethod 7882 0x000001c70afb2090 code [0x000001c70afb2260, 0x000001c70afb2398]
Event: 22.389 Thread 0x000001c71feb0000 7883       2       groovyjarjarasm.asm.SymbolTable$Entry::<init> (18 bytes)
Event: 22.390 Thread 0x000001c71feb0000 nmethod 7883 0x000001c70afb2510 code [0x000001c70afb26c0, 0x000001c70afb2808]
Event: 22.390 Thread 0x000001c71feb0000 7884       2       groovyjarjarasm.asm.SymbolTable::addConstantNameAndType (137 bytes)
Event: 22.390 Thread 0x000001c71feb0000 nmethod 7884 0x000001c70afb2910 code [0x000001c70afb2b40, 0x000001c70afb2fe8]
Event: 22.392 Thread 0x000001c71feb0000 7885       2       org.codehaus.groovy.ast.ClassNode::getModule (8 bytes)
Event: 22.393 Thread 0x000001c71feb0000 nmethod 7885 0x000001c70afb3410 code [0x000001c70afb35c0, 0x000001c70afb3708]
Event: 22.395 Thread 0x000001c71feb0000 7886       2       javax.management.ObjectName::isPropertyListPattern (16 bytes)
Event: 22.395 Thread 0x000001c71feb0000 nmethod 7886 0x000001c70afb3810 code [0x000001c70afb39c0, 0x000001c70afb3ad8]

GC Heap History (20 events):
Event: 15.843 GC heap before
{Heap before GC invocations=49 (full 0):
 garbage-first heap   total 165888K, used 90546K [0x0000000080000000, 0x0000000100000000)
  region size 1024K, 9 young (9216K), 2 survivors (2048K)
 Metaspace       used 52507K, capacity 53962K, committed 54016K, reserved 1095680K
  class space    used 6800K, capacity 7376K, committed 7424K, reserved 1048576K
}
Event: 15.847 GC heap after
{Heap after GC invocations=50 (full 0):
 garbage-first heap   total 165888K, used 85730K [0x0000000080000000, 0x0000000100000000)
  region size 1024K, 3 young (3072K), 3 survivors (3072K)
 Metaspace       used 52507K, capacity 53962K, committed 54016K, reserved 1095680K
  class space    used 6800K, capacity 7376K, committed 7424K, reserved 1048576K
}
Event: 16.094 GC heap before
{Heap before GC invocations=51 (full 0):
 garbage-first heap   total 165888K, used 93922K [0x0000000080000000, 0x0000000100000000)
  region size 1024K, 9 young (9216K), 3 survivors (3072K)
 Metaspace       used 52637K, capacity 54152K, committed 54272K, reserved 1095680K
  class space    used 6816K, capacity 7418K, committed 7424K, reserved 1048576K
}
Event: 16.101 GC heap after
{Heap after GC invocations=52 (full 0):
 garbage-first heap   total 165888K, used 92748K [0x0000000080000000, 0x0000000100000000)
  region size 1024K, 5 young (5120K), 5 survivors (5120K)
 Metaspace       used 52637K, capacity 54152K, committed 54272K, reserved 1095680K
  class space    used 6816K, capacity 7418K, committed 7424K, reserved 1048576K
}
Event: 16.898 GC heap before
{Heap before GC invocations=53 (full 0):
 garbage-first heap   total 165888K, used 126540K [0x0000000080000000, 0x0000000100000000)
  region size 1024K, 34 young (34816K), 5 survivors (5120K)
 Metaspace       used 55101K, capacity 56612K, committed 56704K, reserved 1097728K
  class space    used 7135K, capacity 7770K, committed 7808K, reserved 1048576K
}
Event: 16.920 GC heap after
{Heap after GC invocations=54 (full 0):
 garbage-first heap   total 165888K, used 101187K [0x0000000080000000, 0x0000000100000000)
  region size 1024K, 4 young (4096K), 4 survivors (4096K)
 Metaspace       used 55101K, capacity 56612K, committed 56704K, reserved 1097728K
  class space    used 7135K, capacity 7770K, committed 7808K, reserved 1048576K
}
Event: 17.403 GC heap before
{Heap before GC invocations=54 (full 0):
 garbage-first heap   total 165888K, used 127811K [0x0000000080000000, 0x0000000100000000)
  region size 1024K, 31 young (31744K), 4 survivors (4096K)
 Metaspace       used 58913K, capacity 60600K, committed 60800K, reserved 1101824K
  class space    used 7557K, capacity 8200K, committed 8320K, reserved 1048576K
}
Event: 17.414 GC heap after
{Heap after GC invocations=55 (full 0):
 garbage-first heap   total 165888K, used 102578K [0x0000000080000000, 0x0000000100000000)
  region size 1024K, 1 young (1024K), 1 survivors (1024K)
 Metaspace       used 58913K, capacity 60600K, committed 60800K, reserved 1101824K
  class space    used 7557K, capacity 8200K, committed 8320K, reserved 1048576K
}
Event: 18.094 GC heap before
{Heap before GC invocations=56 (full 0):
 garbage-first heap   total 165888K, used 130226K [0x0000000080000000, 0x0000000100000000)
  region size 1024K, 28 young (28672K), 1 survivors (1024K)
 Metaspace       used 62555K, capacity 64274K, committed 64384K, reserved 1105920K
  class space    used 8064K, capacity 8791K, committed 8832K, reserved 1048576K
}
Event: 18.106 GC heap after
{Heap after GC invocations=57 (full 0):
 garbage-first heap   total 199680K, used 104363K [0x0000000080000000, 0x0000000100000000)
  region size 1024K, 3 young (3072K), 3 survivors (3072K)
 Metaspace       used 62555K, capacity 64274K, committed 64384K, reserved 1105920K
  class space    used 8064K, capacity 8791K, committed 8832K, reserved 1048576K
}
Event: 18.441 GC heap before
{Heap before GC invocations=57 (full 0):
 garbage-first heap   total 199680K, used 108459K [0x0000000080000000, 0x0000000100000000)
  region size 1024K, 8 young (8192K), 3 survivors (3072K)
 Metaspace       used 63895K, capacity 65621K, committed 65792K, reserved 1105920K
  class space    used 8202K, capacity 8920K, committed 8960K, reserved 1048576K
}
Event: 18.458 GC heap after
{Heap after GC invocations=58 (full 0):
 garbage-first heap   total 199680K, used 105404K [0x0000000080000000, 0x0000000100000000)
  region size 1024K, 3 young (3072K), 3 survivors (3072K)
 Metaspace       used 63895K, capacity 65621K, committed 65792K, reserved 1105920K
  class space    used 8202K, capacity 8920K, committed 8960K, reserved 1048576K
}
Event: 18.687 GC heap before
{Heap before GC invocations=59 (full 0):
 garbage-first heap   total 199680K, used 123836K [0x0000000080000000, 0x0000000100000000)
  region size 1024K, 17 young (17408K), 3 survivors (3072K)
 Metaspace       used 63901K, capacity 65627K, committed 65792K, reserved 1105920K
  class space    used 8203K, capacity 8921K, committed 8960K, reserved 1048576K
}
Event: 18.695 GC heap after
{Heap after GC invocations=60 (full 0):
 garbage-first heap   total 199680K, used 112134K [0x0000000080000000, 0x0000000100000000)
  region size 1024K, 5 young (5120K), 5 survivors (5120K)
 Metaspace       used 63901K, capacity 65627K, committed 65792K, reserved 1105920K
  class space    used 8203K, capacity 8921K, committed 8960K, reserved 1048576K
}
Event: 20.269 GC heap before
{Heap before GC invocations=61 (full 0):
 garbage-first heap   total 199680K, used 151046K [0x0000000080000000, 0x0000000100000000)
  region size 1024K, 41 young (41984K), 5 survivors (5120K)
 Metaspace       used 66643K, capacity 68403K, committed 68736K, reserved 1107968K
  class space    used 8543K, capacity 9258K, committed 9344K, reserved 1048576K
}
Event: 20.279 GC heap after
{Heap after GC invocations=62 (full 0):
 garbage-first heap   total 199680K, used 109507K [0x0000000080000000, 0x0000000100000000)
  region size 1024K, 3 young (3072K), 3 survivors (3072K)
 Metaspace       used 66643K, capacity 68403K, committed 68736K, reserved 1107968K
  class space    used 8543K, capacity 9258K, committed 9344K, reserved 1048576K
}
Event: 20.484 GC heap before
{Heap before GC invocations=62 (full 0):
 garbage-first heap   total 199680K, used 120771K [0x0000000080000000, 0x0000000100000000)
  region size 1024K, 15 young (15360K), 3 survivors (3072K)
 Metaspace       used 67651K, capacity 69373K, committed 69632K, reserved 1110016K
  class space    used 8689K, capacity 9388K, committed 9472K, reserved 1048576K
}
Event: 20.490 GC heap after
{Heap after GC invocations=63 (full 0):
 garbage-first heap   total 239616K, used 109948K [0x0000000080000000, 0x0000000100000000)
  region size 1024K, 3 young (3072K), 3 survivors (3072K)
 Metaspace       used 67651K, capacity 69373K, committed 69632K, reserved 1110016K
  class space    used 8689K, capacity 9388K, committed 9472K, reserved 1048576K
}
Event: 21.841 GC heap before
{Heap before GC invocations=64 (full 0):
 garbage-first heap   total 239616K, used 175484K [0x0000000080000000, 0x0000000100000000)
  region size 1024K, 66 young (67584K), 3 survivors (3072K)
 Metaspace       used 74168K, capacity 76029K, committed 76288K, reserved 1116160K
  class space    used 9627K, capacity 10382K, committed 10496K, reserved 1048576K
}
Event: 21.851 GC heap after
{Heap after GC invocations=65 (full 0):
 garbage-first heap   total 239616K, used 112897K [0x0000000080000000, 0x0000000100000000)
  region size 1024K, 6 young (6144K), 6 survivors (6144K)
 Metaspace       used 74168K, capacity 76029K, committed 76288K, reserved 1116160K
  class space    used 9627K, capacity 10382K, committed 10496K, reserved 1048576K
}

Deoptimization events (20 events):
Event: 22.335 Thread 0x000001c721f74800 Uncommon trap: trap_request=0xffffff4d fr.pc=0x000001c71174da54 relative=0x00000000000002f4
Event: 22.335 Thread 0x000001c721f74800 Uncommon trap: reason=unstable_if action=reinterpret pc=0x000001c71174da54 method=java.io.WinNTFileSystem.prefixLength(Ljava/lang/String;)I @ 42 c2
Event: 22.335 Thread 0x000001c721f74800 DEOPT PACKING pc=0x000001c71174da54 sp=0x000000c3010f7220
Event: 22.335 Thread 0x000001c721f74800 DEOPT UNPACKING pc=0x000001c709a585af sp=0x000000c3010f7198 mode 2
Event: 22.362 Thread 0x000001c721f74800 Uncommon trap: trap_request=0xffffffde fr.pc=0x000001c711536fe4 relative=0x00000000000001c4
Event: 22.362 Thread 0x000001c721f74800 Uncommon trap: reason=class_check action=maybe_recompile pc=0x000001c711536fe4 method=java.lang.String.equals(Ljava/lang/Object;)Z @ 8 c2
Event: 22.362 Thread 0x000001c721f74800 DEOPT PACKING pc=0x000001c711536fe4 sp=0x000000c3010f71b0
Event: 22.362 Thread 0x000001c721f74800 DEOPT UNPACKING pc=0x000001c709a585af sp=0x000000c3010f7158 mode 2
Event: 22.362 Thread 0x000001c721f74800 Uncommon trap: trap_request=0xffffffde fr.pc=0x000001c711536fe4 relative=0x00000000000001c4
Event: 22.362 Thread 0x000001c721f74800 Uncommon trap: reason=class_check action=maybe_recompile pc=0x000001c711536fe4 method=java.lang.String.equals(Ljava/lang/Object;)Z @ 8 c2
Event: 22.362 Thread 0x000001c721f74800 DEOPT PACKING pc=0x000001c711536fe4 sp=0x000000c3010f71b0
Event: 22.362 Thread 0x000001c721f74800 DEOPT UNPACKING pc=0x000001c709a585af sp=0x000000c3010f7158 mode 2
Event: 22.362 Thread 0x000001c721f74800 Uncommon trap: trap_request=0xffffffde fr.pc=0x000001c711536fe4 relative=0x00000000000001c4
Event: 22.362 Thread 0x000001c721f74800 Uncommon trap: reason=class_check action=maybe_recompile pc=0x000001c711536fe4 method=java.lang.String.equals(Ljava/lang/Object;)Z @ 8 c2
Event: 22.362 Thread 0x000001c721f74800 DEOPT PACKING pc=0x000001c711536fe4 sp=0x000000c3010f71b0
Event: 22.362 Thread 0x000001c721f74800 DEOPT UNPACKING pc=0x000001c709a585af sp=0x000000c3010f7158 mode 2
Event: 22.369 Thread 0x000001c721f74800 Uncommon trap: trap_request=0xffffffde fr.pc=0x000001c711536fe4 relative=0x00000000000001c4
Event: 22.369 Thread 0x000001c721f74800 Uncommon trap: reason=class_check action=maybe_recompile pc=0x000001c711536fe4 method=java.lang.String.equals(Ljava/lang/Object;)Z @ 8 c2
Event: 22.369 Thread 0x000001c721f74800 DEOPT PACKING pc=0x000001c711536fe4 sp=0x000000c3010f70a0
Event: 22.369 Thread 0x000001c721f74800 DEOPT UNPACKING pc=0x000001c709a585af sp=0x000000c3010f7048 mode 2

Classes redefined (0 events):
No events

Internal exceptions (20 events):
Event: 20.842 Thread 0x000001c721f74800 Exception <a 'java/lang/ClassNotFoundException'{0x000000008da531a8}: groovy/util/BuilderSupportCustomizer> (0x000000008da531a8) thrown at [./src/hotspot/share/classfile/systemDictionary.cpp, line 231]
Event: 20.843 Thread 0x000001c721f74800 Exception <a 'java/lang/ClassNotFoundException'{0x000000008dad7508}: groovy/util/AntBuilderCustomizer> (0x000000008dad7508) thrown at [./src/hotspot/share/classfile/systemDictionary.cpp, line 231]
Event: 20.845 Thread 0x000001c721f74800 Exception <a 'java/lang/ClassNotFoundException'{0x000000008d90f828}: org/gradle/api/AntBuilderCustomizer> (0x000000008d90f828) thrown at [./src/hotspot/share/classfile/systemDictionary.cpp, line 231]
Event: 20.847 Thread 0x000001c721f74800 Exception <a 'java/lang/ClassNotFoundException'{0x000000008d956808}: org/gradle/api/internal/project/ant/BasicAntBuilderCustomizer> (0x000000008d956808) thrown at [./src/hotspot/share/classfile/systemDictionary.cpp, line 231]
Event: 20.850 Thread 0x000001c721f74800 Exception <a 'java/lang/ClassNotFoundException'{0x000000008d9a4b08}: org/gradle/api/internal/project/DefaultAntBuilderCustomizer> (0x000000008d9a4b08) thrown at [./src/hotspot/share/classfile/systemDictionary.cpp, line 231]
Event: 21.259 Thread 0x000001c721f74800 Exception <a 'java/lang/ClassNotFoundException'{0x000000008c5254a8}: org/jetbrains/kotlin/gradle/targets/js/npm/DefaultNpmDependencyExtensionBeanInfo> (0x000000008c5254a8) thrown at [./src/hotspot/share/classfile/systemDictionary.cpp, line 231]
Event: 21.260 Thread 0x000001c721f74800 Exception <a 'java/lang/ClassNotFoundException'{0x000000008c5474f8}: org/jetbrains/kotlin/gradle/targets/js/npm/DefaultNpmDependencyExtensionCustomizer> (0x000000008c5474f8) thrown at [./src/hotspot/share/classfile/systemDictionary.cpp, line 231]
Event: 21.269 Thread 0x000001c721f74800 Exception <a 'java/lang/ClassNotFoundException'{0x000000008c5dba98}: org/jetbrains/kotlin/gradle/targets/js/npm/NpmDependencyExtensionKt$defaultNpmDependencyDelegate$1BeanInfo> (0x000000008c5dba98) thrown at [./src/hotspot/share/classfile/systemDictionary.cpp, line 231]
Event: 21.269 Thread 0x000001c721f74800 Exception <a 'java/lang/ClassNotFoundException'{0x000000008c5fd220}: org/jetbrains/kotlin/gradle/targets/js/npm/NpmDependencyExtensionDelegateBeanInfo> (0x000000008c5fd220) thrown at [./src/hotspot/share/classfile/systemDictionary.cpp, line 231]
Event: 21.269 Thread 0x000001c721f74800 Exception <a 'java/lang/ClassNotFoundException'{0x000000008c420020}: org/jetbrains/kotlin/gradle/targets/js/npm/NpmDependencyExtensionDelegateCustomizer> (0x000000008c420020) thrown at [./src/hotspot/share/classfile/systemDictionary.cpp, line 231]
Event: 21.271 Thread 0x000001c721f74800 Exception <a 'java/lang/ClassNotFoundException'{0x000000008c45ecc8}: org/jetbrains/kotlin/gradle/targets/js/npm/NpmDependencyExtensionKt$defaultNpmDependencyDelegate$1Customizer> (0x000000008c45ecc8) thrown at [./src/hotspot/share/classfile/systemDictionary.cpp, line 231]
Event: 21.274 Thread 0x000001c721f74800 Exception <a 'java/lang/ClassNotFoundException'{0x000000008c4b5930}: org/jetbrains/kotlin/gradle/targets/js/npm/DefaultDevNpmDependencyExtensionBeanInfo> (0x000000008c4b5930) thrown at [./src/hotspot/share/classfile/systemDictionary.cpp, line 231]
Event: 21.275 Thread 0x000001c721f74800 Exception <a 'java/lang/ClassNotFoundException'{0x000000008c4d8388}: org/jetbrains/kotlin/gradle/targets/js/npm/DefaultDevNpmDependencyExtensionCustomizer> (0x000000008c4d8388) thrown at [./src/hotspot/share/classfile/systemDictionary.cpp, line 231]
Event: 21.277 Thread 0x000001c721f74800 Exception <a 'java/lang/ClassNotFoundException'{0x000000008c333e50}: org/jetbrains/kotlin/gradle/targets/js/npm/DefaultPeerNpmDependencyExtensionBeanInfo> (0x000000008c333e50) thrown at [./src/hotspot/share/classfile/systemDictionary.cpp, line 231]
Event: 21.278 Thread 0x000001c721f74800 Exception <a 'java/lang/ClassNotFoundException'{0x000000008c356bc8}: org/jetbrains/kotlin/gradle/targets/js/npm/DefaultPeerNpmDependencyExtensionCustomizer> (0x000000008c356bc8) thrown at [./src/hotspot/share/classfile/systemDictionary.cpp, line 231]
Event: 21.282 Thread 0x000001c721f74800 Exception <a 'java/lang/ClassNotFoundException'{0x000000008c3bb038}: org/jetbrains/kotlin/gradle/targets/js/npm/DefaultPeerNpmDependencyExtension$delegate$1BeanInfo> (0x000000008c3bb038) thrown at [./src/hotspot/share/classfile/systemDictionary.cpp, line 231]
Event: 21.283 Thread 0x000001c721f74800 Exception <a 'java/lang/ClassNotFoundException'{0x000000008c3df768}: org/jetbrains/kotlin/gradle/targets/js/npm/DefaultPeerNpmDependencyExtension$delegate$1Customizer> (0x000000008c3df768) thrown at [./src/hotspot/share/classfile/systemDictionary.cpp, line 231]
Event: 21.325 Thread 0x000001c721f74800 Exception <a 'java/lang/NoSuchMethodError'{0x000000008c13fd80}: 'void java.lang.invoke.DirectMethodHandle$Holder.invokeVirtual(java.lang.Object, java.lang.Object)'> (0x000000008c13fd80) thrown at [./src/hotspot/share/interpreter/linkResolver.cpp, line 773]
Event: 21.995 Thread 0x000001c721f74800 Exception <a 'java/lang/NoSuchMethodError'{0x000000008dd04b70}: 'void java.lang.invoke.DirectMethodHandle$Holder.invokeSpecialIFC(java.lang.Object, java.lang.Object, java.lang.Object)'> (0x000000008dd04b70) thrown at [./src/hotspot/share/interpreter/linkResolver.cpp, line 773]
Event: 22.166 Thread 0x000001c721f74800 Exception <a 'java/lang/NoSuchMethodError'{0x000000008d868078}: 'int java.lang.invoke.DirectMethodHandle$Holder.invokeStatic(java.lang.Object, int, java.lang.Object, java.lang.Object)'> (0x000000008d868078) thrown at [./src/hotspot/share/interpreter/linkResolver.cpp, line 773]

Events (20 events):
Event: 22.350 loading class org/gradle/model/dsl/internal/transform/SourceLocation
Event: 22.350 loading class org/gradle/model/dsl/internal/transform/SourceLocation done
Event: 22.351 loading class org/gradle/model/dsl/internal/transform/ClosureBackedRuleFactory
Event: 22.351 loading class org/gradle/model/dsl/internal/transform/ClosureBackedRuleFactory done
Event: 22.354 loading class org/codehaus/groovy/ast/Parameter
Event: 22.354 loading class org/codehaus/groovy/ast/Parameter done
Event: 22.354 loading class java/util/stream/ReduceOps$5
Event: 22.355 loading class java/util/stream/ReduceOps$5 done
Event: 22.355 loading class java/util/stream/ReduceOps$CountingSink$OfRef
Event: 22.355 loading class java/util/stream/ReduceOps$CountingSink$OfRef done
Event: 22.356 loading class org/codehaus/groovy/classgen/Verifier$7
Event: 22.356 loading class org/codehaus/groovy/classgen/Verifier$7 done
Event: 22.357 loading class org/codehaus/groovy/classgen/Verifier$8
Event: 22.357 loading class org/codehaus/groovy/classgen/Verifier$8 done
Event: 22.358 loading class org/apache/groovy/ast/tools/AnnotatedNodeUtils
Event: 22.358 loading class org/apache/groovy/ast/tools/AnnotatedNodeUtils done
Event: 22.363 loading class org/codehaus/groovy/classgen/asm/BytecodeHelper$LoadVarHandler
Event: 22.363 loading class org/codehaus/groovy/classgen/asm/BytecodeHelper$LoadVarHandler done
Event: 22.394 loading class org/codehaus/groovy/classgen/BytecodeExpression$1
Event: 22.394 loading class org/codehaus/groovy/classgen/BytecodeExpression$1 done


Dynamic libraries:
0x00007ff64ced0000 - 0x00007ff64cedd000 	C:\Program Files\Microsoft\jdk-11.0.12.7-hotspot\bin\java.exe
0x00007ffc6a5f0000 - 0x00007ffc6a7e8000 	C:\WINDOWS\SYSTEM32\ntdll.dll
0x00007ffc68e50000 - 0x00007ffc68f0f000 	C:\WINDOWS\System32\KERNEL32.DLL
0x00007ffc68030000 - 0x00007ffc68302000 	C:\WINDOWS\System32\KERNELBASE.dll
0x00007ffc65130000 - 0x00007ffc651c1000 	C:\WINDOWS\SYSTEM32\apphelp.dll
0x00007ffc684c0000 - 0x00007ffc685c0000 	C:\WINDOWS\System32\ucrtbase.dll
0x00007ffc60200000 - 0x00007ffc60215000 	C:\Program Files\Microsoft\jdk-11.0.12.7-hotspot\bin\VCRUNTIME140.dll
0x00007ffc42070000 - 0x00007ffc42087000 	C:\Program Files\Microsoft\jdk-11.0.12.7-hotspot\bin\jli.dll
0x00007ffc6a260000 - 0x00007ffc6a401000 	C:\WINDOWS\System32\USER32.dll
0x00007ffc67d70000 - 0x00007ffc67d92000 	C:\WINDOWS\System32\win32u.dll
0x00007ffc69f80000 - 0x00007ffc69fab000 	C:\WINDOWS\System32\GDI32.dll
0x00007ffc683b0000 - 0x00007ffc684bf000 	C:\WINDOWS\System32\gdi32full.dll
0x00007ffc68310000 - 0x00007ffc683ad000 	C:\WINDOWS\System32\msvcp_win.dll
0x00007ffc53190000 - 0x00007ffc5342a000 	C:\WINDOWS\WinSxS\amd64_microsoft.windows.common-controls_6595b64144ccf1df_6.0.19041.1110_none_60b5254171f9507e\COMCTL32.dll
0x00007ffc68c80000 - 0x00007ffc68d1e000 	C:\WINDOWS\System32\msvcrt.dll
0x00007ffc69f40000 - 0x00007ffc69f72000 	C:\WINDOWS\System32\IMM32.DLL
0x00007ffc2c290000 - 0x00007ffc2c32b000 	C:\Program Files\Microsoft\jdk-11.0.12.7-hotspot\bin\msvcp140.dll
0x00007ffc0ba80000 - 0x00007ffc0c5e1000 	C:\Program Files\Microsoft\jdk-11.0.12.7-hotspot\bin\server\jvm.dll
0x00007ffc68630000 - 0x00007ffc686de000 	C:\WINDOWS\System32\ADVAPI32.dll
0x00007ffc696d0000 - 0x00007ffc6976c000 	C:\WINDOWS\System32\sechost.dll
0x00007ffc68aa0000 - 0x00007ffc68bc5000 	C:\WINDOWS\System32\RPCRT4.dll
0x00007ffc6a180000 - 0x00007ffc6a188000 	C:\WINDOWS\System32\PSAPI.DLL
0x00007ffc47720000 - 0x00007ffc47747000 	C:\WINDOWS\SYSTEM32\WINMM.dll
0x00007ffc60250000 - 0x00007ffc60259000 	C:\WINDOWS\SYSTEM32\WSOCK32.dll
0x00007ffc5c450000 - 0x00007ffc5c45a000 	C:\WINDOWS\SYSTEM32\VERSION.dll
0x00007ffc69ed0000 - 0x00007ffc69f3b000 	C:\WINDOWS\System32\WS2_32.dll
0x00007ffc66530000 - 0x00007ffc66542000 	C:\WINDOWS\SYSTEM32\kernel.appcore.dll
0x00007ffc590d0000 - 0x00007ffc590e0000 	C:\Program Files\Microsoft\jdk-11.0.12.7-hotspot\bin\verify.dll
0x00007ffc65940000 - 0x00007ffc65b24000 	C:\WINDOWS\SYSTEM32\DBGHELP.DLL
0x00007ffc5e650000 - 0x00007ffc5e685000 	C:\WINDOWS\SYSTEM32\dbgcore.DLL
0x00007ffc67ce0000 - 0x00007ffc67d62000 	C:\WINDOWS\System32\bcryptPrimitives.dll
0x00007ffc356b0000 - 0x00007ffc356d8000 	C:\Program Files\Microsoft\jdk-11.0.12.7-hotspot\bin\java.dll
0x00007ffc524e0000 - 0x00007ffc524ea000 	C:\Program Files\Microsoft\jdk-11.0.12.7-hotspot\bin\jimage.dll
0x00007ffc42050000 - 0x00007ffc42067000 	C:\Program Files\Microsoft\jdk-11.0.12.7-hotspot\bin\zip.dll
0x00007ffc68f20000 - 0x00007ffc69664000 	C:\WINDOWS\System32\SHELL32.dll
0x00007ffc65d80000 - 0x00007ffc66512000 	C:\WINDOWS\SYSTEM32\windows.storage.dll
0x00007ffc686e0000 - 0x00007ffc68a35000 	C:\WINDOWS\System32\combase.dll
0x00007ffc67660000 - 0x00007ffc67690000 	C:\WINDOWS\SYSTEM32\Wldp.dll
0x00007ffc68bd0000 - 0x00007ffc68c7d000 	C:\WINDOWS\System32\SHCORE.dll
0x00007ffc68a40000 - 0x00007ffc68a95000 	C:\WINDOWS\System32\shlwapi.dll
0x00007ffc67c20000 - 0x00007ffc67c3f000 	C:\WINDOWS\SYSTEM32\profapi.dll
0x00007ffc41720000 - 0x00007ffc41739000 	C:\Program Files\Microsoft\jdk-11.0.12.7-hotspot\bin\net.dll
0x00007ffc58120000 - 0x00007ffc5822c000 	C:\WINDOWS\SYSTEM32\WINHTTP.dll
0x00007ffc673c0000 - 0x00007ffc6742a000 	C:\WINDOWS\system32\mswsock.dll
0x00007ffc393a0000 - 0x00007ffc393b2000 	C:\Program Files\Microsoft\jdk-11.0.12.7-hotspot\bin\nio.dll
0x00007ffc3ae40000 - 0x00007ffc3ae67000 	C:\Users\Kevin\.gradle\native\e1d6ef7f7dcc3fd88c89a11ec53ec762bb8ba0a96d01ffa2cd45eb1d1d8dd5c5\windows-amd64\native-platform.dll
0x00007ffc1e9b0000 - 0x00007ffc1eaf4000 	C:\Users\Kevin\.gradle\native\0d407fdbe67a94daf76414ababcb853783967236a71b16ec16e742cd7a986fd3\windows-amd64\native-platform-file-events.dll
0x00007ffc52160000 - 0x00007ffc52169000 	C:\Program Files\Microsoft\jdk-11.0.12.7-hotspot\bin\management.dll
0x00007ffc44210000 - 0x00007ffc4421b000 	C:\Program Files\Microsoft\jdk-11.0.12.7-hotspot\bin\management_ext.dll
0x00007ffc675b0000 - 0x00007ffc675c8000 	C:\WINDOWS\SYSTEM32\CRYPTSP.dll
0x00007ffc66ce0000 - 0x00007ffc66d14000 	C:\WINDOWS\system32\rsaenh.dll
0x00007ffc67da0000 - 0x00007ffc67dc7000 	C:\WINDOWS\System32\bcrypt.dll
0x00007ffc67be0000 - 0x00007ffc67c0e000 	C:\WINDOWS\SYSTEM32\USERENV.dll
0x00007ffc675d0000 - 0x00007ffc675dc000 	C:\WINDOWS\SYSTEM32\CRYPTBASE.dll
0x00007ffc670b0000 - 0x00007ffc670eb000 	C:\WINDOWS\SYSTEM32\IPHLPAPI.DLL
0x00007ffc69d90000 - 0x00007ffc69d98000 	C:\WINDOWS\System32\NSI.dll
0x00007ffc58840000 - 0x00007ffc58857000 	C:\WINDOWS\SYSTEM32\dhcpcsvc6.DLL
0x00007ffc5c3a0000 - 0x00007ffc5c3bd000 	C:\WINDOWS\SYSTEM32\dhcpcsvc.DLL
0x00007ffc670f0000 - 0x00007ffc671ba000 	C:\WINDOWS\SYSTEM32\DNSAPI.dll

dbghelp: loaded successfully - version: 4.0.5 - missing functions: none
symbol engine: initialized successfully - sym options: 0x614 - pdb path: .;C:\Program Files\Microsoft\jdk-11.0.12.7-hotspot\bin;C:\WINDOWS\SYSTEM32;C:\WINDOWS\WinSxS\amd64_microsoft.windows.common-controls_6595b64144ccf1df_6.0.19041.1110_none_60b5254171f9507e;C:\Program Files\Microsoft\jdk-11.0.12.7-hotspot\bin\server;C:\Users\Kevin\.gradle\native\e1d6ef7f7dcc3fd88c89a11ec53ec762bb8ba0a96d01ffa2cd45eb1d1d8dd5c5\windows-amd64;C:\Users\Kevin\.gradle\native\0d407fdbe67a94daf76414ababcb853783967236a71b16ec16e742cd7a986fd3\windows-amd64

VM Arguments:
jvm_args: --add-opens=java.base/java.util=ALL-UNNAMED --add-opens=java.base/java.lang=ALL-UNNAMED --add-opens=java.base/java.lang.invoke=ALL-UNNAMED --add-opens=java.base/java.util=ALL-UNNAMED --add-opens=java.prefs/java.util.prefs=ALL-UNNAMED --add-opens=java.prefs/java.util.prefs=ALL-UNNAMED --add-opens=java.base/java.nio.charset=ALL-UNNAMED --add-opens=java.base/java.net=ALL-UNNAMED --add-opens=java.base/java.util.concurrent.atomic=ALL-UNNAMED -Xmx2048m -Dfile.encoding=UTF-8 -Duser.country=CO -Duser.language=es -Duser.variant 
java_command: org.gradle.launcher.daemon.bootstrap.GradleDaemon 7.5
java_class_path (initial): C:\Users\Kevin\.gradle\wrapper\dists\gradle-7.5-bin\f1w0cc9nuo0eivz97x2xlu9sv\gradle-7.5\lib\gradle-launcher-7.5.jar
Launcher Type: SUN_STANDARD

[Global flags]
     intx CICompilerCount                          = 3                                         {product} {ergonomic}
     uint ConcGCThreads                            = 1                                         {product} {ergonomic}
     uint G1ConcRefinementThreads                  = 4                                         {product} {ergonomic}
   size_t G1HeapRegionSize                         = 1048576                                   {product} {ergonomic}
    uintx GCDrainStackTargetSize                   = 64                                        {product} {ergonomic}
   size_t InitialHeapSize                          = 65011712                                  {product} {ergonomic}
   size_t MarkStackSize                            = 4194304                                   {product} {ergonomic}
   size_t MaxHeapSize                              = 2147483648                                {product} {command line}
   size_t MaxNewSize                               = 1287651328                                {product} {ergonomic}
   size_t MinHeapDeltaBytes                        = 1048576                                   {product} {ergonomic}
    uintx NonNMethodCodeHeapSize                   = 5830732                                {pd product} {ergonomic}
    uintx NonProfiledCodeHeapSize                  = 122913754                              {pd product} {ergonomic}
    uintx ProfiledCodeHeapSize                     = 122913754                              {pd product} {ergonomic}
    uintx ReservedCodeCacheSize                    = 251658240                              {pd product} {ergonomic}
     bool SegmentedCodeCache                       = true                                      {product} {ergonomic}
     bool UseCompressedClassPointers               = true                                 {lp64_product} {ergonomic}
     bool UseCompressedOops                        = true                                 {lp64_product} {ergonomic}
     bool UseG1GC                                  = true                                      {product} {ergonomic}
     bool UseLargePagesIndividualAllocation        = false                                  {pd product} {ergonomic}

Logging:
Log output configuration:
 #0: stdout all=warning uptime,level,tags
 #1: stderr all=off uptime,level,tags

Environment Variables:
PATH=C:\Program Files\Microsoft\jdk-11.0.12.7-hotspot\bin;C:\Program Files\Common Files\Oracle\Java\javapath;C:\Program Files (x86)\Common Files\Oracle\Java\javapath;C:\WINDOWS\system32;C:\WINDOWS;C:\WINDOWS\System32\Wbem;C:\WINDOWS\System32\WindowsPowerShell\v1.0\;C:\WINDOWS\System32\OpenSSH\;C:\Program Files\Git\cmd;C:\Program Files\dotnet\;C:\Program Files\Microsoft SQL Server\120\Tools\Binn\;C:\Program Files\Microsoft SQL Server\Client SDK\ODBC\110\Tools\Binn\;C:\Program Files (x86)\Microsoft SQL Server\120\Tools\Binn\;C:\Program Files\Microsoft SQL Server\120\DTS\Binn\;C:\Program Files (x86)\Microsoft SQL Server\120\Tools\Binn\ManagementStudio\;C:\Program Files (x86)\Microsoft SQL Server\120\DTS\Binn\;C:\Program Files\Microsoft SQL Server\150\Tools\Binn\;C:\Program Files\Microsoft SQL Server\Client SDK\ODBC\170\Tools\Binn\;C:\Program Files\MySQL\MySQL Shell 8.0\bin\;C:\Users\Kevin\AppData\Local\Programs\Python\Python39\Scripts\;C:\Users\Kevin\AppData\Local\Programs\Python\Python39\;C:\Users\Kevin\AppData\Local\Microsoft\WindowsApps;C:\Users\Kevin\.dotnet\tools;C:\Users\Kevin\AppData\Local\GitHubDesktop\bin;;C:\Users\Kevin\AppData\Local\Programs\Microsoft VS Code\bin
USERNAME=Kevin
OS=Windows_NT
PROCESSOR_IDENTIFIER=Intel64 Family 6 Model 126 Stepping 5, GenuineIntel



---------------  S Y S T E M  ---------------

OS: Windows 10 , 64 bit Build 19041 (10.0.19041.2364)
OS uptime: 19 days 19:55 hours

CPU:total 4 (initial active 4) (2 cores per cpu, 2 threads per core) family 6 model 126 stepping 5 microcode 0xa0, cmov, cx8, fxsr, mmx, sse, sse2, sse3, ssse3, sse4.1, sse4.2, popcnt, avx, avx2, aes, clmul, erms, 3dnowpref, lzcnt, ht, tsc, tscinvbit, bmi1, bmi2, adx, evex, sha, fma

Memory: 4k page, system-wide physical 3902M (193M free)
TotalPageFile size 15678M (AvailPageFile size 4M)
current process WorkingSet (physical memory assigned to process): 311M, peak: 313M
current process commit charge ("private bytes"): 479M, peak: 480M

vm_info: OpenJDK 64-Bit Server VM (11.0.12+7) for windows-amd64 JRE (11.0.12+7), built on Jul 21 2021 15:41:43 by "" with unknown MS VC++:1916

END.
