#
# There is insufficient memory for the Java Runtime Environment to continue.
# Native memory allocation (malloc) failed to allocate 2230096 bytes for Chunk::new
# Possible reasons:
#   The system is out of physical RAM or swap space
#   The process is running with CompressedOops enabled, and the Java Heap may be blocking the growth of the native heap
# Possible solutions:
#   Reduce memory load on the system
#   Increase physical memory or swap space
#   Check if swap backing store is full
#   Decrease Java heap size (-Xmx/-Xms)
#   Decrease number of Java threads
#   Decrease Java thread stack sizes (-Xss)
#   Set larger code cache with -XX:ReservedCodeCacheSize=
#   JVM is running with Unscaled Compressed Oops mode in which the Java heap is
#     placed in the first 4GB address space. The Java Heap base address is the
#     maximum limit for the native heap growth. Please use -XX:HeapBaseMinAddress
#     to set the Java Heap base and to place the Java Heap above 4GB virtual address.
# This output file may be truncated or incomplete.
#
#  Out of Memory Error (./src/hotspot/share/memory/arena.cpp:197), pid=10892, tid=13076
#
# JRE version: OpenJDK Runtime Environment Microsoft-25199 (11.0.12+7) (build 11.0.12+7)
# Java VM: OpenJDK 64-Bit Server VM Microsoft-25199 (11.0.12+7, mixed mode, tiered, compressed oops, g1 gc, windows-amd64)
# No core dump will be written. Minidumps are not enabled by default on client versions of Windows
#

---------------  S U M M A R Y ------------

Command Line: --add-opens=java.base/java.util=ALL-UNNAMED --add-opens=java.base/java.lang=ALL-UNNAMED --add-opens=java.base/java.lang.invoke=ALL-UNNAMED --add-opens=java.base/java.util=ALL-UNNAMED --add-opens=java.prefs/java.util.prefs=ALL-UNNAMED --add-opens=java.prefs/java.util.prefs=ALL-UNNAMED --add-opens=java.base/java.nio.charset=ALL-UNNAMED --add-opens=java.base/java.net=ALL-UNNAMED --add-opens=java.base/java.util.concurrent.atomic=ALL-UNNAMED -Xmx2048m -Dfile.encoding=UTF-8 -Duser.country=CO -Duser.language=es -Duser.variant org.gradle.launcher.daemon.bootstrap.GradleDaemon 7.5

Host: Intel(R) Core(TM) i3-1005G1 CPU @ 1.20GHz, 4 cores, 3G,  Windows 10 , 64 bit Build 19041 (10.0.19041.2364)
Time: Wed Mar  8 23:01:47 2023 Hora est. Pacífico, Sudamérica elapsed time: 23.862808 seconds (0d 0h 0m 23s)

---------------  T H R E A D  ---------------

Current thread (0x0000019ea141e800):  JavaThread "C2 CompilerThread0" daemon [_thread_in_native, id=13076, stack(0x0000003872f00000,0x0000003873000000)]


Current CompileTask:
C2:  23863 6230   !   4       com.google.common.reflect.TypeVisitor::visit (244 bytes)

Stack: [0x0000003872f00000,0x0000003873000000]
Native frames: (J=compiled Java code, j=interpreted, Vv=VM code, C=native code)
V  [jvm.dll+0x6090fa]
V  [jvm.dll+0x79229e]
V  [jvm.dll+0x79396f]
V  [jvm.dll+0x794033]
V  [jvm.dll+0x24bed8]
V  [jvm.dll+0xc219c]
V  [jvm.dll+0xc275c]
V  [jvm.dll+0x354862]
V  [jvm.dll+0x321fb3]
V  [jvm.dll+0x3212ea]
V  [jvm.dll+0x205585]
V  [jvm.dll+0x20476d]
V  [jvm.dll+0x18996c]
V  [jvm.dll+0x213dd7]
V  [jvm.dll+0x211f9b]
V  [jvm.dll+0x7563a9]
V  [jvm.dll+0x74f414]
V  [jvm.dll+0x607f56]
C  [ucrtbase.dll+0x21bb2]
C  [KERNEL32.DLL+0x17614]
C  [ntdll.dll+0x526a1]


---------------  P R O C E S S  ---------------

Threads class SMR info:
_java_thread_list=0x0000019ea2990810, length=77, elements={
0x0000019e82bee800, 0x0000019ea13bc000, 0x0000019ea13c5000, 0x0000019ea1416800,
0x0000019ea1419800, 0x0000019ea141b000, 0x0000019ea141e800, 0x0000019ea1422800,
0x0000019ea1d50800, 0x0000019ea1ec8000, 0x0000019ea2a44000, 0x0000019ea43ea000,
0x0000019ea409f000, 0x0000019ea40a0000, 0x0000019ea1f4f800, 0x0000019ea43de000,
0x0000019ea2358000, 0x0000019ea36df800, 0x0000019ea405a000, 0x0000019ea34de800,
0x0000019ea34dd000, 0x0000019ea34e1000, 0x0000019ea34e2000, 0x0000019ea34de000,
0x0000019ea34df800, 0x0000019ea34dc800, 0x0000019ea34e0800, 0x0000019ea34e3000,
0x0000019ea4608800, 0x0000019ea460b000, 0x0000019ea460c000, 0x0000019ea4608000,
0x0000019ea4609800, 0x0000019ea460d000, 0x0000019ea460a800, 0x0000019ea4613800,
0x0000019ea460d800, 0x0000019ea4610000, 0x0000019ea4611000, 0x0000019ea4612800,
0x0000019ea4614000, 0x0000019ea460e800, 0x0000019ea4611800, 0x0000019ea4615000,
0x0000019ea4616000, 0x0000019ea35c1800, 0x0000019ea35c2800, 0x0000019ea35c3000,
0x0000019ea35c5000, 0x0000019ea35c4000, 0x0000019ea35c5800, 0x0000019ea35c6800,
0x0000019ea35c0800, 0x0000019ea35c7000, 0x0000019ea35ca800, 0x0000019ea35c8000,
0x0000019ea35cc000, 0x0000019ea35ce000, 0x0000019ea35ce800, 0x0000019ea35cd000,
0x0000019ea35c9000, 0x0000019ea35cb800, 0x0000019ea35cf800, 0x0000019ea35c9800,
0x0000019ea827d800, 0x0000019ea827b000, 0x0000019ea827e000, 0x0000019ea827f000,
0x0000019ea827c800, 0x0000019ea8280000, 0x0000019ea8280800, 0x0000019ea8281800,
0x0000019ea827c000, 0x0000019ea8284000, 0x0000019ea8284800, 0x0000019ea8288000,
0x0000019ea8285800
}

Java Threads: ( => current thread )
  0x0000019e82bee800 JavaThread "main" [_thread_blocked, id=12948, stack(0x0000003872300000,0x0000003872400000)]
  0x0000019ea13bc000 JavaThread "Reference Handler" daemon [_thread_blocked, id=9644, stack(0x0000003872a00000,0x0000003872b00000)]
  0x0000019ea13c5000 JavaThread "Finalizer" daemon [_thread_blocked, id=17472, stack(0x0000003872b00000,0x0000003872c00000)]
  0x0000019ea1416800 JavaThread "Signal Dispatcher" daemon [_thread_blocked, id=8132, stack(0x0000003872c00000,0x0000003872d00000)]
  0x0000019ea1419800 JavaThread "Attach Listener" daemon [_thread_blocked, id=24228, stack(0x0000003872d00000,0x0000003872e00000)]
  0x0000019ea141b000 JavaThread "Service Thread" daemon [_thread_blocked, id=12384, stack(0x0000003872e00000,0x0000003872f00000)]
=>0x0000019ea141e800 JavaThread "C2 CompilerThread0" daemon [_thread_in_native, id=13076, stack(0x0000003872f00000,0x0000003873000000)]
  0x0000019ea1422800 JavaThread "C1 CompilerThread0" daemon [_thread_in_native, id=19640, stack(0x0000003873000000,0x0000003873100000)]
  0x0000019ea1d50800 JavaThread "Sweeper thread" daemon [_thread_blocked, id=13260, stack(0x0000003873100000,0x0000003873200000)]
  0x0000019ea1ec8000 JavaThread "Common-Cleaner" daemon [_thread_blocked, id=1724, stack(0x0000003873200000,0x0000003873300000)]
  0x0000019ea2a44000 JavaThread "Daemon health stats" [_thread_blocked, id=448, stack(0x0000003873500000,0x0000003873600000)]
  0x0000019ea43ea000 JavaThread "Incoming local TCP Connector on port 56218" [_thread_in_native, id=24856, stack(0x0000003873600000,0x0000003873700000)]
  0x0000019ea409f000 JavaThread "Daemon periodic checks" [_thread_blocked, id=10592, stack(0x0000003873700000,0x0000003873800000)]
  0x0000019ea40a0000 JavaThread "Daemon" [_thread_blocked, id=24804, stack(0x0000003873800000,0x0000003873900000)]
  0x0000019ea1f4f800 JavaThread "Handler for socket connection from /127.0.0.1:56218 to /127.0.0.1:56219" [_thread_in_native, id=1496, stack(0x0000003873900000,0x0000003873a00000)]
  0x0000019ea43de000 JavaThread "Cancel handler" [_thread_blocked, id=13640, stack(0x0000003873a00000,0x0000003873b00000)]
  0x0000019ea2358000 JavaThread "Daemon worker" [_thread_in_vm, id=12460, stack(0x0000003873b00000,0x0000003873c00000)]
  0x0000019ea36df800 JavaThread "Asynchronous log dispatcher for DefaultDaemonConnection: socket connection from /127.0.0.1:56218 to /127.0.0.1:56219" [_thread_blocked, id=5072, stack(0x0000003873c00000,0x0000003873d00000)]
  0x0000019ea405a000 JavaThread "Stdin handler" [_thread_blocked, id=2516, stack(0x0000003873d00000,0x0000003873e00000)]
  0x0000019ea34de800 JavaThread "Daemon client event forwarder" [_thread_blocked, id=17156, stack(0x0000003873e00000,0x0000003873f00000)]
  0x0000019ea34dd000 JavaThread "Cache worker for journal cache (C:\Users\Kevin\.gradle\caches\journal-1)" [_thread_blocked, id=11424, stack(0x0000003874100000,0x0000003874200000)]
  0x0000019ea34e1000 JavaThread "File lock request listener" [_thread_in_native, id=18644, stack(0x0000003874200000,0x0000003874300000)]
  0x0000019ea34e2000 JavaThread "Cache worker for file hash cache (C:\Users\Kevin\.gradle\caches\7.5\fileHashes)" [_thread_blocked, id=13172, stack(0x0000003874300000,0x0000003874400000)]
  0x0000019ea34de000 JavaThread "File watcher server" daemon [_thread_in_native, id=2140, stack(0x0000003874400000,0x0000003874500000)]
  0x0000019ea34df800 JavaThread "File watcher consumer" daemon [_thread_blocked, id=9180, stack(0x0000003874500000,0x0000003874600000)]
  0x0000019ea34dc800 JavaThread "jar transforms" [_thread_blocked, id=25536, stack(0x0000003874600000,0x0000003874700000)]
  0x0000019ea34e0800 JavaThread "jar transforms Thread 2" [_thread_blocked, id=15992, stack(0x0000003874700000,0x0000003874800000)]
  0x0000019ea34e3000 JavaThread "jar transforms Thread 3" [_thread_blocked, id=13292, stack(0x0000003874800000,0x0000003874900000)]
  0x0000019ea4608800 JavaThread "jar transforms Thread 4" [_thread_blocked, id=20520, stack(0x0000003874900000,0x0000003874a00000)]
  0x0000019ea460b000 JavaThread "Cache worker for checksums cache (C:\Users\Kevin\AndroidStudioProjects\FitTitan\.gradle\7.5\checksums)" [_thread_blocked, id=22948, stack(0x0000003874a00000,0x0000003874b00000)]
  0x0000019ea460c000 JavaThread "Cache worker for cache directory md-rule (C:\Users\Kevin\.gradle\caches\7.5\md-rule)" [_thread_blocked, id=7896, stack(0x0000003874b00000,0x0000003874c00000)]
  0x0000019ea4608000 JavaThread "Cache worker for file content cache (C:\Users\Kevin\.gradle\caches\7.5\fileContent)" [_thread_blocked, id=10196, stack(0x0000003874c00000,0x0000003874d00000)]
  0x0000019ea4609800 JavaThread "Cache worker for file hash cache (C:\Users\Kevin\AndroidStudioProjects\FitTitan\.gradle\7.5\fileHashes)" [_thread_blocked, id=9772, stack(0x0000003874d00000,0x0000003874e00000)]
  0x0000019ea460d000 JavaThread "Cache worker for cache directory md-supplier (C:\Users\Kevin\.gradle\caches\7.5\md-supplier)" [_thread_blocked, id=3780, stack(0x0000003874e00000,0x0000003874f00000)]
  0x0000019ea460a800 JavaThread "Cache worker for execution history cache (C:\Users\Kevin\.gradle\caches\7.5\executionHistory)" [_thread_blocked, id=7720, stack(0x0000003874f00000,0x0000003875000000)]
  0x0000019ea4613800 JavaThread "Cache worker for dependencies-accessors (C:\Users\Kevin\AndroidStudioProjects\FitTitan\.gradle\7.5\dependencies-accessors)" [_thread_blocked, id=25440, stack(0x0000003875000000,0x0000003875100000)]
  0x0000019ea460d800 JavaThread "Cache worker for Build Output Cleanup Cache (C:\Users\Kevin\AndroidStudioProjects\FitTitan\.gradle\buildOutputCleanup)" [_thread_blocked, id=9780, stack(0x0000003875100000,0x0000003875200000)]
  0x0000019ea4610000 JavaThread "Unconstrained build operations" [_thread_blocked, id=8544, stack(0x0000003875200000,0x0000003875300000)]
  0x0000019ea4611000 JavaThread "Unconstrained build operations Thread 2" [_thread_blocked, id=14356, stack(0x0000003875300000,0x0000003875400000)]
  0x0000019ea4612800 JavaThread "Unconstrained build operations Thread 3" [_thread_blocked, id=23904, stack(0x0000003875400000,0x0000003875500000)]
  0x0000019ea4614000 JavaThread "Unconstrained build operations Thread 4" [_thread_blocked, id=19560, stack(0x0000003875500000,0x0000003875600000)]
  0x0000019ea460e800 JavaThread "Unconstrained build operations Thread 5" [_thread_blocked, id=9656, stack(0x0000003875600000,0x0000003875700000)]
  0x0000019ea4611800 JavaThread "Unconstrained build operations Thread 6" [_thread_blocked, id=19732, stack(0x0000003875700000,0x0000003875800000)]
  0x0000019ea4615000 JavaThread "Unconstrained build operations Thread 7" [_thread_blocked, id=20244, stack(0x0000003875800000,0x0000003875900000)]
  0x0000019ea4616000 JavaThread "Unconstrained build operations Thread 8" [_thread_blocked, id=15960, stack(0x0000003875900000,0x0000003875a00000)]
  0x0000019ea35c1800 JavaThread "Unconstrained build operations Thread 9" [_thread_blocked, id=17368, stack(0x0000003875a00000,0x0000003875b00000)]
  0x0000019ea35c2800 JavaThread "Unconstrained build operations Thread 10" [_thread_blocked, id=22228, stack(0x0000003875b00000,0x0000003875c00000)]
  0x0000019ea35c3000 JavaThread "Unconstrained build operations Thread 11" [_thread_blocked, id=14232, stack(0x0000003875c00000,0x0000003875d00000)]
  0x0000019ea35c5000 JavaThread "Unconstrained build operations Thread 12" [_thread_blocked, id=18392, stack(0x0000003875d00000,0x0000003875e00000)]
  0x0000019ea35c4000 JavaThread "Unconstrained build operations Thread 13" [_thread_blocked, id=9012, stack(0x0000003875e00000,0x0000003875f00000)]
  0x0000019ea35c5800 JavaThread "Unconstrained build operations Thread 14" [_thread_blocked, id=13552, stack(0x0000003875f00000,0x0000003876000000)]
  0x0000019ea35c6800 JavaThread "Unconstrained build operations Thread 15" [_thread_blocked, id=13580, stack(0x0000003876000000,0x0000003876100000)]
  0x0000019ea35c0800 JavaThread "Unconstrained build operations Thread 16" [_thread_blocked, id=23420, stack(0x0000003876100000,0x0000003876200000)]
  0x0000019ea35c7000 JavaThread "Unconstrained build operations Thread 17" [_thread_blocked, id=4268, stack(0x0000003876200000,0x0000003876300000)]
  0x0000019ea35ca800 JavaThread "Unconstrained build operations Thread 18" [_thread_blocked, id=24728, stack(0x0000003876300000,0x0000003876400000)]
  0x0000019ea35c8000 JavaThread "Unconstrained build operations Thread 19" [_thread_blocked, id=8588, stack(0x0000003876400000,0x0000003876500000)]
  0x0000019ea35cc000 JavaThread "Unconstrained build operations Thread 20" [_thread_blocked, id=18396, stack(0x0000003876500000,0x0000003876600000)]
  0x0000019ea35ce000 JavaThread "Unconstrained build operations Thread 21" [_thread_blocked, id=20320, stack(0x0000003876600000,0x0000003876700000)]
  0x0000019ea35ce800 JavaThread "Unconstrained build operations Thread 22" [_thread_blocked, id=22788, stack(0x0000003876700000,0x0000003876800000)]
  0x0000019ea35cd000 JavaThread "Unconstrained build operations Thread 23" [_thread_blocked, id=1916, stack(0x0000003876800000,0x0000003876900000)]
  0x0000019ea35c9000 JavaThread "Unconstrained build operations Thread 24" [_thread_blocked, id=1448, stack(0x0000003876900000,0x0000003876a00000)]
  0x0000019ea35cb800 JavaThread "Unconstrained build operations Thread 25" [_thread_blocked, id=19384, stack(0x0000003876a00000,0x0000003876b00000)]
  0x0000019ea35cf800 JavaThread "Unconstrained build operations Thread 26" [_thread_blocked, id=23484, stack(0x0000003876b00000,0x0000003876c00000)]
  0x0000019ea35c9800 JavaThread "Unconstrained build operations Thread 27" [_thread_blocked, id=4760, stack(0x0000003876c00000,0x0000003876d00000)]
  0x0000019ea827d800 JavaThread "Unconstrained build operations Thread 28" [_thread_blocked, id=12580, stack(0x0000003876d00000,0x0000003876e00000)]
  0x0000019ea827b000 JavaThread "Unconstrained build operations Thread 29" [_thread_blocked, id=20080, stack(0x0000003876e00000,0x0000003876f00000)]
  0x0000019ea827e000 JavaThread "Unconstrained build operations Thread 30" [_thread_blocked, id=12488, stack(0x0000003876f00000,0x0000003877000000)]
  0x0000019ea827f000 JavaThread "Unconstrained build operations Thread 31" [_thread_blocked, id=10252, stack(0x0000003877000000,0x0000003877100000)]
  0x0000019ea827c800 JavaThread "Unconstrained build operations Thread 32" [_thread_blocked, id=14612, stack(0x0000003877100000,0x0000003877200000)]
  0x0000019ea8280000 JavaThread "Unconstrained build operations Thread 33" [_thread_blocked, id=1872, stack(0x0000003877200000,0x0000003877300000)]
  0x0000019ea8280800 JavaThread "Unconstrained build operations Thread 34" [_thread_blocked, id=21240, stack(0x0000003877300000,0x0000003877400000)]
  0x0000019ea8281800 JavaThread "Unconstrained build operations Thread 35" [_thread_blocked, id=4280, stack(0x0000003877400000,0x0000003877500000)]
  0x0000019ea827c000 JavaThread "Unconstrained build operations Thread 36" [_thread_blocked, id=7304, stack(0x0000003877500000,0x0000003877600000)]
  0x0000019ea8284000 JavaThread "Unconstrained build operations Thread 37" [_thread_blocked, id=14740, stack(0x0000003877600000,0x0000003877700000)]
  0x0000019ea8284800 JavaThread "Unconstrained build operations Thread 38" [_thread_blocked, id=12620, stack(0x0000003877700000,0x0000003877800000)]
  0x0000019ea8288000 JavaThread "Unconstrained build operations Thread 39" [_thread_blocked, id=9972, stack(0x0000003877800000,0x0000003877900000)]
  0x0000019ea8285800 JavaThread "Unconstrained build operations Thread 40" [_thread_blocked, id=20032, stack(0x0000003877900000,0x0000003877a00000)]

Other Threads:
  0x0000019ea13b8000 VMThread "VM Thread" [stack: 0x0000003872900000,0x0000003872a00000] [id=22240]
  0x0000019ea1f61000 WatcherThread [stack: 0x0000003873300000,0x0000003873400000] [id=12504]
  0x0000019e82c06000 GCTaskThread "GC Thread#0" [stack: 0x0000003872400000,0x0000003872500000] [id=22300]
  0x0000019ea25c7800 GCTaskThread "GC Thread#1" [stack: 0x0000003873400000,0x0000003873500000] [id=1016]
  0x0000019ea34ea800 GCTaskThread "GC Thread#2" [stack: 0x0000003873f00000,0x0000003874000000] [id=3980]
  0x0000019ea1f17800 GCTaskThread "GC Thread#3" [stack: 0x0000003874000000,0x0000003874100000] [id=15432]
  0x0000019e82c35800 ConcurrentGCThread "G1 Main Marker" [stack: 0x0000003872500000,0x0000003872600000] [id=21648]
  0x0000019e82c37800 ConcurrentGCThread "G1 Conc#0" [stack: 0x0000003872600000,0x0000003872700000] [id=18892]
  0x0000019e82c91000 ConcurrentGCThread "G1 Refine#0" [stack: 0x0000003872700000,0x0000003872800000] [id=9376]
  0x0000019e82c92000 ConcurrentGCThread "G1 Young RemSet Sampling" [stack: 0x0000003872800000,0x0000003872900000] [id=12600]

Threads with active compile tasks:
C2 CompilerThread0  23931 6230   !   4       com.google.common.reflect.TypeVisitor::visit (244 bytes)

VM state:not at safepoint (normal execution)

VM Mutex/Monitor currently owned by a thread: None

Heap address: 0x0000000080000000, size: 2048 MB, Compressed Oops mode: 32-bit
Narrow klass base: 0x0000000000000000, Narrow klass shift: 3
Compressed class space size: 1073741824 Address: 0x0000000100000000

Heap:
 garbage-first heap   total 244736K, used 116346K [0x0000000080000000, 0x0000000100000000)
  region size 1024K, 10 young (10240K), 6 survivors (6144K)
 Metaspace       used 60279K, capacity 62034K, committed 62208K, reserved 1103872K
  class space    used 7732K, capacity 8426K, committed 8448K, reserved 1048576K
Heap Regions: E=young(eden), S=young(survivor), O=old, HS=humongous(starts), HC=humongous(continues), CS=collection set, F=free, A=archive, TAMS=top-at-mark-start (previous, next)
|   0|0x0000000080000000, 0x0000000080100000, 0x0000000080100000|100%|HS|  |TAMS 0x0000000080100000, 0x0000000080000000| Complete 
|   1|0x0000000080100000, 0x0000000080200000, 0x0000000080200000|100%|HC|  |TAMS 0x0000000080200000, 0x0000000080100000| Complete 
|   2|0x0000000080200000, 0x0000000080300000, 0x0000000080300000|100%|HC|  |TAMS 0x0000000080300000, 0x0000000080200000| Complete 
|   3|0x0000000080300000, 0x0000000080400000, 0x0000000080400000|100%| O|  |TAMS 0x0000000080400000, 0x0000000080300000| Untracked 
|   4|0x0000000080400000, 0x0000000080500000, 0x0000000080500000|100%| O|  |TAMS 0x0000000080500000, 0x0000000080400000| Untracked 
|   5|0x0000000080500000, 0x0000000080600000, 0x0000000080600000|100%| O|  |TAMS 0x0000000080600000, 0x0000000080500000| Untracked 
|   6|0x0000000080600000, 0x0000000080700000, 0x0000000080700000|100%| O|  |TAMS 0x0000000080700000, 0x0000000080600000| Untracked 
|   7|0x0000000080700000, 0x0000000080800000, 0x0000000080800000|100%| O|  |TAMS 0x0000000080800000, 0x0000000080700000| Untracked 
|   8|0x0000000080800000, 0x0000000080900000, 0x0000000080900000|100%| O|  |TAMS 0x0000000080900000, 0x0000000080800000| Untracked 
|   9|0x0000000080900000, 0x0000000080a00000, 0x0000000080a00000|100%| O|  |TAMS 0x0000000080a00000, 0x0000000080900000| Untracked 
|  10|0x0000000080a00000, 0x0000000080b00000, 0x0000000080b00000|100%| O|  |TAMS 0x0000000080b00000, 0x0000000080a00000| Untracked 
|  11|0x0000000080b00000, 0x0000000080c00000, 0x0000000080c00000|100%| O|  |TAMS 0x0000000080c00000, 0x0000000080b00000| Untracked 
|  12|0x0000000080c00000, 0x0000000080d00000, 0x0000000080d00000|100%| O|  |TAMS 0x0000000080d00000, 0x0000000080c00000| Untracked 
|  13|0x0000000080d00000, 0x0000000080e00000, 0x0000000080e00000|100%| O|  |TAMS 0x0000000080e00000, 0x0000000080d00000| Untracked 
|  14|0x0000000080e00000, 0x0000000080f00000, 0x0000000080f00000|100%| O|  |TAMS 0x0000000080f00000, 0x0000000080e00000| Untracked 
|  15|0x0000000080f00000, 0x0000000081000000, 0x0000000081000000|100%| O|  |TAMS 0x0000000081000000, 0x0000000080f00000| Untracked 
|  16|0x0000000081000000, 0x0000000081100000, 0x0000000081100000|100%| O|  |TAMS 0x0000000081100000, 0x0000000081000000| Untracked 
|  17|0x0000000081100000, 0x0000000081200000, 0x0000000081200000|100%|HS|  |TAMS 0x0000000081200000, 0x0000000081100000| Complete 
|  18|0x0000000081200000, 0x0000000081300000, 0x0000000081300000|100%|HC|  |TAMS 0x0000000081300000, 0x0000000081200000| Complete 
|  19|0x0000000081300000, 0x0000000081400000, 0x0000000081400000|100%|HS|  |TAMS 0x0000000081400000, 0x0000000081300000| Complete 
|  20|0x0000000081400000, 0x0000000081500000, 0x0000000081500000|100%|HC|  |TAMS 0x0000000081500000, 0x0000000081400000| Complete 
|  21|0x0000000081500000, 0x0000000081600000, 0x0000000081600000|100%|HC|  |TAMS 0x0000000081600000, 0x0000000081500000| Complete 
|  22|0x0000000081600000, 0x0000000081700000, 0x0000000081700000|100%|HS|  |TAMS 0x0000000081700000, 0x0000000081600000| Complete 
|  23|0x0000000081700000, 0x0000000081800000, 0x0000000081800000|100%|HC|  |TAMS 0x0000000081800000, 0x0000000081700000| Complete 
|  24|0x0000000081800000, 0x0000000081900000, 0x0000000081900000|100%|HC|  |TAMS 0x0000000081900000, 0x0000000081800000| Complete 
|  25|0x0000000081900000, 0x0000000081a00000, 0x0000000081a00000|100%|HS|  |TAMS 0x0000000081a00000, 0x0000000081900000| Complete 
|  26|0x0000000081a00000, 0x0000000081b00000, 0x0000000081b00000|100%|HC|  |TAMS 0x0000000081b00000, 0x0000000081a00000| Complete 
|  27|0x0000000081b00000, 0x0000000081c00000, 0x0000000081c00000|100%| O|  |TAMS 0x0000000081c00000, 0x0000000081b00000| Untracked 
|  28|0x0000000081c00000, 0x0000000081d00000, 0x0000000081d00000|100%|HS|  |TAMS 0x0000000081d00000, 0x0000000081c00000| Complete 
|  29|0x0000000081d00000, 0x0000000081e00000, 0x0000000081e00000|100%|HC|  |TAMS 0x0000000081e00000, 0x0000000081d00000| Complete 
|  30|0x0000000081e00000, 0x0000000081f00000, 0x0000000081f00000|100%|HC|  |TAMS 0x0000000081f00000, 0x0000000081e00000| Complete 
|  31|0x0000000081f00000, 0x0000000082000000, 0x0000000082000000|100%|HC|  |TAMS 0x0000000082000000, 0x0000000081f00000| Complete 
|  32|0x0000000082000000, 0x0000000082100000, 0x0000000082100000|100%|HC|  |TAMS 0x0000000082100000, 0x0000000082000000| Complete 
|  33|0x0000000082100000, 0x0000000082200000, 0x0000000082200000|100%|HC|  |TAMS 0x0000000082200000, 0x0000000082100000| Complete 
|  34|0x0000000082200000, 0x0000000082300000, 0x0000000082300000|100%|HC|  |TAMS 0x0000000082300000, 0x0000000082200000| Complete 
|  35|0x0000000082300000, 0x0000000082400000, 0x0000000082400000|100%|HC|  |TAMS 0x0000000082400000, 0x0000000082300000| Complete 
|  36|0x0000000082400000, 0x0000000082500000, 0x0000000082500000|100%|HC|  |TAMS 0x0000000082500000, 0x0000000082400000| Complete 
|  37|0x0000000082500000, 0x0000000082600000, 0x0000000082600000|100%|HC|  |TAMS 0x0000000082600000, 0x0000000082500000| Complete 
|  38|0x0000000082600000, 0x0000000082700000, 0x0000000082700000|100%|HS|  |TAMS 0x0000000082700000, 0x0000000082600000| Complete 
|  39|0x0000000082700000, 0x0000000082800000, 0x0000000082800000|100%|HC|  |TAMS 0x0000000082800000, 0x0000000082700000| Complete 
|  40|0x0000000082800000, 0x0000000082900000, 0x0000000082900000|100%| O|  |TAMS 0x0000000082900000, 0x0000000082800000| Untracked 
|  41|0x0000000082900000, 0x0000000082a00000, 0x0000000082a00000|100%| O|  |TAMS 0x0000000082a00000, 0x0000000082900000| Untracked 
|  42|0x0000000082a00000, 0x0000000082b00000, 0x0000000082b00000|100%| O|  |TAMS 0x0000000082b00000, 0x0000000082a00000| Untracked 
|  43|0x0000000082b00000, 0x0000000082c00000, 0x0000000082c00000|100%| O|  |TAMS 0x0000000082c00000, 0x0000000082b00000| Untracked 
|  44|0x0000000082c00000, 0x0000000082d00000, 0x0000000082d00000|100%| O|  |TAMS 0x0000000082d00000, 0x0000000082c00000| Untracked 
|  45|0x0000000082d00000, 0x0000000082e00000, 0x0000000082e00000|100%|HS|  |TAMS 0x0000000082e00000, 0x0000000082d00000| Complete 
|  46|0x0000000082e00000, 0x0000000082f00000, 0x0000000082f00000|100%|HC|  |TAMS 0x0000000082f00000, 0x0000000082e00000| Complete 
|  47|0x0000000082f00000, 0x0000000083000000, 0x0000000083000000|100%|HC|  |TAMS 0x0000000083000000, 0x0000000082f00000| Complete 
|  48|0x0000000083000000, 0x0000000083100000, 0x0000000083100000|100%|HC|  |TAMS 0x0000000083100000, 0x0000000083000000| Complete 
|  49|0x0000000083100000, 0x0000000083200000, 0x0000000083200000|100%|HC|  |TAMS 0x0000000083200000, 0x0000000083100000| Complete 
|  50|0x0000000083200000, 0x0000000083300000, 0x0000000083300000|100%| O|  |TAMS 0x0000000083300000, 0x0000000083200000| Untracked 
|  51|0x0000000083300000, 0x0000000083400000, 0x0000000083400000|100%| O|  |TAMS 0x0000000083400000, 0x0000000083300000| Untracked 
|  52|0x0000000083400000, 0x0000000083500000, 0x0000000083500000|100%| O|  |TAMS 0x0000000083500000, 0x0000000083400000| Untracked 
|  53|0x0000000083500000, 0x0000000083600000, 0x0000000083600000|100%| O|  |TAMS 0x0000000083600000, 0x0000000083500000| Untracked 
|  54|0x0000000083600000, 0x0000000083700000, 0x0000000083700000|100%| O|  |TAMS 0x0000000083700000, 0x0000000083600000| Untracked 
|  55|0x0000000083700000, 0x0000000083800000, 0x0000000083800000|100%|HS|  |TAMS 0x0000000083800000, 0x0000000083700000| Complete 
|  56|0x0000000083800000, 0x0000000083900000, 0x0000000083900000|100%|HC|  |TAMS 0x0000000083900000, 0x0000000083800000| Complete 
|  57|0x0000000083900000, 0x0000000083a00000, 0x0000000083a00000|100%|HC|  |TAMS 0x0000000083a00000, 0x0000000083900000| Complete 
|  58|0x0000000083a00000, 0x0000000083b00000, 0x0000000083b00000|100%|HS|  |TAMS 0x0000000083b00000, 0x0000000083a00000| Complete 
|  59|0x0000000083b00000, 0x0000000083c00000, 0x0000000083c00000|100%|HC|  |TAMS 0x0000000083c00000, 0x0000000083b00000| Complete 
|  60|0x0000000083c00000, 0x0000000083d00000, 0x0000000083d00000|100%| O|  |TAMS 0x0000000083d00000, 0x0000000083c00000| Untracked 
|  61|0x0000000083d00000, 0x0000000083e00000, 0x0000000083e00000|100%| O|  |TAMS 0x0000000083e00000, 0x0000000083d00000| Untracked 
|  62|0x0000000083e00000, 0x0000000083f00000, 0x0000000083f00000|100%| O|  |TAMS 0x0000000083f00000, 0x0000000083e00000| Untracked 
|  63|0x0000000083f00000, 0x0000000084000000, 0x0000000084000000|100%|HS|  |TAMS 0x0000000084000000, 0x0000000083f00000| Complete 
|  64|0x0000000084000000, 0x0000000084100000, 0x0000000084100000|100%|HC|  |TAMS 0x0000000084100000, 0x0000000084000000| Complete 
|  65|0x0000000084100000, 0x0000000084200000, 0x0000000084200000|100%|HC|  |TAMS 0x0000000084200000, 0x0000000084100000| Complete 
|  66|0x0000000084200000, 0x0000000084300000, 0x0000000084300000|100%|HC|  |TAMS 0x0000000084300000, 0x0000000084200000| Complete 
|  67|0x0000000084300000, 0x0000000084400000, 0x0000000084400000|100%|HC|  |TAMS 0x0000000084400000, 0x0000000084300000| Complete 
|  68|0x0000000084400000, 0x0000000084500000, 0x0000000084500000|100%|HC|  |TAMS 0x0000000084500000, 0x0000000084400000| Complete 
|  69|0x0000000084500000, 0x0000000084600000, 0x0000000084600000|100%|HC|  |TAMS 0x0000000084600000, 0x0000000084500000| Complete 
|  70|0x0000000084600000, 0x0000000084700000, 0x0000000084700000|100%|HC|  |TAMS 0x0000000084700000, 0x0000000084600000| Complete 
|  71|0x0000000084700000, 0x0000000084800000, 0x0000000084800000|100%|HC|  |TAMS 0x0000000084800000, 0x0000000084700000| Complete 
|  72|0x0000000084800000, 0x0000000084900000, 0x0000000084900000|100%|HC|  |TAMS 0x0000000084900000, 0x0000000084800000| Complete 
|  73|0x0000000084900000, 0x0000000084a00000, 0x0000000084a00000|100%|HS|  |TAMS 0x0000000084a00000, 0x0000000084900000| Complete 
|  74|0x0000000084a00000, 0x0000000084b00000, 0x0000000084b00000|100%|HC|  |TAMS 0x0000000084b00000, 0x0000000084a00000| Complete 
|  75|0x0000000084b00000, 0x0000000084c00000, 0x0000000084c00000|100%|HS|  |TAMS 0x0000000084c00000, 0x0000000084b00000| Complete 
|  76|0x0000000084c00000, 0x0000000084d00000, 0x0000000084d00000|100%|HC|  |TAMS 0x0000000084d00000, 0x0000000084c00000| Complete 
|  77|0x0000000084d00000, 0x0000000084e00000, 0x0000000084e00000|100%|HC|  |TAMS 0x0000000084e00000, 0x0000000084d00000| Complete 
|  78|0x0000000084e00000, 0x0000000084f00000, 0x0000000084f00000|100%|HS|  |TAMS 0x0000000084f00000, 0x0000000084e00000| Complete 
|  79|0x0000000084f00000, 0x0000000085000000, 0x0000000085000000|100%|HC|  |TAMS 0x0000000085000000, 0x0000000084f00000| Complete 
|  80|0x0000000085000000, 0x0000000085100000, 0x0000000085100000|100%|HC|  |TAMS 0x0000000085100000, 0x0000000085000000| Complete 
|  81|0x0000000085100000, 0x0000000085200000, 0x0000000085200000|100%|HC|  |TAMS 0x0000000085200000, 0x0000000085100000| Complete 
|  82|0x0000000085200000, 0x0000000085300000, 0x0000000085300000|100%|HC|  |TAMS 0x0000000085300000, 0x0000000085200000| Complete 
|  83|0x0000000085300000, 0x0000000085400000, 0x0000000085400000|100%| O|  |TAMS 0x0000000085400000, 0x0000000085300000| Untracked 
|  84|0x0000000085400000, 0x0000000085500000, 0x0000000085500000|100%| O|  |TAMS 0x0000000085500000, 0x0000000085400000| Untracked 
|  85|0x0000000085500000, 0x0000000085600000, 0x0000000085600000|100%| O|  |TAMS 0x0000000085600000, 0x0000000085500000| Untracked 
|  86|0x0000000085600000, 0x0000000085700000, 0x0000000085700000|100%| O|  |TAMS 0x0000000085700000, 0x0000000085600000| Untracked 
|  87|0x0000000085700000, 0x0000000085800000, 0x0000000085800000|100%| O|  |TAMS 0x0000000085800000, 0x0000000085700000| Untracked 
|  88|0x0000000085800000, 0x0000000085900000, 0x0000000085900000|100%| O|  |TAMS 0x0000000085900000, 0x0000000085800000| Untracked 
|  89|0x0000000085900000, 0x0000000085a00000, 0x0000000085a00000|100%| O|  |TAMS 0x0000000085a00000, 0x0000000085900000| Untracked 
|  90|0x0000000085a00000, 0x0000000085b00000, 0x0000000085b00000|100%|HS|  |TAMS 0x0000000085b00000, 0x0000000085a00000| Complete 
|  91|0x0000000085b00000, 0x0000000085c00000, 0x0000000085c00000|100%|HS|  |TAMS 0x0000000085c00000, 0x0000000085b00000| Complete 
|  92|0x0000000085c00000, 0x0000000085d00000, 0x0000000085d00000|100%|HC|  |TAMS 0x0000000085d00000, 0x0000000085c00000| Complete 
|  93|0x0000000085d00000, 0x0000000085e00000, 0x0000000085e00000|100%|HS|  |TAMS 0x0000000085e00000, 0x0000000085d00000| Complete 
|  94|0x0000000085e00000, 0x0000000085f00000, 0x0000000085f00000|100%| O|  |TAMS 0x0000000085f00000, 0x0000000085e00000| Untracked 
|  95|0x0000000085f00000, 0x0000000086000000, 0x0000000086000000|100%| O|  |TAMS 0x0000000086000000, 0x0000000085f00000| Untracked 
|  96|0x0000000086000000, 0x0000000086100000, 0x0000000086100000|100%| O|  |TAMS 0x0000000086100000, 0x0000000086000000| Untracked 
|  97|0x0000000086100000, 0x0000000086200000, 0x0000000086200000|100%|HS|  |TAMS 0x0000000086200000, 0x0000000086100000| Complete 
|  98|0x0000000086200000, 0x0000000086300000, 0x0000000086300000|100%|HC|  |TAMS 0x0000000086300000, 0x0000000086200000| Complete 
|  99|0x0000000086300000, 0x0000000086400000, 0x0000000086400000|100%|HC|  |TAMS 0x0000000086400000, 0x0000000086300000| Complete 
| 100|0x0000000086400000, 0x0000000086500000, 0x0000000086500000|100%|HC|  |TAMS 0x0000000086500000, 0x0000000086400000| Complete 
| 101|0x0000000086500000, 0x0000000086600000, 0x0000000086600000|100%| O|  |TAMS 0x0000000086600000, 0x0000000086500000| Untracked 
| 102|0x0000000086600000, 0x0000000086700000, 0x0000000086700000|100%| O|  |TAMS 0x0000000086630000, 0x0000000086600000| Untracked 
| 103|0x0000000086700000, 0x0000000086700000, 0x0000000086800000|  0%| F|  |TAMS 0x0000000086700000, 0x0000000086700000| Untracked 
| 104|0x0000000086800000, 0x0000000086900000, 0x0000000086900000|100%| O|  |TAMS 0x0000000086800000, 0x0000000086800000| Untracked 
| 105|0x0000000086900000, 0x0000000086a00000, 0x0000000086a00000|100%| O|  |TAMS 0x0000000086900000, 0x0000000086900000| Untracked 
| 106|0x0000000086a00000, 0x0000000086a85400, 0x0000000086b00000| 52%| O|  |TAMS 0x0000000086a00000, 0x0000000086a00000| Untracked 
| 107|0x0000000086b00000, 0x0000000086b00000, 0x0000000086c00000|  0%| F|  |TAMS 0x0000000086b00000, 0x0000000086b00000| Untracked 
| 108|0x0000000086c00000, 0x0000000086c00000, 0x0000000086d00000|  0%| F|  |TAMS 0x0000000086c00000, 0x0000000086c00000| Untracked 
| 109|0x0000000086d00000, 0x0000000086d00000, 0x0000000086e00000|  0%| F|  |TAMS 0x0000000086d00000, 0x0000000086d00000| Untracked 
| 110|0x0000000086e00000, 0x0000000086e00000, 0x0000000086f00000|  0%| F|  |TAMS 0x0000000086e00000, 0x0000000086e00000| Untracked 
| 111|0x0000000086f00000, 0x0000000086f00000, 0x0000000087000000|  0%| F|  |TAMS 0x0000000086f00000, 0x0000000086f00000| Untracked 
| 112|0x0000000087000000, 0x0000000087000000, 0x0000000087100000|  0%| F|  |TAMS 0x0000000087000000, 0x0000000087000000| Untracked 
| 113|0x0000000087100000, 0x0000000087100000, 0x0000000087200000|  0%| F|  |TAMS 0x0000000087100000, 0x0000000087100000| Untracked 
| 114|0x0000000087200000, 0x0000000087200000, 0x0000000087300000|  0%| F|  |TAMS 0x0000000087200000, 0x0000000087200000| Untracked 
| 115|0x0000000087300000, 0x0000000087300000, 0x0000000087400000|  0%| F|  |TAMS 0x0000000087300000, 0x0000000087300000| Untracked 
| 116|0x0000000087400000, 0x0000000087400000, 0x0000000087500000|  0%| F|  |TAMS 0x0000000087400000, 0x0000000087400000| Untracked 
| 117|0x0000000087500000, 0x0000000087500000, 0x0000000087600000|  0%| F|  |TAMS 0x0000000087500000, 0x0000000087500000| Untracked 
| 118|0x0000000087600000, 0x0000000087600000, 0x0000000087700000|  0%| F|  |TAMS 0x0000000087600000, 0x0000000087600000| Untracked 
| 119|0x0000000087700000, 0x0000000087700000, 0x0000000087800000|  0%| F|  |TAMS 0x0000000087700000, 0x0000000087700000| Untracked 
| 120|0x0000000087800000, 0x0000000087800000, 0x0000000087900000|  0%| F|  |TAMS 0x0000000087800000, 0x0000000087800000| Untracked 
| 121|0x0000000087900000, 0x0000000087900000, 0x0000000087a00000|  0%| F|  |TAMS 0x0000000087900000, 0x0000000087900000| Untracked 
| 122|0x0000000087a00000, 0x0000000087a00000, 0x0000000087b00000|  0%| F|  |TAMS 0x0000000087a00000, 0x0000000087a00000| Untracked 
| 123|0x0000000087b00000, 0x0000000087b00000, 0x0000000087c00000|  0%| F|  |TAMS 0x0000000087b00000, 0x0000000087b00000| Untracked 
| 124|0x0000000087c00000, 0x0000000087c00000, 0x0000000087d00000|  0%| F|  |TAMS 0x0000000087c00000, 0x0000000087c00000| Untracked 
| 125|0x0000000087d00000, 0x0000000087d00000, 0x0000000087e00000|  0%| F|  |TAMS 0x0000000087d00000, 0x0000000087d00000| Untracked 
| 126|0x0000000087e00000, 0x0000000087e00000, 0x0000000087f00000|  0%| F|  |TAMS 0x0000000087e00000, 0x0000000087e00000| Untracked 
| 127|0x0000000087f00000, 0x0000000087f00000, 0x0000000088000000|  0%| F|  |TAMS 0x0000000087f00000, 0x0000000087f00000| Untracked 
| 128|0x0000000088000000, 0x0000000088000000, 0x0000000088100000|  0%| F|  |TAMS 0x0000000088000000, 0x0000000088000000| Untracked 
| 129|0x0000000088100000, 0x0000000088100000, 0x0000000088200000|  0%| F|  |TAMS 0x0000000088100000, 0x0000000088100000| Untracked 
| 130|0x0000000088200000, 0x0000000088200000, 0x0000000088300000|  0%| F|  |TAMS 0x0000000088200000, 0x0000000088200000| Untracked 
| 131|0x0000000088300000, 0x0000000088300000, 0x0000000088400000|  0%| F|  |TAMS 0x0000000088300000, 0x0000000088300000| Untracked 
| 132|0x0000000088400000, 0x0000000088400000, 0x0000000088500000|  0%| F|  |TAMS 0x0000000088400000, 0x0000000088400000| Untracked 
| 133|0x0000000088500000, 0x0000000088500000, 0x0000000088600000|  0%| F|  |TAMS 0x0000000088500000, 0x0000000088500000| Untracked 
| 134|0x0000000088600000, 0x0000000088600000, 0x0000000088700000|  0%| F|  |TAMS 0x0000000088600000, 0x0000000088600000| Untracked 
| 135|0x0000000088700000, 0x0000000088700000, 0x0000000088800000|  0%| F|  |TAMS 0x0000000088700000, 0x0000000088700000| Untracked 
| 136|0x0000000088800000, 0x0000000088800000, 0x0000000088900000|  0%| F|  |TAMS 0x0000000088800000, 0x0000000088800000| Untracked 
| 137|0x0000000088900000, 0x0000000088900000, 0x0000000088a00000|  0%| F|  |TAMS 0x0000000088900000, 0x0000000088900000| Untracked 
| 138|0x0000000088a00000, 0x0000000088a00000, 0x0000000088b00000|  0%| F|  |TAMS 0x0000000088a00000, 0x0000000088a00000| Untracked 
| 139|0x0000000088b00000, 0x0000000088b00000, 0x0000000088c00000|  0%| F|  |TAMS 0x0000000088b00000, 0x0000000088b00000| Untracked 
| 140|0x0000000088c00000, 0x0000000088c00000, 0x0000000088d00000|  0%| F|  |TAMS 0x0000000088c00000, 0x0000000088c00000| Untracked 
| 141|0x0000000088d00000, 0x0000000088d00000, 0x0000000088e00000|  0%| F|  |TAMS 0x0000000088d00000, 0x0000000088d00000| Untracked 
| 142|0x0000000088e00000, 0x0000000088e00000, 0x0000000088f00000|  0%| F|  |TAMS 0x0000000088e00000, 0x0000000088e00000| Untracked 
| 143|0x0000000088f00000, 0x0000000088f00000, 0x0000000089000000|  0%| F|  |TAMS 0x0000000088f00000, 0x0000000088f00000| Untracked 
| 144|0x0000000089000000, 0x0000000089000000, 0x0000000089100000|  0%| F|  |TAMS 0x0000000089000000, 0x0000000089000000| Untracked 
| 145|0x0000000089100000, 0x0000000089100000, 0x0000000089200000|  0%| F|  |TAMS 0x0000000089100000, 0x0000000089100000| Untracked 
| 146|0x0000000089200000, 0x0000000089200000, 0x0000000089300000|  0%| F|  |TAMS 0x0000000089200000, 0x0000000089200000| Untracked 
| 147|0x0000000089300000, 0x0000000089300000, 0x0000000089400000|  0%| F|  |TAMS 0x0000000089300000, 0x0000000089300000| Untracked 
| 148|0x0000000089400000, 0x0000000089400000, 0x0000000089500000|  0%| F|  |TAMS 0x0000000089400000, 0x0000000089400000| Untracked 
| 149|0x0000000089500000, 0x0000000089500000, 0x0000000089600000|  0%| F|  |TAMS 0x0000000089500000, 0x0000000089500000| Untracked 
| 150|0x0000000089600000, 0x0000000089600000, 0x0000000089700000|  0%| F|  |TAMS 0x0000000089600000, 0x0000000089600000| Untracked 
| 151|0x0000000089700000, 0x0000000089700000, 0x0000000089800000|  0%| F|  |TAMS 0x0000000089700000, 0x0000000089700000| Untracked 
| 152|0x0000000089800000, 0x0000000089800000, 0x0000000089900000|  0%| F|  |TAMS 0x0000000089800000, 0x0000000089800000| Untracked 
| 153|0x0000000089900000, 0x0000000089900000, 0x0000000089a00000|  0%| F|  |TAMS 0x0000000089900000, 0x0000000089900000| Untracked 
| 154|0x0000000089a00000, 0x0000000089a00000, 0x0000000089b00000|  0%| F|  |TAMS 0x0000000089a00000, 0x0000000089a00000| Untracked 
| 155|0x0000000089b00000, 0x0000000089b00000, 0x0000000089c00000|  0%| F|  |TAMS 0x0000000089b00000, 0x0000000089b00000| Untracked 
| 156|0x0000000089c00000, 0x0000000089c00000, 0x0000000089d00000|  0%| F|  |TAMS 0x0000000089c00000, 0x0000000089c00000| Untracked 
| 157|0x0000000089d00000, 0x0000000089d00000, 0x0000000089e00000|  0%| F|  |TAMS 0x0000000089d00000, 0x0000000089d00000| Untracked 
| 158|0x0000000089e00000, 0x0000000089e00000, 0x0000000089f00000|  0%| F|  |TAMS 0x0000000089e00000, 0x0000000089e00000| Untracked 
| 159|0x0000000089f00000, 0x0000000089f00000, 0x000000008a000000|  0%| F|  |TAMS 0x0000000089f00000, 0x0000000089f00000| Untracked 
| 160|0x000000008a000000, 0x000000008a000000, 0x000000008a100000|  0%| F|  |TAMS 0x000000008a000000, 0x000000008a000000| Untracked 
| 161|0x000000008a100000, 0x000000008a100000, 0x000000008a200000|  0%| F|  |TAMS 0x000000008a100000, 0x000000008a100000| Untracked 
| 162|0x000000008a200000, 0x000000008a200000, 0x000000008a300000|  0%| F|  |TAMS 0x000000008a200000, 0x000000008a200000| Untracked 
| 163|0x000000008a300000, 0x000000008a300000, 0x000000008a400000|  0%| F|  |TAMS 0x000000008a300000, 0x000000008a300000| Untracked 
| 164|0x000000008a400000, 0x000000008a400000, 0x000000008a500000|  0%| F|  |TAMS 0x000000008a400000, 0x000000008a400000| Untracked 
| 165|0x000000008a500000, 0x000000008a500000, 0x000000008a600000|  0%| F|  |TAMS 0x000000008a500000, 0x000000008a500000| Untracked 
| 166|0x000000008a600000, 0x000000008a600000, 0x000000008a700000|  0%| F|  |TAMS 0x000000008a600000, 0x000000008a600000| Untracked 
| 167|0x000000008a700000, 0x000000008a700000, 0x000000008a800000|  0%| F|  |TAMS 0x000000008a700000, 0x000000008a700000| Untracked 
| 168|0x000000008a800000, 0x000000008a800000, 0x000000008a900000|  0%| F|  |TAMS 0x000000008a800000, 0x000000008a800000| Untracked 
| 169|0x000000008a900000, 0x000000008a900000, 0x000000008aa00000|  0%| F|  |TAMS 0x000000008a900000, 0x000000008a900000| Untracked 
| 170|0x000000008aa00000, 0x000000008aa197d0, 0x000000008ab00000|  9%| S|CS|TAMS 0x000000008aa00000, 0x000000008aa00000| Complete 
| 171|0x000000008ab00000, 0x000000008ac00000, 0x000000008ac00000|100%| S|CS|TAMS 0x000000008ab00000, 0x000000008ab00000| Complete 
| 172|0x000000008ac00000, 0x000000008ad00000, 0x000000008ad00000|100%| S|CS|TAMS 0x000000008ac00000, 0x000000008ac00000| Complete 
| 173|0x000000008ad00000, 0x000000008ae00000, 0x000000008ae00000|100%| S|CS|TAMS 0x000000008ad00000, 0x000000008ad00000| Complete 
| 174|0x000000008ae00000, 0x000000008af00000, 0x000000008af00000|100%| S|CS|TAMS 0x000000008ae00000, 0x000000008ae00000| Complete 
| 175|0x000000008af00000, 0x000000008b000000, 0x000000008b000000|100%| S|CS|TAMS 0x000000008af00000, 0x000000008af00000| Complete 
| 176|0x000000008b000000, 0x000000008b000000, 0x000000008b100000|  0%| F|  |TAMS 0x000000008b000000, 0x000000008b000000| Untracked 
| 177|0x000000008b100000, 0x000000008b100000, 0x000000008b200000|  0%| F|  |TAMS 0x000000008b100000, 0x000000008b100000| Untracked 
| 178|0x000000008b200000, 0x000000008b200000, 0x000000008b300000|  0%| F|  |TAMS 0x000000008b200000, 0x000000008b200000| Untracked 
| 179|0x000000008b300000, 0x000000008b300000, 0x000000008b400000|  0%| F|  |TAMS 0x000000008b300000, 0x000000008b300000| Untracked 
| 180|0x000000008b400000, 0x000000008b400000, 0x000000008b500000|  0%| F|  |TAMS 0x000000008b400000, 0x000000008b400000| Untracked 
| 181|0x000000008b500000, 0x000000008b500000, 0x000000008b600000|  0%| F|  |TAMS 0x000000008b500000, 0x000000008b500000| Untracked 
| 182|0x000000008b600000, 0x000000008b600000, 0x000000008b700000|  0%| F|  |TAMS 0x000000008b600000, 0x000000008b600000| Untracked 
| 183|0x000000008b700000, 0x000000008b700000, 0x000000008b800000|  0%| F|  |TAMS 0x000000008b700000, 0x000000008b700000| Untracked 
| 184|0x000000008b800000, 0x000000008b800000, 0x000000008b900000|  0%| F|  |TAMS 0x000000008b800000, 0x000000008b800000| Untracked 
| 185|0x000000008b900000, 0x000000008b900000, 0x000000008ba00000|  0%| F|  |TAMS 0x000000008b900000, 0x000000008b900000| Untracked 
| 186|0x000000008ba00000, 0x000000008ba00000, 0x000000008bb00000|  0%| F|  |TAMS 0x000000008ba00000, 0x000000008ba00000| Untracked 
| 187|0x000000008bb00000, 0x000000008bb00000, 0x000000008bc00000|  0%| F|  |TAMS 0x000000008bb00000, 0x000000008bb00000| Untracked 
| 188|0x000000008bc00000, 0x000000008bc00000, 0x000000008bd00000|  0%| F|  |TAMS 0x000000008bc00000, 0x000000008bc00000| Untracked 
| 189|0x000000008bd00000, 0x000000008bd00000, 0x000000008be00000|  0%| F|  |TAMS 0x000000008bd00000, 0x000000008bd00000| Untracked 
| 190|0x000000008be00000, 0x000000008be00000, 0x000000008bf00000|  0%| F|  |TAMS 0x000000008be00000, 0x000000008be00000| Untracked 
| 191|0x000000008bf00000, 0x000000008bf00000, 0x000000008c000000|  0%| F|  |TAMS 0x000000008bf00000, 0x000000008bf00000| Untracked 
| 192|0x000000008c000000, 0x000000008c000000, 0x000000008c100000|  0%| F|  |TAMS 0x000000008c000000, 0x000000008c000000| Untracked 
| 193|0x000000008c100000, 0x000000008c100000, 0x000000008c200000|  0%| F|  |TAMS 0x000000008c100000, 0x000000008c100000| Untracked 
| 194|0x000000008c200000, 0x000000008c200000, 0x000000008c300000|  0%| F|  |TAMS 0x000000008c200000, 0x000000008c200000| Untracked 
| 195|0x000000008c300000, 0x000000008c300000, 0x000000008c400000|  0%| F|  |TAMS 0x000000008c300000, 0x000000008c300000| Untracked 
| 196|0x000000008c400000, 0x000000008c400000, 0x000000008c500000|  0%| F|  |TAMS 0x000000008c400000, 0x000000008c400000| Untracked 
| 197|0x000000008c500000, 0x000000008c500000, 0x000000008c600000|  0%| F|  |TAMS 0x000000008c500000, 0x000000008c500000| Untracked 
| 198|0x000000008c600000, 0x000000008c600000, 0x000000008c700000|  0%| F|  |TAMS 0x000000008c600000, 0x000000008c600000| Untracked 
| 199|0x000000008c700000, 0x000000008c700000, 0x000000008c800000|  0%| F|  |TAMS 0x000000008c700000, 0x000000008c700000| Untracked 
| 200|0x000000008c800000, 0x000000008c800000, 0x000000008c900000|  0%| F|  |TAMS 0x000000008c800000, 0x000000008c800000| Untracked 
| 201|0x000000008c900000, 0x000000008c900000, 0x000000008ca00000|  0%| F|  |TAMS 0x000000008c900000, 0x000000008c900000| Untracked 
| 202|0x000000008ca00000, 0x000000008ca00000, 0x000000008cb00000|  0%| F|  |TAMS 0x000000008ca00000, 0x000000008ca00000| Untracked 
| 203|0x000000008cb00000, 0x000000008cb00000, 0x000000008cc00000|  0%| F|  |TAMS 0x000000008cb00000, 0x000000008cb00000| Untracked 
| 204|0x000000008cc00000, 0x000000008cc00000, 0x000000008cd00000|  0%| F|  |TAMS 0x000000008cc00000, 0x000000008cc00000| Untracked 
| 205|0x000000008cd00000, 0x000000008cd00000, 0x000000008ce00000|  0%| F|  |TAMS 0x000000008cd00000, 0x000000008cd00000| Untracked 
| 206|0x000000008ce00000, 0x000000008ce00000, 0x000000008cf00000|  0%| F|  |TAMS 0x000000008ce00000, 0x000000008ce00000| Untracked 
| 207|0x000000008cf00000, 0x000000008cf00000, 0x000000008d000000|  0%| F|  |TAMS 0x000000008cf00000, 0x000000008cf00000| Untracked 
| 208|0x000000008d000000, 0x000000008d000000, 0x000000008d100000|  0%| F|  |TAMS 0x000000008d000000, 0x000000008d000000| Untracked 
| 209|0x000000008d100000, 0x000000008d100000, 0x000000008d200000|  0%| F|  |TAMS 0x000000008d100000, 0x000000008d100000| Untracked 
| 210|0x000000008d200000, 0x000000008d200000, 0x000000008d300000|  0%| F|  |TAMS 0x000000008d200000, 0x000000008d200000| Untracked 
| 211|0x000000008d300000, 0x000000008d300000, 0x000000008d400000|  0%| F|  |TAMS 0x000000008d300000, 0x000000008d300000| Untracked 
| 212|0x000000008d400000, 0x000000008d400000, 0x000000008d500000|  0%| F|  |TAMS 0x000000008d400000, 0x000000008d400000| Untracked 
| 213|0x000000008d500000, 0x000000008d500000, 0x000000008d600000|  0%| F|  |TAMS 0x000000008d500000, 0x000000008d500000| Untracked 
| 214|0x000000008d600000, 0x000000008d600000, 0x000000008d700000|  0%| F|  |TAMS 0x000000008d600000, 0x000000008d600000| Untracked 
| 215|0x000000008d700000, 0x000000008d700000, 0x000000008d800000|  0%| F|  |TAMS 0x000000008d700000, 0x000000008d700000| Untracked 
| 216|0x000000008d800000, 0x000000008d800000, 0x000000008d900000|  0%| F|  |TAMS 0x000000008d800000, 0x000000008d800000| Untracked 
| 217|0x000000008d900000, 0x000000008d900000, 0x000000008da00000|  0%| F|  |TAMS 0x000000008d900000, 0x000000008d900000| Untracked 
| 218|0x000000008da00000, 0x000000008da00000, 0x000000008db00000|  0%| F|  |TAMS 0x000000008da00000, 0x000000008da00000| Untracked 
| 219|0x000000008db00000, 0x000000008db00000, 0x000000008dc00000|  0%| F|  |TAMS 0x000000008db00000, 0x000000008db00000| Untracked 
| 220|0x000000008dc00000, 0x000000008dc00000, 0x000000008dd00000|  0%| F|  |TAMS 0x000000008dc00000, 0x000000008dc00000| Untracked 
| 221|0x000000008dd00000, 0x000000008dd00000, 0x000000008de00000|  0%| F|  |TAMS 0x000000008dd00000, 0x000000008dd00000| Untracked 
| 222|0x000000008de00000, 0x000000008de00000, 0x000000008df00000|  0%| F|  |TAMS 0x000000008de00000, 0x000000008de00000| Untracked 
| 223|0x000000008df00000, 0x000000008df00000, 0x000000008e000000|  0%| F|  |TAMS 0x000000008df00000, 0x000000008df00000| Untracked 
| 224|0x000000008e000000, 0x000000008e000000, 0x000000008e100000|  0%| F|  |TAMS 0x000000008e000000, 0x000000008e000000| Untracked 
| 225|0x000000008e100000, 0x000000008e100000, 0x000000008e200000|  0%| F|  |TAMS 0x000000008e100000, 0x000000008e100000| Untracked 
| 226|0x000000008e200000, 0x000000008e200000, 0x000000008e300000|  0%| F|  |TAMS 0x000000008e200000, 0x000000008e200000| Untracked 
| 227|0x000000008e300000, 0x000000008e300000, 0x000000008e400000|  0%| F|  |TAMS 0x000000008e300000, 0x000000008e300000| Untracked 
| 228|0x000000008e400000, 0x000000008e400000, 0x000000008e500000|  0%| F|  |TAMS 0x000000008e400000, 0x000000008e400000| Untracked 
| 229|0x000000008e500000, 0x000000008e500000, 0x000000008e600000|  0%| F|  |TAMS 0x000000008e500000, 0x000000008e500000| Untracked 
| 230|0x000000008e600000, 0x000000008e600000, 0x000000008e700000|  0%| F|  |TAMS 0x000000008e600000, 0x000000008e600000| Untracked 
| 231|0x000000008e700000, 0x000000008e700000, 0x000000008e800000|  0%| F|  |TAMS 0x000000008e700000, 0x000000008e700000| Untracked 
| 232|0x000000008e800000, 0x000000008e800000, 0x000000008e900000|  0%| F|  |TAMS 0x000000008e800000, 0x000000008e800000| Untracked 
| 233|0x000000008e900000, 0x000000008e900000, 0x000000008ea00000|  0%| F|  |TAMS 0x000000008e900000, 0x000000008e900000| Untracked 
| 234|0x000000008ea00000, 0x000000008ea00000, 0x000000008eb00000|  0%| F|  |TAMS 0x000000008ea00000, 0x000000008ea00000| Untracked 
| 235|0x000000008eb00000, 0x000000008ec00000, 0x000000008ec00000|100%| E|  |TAMS 0x000000008eb00000, 0x000000008eb00000| Complete 
| 236|0x000000008ec00000, 0x000000008ed00000, 0x000000008ed00000|100%| E|CS|TAMS 0x000000008ec00000, 0x000000008ec00000| Complete 
| 237|0x000000008ed00000, 0x000000008ee00000, 0x000000008ee00000|100%| E|CS|TAMS 0x000000008ed00000, 0x000000008ed00000| Complete 
| 238|0x000000008ee00000, 0x000000008ef00000, 0x000000008ef00000|100%| E|CS|TAMS 0x000000008ee00000, 0x000000008ee00000| Complete 

Card table byte_map: [0x0000019e9a700000,0x0000019e9ab00000] _byte_map_base: 0x0000019e9a300000

Marking Bits (Prev, Next): (CMBitMap*) 0x0000019e82c2ce80, (CMBitMap*) 0x0000019e82c2ce48
 Prev Bits: [0x0000019e9cf00000, 0x0000019e9ef00000)
 Next Bits: [0x0000019e9af00000, 0x0000019e9cf00000)

Polling page: 0x0000019e80a10000

Metaspace:

Usage:
  Non-class:     52.35 MB capacity,    51.34 MB ( 98%) used,   859.27 KB (  2%) free+waste,   171.63 KB ( <1%) overhead. 
      Class:      8.23 MB capacity,     7.55 MB ( 92%) used,   607.52 KB (  7%) free+waste,    82.94 KB ( <1%) overhead. 
       Both:     60.58 MB capacity,    58.90 MB ( 97%) used,     1.43 MB (  2%) free+waste,   254.56 KB ( <1%) overhead. 

Virtual space:
  Non-class space:       54.00 MB reserved,      52.50 MB ( 97%) committed 
      Class space:        1.00 GB reserved,       8.25 MB ( <1%) committed 
             Both:        1.05 GB reserved,      60.75 MB (  6%) committed 

Chunk freelists:
   Non-Class:  24.00 KB
       Class:  22.00 KB
        Both:  46.00 KB

MaxMetaspaceSize: 17179869184.00 GB
CompressedClassSpaceSize: 1.00 GB
Initial GC threshold: 20.80 MB
Current GC threshold: 88.75 MB
CDS: off

CodeHeap 'non-profiled nmethods': size=120064Kb used=3326Kb max_used=3326Kb free=116737Kb
 bounds [0x0000019e92dc0000, 0x0000019e93100000, 0x0000019e9a300000]
CodeHeap 'profiled nmethods': size=120000Kb used=13296Kb max_used=13296Kb free=106703Kb
 bounds [0x0000019e8b890000, 0x0000019e8c590000, 0x0000019e92dc0000]
CodeHeap 'non-nmethods': size=5696Kb used=2348Kb max_used=2369Kb free=3347Kb
 bounds [0x0000019e8b300000, 0x0000019e8b570000, 0x0000019e8b890000]
 total_blobs=7128 nmethods=6285 adapters=755
 compilation: enabled
              stopped_count=0, restarted_count=0
 full_count=0

Compilation events (20 events):
Event: 23.840 Thread 0x0000019ea1422800 6287       3       com.google.common.reflect.TypeResolver::<init> (16 bytes)
Event: 23.840 Thread 0x0000019ea1422800 nmethod 6287 0x0000019e8c567410 code [0x0000019e8c5675e0, 0x0000019e8c567978]
Event: 23.840 Thread 0x0000019ea1422800 6288       3       com.google.common.reflect.TypeResolver::where (16 bytes)
Event: 23.840 Thread 0x0000019ea1422800 nmethod 6288 0x0000019e8c567a90 code [0x0000019e8c567c60, 0x0000019e8c567f08]
Event: 23.840 Thread 0x0000019ea1422800 6286       3       com.google.common.reflect.TypeResolver::covariantly (15 bytes)
Event: 23.842 Thread 0x0000019ea1422800 nmethod 6286 0x0000019e8c568090 code [0x0000019e8c5683a0, 0x0000019e8c569658]
Event: 23.842 Thread 0x0000019ea1422800 6289       3       org.gradle.api.internal.provider.AbstractProperty$NonFinalizedValue::beforeMutate (34 bytes)
Event: 23.843 Thread 0x0000019ea1422800 nmethod 6289 0x0000019e8c569c90 code [0x0000019e8c569f40, 0x0000019e8c56ab38]
Event: 23.843 Thread 0x0000019ea1422800 6290       3       org.gradle.api.internal.provider.AbstractProperty::calculateOwnValue (15 bytes)
Event: 23.844 Thread 0x0000019ea1422800 nmethod 6290 0x0000019e8c56af90 code [0x0000019e8c56b1a0, 0x0000019e8c56b678]
Event: 23.844 Thread 0x0000019ea1422800 6291       3       org.gradle.api.internal.provider.AbstractProperty::beforeRead (29 bytes)
Event: 23.844 Thread 0x0000019ea1422800 nmethod 6291 0x0000019e8c56b810 code [0x0000019e8c56ba00, 0x0000019e8c56be48]
Event: 23.844 Thread 0x0000019ea1422800 6292       3       org.gradle.api.internal.provider.DefaultValueSourceProviderFactory$ValueSourceProvider::calculateOwnValue (14 bytes)
Event: 23.845 Thread 0x0000019ea1422800 nmethod 6292 0x0000019e8c56bf90 code [0x0000019e8c56c1a0, 0x0000019e8c56c6d8]
Event: 23.845 Thread 0x0000019ea1422800 6293   !   3       org.gradle.api.internal.provider.DefaultValueSourceProviderFactory$LazilyObtainedValue::obtain (145 bytes)
Event: 23.848 Thread 0x0000019ea1422800 nmethod 6293 0x0000019e8c56c910 code [0x0000019e8c56ce80, 0x0000019e8c570178]
Event: 23.848 Thread 0x0000019ea1422800 6295       3       com.google.common.collect.AbstractIndexedListIterator::next (31 bytes)
Event: 23.849 Thread 0x0000019ea1422800 nmethod 6295 0x0000019e8c571a90 code [0x0000019e8c571c80, 0x0000019e8c571ff8]
Event: 23.849 Thread 0x0000019ea1422800 6294       3       com.android.build.gradle.options.ProjectOptions$OptionValue::getValue (20 bytes)
Event: 23.849 Thread 0x0000019ea1422800 nmethod 6294 0x0000019e8c572110 code [0x0000019e8c5722c0, 0x0000019e8c572488]

GC Heap History (20 events):
Event: 12.527 GC heap before
{Heap before GC invocations=38 (full 0):
 garbage-first heap   total 140288K, used 95331K [0x0000000080000000, 0x0000000100000000)
  region size 1024K, 39 young (39936K), 2 survivors (2048K)
 Metaspace       used 41750K, capacity 42884K, committed 43136K, reserved 1087488K
  class space    used 5356K, capacity 5739K, committed 5760K, reserved 1048576K
}
Event: 12.544 GC heap after
{Heap after GC invocations=39 (full 0):
 garbage-first heap   total 140288K, used 58939K [0x0000000080000000, 0x0000000100000000)
  region size 1024K, 5 young (5120K), 5 survivors (5120K)
 Metaspace       used 41750K, capacity 42884K, committed 43136K, reserved 1087488K
  class space    used 5356K, capacity 5739K, committed 5760K, reserved 1048576K
}
Event: 14.007 GC heap before
{Heap before GC invocations=39 (full 0):
 garbage-first heap   total 140288K, used 97851K [0x0000000080000000, 0x0000000100000000)
  region size 1024K, 43 young (44032K), 5 survivors (5120K)
 Metaspace       used 44569K, capacity 45755K, committed 45952K, reserved 1089536K
  class space    used 5791K, capacity 6242K, committed 6272K, reserved 1048576K
}
Event: 14.019 GC heap after
{Heap after GC invocations=40 (full 0):
 garbage-first heap   total 140288K, used 60539K [0x0000000080000000, 0x0000000100000000)
  region size 1024K, 5 young (5120K), 5 survivors (5120K)
 Metaspace       used 44569K, capacity 45755K, committed 45952K, reserved 1089536K
  class space    used 5791K, capacity 6242K, committed 6272K, reserved 1048576K
}
Event: 14.278 GC heap before
{Heap before GC invocations=40 (full 0):
 garbage-first heap   total 140288K, used 67707K [0x0000000080000000, 0x0000000100000000)
  region size 1024K, 8 young (8192K), 5 survivors (5120K)
 Metaspace       used 44615K, capacity 45766K, committed 45952K, reserved 1089536K
  class space    used 5794K, capacity 6244K, committed 6272K, reserved 1048576K
}
Event: 14.286 GC heap after
{Heap after GC invocations=41 (full 0):
 garbage-first heap   total 140288K, used 66468K [0x0000000080000000, 0x0000000100000000)
  region size 1024K, 3 young (3072K), 3 survivors (3072K)
 Metaspace       used 44615K, capacity 45766K, committed 45952K, reserved 1089536K
  class space    used 5794K, capacity 6244K, committed 6272K, reserved 1048576K
}
Event: 14.478 GC heap before
{Heap before GC invocations=42 (full 0):
 garbage-first heap   total 140288K, used 76708K [0x0000000080000000, 0x0000000100000000)
  region size 1024K, 4 young (4096K), 3 survivors (3072K)
 Metaspace       used 44615K, capacity 45766K, committed 45952K, reserved 1089536K
  class space    used 5794K, capacity 6244K, committed 6272K, reserved 1048576K
}
Event: 14.488 GC heap after
{Heap after GC invocations=43 (full 0):
 garbage-first heap   total 203776K, used 76581K [0x0000000080000000, 0x0000000100000000)
  region size 1024K, 3 young (3072K), 3 survivors (3072K)
 Metaspace       used 44615K, capacity 45766K, committed 45952K, reserved 1089536K
  class space    used 5794K, capacity 6244K, committed 6272K, reserved 1048576K
}
Event: 16.112 GC heap before
{Heap before GC invocations=44 (full 0):
 garbage-first heap   total 203776K, used 135973K [0x0000000080000000, 0x0000000100000000)
  region size 1024K, 56 young (57344K), 3 survivors (3072K)
 Metaspace       used 47785K, capacity 49090K, committed 49408K, reserved 1091584K
  class space    used 6138K, capacity 6576K, committed 6656K, reserved 1048576K
}
Event: 16.146 GC heap after
{Heap after GC invocations=45 (full 0):
 garbage-first heap   total 203776K, used 86835K [0x0000000080000000, 0x0000000100000000)
  region size 1024K, 7 young (7168K), 7 survivors (7168K)
 Metaspace       used 47785K, capacity 49090K, committed 49408K, reserved 1091584K
  class space    used 6138K, capacity 6576K, committed 6656K, reserved 1048576K
}
Event: 20.113 GC heap before
{Heap before GC invocations=45 (full 0):
 garbage-first heap   total 203776K, used 149299K [0x0000000080000000, 0x0000000100000000)
  region size 1024K, 63 young (64512K), 7 survivors (7168K)
 Metaspace       used 51765K, capacity 53160K, committed 53504K, reserved 1095680K
  class space    used 6759K, capacity 7314K, committed 7424K, reserved 1048576K
}
Event: 20.139 GC heap after
{Heap after GC invocations=46 (full 0):
 garbage-first heap   total 203776K, used 95747K [0x0000000080000000, 0x0000000100000000)
  region size 1024K, 4 young (4096K), 4 survivors (4096K)
 Metaspace       used 51765K, capacity 53160K, committed 53504K, reserved 1095680K
  class space    used 6759K, capacity 7314K, committed 7424K, reserved 1048576K
}
Event: 21.014 GC heap before
{Heap before GC invocations=46 (full 0):
 garbage-first heap   total 203776K, used 122371K [0x0000000080000000, 0x0000000100000000)
  region size 1024K, 31 young (31744K), 4 survivors (4096K)
 Metaspace       used 52568K, capacity 53969K, committed 54016K, reserved 1095680K
  class space    used 6808K, capacity 7382K, committed 7424K, reserved 1048576K
}
Event: 21.027 GC heap after
{Heap after GC invocations=47 (full 0):
 garbage-first heap   total 203776K, used 96847K [0x0000000080000000, 0x0000000100000000)
  region size 1024K, 5 young (5120K), 5 survivors (5120K)
 Metaspace       used 52568K, capacity 53969K, committed 54016K, reserved 1095680K
  class space    used 6808K, capacity 7382K, committed 7424K, reserved 1048576K
}
Event: 21.303 GC heap before
{Heap before GC invocations=48 (full 0):
 garbage-first heap   total 203776K, used 105039K [0x0000000080000000, 0x0000000100000000)
  region size 1024K, 11 young (11264K), 5 survivors (5120K)
 Metaspace       used 52700K, capacity 54287K, committed 54528K, reserved 1095680K
  class space    used 6824K, capacity 7424K, committed 7424K, reserved 1048576K
}
Event: 21.324 GC heap after
{Heap after GC invocations=49 (full 0):
 garbage-first heap   total 203776K, used 103870K [0x0000000080000000, 0x0000000100000000)
  region size 1024K, 5 young (5120K), 5 survivors (5120K)
 Metaspace       used 52700K, capacity 54287K, committed 54528K, reserved 1095680K
  class space    used 6824K, capacity 7424K, committed 7424K, reserved 1048576K
}
Event: 21.521 GC heap before
{Heap before GC invocations=50 (full 0):
 garbage-first heap   total 203776K, used 112062K [0x0000000080000000, 0x0000000100000000)
  region size 1024K, 10 young (10240K), 5 survivors (5120K)
 Metaspace       used 52979K, capacity 54511K, committed 54656K, reserved 1095680K
  class space    used 6874K, capacity 7456K, committed 7552K, reserved 1048576K
}
Event: 21.532 GC heap after
{Heap after GC invocations=51 (full 0):
 garbage-first heap   total 244736K, used 109885K [0x0000000080000000, 0x0000000100000000)
  region size 1024K, 6 young (6144K), 6 survivors (6144K)
 Metaspace       used 52979K, capacity 54511K, committed 54656K, reserved 1095680K
  class space    used 6874K, capacity 7456K, committed 7552K, reserved 1048576K
}
Event: 23.807 GC heap before
{Heap before GC invocations=52 (full 0):
 garbage-first heap   total 244736K, used 169277K [0x0000000080000000, 0x0000000100000000)
  region size 1024K, 63 young (64512K), 6 survivors (6144K)
 Metaspace       used 59891K, capacity 61543K, committed 61824K, reserved 1103872K
  class space    used 7659K, capacity 8280K, committed 8320K, reserved 1048576K
}
Event: 23.827 GC heap after
{Heap after GC invocations=53 (full 0):
 garbage-first heap   total 244736K, used 113274K [0x0000000080000000, 0x0000000100000000)
  region size 1024K, 6 young (6144K), 6 survivors (6144K)
 Metaspace       used 59891K, capacity 61543K, committed 61824K, reserved 1103872K
  class space    used 7659K, capacity 8280K, committed 8320K, reserved 1048576K
}

Deoptimization events (20 events):
Event: 23.242 Thread 0x0000019ea2358000 Uncommon trap: trap_request=0xffffff4d fr.pc=0x0000019e930b4d84 relative=0x0000000000000324
Event: 23.242 Thread 0x0000019ea2358000 Uncommon trap: reason=unstable_if action=reinterpret pc=0x0000019e930b4d84 method=org.gradle.internal.instantiation.generator.AbstractClassGenerator$InjectionAnnotationValidator.validateMethod(Ljava/lang/reflect/Method;Lorg/gradle/internal/reflect/Propert
Event: 23.242 Thread 0x0000019ea2358000 DEOPT PACKING pc=0x0000019e930b4d84 sp=0x0000003873bf67d0
Event: 23.242 Thread 0x0000019ea2358000 DEOPT UNPACKING pc=0x0000019e8b3085af sp=0x0000003873bf6798 mode 2
Event: 23.242 Thread 0x0000019ea2358000 Uncommon trap: trap_request=0xffffff4d fr.pc=0x0000019e930b5688 relative=0x00000000000003e8
Event: 23.242 Thread 0x0000019ea2358000 Uncommon trap: reason=unstable_if action=reinterpret pc=0x0000019e930b5688 method=org.gradle.internal.instantiation.generator.AbstractClassGenerator$InjectionAnnotationValidator.validateMethod(Ljava/lang/reflect/Method;Lorg/gradle/internal/reflect/Propert
Event: 23.242 Thread 0x0000019ea2358000 DEOPT PACKING pc=0x0000019e930b5688 sp=0x0000003873bf6740
Event: 23.242 Thread 0x0000019ea2358000 DEOPT UNPACKING pc=0x0000019e8b3085af sp=0x0000003873bf6700 mode 2
Event: 23.656 Thread 0x0000019ea2358000 Uncommon trap: trap_request=0xffffff7e fr.pc=0x0000019e930f82ac relative=0x000000000000036c
Event: 23.657 Thread 0x0000019ea2358000 Uncommon trap: reason=predicate action=maybe_recompile pc=0x0000019e930f82ac method=java.util.AbstractCollection.toArray([Ljava/lang/Object;)[Ljava/lang/Object; @ 43 c2
Event: 23.657 Thread 0x0000019ea2358000 DEOPT PACKING pc=0x0000019e930f82ac sp=0x0000003873bf6e00
Event: 23.657 Thread 0x0000019ea2358000 DEOPT UNPACKING pc=0x0000019e8b3085af sp=0x0000003873bf6d98 mode 2
Event: 23.735 Thread 0x0000019ea2358000 Uncommon trap: trap_request=0xffffffde fr.pc=0x0000019e93090214 relative=0x0000000000001414
Event: 23.735 Thread 0x0000019ea2358000 Uncommon trap: reason=class_check action=maybe_recompile pc=0x0000019e93090214 method=jdk.internal.loader.BuiltinClassLoader.loadClassOrNull(Ljava/lang/String;Z)Ljava/lang/Class; @ 86 c2
Event: 23.735 Thread 0x0000019ea2358000 DEOPT PACKING pc=0x0000019e93090214 sp=0x0000003873bf4bd0
Event: 23.736 Thread 0x0000019ea2358000 DEOPT UNPACKING pc=0x0000019e8b3085af sp=0x0000003873bf4b98 mode 2
Event: 23.827 Thread 0x0000019ea1ec8000 Uncommon trap: trap_request=0xffffffde fr.pc=0x0000019e92f0c8ec relative=0x000000000000052c
Event: 23.828 Thread 0x0000019ea1ec8000 Uncommon trap: reason=class_check action=maybe_recompile pc=0x0000019e92f0c8ec method=jdk.internal.ref.PhantomCleanable.clean()V @ 12 c2
Event: 23.828 Thread 0x0000019ea1ec8000 DEOPT PACKING pc=0x0000019e92f0c8ec sp=0x00000038732ff060
Event: 23.828 Thread 0x0000019ea1ec8000 DEOPT UNPACKING pc=0x0000019e8b3085af sp=0x00000038732ff040 mode 2

Classes redefined (0 events):
No events

Internal exceptions (20 events):
Event: 21.237 Thread 0x0000019ea2358000 Exception <a 'java/security/PrivilegedActionException'{0x000000008c222218}> (0x000000008c222218) thrown at [./src/hotspot/share/prims/jvm.cpp, line 1306]
Event: 21.238 Thread 0x0000019ea2358000 Exception <a 'java/security/PrivilegedActionException'{0x000000008c223780}> (0x000000008c223780) thrown at [./src/hotspot/share/prims/jvm.cpp, line 1306]
Event: 21.238 Thread 0x0000019ea2358000 Exception <a 'java/security/PrivilegedActionException'{0x000000008c226b70}> (0x000000008c226b70) thrown at [./src/hotspot/share/prims/jvm.cpp, line 1306]
Event: 21.238 Thread 0x0000019ea2358000 Exception <a 'java/security/PrivilegedActionException'{0x000000008c2280d8}> (0x000000008c2280d8) thrown at [./src/hotspot/share/prims/jvm.cpp, line 1306]
Event: 21.238 Thread 0x0000019ea2358000 Exception <a 'java/security/PrivilegedActionException'{0x000000008c22b580}> (0x000000008c22b580) thrown at [./src/hotspot/share/prims/jvm.cpp, line 1306]
Event: 21.238 Thread 0x0000019ea2358000 Exception <a 'java/security/PrivilegedActionException'{0x000000008c22cae8}> (0x000000008c22cae8) thrown at [./src/hotspot/share/prims/jvm.cpp, line 1306]
Event: 21.238 Thread 0x0000019ea2358000 Exception <a 'java/security/PrivilegedActionException'{0x000000008c22fee0}> (0x000000008c22fee0) thrown at [./src/hotspot/share/prims/jvm.cpp, line 1306]
Event: 21.239 Thread 0x0000019ea2358000 Exception <a 'java/security/PrivilegedActionException'{0x000000008c231448}> (0x000000008c231448) thrown at [./src/hotspot/share/prims/jvm.cpp, line 1306]
Event: 21.239 Thread 0x0000019ea2358000 Exception <a 'java/security/PrivilegedActionException'{0x000000008c234890}> (0x000000008c234890) thrown at [./src/hotspot/share/prims/jvm.cpp, line 1306]
Event: 21.239 Thread 0x0000019ea2358000 Exception <a 'java/security/PrivilegedActionException'{0x000000008c235df8}> (0x000000008c235df8) thrown at [./src/hotspot/share/prims/jvm.cpp, line 1306]
Event: 21.239 Thread 0x0000019ea2358000 Exception <a 'java/security/PrivilegedActionException'{0x000000008c2392a0}> (0x000000008c2392a0) thrown at [./src/hotspot/share/prims/jvm.cpp, line 1306]
Event: 21.239 Thread 0x0000019ea2358000 Exception <a 'java/security/PrivilegedActionException'{0x000000008c23a808}> (0x000000008c23a808) thrown at [./src/hotspot/share/prims/jvm.cpp, line 1306]
Event: 22.486 Thread 0x0000019ea2358000 Exception <a 'java/lang/NoSuchMethodError'{0x000000008e0c9340}: 'java.lang.Object java.lang.invoke.DirectMethodHandle$Holder.invokeStatic(java.lang.Object, java.lang.Object, java.lang.Object, java.lang.Object, int)'> (0x000000008e0c9340) thrown at [./src/hotspot/share/interpreter/linkResolver.cpp, line 773]
Event: 22.486 Thread 0x0000019ea2358000 Exception <a 'java/lang/NoSuchMethodError'{0x000000008e0cdfe0}: 'java.lang.Object java.lang.invoke.DirectMethodHandle$Holder.invokeSpecial(java.lang.Object, java.lang.Object, java.lang.Object, java.lang.Object, java.lang.Object, int)'> (0x000000008e0cdfe0) thrown at [./src/hotspot/share/interpreter/linkResolver.cpp, line 773]
Event: 22.486 Thread 0x0000019ea2358000 Exception <a 'java/lang/NoSuchMethodError'{0x000000008e0d28c8}: 'java.lang.Object java.lang.invoke.Invokers$Holder.linkToTargetMethod(java.lang.Object, java.lang.Object, java.lang.Object, int, java.lang.Object)'> (0x000000008e0d28c8) thrown at [./src/hotspot/share/interpreter/linkResolver.cpp, line 773]
Event: 22.577 Thread 0x0000019ea2358000 Exception <a 'java/lang/NoSuchMethodError'{0x000000008df9c258}: 'java.lang.Object java.lang.invoke.Invokers$Holder.linkToTargetMethod(java.lang.Object, int, int, java.lang.Object)'> (0x000000008df9c258) thrown at [./src/hotspot/share/interpreter/linkResolver.cpp, line 773]
Event: 22.580 Thread 0x0000019ea2358000 Exception <a 'java/lang/NoSuchMethodError'{0x000000008dfb3e90}: 'java.lang.Object java.lang.invoke.DirectMethodHandle$Holder.invokeStatic(java.lang.Object, java.lang.Object, int, int, java.lang.Object, java.lang.Object)'> (0x000000008dfb3e90) thrown at [./src/hotspot/share/interpreter/linkResolver.cpp, line 773]
Event: 23.115 Thread 0x0000019ea2358000 Exception <a 'java/lang/NoSuchMethodError'{0x000000008cfa1690}: 'java.lang.Object java.lang.invoke.DirectMethodHandle$Holder.invokeStatic(java.lang.Object, java.lang.Object, java.lang.Object, java.lang.Object, java.lang.Object, java.lang.Object, java.lang.Object, java.lang.Object, java.lang.Object, java.lang.Object, java.lang.Object, java.lang.Object, java.lang.Object, int)'> (0x000000008cfa1690) thrown at [./src/hotspot/share/interpreter/linkResolver.cpp, line 773]
Event: 23.117 Thread 0x0000019ea2358000 Exception <a 'java/lang/NoSuchMethodError'{0x000000008cfaf078}: 'java.lang.Object java.lang.invoke.DirectMethodHandle$Holder.invokeStatic(java.lang.Object, java.lang.Object, java.lang.Object, java.lang.Object, java.lang.Object, java.lang.Object, java.lang.Object, java.lang.Object, java.lang.Object, java.lang.Object, java.lang.Object, java.lang.Object, java.lang.Object, int, int)'> (0x000000008cfaf078) thrown at [./src/hotspot/share/interpreter/linkResolver.cpp, line 773]
Event: 23.206 Thread 0x0000019ea2358000 Exception <a 'java/lang/NoSuchMethodError'{0x000000008cc05b90}: 'int java.lang.invoke.DirectMethodHandle$Holder.invokeInterface(java.lang.Object, java.lang.Object, java.lang.Object, java.lang.Object)'> (0x000000008cc05b90) thrown at [./src/hotspot/share/interpreter/linkResolver.cpp, line 773]

Events (20 events):
Event: 23.828 loading class com/android/build/gradle/internal/lint/LintFixBuildService$RegistrationAction
Event: 23.828 loading class com/android/build/gradle/internal/lint/LintFixBuildService$RegistrationAction done
Event: 23.828 loading class com/android/build/gradle/internal/lint/LintFixBuildService
Event: 23.828 loading class com/android/build/gradle/internal/lint/LintFixBuildService done
Event: 23.831 loading class com/android/build/gradle/internal/services/LintClassLoaderBuildService$RegistrationAction
Event: 23.831 loading class com/android/build/gradle/internal/services/LintClassLoaderBuildService$RegistrationAction done
Event: 23.832 loading class com/android/build/gradle/internal/services/LintClassLoaderBuildService
Event: 23.832 loading class com/android/build/gradle/internal/services/LintClassLoaderBuildService done
Event: 23.834 loading class com/android/build/gradle/internal/dependency/JacocoInstrumentationService$RegistrationAction
Event: 23.834 loading class com/android/build/gradle/internal/dependency/JacocoInstrumentationService$RegistrationAction done
Event: 23.837 loading class com/android/build/gradle/internal/dependency/JacocoInstrumentationService
Event: 23.837 loading class com/android/build/gradle/internal/dependency/JacocoInstrumentationService done
Event: 23.844 loading class com/android/build/gradle/internal/plugins/BasePlugin$configureProject$3
Event: 23.844 loading class com/android/build/gradle/internal/plugins/BasePlugin$configureProject$3 done
Event: 23.845 loading class com/android/build/gradle/internal/errors/OptionInfo
Event: 23.845 loading class com/android/build/gradle/internal/errors/OptionInfo done
Event: 23.847 loading class com/android/build/gradle/internal/errors/IncompatibleProjectOptionsReporter
Event: 23.847 loading class com/android/build/gradle/internal/errors/IncompatibleProjectOptionsReporter done
Event: 23.848 loading class com/android/build/gradle/internal/utils/GradlePluginUtils
Event: 23.848 loading class com/android/build/gradle/internal/utils/GradlePluginUtils done


Dynamic libraries:
0x00007ff631940000 - 0x00007ff63194d000 	C:\Program Files\Microsoft\jdk-11.0.12.7-hotspot\bin\java.exe
0x00007ffc6a5f0000 - 0x00007ffc6a7e8000 	C:\WINDOWS\SYSTEM32\ntdll.dll
0x00007ffc68e50000 - 0x00007ffc68f0f000 	C:\WINDOWS\System32\KERNEL32.DLL
0x00007ffc68030000 - 0x00007ffc68302000 	C:\WINDOWS\System32\KERNELBASE.dll
0x00007ffc65130000 - 0x00007ffc651c1000 	C:\WINDOWS\SYSTEM32\apphelp.dll
0x00007ffc684c0000 - 0x00007ffc685c0000 	C:\WINDOWS\System32\ucrtbase.dll
0x00007ffc60200000 - 0x00007ffc60217000 	C:\Program Files\Microsoft\jdk-11.0.12.7-hotspot\bin\jli.dll
0x00007ffc42070000 - 0x00007ffc42085000 	C:\Program Files\Microsoft\jdk-11.0.12.7-hotspot\bin\VCRUNTIME140.dll
0x00007ffc6a260000 - 0x00007ffc6a401000 	C:\WINDOWS\System32\USER32.dll
0x00007ffc67d70000 - 0x00007ffc67d92000 	C:\WINDOWS\System32\win32u.dll
0x00007ffc53190000 - 0x00007ffc5342a000 	C:\WINDOWS\WinSxS\amd64_microsoft.windows.common-controls_6595b64144ccf1df_6.0.19041.1110_none_60b5254171f9507e\COMCTL32.dll
0x00007ffc69f80000 - 0x00007ffc69fab000 	C:\WINDOWS\System32\GDI32.dll
0x00007ffc683b0000 - 0x00007ffc684bf000 	C:\WINDOWS\System32\gdi32full.dll
0x00007ffc68310000 - 0x00007ffc683ad000 	C:\WINDOWS\System32\msvcp_win.dll
0x00007ffc68c80000 - 0x00007ffc68d1e000 	C:\WINDOWS\System32\msvcrt.dll
0x00007ffc69f40000 - 0x00007ffc69f72000 	C:\WINDOWS\System32\IMM32.DLL
0x00007ffc394b0000 - 0x00007ffc3954b000 	C:\Program Files\Microsoft\jdk-11.0.12.7-hotspot\bin\msvcp140.dll
0x00007ffc0ba80000 - 0x00007ffc0c5e1000 	C:\Program Files\Microsoft\jdk-11.0.12.7-hotspot\bin\server\jvm.dll
0x00007ffc68630000 - 0x00007ffc686de000 	C:\WINDOWS\System32\ADVAPI32.dll
0x00007ffc696d0000 - 0x00007ffc6976c000 	C:\WINDOWS\System32\sechost.dll
0x00007ffc68aa0000 - 0x00007ffc68bc5000 	C:\WINDOWS\System32\RPCRT4.dll
0x00007ffc6a180000 - 0x00007ffc6a188000 	C:\WINDOWS\System32\PSAPI.DLL
0x00007ffc47720000 - 0x00007ffc47747000 	C:\WINDOWS\SYSTEM32\WINMM.dll
0x00007ffc5c450000 - 0x00007ffc5c45a000 	C:\WINDOWS\SYSTEM32\VERSION.dll
0x00007ffc60250000 - 0x00007ffc60259000 	C:\WINDOWS\SYSTEM32\WSOCK32.dll
0x00007ffc69ed0000 - 0x00007ffc69f3b000 	C:\WINDOWS\System32\WS2_32.dll
0x00007ffc66530000 - 0x00007ffc66542000 	C:\WINDOWS\SYSTEM32\kernel.appcore.dll
0x00007ffc590d0000 - 0x00007ffc590e0000 	C:\Program Files\Microsoft\jdk-11.0.12.7-hotspot\bin\verify.dll
0x00007ffc65940000 - 0x00007ffc65b24000 	C:\WINDOWS\SYSTEM32\DBGHELP.DLL
0x00007ffc5e650000 - 0x00007ffc5e685000 	C:\WINDOWS\SYSTEM32\dbgcore.DLL
0x00007ffc67ce0000 - 0x00007ffc67d62000 	C:\WINDOWS\System32\bcryptPrimitives.dll
0x00007ffc39480000 - 0x00007ffc394a8000 	C:\Program Files\Microsoft\jdk-11.0.12.7-hotspot\bin\java.dll
0x00007ffc524e0000 - 0x00007ffc524ea000 	C:\Program Files\Microsoft\jdk-11.0.12.7-hotspot\bin\jimage.dll
0x00007ffc42050000 - 0x00007ffc42067000 	C:\Program Files\Microsoft\jdk-11.0.12.7-hotspot\bin\zip.dll
0x00007ffc68f20000 - 0x00007ffc69664000 	C:\WINDOWS\System32\SHELL32.dll
0x00007ffc65d80000 - 0x00007ffc66512000 	C:\WINDOWS\SYSTEM32\windows.storage.dll
0x00007ffc686e0000 - 0x00007ffc68a35000 	C:\WINDOWS\System32\combase.dll
0x00007ffc67660000 - 0x00007ffc67690000 	C:\WINDOWS\SYSTEM32\Wldp.dll
0x00007ffc68bd0000 - 0x00007ffc68c7d000 	C:\WINDOWS\System32\SHCORE.dll
0x00007ffc68a40000 - 0x00007ffc68a95000 	C:\WINDOWS\System32\shlwapi.dll
0x00007ffc67c20000 - 0x00007ffc67c3f000 	C:\WINDOWS\SYSTEM32\profapi.dll
0x00007ffc41720000 - 0x00007ffc41739000 	C:\Program Files\Microsoft\jdk-11.0.12.7-hotspot\bin\net.dll
0x00007ffc58120000 - 0x00007ffc5822c000 	C:\WINDOWS\SYSTEM32\WINHTTP.dll
0x00007ffc673c0000 - 0x00007ffc6742a000 	C:\WINDOWS\system32\mswsock.dll
0x00007ffc393a0000 - 0x00007ffc393b2000 	C:\Program Files\Microsoft\jdk-11.0.12.7-hotspot\bin\nio.dll
0x00007ffc3ae40000 - 0x00007ffc3ae67000 	C:\Users\Kevin\.gradle\native\e1d6ef7f7dcc3fd88c89a11ec53ec762bb8ba0a96d01ffa2cd45eb1d1d8dd5c5\windows-amd64\native-platform.dll
0x00007ffc2c1e0000 - 0x00007ffc2c324000 	C:\Users\Kevin\.gradle\native\0d407fdbe67a94daf76414ababcb853783967236a71b16ec16e742cd7a986fd3\windows-amd64\native-platform-file-events.dll
0x00007ffc52160000 - 0x00007ffc52169000 	C:\Program Files\Microsoft\jdk-11.0.12.7-hotspot\bin\management.dll
0x00007ffc44210000 - 0x00007ffc4421b000 	C:\Program Files\Microsoft\jdk-11.0.12.7-hotspot\bin\management_ext.dll
0x00007ffc675b0000 - 0x00007ffc675c8000 	C:\WINDOWS\SYSTEM32\CRYPTSP.dll
0x00007ffc66ce0000 - 0x00007ffc66d14000 	C:\WINDOWS\system32\rsaenh.dll
0x00007ffc67da0000 - 0x00007ffc67dc7000 	C:\WINDOWS\System32\bcrypt.dll
0x00007ffc67be0000 - 0x00007ffc67c0e000 	C:\WINDOWS\SYSTEM32\USERENV.dll
0x00007ffc675d0000 - 0x00007ffc675dc000 	C:\WINDOWS\SYSTEM32\CRYPTBASE.dll
0x00007ffc670b0000 - 0x00007ffc670eb000 	C:\WINDOWS\SYSTEM32\IPHLPAPI.DLL
0x00007ffc69d90000 - 0x00007ffc69d98000 	C:\WINDOWS\System32\NSI.dll
0x00007ffc58840000 - 0x00007ffc58857000 	C:\WINDOWS\SYSTEM32\dhcpcsvc6.DLL
0x00007ffc5c3a0000 - 0x00007ffc5c3bd000 	C:\WINDOWS\SYSTEM32\dhcpcsvc.DLL
0x00007ffc670f0000 - 0x00007ffc671ba000 	C:\WINDOWS\SYSTEM32\DNSAPI.dll

dbghelp: loaded successfully - version: 4.0.5 - missing functions: none
symbol engine: initialized successfully - sym options: 0x614 - pdb path: .;C:\Program Files\Microsoft\jdk-11.0.12.7-hotspot\bin;C:\WINDOWS\SYSTEM32;C:\WINDOWS\WinSxS\amd64_microsoft.windows.common-controls_6595b64144ccf1df_6.0.19041.1110_none_60b5254171f9507e;C:\Program Files\Microsoft\jdk-11.0.12.7-hotspot\bin\server;C:\Users\Kevin\.gradle\native\e1d6ef7f7dcc3fd88c89a11ec53ec762bb8ba0a96d01ffa2cd45eb1d1d8dd5c5\windows-amd64;C:\Users\Kevin\.gradle\native\0d407fdbe67a94daf76414ababcb853783967236a71b16ec16e742cd7a986fd3\windows-amd64

VM Arguments:
jvm_args: --add-opens=java.base/java.util=ALL-UNNAMED --add-opens=java.base/java.lang=ALL-UNNAMED --add-opens=java.base/java.lang.invoke=ALL-UNNAMED --add-opens=java.base/java.util=ALL-UNNAMED --add-opens=java.prefs/java.util.prefs=ALL-UNNAMED --add-opens=java.prefs/java.util.prefs=ALL-UNNAMED --add-opens=java.base/java.nio.charset=ALL-UNNAMED --add-opens=java.base/java.net=ALL-UNNAMED --add-opens=java.base/java.util.concurrent.atomic=ALL-UNNAMED -Xmx2048m -Dfile.encoding=UTF-8 -Duser.country=CO -Duser.language=es -Duser.variant 
java_command: org.gradle.launcher.daemon.bootstrap.GradleDaemon 7.5
java_class_path (initial): C:\Users\Kevin\.gradle\wrapper\dists\gradle-7.5-bin\f1w0cc9nuo0eivz97x2xlu9sv\gradle-7.5\lib\gradle-launcher-7.5.jar
Launcher Type: SUN_STANDARD

[Global flags]
     intx CICompilerCount                          = 3                                         {product} {ergonomic}
     uint ConcGCThreads                            = 1                                         {product} {ergonomic}
     uint G1ConcRefinementThreads                  = 4                                         {product} {ergonomic}
   size_t G1HeapRegionSize                         = 1048576                                   {product} {ergonomic}
    uintx GCDrainStackTargetSize                   = 64                                        {product} {ergonomic}
   size_t InitialHeapSize                          = 65011712                                  {product} {ergonomic}
   size_t MarkStackSize                            = 4194304                                   {product} {ergonomic}
   size_t MaxHeapSize                              = 2147483648                                {product} {command line}
   size_t MaxNewSize                               = 1287651328                                {product} {ergonomic}
   size_t MinHeapDeltaBytes                        = 1048576                                   {product} {ergonomic}
    uintx NonNMethodCodeHeapSize                   = 5830732                                {pd product} {ergonomic}
    uintx NonProfiledCodeHeapSize                  = 122913754                              {pd product} {ergonomic}
    uintx ProfiledCodeHeapSize                     = 122913754                              {pd product} {ergonomic}
    uintx ReservedCodeCacheSize                    = 251658240                              {pd product} {ergonomic}
     bool SegmentedCodeCache                       = true                                      {product} {ergonomic}
     bool UseCompressedClassPointers               = true                                 {lp64_product} {ergonomic}
     bool UseCompressedOops                        = true                                 {lp64_product} {ergonomic}
     bool UseG1GC                                  = true                                      {product} {ergonomic}
     bool UseLargePagesIndividualAllocation        = false                                  {pd product} {ergonomic}

Logging:
Log output configuration:
 #0: stdout all=warning uptime,level,tags
 #1: stderr all=off uptime,level,tags

Environment Variables:
PATH=C:\Program Files\Microsoft\jdk-11.0.12.7-hotspot\bin;C:\Program Files\Common Files\Oracle\Java\javapath;C:\Program Files (x86)\Common Files\Oracle\Java\javapath;C:\WINDOWS\system32;C:\WINDOWS;C:\WINDOWS\System32\Wbem;C:\WINDOWS\System32\WindowsPowerShell\v1.0\;C:\WINDOWS\System32\OpenSSH\;C:\Program Files\Git\cmd;C:\Program Files\dotnet\;C:\Program Files\Microsoft SQL Server\120\Tools\Binn\;C:\Program Files\Microsoft SQL Server\Client SDK\ODBC\110\Tools\Binn\;C:\Program Files (x86)\Microsoft SQL Server\120\Tools\Binn\;C:\Program Files\Microsoft SQL Server\120\DTS\Binn\;C:\Program Files (x86)\Microsoft SQL Server\120\Tools\Binn\ManagementStudio\;C:\Program Files (x86)\Microsoft SQL Server\120\DTS\Binn\;C:\Program Files\Microsoft SQL Server\150\Tools\Binn\;C:\Program Files\Microsoft SQL Server\Client SDK\ODBC\170\Tools\Binn\;C:\Program Files\MySQL\MySQL Shell 8.0\bin\;C:\Users\Kevin\AppData\Local\Programs\Python\Python39\Scripts\;C:\Users\Kevin\AppData\Local\Programs\Python\Python39\;C:\Users\Kevin\AppData\Local\Microsoft\WindowsApps;C:\Users\Kevin\.dotnet\tools;C:\Users\Kevin\AppData\Local\GitHubDesktop\bin;;C:\Users\Kevin\AppData\Local\Programs\Microsoft VS Code\bin
USERNAME=Kevin
OS=Windows_NT
PROCESSOR_IDENTIFIER=Intel64 Family 6 Model 126 Stepping 5, GenuineIntel



---------------  S Y S T E M  ---------------

OS: Windows 10 , 64 bit Build 19041 (10.0.19041.2364)
OS uptime: 19 days 19:56 hours

CPU:total 4 (initial active 4) (2 cores per cpu, 2 threads per core) family 6 model 126 stepping 5 microcode 0xa0, cmov, cx8, fxsr, mmx, sse, sse2, sse3, ssse3, sse4.1, sse4.2, popcnt, avx, avx2, aes, clmul, erms, 3dnowpref, lzcnt, ht, tsc, tscinvbit, bmi1, bmi2, adx, evex, sha, fma

Memory: 4k page, system-wide physical 3902M (201M free)
TotalPageFile size 15678M (AvailPageFile size 5M)
current process WorkingSet (physical memory assigned to process): 219M, peak: 267M
current process commit charge ("private bytes"): 450M, peak: 452M

vm_info: OpenJDK 64-Bit Server VM (11.0.12+7) for windows-amd64 JRE (11.0.12+7), built on Jul 21 2021 15:41:43 by "" with unknown MS VC++:1916

END.
