#
# There is insufficient memory for the Java Runtime Environment to continue.
# Native memory allocation (mmap) failed to map 87031808 bytes for Failed to commit area from 0x000000008f000000 to 0x0000000094300000 of length 87031808.
# Possible reasons:
#   The system is out of physical RAM or swap space
#   The process is running with CompressedOops enabled, and the Java Heap may be blocking the growth of the native heap
# Possible solutions:
#   Reduce memory load on the system
#   Increase physical memory or swap space
#   Check if swap backing store is full
#   Decrease Java heap size (-Xmx/-Xms)
#   Decrease number of Java threads
#   Decrease Java thread stack sizes (-Xss)
#   Set larger code cache with -XX:ReservedCodeCacheSize=
#   JVM is running with Unscaled Compressed Oops mode in which the Java heap is
#     placed in the first 4GB address space. The Java Heap base address is the
#     maximum limit for the native heap growth. Please use -XX:HeapBaseMinAddress
#     to set the Java Heap base and to place the Java Heap above 4GB virtual address.
# This output file may be truncated or incomplete.
#
#  Out of Memory Error (./src/hotspot/os/windows/os_windows.cpp:3380), pid=7956, tid=20956
#
# JRE version: OpenJDK Runtime Environment Microsoft-25199 (11.0.12+7) (build 11.0.12+7)
# Java VM: OpenJDK 64-Bit Server VM Microsoft-25199 (11.0.12+7, mixed mode, tiered, compressed oops, g1 gc, windows-amd64)
# No core dump will be written. Minidumps are not enabled by default on client versions of Windows
#

---------------  S U M M A R Y ------------

Command Line: --add-opens=java.base/java.util=ALL-UNNAMED --add-opens=java.base/java.lang=ALL-UNNAMED --add-opens=java.base/java.lang.invoke=ALL-UNNAMED --add-opens=java.base/java.util=ALL-UNNAMED --add-opens=java.prefs/java.util.prefs=ALL-UNNAMED --add-opens=java.prefs/java.util.prefs=ALL-UNNAMED --add-opens=java.base/java.nio.charset=ALL-UNNAMED --add-opens=java.base/java.net=ALL-UNNAMED --add-opens=java.base/java.util.concurrent.atomic=ALL-UNNAMED -Xmx2048m -Dfile.encoding=UTF-8 -Duser.country=CO -Duser.language=es -Duser.variant org.gradle.launcher.daemon.bootstrap.GradleDaemon 7.5

Host: Intel(R) Core(TM) i3-1005G1 CPU @ 1.20GHz, 4 cores, 3G,  Windows 10 , 64 bit Build 19041 (10.0.19041.2364)
Time: Wed Mar  8 22:57:04 2023 Hora est. Pacífico, Sudamérica elapsed time: 28.197045 seconds (0d 0h 0m 28s)

---------------  T H R E A D  ---------------

Current thread (0x0000021320794000):  VMThread "VM Thread" [stack: 0x0000006e93a00000,0x0000006e93b00000] [id=20956]

Stack: [0x0000006e93a00000,0x0000006e93b00000]
[error occurred during error reporting (printing stack bounds), id 0xc0000005, EXCEPTION_ACCESS_VIOLATION (0xc0000005) at pc=0x000002130a6e12e7]

Native frames: (J=compiled Java code, j=interpreted, Vv=VM code, C=native code)
V  [jvm.dll+0x6090fa]
V  [jvm.dll+0x79229e]
V  [jvm.dll+0x79396f]
V  [jvm.dll+0x793f95]
V  [jvm.dll+0x793f4b]
V  [jvm.dll+0x608487]
V  [jvm.dll+0x608b98]
C  [ntdll.dll+0xa241f]
C  [ntdll.dll+0x514a4]
C  [ntdll.dll+0xa0f4e]
C  0x000002130a6e12e7

VM_Operation (0x0000006e992f6730): G1CollectForAllocation, mode: safepoint, requested by thread 0x000002132274d800


---------------  P R O C E S S  ---------------

Threads class SMR info:
_java_thread_list=0x0000021323db2890, length=85, elements={
0x0000021301fce800, 0x0000021320797000, 0x0000021320798800, 0x00000213207f5800,
0x00000213207f9000, 0x00000213207fa000, 0x00000213207fb000, 0x00000213207fe000,
0x0000021320802000, 0x000002132127c800, 0x0000021322bf0800, 0x0000021321cd4000,
0x0000021323273800, 0x0000021323274800, 0x00000213234fe000, 0x00000213232cf000,
0x00000213232d0000, 0x0000021323565800, 0x0000021322c32800, 0x00000213232b1000,
0x00000213232b6000, 0x00000213232b7000, 0x00000213232b3000, 0x00000213232b7800,
0x00000213232b2000, 0x00000213232b3800, 0x00000213232b4800, 0x00000213232b5800,
0x000002132382d000, 0x000002132382e000, 0x000002132382b800, 0x000002132382f800,
0x000002132382e800, 0x0000021323830000, 0x000002132382a800, 0x000002132382c000,
0x0000021323837800, 0x0000021323836800, 0x0000021323833800, 0x0000021323838800,
0x0000021323832800, 0x0000021323834800, 0x0000021323839000, 0x0000021323835000,
0x0000021323836000, 0x0000021323afa000, 0x0000021323afc800, 0x0000021323afd800,
0x0000021323aff000, 0x0000021323afe800, 0x0000021323b00000, 0x0000021323b00800,
0x0000021323afb000, 0x0000021323b01800, 0x0000021323afc000, 0x0000021323b07000,
0x0000021323b08000, 0x0000021323b06800, 0x0000021323b04000, 0x0000021323b05000,
0x0000021323b05800, 0x0000021323b02800, 0x0000021323b09000, 0x0000021323b03000,
0x0000021327309000, 0x000002132730a000, 0x0000021327306800, 0x0000021327307800,
0x0000021327306000, 0x0000021327308800, 0x0000021327304800, 0x000002132730b000,
0x0000021327305000, 0x000002132730b800, 0x0000021327311800, 0x000002132730f800,
0x0000021327312000, 0x0000021327310800, 0x000002132730c800, 0x0000021327313000,
0x000002132730e000, 0x000002132730f000, 0x000002132274c800, 0x0000021322750800,
0x000002132274d800
}

Java Threads: ( => current thread )
  0x0000021301fce800 JavaThread "main" [_thread_blocked, id=4020, stack(0x0000006e93400000,0x0000006e93500000)]
  0x0000021320797000 JavaThread "Reference Handler" daemon [_thread_blocked, id=17780, stack(0x0000006e93b00000,0x0000006e93c00000)]
  0x0000021320798800 JavaThread "Finalizer" daemon [_thread_blocked, id=21928, stack(0x0000006e93c00000,0x0000006e93d00000)]
  0x00000213207f5800 JavaThread "Signal Dispatcher" daemon [_thread_blocked, id=8552, stack(0x0000006e93d00000,0x0000006e93e00000)]
  0x00000213207f9000 JavaThread "Attach Listener" daemon [_thread_blocked, id=8540, stack(0x0000006e93e00000,0x0000006e93f00000)]
  0x00000213207fa000 JavaThread "Service Thread" daemon [_thread_blocked, id=5664, stack(0x0000006e93f00000,0x0000006e94000000)]
  0x00000213207fb000 JavaThread "C2 CompilerThread0" daemon [_thread_blocked, id=16520, stack(0x0000006e94000000,0x0000006e94100000)]
  0x00000213207fe000 JavaThread "C1 CompilerThread0" daemon [_thread_blocked, id=14492, stack(0x0000006e94100000,0x0000006e94200000)]
  0x0000021320802000 JavaThread "Sweeper thread" daemon [_thread_blocked, id=11612, stack(0x0000006e94200000,0x0000006e94300000)]
  0x000002132127c800 JavaThread "Common-Cleaner" daemon [_thread_blocked, id=992, stack(0x0000006e94300000,0x0000006e94400000)]
  0x0000021322bf0800 JavaThread "Daemon health stats" [_thread_blocked, id=23960, stack(0x0000006e94600000,0x0000006e94700000)]
  0x0000021321cd4000 JavaThread "Incoming local TCP Connector on port 56159" [_thread_in_native, id=23044, stack(0x0000006e94700000,0x0000006e94800000)]
  0x0000021323273800 JavaThread "Daemon periodic checks" [_thread_blocked, id=2412, stack(0x0000006e94800000,0x0000006e94900000)]
  0x0000021323274800 JavaThread "Daemon" [_thread_blocked, id=13252, stack(0x0000006e94900000,0x0000006e94a00000)]
  0x00000213234fe000 JavaThread "Handler for socket connection from /127.0.0.1:56159 to /127.0.0.1:56160" [_thread_in_native, id=20548, stack(0x0000006e94a00000,0x0000006e94b00000)]
  0x00000213232cf000 JavaThread "Cancel handler" [_thread_blocked, id=13488, stack(0x0000006e94b00000,0x0000006e94c00000)]
  0x00000213232d0000 JavaThread "Daemon worker" [_thread_blocked, id=22004, stack(0x0000006e94c00000,0x0000006e94d00000)]
  0x0000021323565800 JavaThread "Asynchronous log dispatcher for DefaultDaemonConnection: socket connection from /127.0.0.1:56159 to /127.0.0.1:56160" [_thread_blocked, id=20668, stack(0x0000006e94d00000,0x0000006e94e00000)]
  0x0000021322c32800 JavaThread "Stdin handler" [_thread_blocked, id=20460, stack(0x0000006e94e00000,0x0000006e94f00000)]
  0x00000213232b1000 JavaThread "Daemon client event forwarder" [_thread_blocked, id=8420, stack(0x0000006e94f00000,0x0000006e95000000)]
  0x00000213232b6000 JavaThread "Cache worker for journal cache (C:\Users\Kevin\.gradle\caches\journal-1)" [_thread_blocked, id=5636, stack(0x0000006e95000000,0x0000006e95100000)]
  0x00000213232b7000 JavaThread "File lock request listener" [_thread_in_native, id=1044, stack(0x0000006e95100000,0x0000006e95200000)]
  0x00000213232b3000 JavaThread "Cache worker for file hash cache (C:\Users\Kevin\.gradle\caches\7.5\fileHashes)" [_thread_blocked, id=2560, stack(0x0000006e95400000,0x0000006e95500000)]
  0x00000213232b7800 JavaThread "File watcher server" daemon [_thread_in_native, id=19288, stack(0x0000006e95500000,0x0000006e95600000)]
  0x00000213232b2000 JavaThread "File watcher consumer" daemon [_thread_blocked, id=11124, stack(0x0000006e95600000,0x0000006e95700000)]
  0x00000213232b3800 JavaThread "jar transforms" [_thread_blocked, id=15596, stack(0x0000006e95700000,0x0000006e95800000)]
  0x00000213232b4800 JavaThread "jar transforms Thread 2" [_thread_blocked, id=7864, stack(0x0000006e95800000,0x0000006e95900000)]
  0x00000213232b5800 JavaThread "jar transforms Thread 3" [_thread_blocked, id=18020, stack(0x0000006e95900000,0x0000006e95a00000)]
  0x000002132382d000 JavaThread "jar transforms Thread 4" [_thread_blocked, id=8744, stack(0x0000006e95a00000,0x0000006e95b00000)]
  0x000002132382e000 JavaThread "Cache worker for checksums cache (C:\Users\Kevin\AndroidStudioProjects\FitTitan\.gradle\7.5\checksums)" [_thread_blocked, id=14160, stack(0x0000006e95b00000,0x0000006e95c00000)]
  0x000002132382b800 JavaThread "Cache worker for cache directory md-rule (C:\Users\Kevin\.gradle\caches\7.5\md-rule)" [_thread_blocked, id=21064, stack(0x0000006e95c00000,0x0000006e95d00000)]
  0x000002132382f800 JavaThread "Cache worker for file content cache (C:\Users\Kevin\.gradle\caches\7.5\fileContent)" [_thread_blocked, id=7104, stack(0x0000006e95d00000,0x0000006e95e00000)]
  0x000002132382e800 JavaThread "Cache worker for file hash cache (C:\Users\Kevin\AndroidStudioProjects\FitTitan\.gradle\7.5\fileHashes)" [_thread_blocked, id=16020, stack(0x0000006e95e00000,0x0000006e95f00000)]
  0x0000021323830000 JavaThread "Cache worker for cache directory md-supplier (C:\Users\Kevin\.gradle\caches\7.5\md-supplier)" [_thread_blocked, id=19372, stack(0x0000006e95f00000,0x0000006e96000000)]
  0x000002132382a800 JavaThread "Cache worker for execution history cache (C:\Users\Kevin\.gradle\caches\7.5\executionHistory)" [_thread_blocked, id=6576, stack(0x0000006e96000000,0x0000006e96100000)]
  0x000002132382c000 JavaThread "Cache worker for dependencies-accessors (C:\Users\Kevin\AndroidStudioProjects\FitTitan\.gradle\7.5\dependencies-accessors)" [_thread_blocked, id=14460, stack(0x0000006e96100000,0x0000006e96200000)]
  0x0000021323837800 JavaThread "Cache worker for Build Output Cleanup Cache (C:\Users\Kevin\AndroidStudioProjects\FitTitan\.gradle\buildOutputCleanup)" [_thread_blocked, id=15268, stack(0x0000006e96200000,0x0000006e96300000)]
  0x0000021323836800 JavaThread "Unconstrained build operations" [_thread_blocked, id=18452, stack(0x0000006e96300000,0x0000006e96400000)]
  0x0000021323833800 JavaThread "Unconstrained build operations Thread 2" [_thread_blocked, id=25528, stack(0x0000006e96400000,0x0000006e96500000)]
  0x0000021323838800 JavaThread "Unconstrained build operations Thread 3" [_thread_blocked, id=7060, stack(0x0000006e96500000,0x0000006e96600000)]
  0x0000021323832800 JavaThread "Unconstrained build operations Thread 4" [_thread_blocked, id=9820, stack(0x0000006e96600000,0x0000006e96700000)]
  0x0000021323834800 JavaThread "Unconstrained build operations Thread 5" [_thread_blocked, id=13992, stack(0x0000006e96700000,0x0000006e96800000)]
  0x0000021323839000 JavaThread "Unconstrained build operations Thread 6" [_thread_blocked, id=9056, stack(0x0000006e96800000,0x0000006e96900000)]
  0x0000021323835000 JavaThread "Unconstrained build operations Thread 7" [_thread_blocked, id=8716, stack(0x0000006e96900000,0x0000006e96a00000)]
  0x0000021323836000 JavaThread "Unconstrained build operations Thread 8" [_thread_blocked, id=14600, stack(0x0000006e96a00000,0x0000006e96b00000)]
  0x0000021323afa000 JavaThread "Unconstrained build operations Thread 9" [_thread_blocked, id=18608, stack(0x0000006e96b00000,0x0000006e96c00000)]
  0x0000021323afc800 JavaThread "Unconstrained build operations Thread 10" [_thread_blocked, id=23328, stack(0x0000006e96c00000,0x0000006e96d00000)]
  0x0000021323afd800 JavaThread "Unconstrained build operations Thread 11" [_thread_blocked, id=628, stack(0x0000006e96d00000,0x0000006e96e00000)]
  0x0000021323aff000 JavaThread "Unconstrained build operations Thread 12" [_thread_blocked, id=25400, stack(0x0000006e96e00000,0x0000006e96f00000)]
  0x0000021323afe800 JavaThread "Unconstrained build operations Thread 13" [_thread_blocked, id=19340, stack(0x0000006e96f00000,0x0000006e97000000)]
  0x0000021323b00000 JavaThread "Unconstrained build operations Thread 14" [_thread_blocked, id=1456, stack(0x0000006e97000000,0x0000006e97100000)]
  0x0000021323b00800 JavaThread "Unconstrained build operations Thread 15" [_thread_blocked, id=7816, stack(0x0000006e97100000,0x0000006e97200000)]
  0x0000021323afb000 JavaThread "Unconstrained build operations Thread 16" [_thread_blocked, id=16752, stack(0x0000006e97200000,0x0000006e97300000)]
  0x0000021323b01800 JavaThread "Unconstrained build operations Thread 17" [_thread_blocked, id=8528, stack(0x0000006e97300000,0x0000006e97400000)]
  0x0000021323afc000 JavaThread "Unconstrained build operations Thread 18" [_thread_blocked, id=20040, stack(0x0000006e97400000,0x0000006e97500000)]
  0x0000021323b07000 JavaThread "Unconstrained build operations Thread 19" [_thread_blocked, id=25388, stack(0x0000006e97500000,0x0000006e97600000)]
  0x0000021323b08000 JavaThread "Unconstrained build operations Thread 20" [_thread_blocked, id=3032, stack(0x0000006e97600000,0x0000006e97700000)]
  0x0000021323b06800 JavaThread "Unconstrained build operations Thread 21" [_thread_blocked, id=7528, stack(0x0000006e97700000,0x0000006e97800000)]
  0x0000021323b04000 JavaThread "Unconstrained build operations Thread 22" [_thread_blocked, id=16312, stack(0x0000006e97800000,0x0000006e97900000)]
  0x0000021323b05000 JavaThread "Unconstrained build operations Thread 23" [_thread_blocked, id=6332, stack(0x0000006e97900000,0x0000006e97a00000)]
  0x0000021323b05800 JavaThread "Unconstrained build operations Thread 24" [_thread_blocked, id=25300, stack(0x0000006e97a00000,0x0000006e97b00000)]
  0x0000021323b02800 JavaThread "Unconstrained build operations Thread 25" [_thread_blocked, id=17004, stack(0x0000006e97b00000,0x0000006e97c00000)]
  0x0000021323b09000 JavaThread "Unconstrained build operations Thread 26" [_thread_blocked, id=10568, stack(0x0000006e97c00000,0x0000006e97d00000)]
  0x0000021323b03000 JavaThread "Unconstrained build operations Thread 27" [_thread_blocked, id=22404, stack(0x0000006e97d00000,0x0000006e97e00000)]
  0x0000021327309000 JavaThread "Unconstrained build operations Thread 28" [_thread_blocked, id=13928, stack(0x0000006e97e00000,0x0000006e97f00000)]
  0x000002132730a000 JavaThread "Unconstrained build operations Thread 29" [_thread_blocked, id=18148, stack(0x0000006e97f00000,0x0000006e98000000)]
  0x0000021327306800 JavaThread "Unconstrained build operations Thread 30" [_thread_blocked, id=16972, stack(0x0000006e98000000,0x0000006e98100000)]
  0x0000021327307800 JavaThread "Unconstrained build operations Thread 31" [_thread_blocked, id=10732, stack(0x0000006e98100000,0x0000006e98200000)]
  0x0000021327306000 JavaThread "Unconstrained build operations Thread 32" [_thread_blocked, id=12876, stack(0x0000006e98200000,0x0000006e98300000)]
  0x0000021327308800 JavaThread "Unconstrained build operations Thread 33" [_thread_blocked, id=16932, stack(0x0000006e98300000,0x0000006e98400000)]
  0x0000021327304800 JavaThread "Unconstrained build operations Thread 34" [_thread_blocked, id=7628, stack(0x0000006e98400000,0x0000006e98500000)]
  0x000002132730b000 JavaThread "Unconstrained build operations Thread 35" [_thread_blocked, id=7716, stack(0x0000006e98500000,0x0000006e98600000)]
  0x0000021327305000 JavaThread "Unconstrained build operations Thread 36" [_thread_blocked, id=14568, stack(0x0000006e98600000,0x0000006e98700000)]
  0x000002132730b800 JavaThread "Unconstrained build operations Thread 37" [_thread_blocked, id=8368, stack(0x0000006e98700000,0x0000006e98800000)]
  0x0000021327311800 JavaThread "Unconstrained build operations Thread 38" [_thread_blocked, id=22244, stack(0x0000006e98800000,0x0000006e98900000)]
  0x000002132730f800 JavaThread "Unconstrained build operations Thread 39" [_thread_blocked, id=3840, stack(0x0000006e98900000,0x0000006e98a00000)]
  0x0000021327312000 JavaThread "Unconstrained build operations Thread 40" [_thread_blocked, id=1756, stack(0x0000006e98a00000,0x0000006e98b00000)]
  0x0000021327310800 JavaThread "Memory manager" [_thread_blocked, id=20500, stack(0x0000006e98b00000,0x0000006e98c00000)]
  0x000002132730c800 JavaThread "pool-3-thread-1" [_thread_blocked, id=24780, stack(0x0000006e98c00000,0x0000006e98d00000)]
  0x0000021327313000 JavaThread "included builds" [_thread_blocked, id=18108, stack(0x0000006e98d00000,0x0000006e98e00000)]
  0x000002132730e000 JavaThread "Execution worker" [_thread_blocked, id=10032, stack(0x0000006e98e00000,0x0000006e98f00000)]
  0x000002132730f000 JavaThread "Execution worker Thread 2" [_thread_blocked, id=24880, stack(0x0000006e98f00000,0x0000006e99000000)]
  0x000002132274c800 JavaThread "Execution worker Thread 3" [_thread_blocked, id=8236, stack(0x0000006e99000000,0x0000006e99100000)]
  0x0000021322750800 JavaThread "Cache worker for execution history cache (C:\Users\Kevin\AndroidStudioProjects\FitTitan\.gradle\7.5\executionHistory)" [_thread_blocked, id=19900, stack(0x0000006e99100000,0x0000006e99200000)]
  0x000002132274d800 JavaThread "idea-tooling-model-converter" [_thread_blocked, id=5868, stack(0x0000006e99200000,0x0000006e99300000)]

Other Threads:
=>0x0000021320794000 VMThread "VM Thread" [stack: 0x0000006e93a00000,0x0000006e93b00000] [id=20956]
  0x00000213212bc000 WatcherThread [stack: 0x0000006e94400000,0x0000006e94500000] [id=16144]
  0x0000021301fe6000 GCTaskThread "GC Thread#0" [stack: 0x0000006e93500000,0x0000006e93600000] [id=16592]
  0x00000213214e9000 GCTaskThread "GC Thread#1" [stack: 0x0000006e94500000,0x0000006e94600000] [id=15216]
  0x00000213233c1000 GCTaskThread "GC Thread#2" [stack: 0x0000006e95200000,0x0000006e95300000] [id=12716]
  0x0000021323400000 GCTaskThread "GC Thread#3" [stack: 0x0000006e95300000,0x0000006e95400000] [id=916]
  0x0000021302016000 ConcurrentGCThread "G1 Main Marker" [stack: 0x0000006e93600000,0x0000006e93700000] [id=12476]
  0x0000021302018000 ConcurrentGCThread "G1 Conc#0" [stack: 0x0000006e93700000,0x0000006e93800000] [id=24196]
  0x0000021302070000 ConcurrentGCThread "G1 Refine#0" [stack: 0x0000006e93800000,0x0000006e93900000] [id=15144]
  0x0000021302071800 ConcurrentGCThread "G1 Young RemSet Sampling" [stack: 0x0000006e93900000,0x0000006e93a00000] [id=2284]

Threads with active compile tasks:
C2 CompilerThread0  28243 8565   !   4       java.lang.StringCoding::decode (300 bytes)

VM state:at safepoint (normal execution)

VM Mutex/Monitor currently owned by a thread:  ([mutex/lock_event])
[0x0000021301fc93b0] Threads_lock - owner thread: 0x0000021320794000
[0x0000021301fc9dd0] Heap_lock - owner thread: 0x000002132274d800

Heap address: 0x0000000080000000, size: 2048 MB, Compressed Oops mode: 32-bit
Narrow klass base: 0x0000000000000000, Narrow klass shift: 3
Compressed class space size: 1073741824 Address: 0x0000000100000000

Heap:
 garbage-first heap   total 330752K, used 169388K [0x0000000080000000, 0x0000000100000000)
  region size 1024K, 3 young (3072K), 3 survivors (3072K)
 Metaspace       used 83485K, capacity 85678K, committed 85760K, reserved 1124352K
  class space    used 10882K, capacity 11734K, committed 11776K, reserved 1048576K
Heap Regions: E=young(eden), S=young(survivor), O=old, HS=humongous(starts), HC=humongous(continues), CS=collection set, F=free, A=archive, TAMS=top-at-mark-start (previous, next)
|   0|0x0000000080000000, 0x0000000080100000, 0x0000000080100000|100%|HS|  |TAMS 0x0000000080100000, 0x0000000080000000| Complete 
|   1|0x0000000080100000, 0x0000000080200000, 0x0000000080200000|100%|HC|  |TAMS 0x0000000080200000, 0x0000000080100000| Complete 
|   2|0x0000000080200000, 0x0000000080300000, 0x0000000080300000|100%|HC|  |TAMS 0x0000000080300000, 0x0000000080200000| Complete 
|   3|0x0000000080300000, 0x0000000080400000, 0x0000000080400000|100%| O|  |TAMS 0x0000000080400000, 0x0000000080300000| Untracked 
|   4|0x0000000080400000, 0x0000000080500000, 0x0000000080500000|100%| O|  |TAMS 0x0000000080500000, 0x0000000080400000| Untracked 
|   5|0x0000000080500000, 0x0000000080600000, 0x0000000080600000|100%| O|  |TAMS 0x0000000080600000, 0x0000000080500000| Untracked 
|   6|0x0000000080600000, 0x0000000080700000, 0x0000000080700000|100%| O|  |TAMS 0x0000000080700000, 0x0000000080600000| Untracked 
|   7|0x0000000080700000, 0x0000000080800000, 0x0000000080800000|100%| O|  |TAMS 0x0000000080800000, 0x0000000080700000| Untracked 
|   8|0x0000000080800000, 0x0000000080900000, 0x0000000080900000|100%| O|  |TAMS 0x0000000080900000, 0x0000000080800000| Untracked 
|   9|0x0000000080900000, 0x0000000080a00000, 0x0000000080a00000|100%| O|  |TAMS 0x0000000080a00000, 0x0000000080900000| Untracked 
|  10|0x0000000080a00000, 0x0000000080b00000, 0x0000000080b00000|100%| O|  |TAMS 0x0000000080b00000, 0x0000000080a00000| Untracked 
|  11|0x0000000080b00000, 0x0000000080c00000, 0x0000000080c00000|100%| O|  |TAMS 0x0000000080c00000, 0x0000000080b00000| Untracked 
|  12|0x0000000080c00000, 0x0000000080d00000, 0x0000000080d00000|100%| O|  |TAMS 0x0000000080d00000, 0x0000000080c00000| Untracked 
|  13|0x0000000080d00000, 0x0000000080e00000, 0x0000000080e00000|100%| O|  |TAMS 0x0000000080e00000, 0x0000000080d00000| Untracked 
|  14|0x0000000080e00000, 0x0000000080f00000, 0x0000000080f00000|100%| O|  |TAMS 0x0000000080f00000, 0x0000000080e00000| Untracked 
|  15|0x0000000080f00000, 0x0000000081000000, 0x0000000081000000|100%| O|  |TAMS 0x0000000081000000, 0x0000000080f00000| Untracked 
|  16|0x0000000081000000, 0x0000000081100000, 0x0000000081100000|100%| O|  |TAMS 0x0000000081100000, 0x0000000081000000| Untracked 
|  17|0x0000000081100000, 0x0000000081200000, 0x0000000081200000|100%|HS|  |TAMS 0x0000000081200000, 0x0000000081100000| Complete 
|  18|0x0000000081200000, 0x0000000081300000, 0x0000000081300000|100%|HC|  |TAMS 0x0000000081300000, 0x0000000081200000| Complete 
|  19|0x0000000081300000, 0x0000000081400000, 0x0000000081400000|100%|HS|  |TAMS 0x0000000081400000, 0x0000000081300000| Complete 
|  20|0x0000000081400000, 0x0000000081500000, 0x0000000081500000|100%|HC|  |TAMS 0x0000000081500000, 0x0000000081400000| Complete 
|  21|0x0000000081500000, 0x0000000081600000, 0x0000000081600000|100%|HC|  |TAMS 0x0000000081600000, 0x0000000081500000| Complete 
|  22|0x0000000081600000, 0x0000000081700000, 0x0000000081700000|100%|HS|  |TAMS 0x0000000081700000, 0x0000000081600000| Complete 
|  23|0x0000000081700000, 0x0000000081800000, 0x0000000081800000|100%|HC|  |TAMS 0x0000000081800000, 0x0000000081700000| Complete 
|  24|0x0000000081800000, 0x0000000081900000, 0x0000000081900000|100%|HC|  |TAMS 0x0000000081900000, 0x0000000081800000| Complete 
|  25|0x0000000081900000, 0x0000000081a00000, 0x0000000081a00000|100%|HC|  |TAMS 0x0000000081a00000, 0x0000000081900000| Complete 
|  26|0x0000000081a00000, 0x0000000081b00000, 0x0000000081b00000|100%|HC|  |TAMS 0x0000000081b00000, 0x0000000081a00000| Complete 
|  27|0x0000000081b00000, 0x0000000081c00000, 0x0000000081c00000|100%| O|  |TAMS 0x0000000081c00000, 0x0000000081b00000| Untracked 
|  28|0x0000000081c00000, 0x0000000081d00000, 0x0000000081d00000|100%|HS|  |TAMS 0x0000000081d00000, 0x0000000081c00000| Complete 
|  29|0x0000000081d00000, 0x0000000081e00000, 0x0000000081e00000|100%|HC|  |TAMS 0x0000000081e00000, 0x0000000081d00000| Complete 
|  30|0x0000000081e00000, 0x0000000081f00000, 0x0000000081f00000|100%|HS|  |TAMS 0x0000000081f00000, 0x0000000081e00000| Complete 
|  31|0x0000000081f00000, 0x0000000082000000, 0x0000000082000000|100%|HC|  |TAMS 0x0000000082000000, 0x0000000081f00000| Complete 
|  32|0x0000000082000000, 0x0000000082100000, 0x0000000082100000|100%|HC|  |TAMS 0x0000000082100000, 0x0000000082000000| Complete 
|  33|0x0000000082100000, 0x0000000082200000, 0x0000000082200000|100%| O|  |TAMS 0x0000000082200000, 0x0000000082100000| Untracked 
|  34|0x0000000082200000, 0x0000000082300000, 0x0000000082300000|100%| O|  |TAMS 0x0000000082300000, 0x0000000082200000| Untracked 
|  35|0x0000000082300000, 0x0000000082400000, 0x0000000082400000|100%| O|  |TAMS 0x0000000082400000, 0x0000000082300000| Untracked 
|  36|0x0000000082400000, 0x0000000082500000, 0x0000000082500000|100%| O|  |TAMS 0x0000000082500000, 0x0000000082400000| Untracked 
|  37|0x0000000082500000, 0x0000000082600000, 0x0000000082600000|100%| O|  |TAMS 0x0000000082600000, 0x0000000082500000| Untracked 
|  38|0x0000000082600000, 0x0000000082700000, 0x0000000082700000|100%| O|  |TAMS 0x0000000082700000, 0x0000000082600000| Untracked 
|  39|0x0000000082700000, 0x0000000082800000, 0x0000000082800000|100%| O|  |TAMS 0x0000000082800000, 0x0000000082700000| Untracked 
|  40|0x0000000082800000, 0x0000000082900000, 0x0000000082900000|100%| O|  |TAMS 0x0000000082900000, 0x0000000082800000| Untracked 
|  41|0x0000000082900000, 0x0000000082a00000, 0x0000000082a00000|100%| O|  |TAMS 0x0000000082a00000, 0x0000000082900000| Untracked 
|  42|0x0000000082a00000, 0x0000000082b00000, 0x0000000082b00000|100%| O|  |TAMS 0x0000000082b00000, 0x0000000082a00000| Untracked 
|  43|0x0000000082b00000, 0x0000000082c00000, 0x0000000082c00000|100%|HS|  |TAMS 0x0000000082c00000, 0x0000000082b00000| Complete 
|  44|0x0000000082c00000, 0x0000000082d00000, 0x0000000082d00000|100%|HC|  |TAMS 0x0000000082d00000, 0x0000000082c00000| Complete 
|  45|0x0000000082d00000, 0x0000000082e00000, 0x0000000082e00000|100%|HC|  |TAMS 0x0000000082e00000, 0x0000000082d00000| Complete 
|  46|0x0000000082e00000, 0x0000000082f00000, 0x0000000082f00000|100%| O|  |TAMS 0x0000000082f00000, 0x0000000082e00000| Untracked 
|  47|0x0000000082f00000, 0x0000000083000000, 0x0000000083000000|100%| O|  |TAMS 0x0000000083000000, 0x0000000082f00000| Untracked 
|  48|0x0000000083000000, 0x0000000083100000, 0x0000000083100000|100%|HS|  |TAMS 0x0000000083100000, 0x0000000083000000| Complete 
|  49|0x0000000083100000, 0x0000000083200000, 0x0000000083200000|100%|HC|  |TAMS 0x0000000083200000, 0x0000000083100000| Complete 
|  50|0x0000000083200000, 0x0000000083300000, 0x0000000083300000|100%| O|  |TAMS 0x0000000083300000, 0x0000000083200000| Untracked 
|  51|0x0000000083300000, 0x0000000083400000, 0x0000000083400000|100%|HS|  |TAMS 0x0000000083400000, 0x0000000083300000| Complete 
|  52|0x0000000083400000, 0x0000000083500000, 0x0000000083500000|100%|HC|  |TAMS 0x0000000083500000, 0x0000000083400000| Complete 
|  53|0x0000000083500000, 0x0000000083600000, 0x0000000083600000|100%|HC|  |TAMS 0x0000000083600000, 0x0000000083500000| Complete 
|  54|0x0000000083600000, 0x0000000083700000, 0x0000000083700000|100%|HC|  |TAMS 0x0000000083700000, 0x0000000083600000| Complete 
|  55|0x0000000083700000, 0x0000000083800000, 0x0000000083800000|100%|HC|  |TAMS 0x0000000083800000, 0x0000000083700000| Complete 
|  56|0x0000000083800000, 0x0000000083900000, 0x0000000083900000|100%|HC|  |TAMS 0x0000000083900000, 0x0000000083800000| Complete 
|  57|0x0000000083900000, 0x0000000083a00000, 0x0000000083a00000|100%|HC|  |TAMS 0x0000000083a00000, 0x0000000083900000| Complete 
|  58|0x0000000083a00000, 0x0000000083b00000, 0x0000000083b00000|100%|HC|  |TAMS 0x0000000083b00000, 0x0000000083a00000| Complete 
|  59|0x0000000083b00000, 0x0000000083c00000, 0x0000000083c00000|100%|HC|  |TAMS 0x0000000083c00000, 0x0000000083b00000| Complete 
|  60|0x0000000083c00000, 0x0000000083d00000, 0x0000000083d00000|100%|HC|  |TAMS 0x0000000083d00000, 0x0000000083c00000| Complete 
|  61|0x0000000083d00000, 0x0000000083e00000, 0x0000000083e00000|100%| O|  |TAMS 0x0000000083e00000, 0x0000000083d00000| Untracked 
|  62|0x0000000083e00000, 0x0000000083f00000, 0x0000000083f00000|100%|HS|  |TAMS 0x0000000083f00000, 0x0000000083e00000| Complete 
|  63|0x0000000083f00000, 0x0000000084000000, 0x0000000084000000|100%|HC|  |TAMS 0x0000000084000000, 0x0000000083f00000| Complete 
|  64|0x0000000084000000, 0x0000000084100000, 0x0000000084100000|100%|HS|  |TAMS 0x0000000084100000, 0x0000000084000000| Complete 
|  65|0x0000000084100000, 0x0000000084200000, 0x0000000084200000|100%|HC|  |TAMS 0x0000000084200000, 0x0000000084100000| Complete 
|  66|0x0000000084200000, 0x0000000084300000, 0x0000000084300000|100%|HC|  |TAMS 0x0000000084300000, 0x0000000084200000| Complete 
|  67|0x0000000084300000, 0x0000000084400000, 0x0000000084400000|100%| O|  |TAMS 0x0000000084400000, 0x0000000084300000| Untracked 
|  68|0x0000000084400000, 0x0000000084500000, 0x0000000084500000|100%| O|  |TAMS 0x0000000084500000, 0x0000000084400000| Untracked 
|  69|0x0000000084500000, 0x0000000084600000, 0x0000000084600000|100%| O|  |TAMS 0x0000000084600000, 0x0000000084500000| Untracked 
|  70|0x0000000084600000, 0x0000000084700000, 0x0000000084700000|100%| O|  |TAMS 0x0000000084700000, 0x0000000084600000| Untracked 
|  71|0x0000000084700000, 0x0000000084800000, 0x0000000084800000|100%| O|  |TAMS 0x0000000084800000, 0x0000000084700000| Untracked 
|  72|0x0000000084800000, 0x0000000084900000, 0x0000000084900000|100%| O|  |TAMS 0x0000000084900000, 0x0000000084800000| Untracked 
|  73|0x0000000084900000, 0x0000000084a00000, 0x0000000084a00000|100%|HS|  |TAMS 0x0000000084a00000, 0x0000000084900000| Complete 
|  74|0x0000000084a00000, 0x0000000084b00000, 0x0000000084b00000|100%|HC|  |TAMS 0x0000000084b00000, 0x0000000084a00000| Complete 
|  75|0x0000000084b00000, 0x0000000084c00000, 0x0000000084c00000|100%|HC|  |TAMS 0x0000000084c00000, 0x0000000084b00000| Complete 
|  76|0x0000000084c00000, 0x0000000084d00000, 0x0000000084d00000|100%|HC|  |TAMS 0x0000000084d00000, 0x0000000084c00000| Complete 
|  77|0x0000000084d00000, 0x0000000084e00000, 0x0000000084e00000|100%|HC|  |TAMS 0x0000000084e00000, 0x0000000084d00000| Complete 
|  78|0x0000000084e00000, 0x0000000084f00000, 0x0000000084f00000|100%| O|  |TAMS 0x0000000084f00000, 0x0000000084e00000| Untracked 
|  79|0x0000000084f00000, 0x0000000085000000, 0x0000000085000000|100%| O|  |TAMS 0x0000000085000000, 0x0000000084f00000| Untracked 
|  80|0x0000000085000000, 0x0000000085100000, 0x0000000085100000|100%|HS|  |TAMS 0x0000000085100000, 0x0000000085000000| Complete 
|  81|0x0000000085100000, 0x0000000085200000, 0x0000000085200000|100%|HS|  |TAMS 0x0000000085200000, 0x0000000085100000| Complete 
|  82|0x0000000085200000, 0x0000000085300000, 0x0000000085300000|100%|HC|  |TAMS 0x0000000085300000, 0x0000000085200000| Complete 
|  83|0x0000000085300000, 0x0000000085400000, 0x0000000085400000|100%|HS|  |TAMS 0x0000000085400000, 0x0000000085300000| Complete 
|  84|0x0000000085400000, 0x0000000085500000, 0x0000000085500000|100%| O|  |TAMS 0x0000000085500000, 0x0000000085400000| Untracked 
|  85|0x0000000085500000, 0x0000000085600000, 0x0000000085600000|100%| O|  |TAMS 0x0000000085600000, 0x0000000085500000| Untracked 
|  86|0x0000000085600000, 0x0000000085700000, 0x0000000085700000|100%|HS|  |TAMS 0x0000000085700000, 0x0000000085600000| Complete 
|  87|0x0000000085700000, 0x0000000085800000, 0x0000000085800000|100%|HC|  |TAMS 0x0000000085800000, 0x0000000085700000| Complete 
|  88|0x0000000085800000, 0x0000000085900000, 0x0000000085900000|100%|HC|  |TAMS 0x0000000085900000, 0x0000000085800000| Complete 
|  89|0x0000000085900000, 0x0000000085a00000, 0x0000000085a00000|100%|HC|  |TAMS 0x0000000085a00000, 0x0000000085900000| Complete 
|  90|0x0000000085a00000, 0x0000000085b00000, 0x0000000085b00000|100%| O|  |TAMS 0x0000000085b00000, 0x0000000085a00000| Untracked 
|  91|0x0000000085b00000, 0x0000000085c00000, 0x0000000085c00000|100%| O|  |TAMS 0x0000000085c00000, 0x0000000085b00000| Untracked 
|  92|0x0000000085c00000, 0x0000000085d00000, 0x0000000085d00000|100%| O|  |TAMS 0x0000000085d00000, 0x0000000085c00000| Untracked 
|  93|0x0000000085d00000, 0x0000000085e00000, 0x0000000085e00000|100%| O|  |TAMS 0x0000000085e00000, 0x0000000085d00000| Untracked 
|  94|0x0000000085e00000, 0x0000000085f00000, 0x0000000085f00000|100%| O|  |TAMS 0x0000000085f00000, 0x0000000085e00000| Untracked 
|  95|0x0000000085f00000, 0x0000000086000000, 0x0000000086000000|100%| O|  |TAMS 0x0000000086000000, 0x0000000085f00000| Untracked 
|  96|0x0000000086000000, 0x0000000086100000, 0x0000000086100000|100%| O|  |TAMS 0x0000000086100000, 0x0000000086000000| Untracked 
|  97|0x0000000086100000, 0x0000000086200000, 0x0000000086200000|100%| O|  |TAMS 0x0000000086200000, 0x0000000086100000| Untracked 
|  98|0x0000000086200000, 0x0000000086300000, 0x0000000086300000|100%| O|  |TAMS 0x0000000086300000, 0x0000000086200000| Untracked 
|  99|0x0000000086300000, 0x0000000086400000, 0x0000000086400000|100%| O|  |TAMS 0x0000000086400000, 0x0000000086300000| Untracked 
| 100|0x0000000086400000, 0x0000000086500000, 0x0000000086500000|100%| O|  |TAMS 0x0000000086500000, 0x0000000086400000| Untracked 
| 101|0x0000000086500000, 0x0000000086600000, 0x0000000086600000|100%| O|  |TAMS 0x0000000086600000, 0x0000000086500000| Untracked 
| 102|0x0000000086600000, 0x0000000086700000, 0x0000000086700000|100%| O|  |TAMS 0x0000000086700000, 0x0000000086600000| Untracked 
| 103|0x0000000086700000, 0x0000000086800000, 0x0000000086800000|100%| O|  |TAMS 0x0000000086800000, 0x0000000086700000| Untracked 
| 104|0x0000000086800000, 0x0000000086900000, 0x0000000086900000|100%| O|  |TAMS 0x0000000086900000, 0x0000000086800000| Untracked 
| 105|0x0000000086900000, 0x0000000086a00000, 0x0000000086a00000|100%| O|  |TAMS 0x0000000086a00000, 0x0000000086900000| Untracked 
| 106|0x0000000086a00000, 0x0000000086b00000, 0x0000000086b00000|100%| O|  |TAMS 0x0000000086b00000, 0x0000000086a00000| Untracked 
| 107|0x0000000086b00000, 0x0000000086c00000, 0x0000000086c00000|100%| O|  |TAMS 0x0000000086c00000, 0x0000000086b00000| Untracked 
| 108|0x0000000086c00000, 0x0000000086d00000, 0x0000000086d00000|100%| O|  |TAMS 0x0000000086d00000, 0x0000000086c00000| Untracked 
| 109|0x0000000086d00000, 0x0000000086e00000, 0x0000000086e00000|100%| O|  |TAMS 0x0000000086e00000, 0x0000000086d00000| Untracked 
| 110|0x0000000086e00000, 0x0000000086f00000, 0x0000000086f00000|100%| O|  |TAMS 0x0000000086f00000, 0x0000000086e00000| Untracked 
| 111|0x0000000086f00000, 0x0000000087000000, 0x0000000087000000|100%|HS|  |TAMS 0x0000000087000000, 0x0000000086f00000| Complete 
| 112|0x0000000087000000, 0x0000000087100000, 0x0000000087100000|100%|HC|  |TAMS 0x0000000087100000, 0x0000000087000000| Complete 
| 113|0x0000000087100000, 0x0000000087200000, 0x0000000087200000|100%|HC|  |TAMS 0x0000000087200000, 0x0000000087100000| Complete 
| 114|0x0000000087200000, 0x0000000087300000, 0x0000000087300000|100%|HC|  |TAMS 0x0000000087300000, 0x0000000087200000| Complete 
| 115|0x0000000087300000, 0x0000000087400000, 0x0000000087400000|100%|HC|  |TAMS 0x0000000087400000, 0x0000000087300000| Complete 
| 116|0x0000000087400000, 0x0000000087500000, 0x0000000087500000|100%|HC|  |TAMS 0x0000000087500000, 0x0000000087400000| Complete 
| 117|0x0000000087500000, 0x0000000087600000, 0x0000000087600000|100%|HC|  |TAMS 0x0000000087600000, 0x0000000087500000| Complete 
| 118|0x0000000087600000, 0x0000000087700000, 0x0000000087700000|100%|HC|  |TAMS 0x0000000087700000, 0x0000000087600000| Complete 
| 119|0x0000000087700000, 0x0000000087800000, 0x0000000087800000|100%|HC|  |TAMS 0x0000000087800000, 0x0000000087700000| Complete 
| 120|0x0000000087800000, 0x0000000087900000, 0x0000000087900000|100%|HC|  |TAMS 0x0000000087900000, 0x0000000087800000| Complete 
| 121|0x0000000087900000, 0x0000000087a00000, 0x0000000087a00000|100%|HS|  |TAMS 0x0000000087a00000, 0x0000000087900000| Complete 
| 122|0x0000000087a00000, 0x0000000087b00000, 0x0000000087b00000|100%|HC|  |TAMS 0x0000000087b00000, 0x0000000087a00000| Complete 
| 123|0x0000000087b00000, 0x0000000087c00000, 0x0000000087c00000|100%|HS|  |TAMS 0x0000000087c00000, 0x0000000087b00000| Complete 
| 124|0x0000000087c00000, 0x0000000087d00000, 0x0000000087d00000|100%|HC|  |TAMS 0x0000000087d00000, 0x0000000087c00000| Complete 
| 125|0x0000000087d00000, 0x0000000087e00000, 0x0000000087e00000|100%|HS|  |TAMS 0x0000000087e00000, 0x0000000087d00000| Complete 
| 126|0x0000000087e00000, 0x0000000087f00000, 0x0000000087f00000|100%|HC|  |TAMS 0x0000000087f00000, 0x0000000087e00000| Complete 
| 127|0x0000000087f00000, 0x0000000088000000, 0x0000000088000000|100%|HC|  |TAMS 0x0000000088000000, 0x0000000087f00000| Complete 
| 128|0x0000000088000000, 0x0000000088100000, 0x0000000088100000|100%|HS|  |TAMS 0x0000000088100000, 0x0000000088000000| Complete 
| 129|0x0000000088100000, 0x0000000088200000, 0x0000000088200000|100%|HC|  |TAMS 0x0000000088200000, 0x0000000088100000| Complete 
| 130|0x0000000088200000, 0x0000000088300000, 0x0000000088300000|100%|HC|  |TAMS 0x0000000088300000, 0x0000000088200000| Complete 
| 131|0x0000000088300000, 0x0000000088400000, 0x0000000088400000|100%|HC|  |TAMS 0x0000000088400000, 0x0000000088300000| Complete 
| 132|0x0000000088400000, 0x0000000088500000, 0x0000000088500000|100%|HC|  |TAMS 0x0000000088500000, 0x0000000088400000| Complete 
| 133|0x0000000088500000, 0x0000000088600000, 0x0000000088600000|100%|HS|  |TAMS 0x0000000088600000, 0x0000000088500000| Complete 
| 134|0x0000000088600000, 0x0000000088700000, 0x0000000088700000|100%|HC|  |TAMS 0x0000000088700000, 0x0000000088600000| Complete 
| 135|0x0000000088700000, 0x0000000088800000, 0x0000000088800000|100%|HS|  |TAMS 0x0000000088800000, 0x0000000088700000| Complete 
| 136|0x0000000088800000, 0x0000000088900000, 0x0000000088900000|100%|HC|  |TAMS 0x0000000088900000, 0x0000000088800000| Complete 
| 137|0x0000000088900000, 0x0000000088a00000, 0x0000000088a00000|100%|HC|  |TAMS 0x0000000088a00000, 0x0000000088900000| Complete 
| 138|0x0000000088a00000, 0x0000000088b00000, 0x0000000088b00000|100%| O|  |TAMS 0x0000000088b00000, 0x0000000088a00000| Untracked 
| 139|0x0000000088b00000, 0x0000000088c00000, 0x0000000088c00000|100%| O|  |TAMS 0x0000000088c00000, 0x0000000088b00000| Untracked 
| 140|0x0000000088c00000, 0x0000000088d00000, 0x0000000088d00000|100%| O|  |TAMS 0x0000000088d00000, 0x0000000088c00000| Untracked 
| 141|0x0000000088d00000, 0x0000000088e00000, 0x0000000088e00000|100%| O|  |TAMS 0x0000000088d87400, 0x0000000088d00000| Untracked 
| 142|0x0000000088e00000, 0x0000000088f00000, 0x0000000088f00000|100%|HS|  |TAMS 0x0000000088e00000, 0x0000000088e00000| Complete 
| 143|0x0000000088f00000, 0x0000000089000000, 0x0000000089000000|100%|HC|  |TAMS 0x0000000088f00000, 0x0000000088f00000| Complete 
| 144|0x0000000089000000, 0x0000000089100000, 0x0000000089100000|100%|HC|  |TAMS 0x0000000089000000, 0x0000000089000000| Complete 
| 145|0x0000000089100000, 0x0000000089200000, 0x0000000089200000|100%|HC|  |TAMS 0x0000000089100000, 0x0000000089100000| Complete 
| 146|0x0000000089200000, 0x0000000089300000, 0x0000000089300000|100%|HC|  |TAMS 0x0000000089200000, 0x0000000089200000| Complete 
| 147|0x0000000089300000, 0x0000000089400000, 0x0000000089400000|100%|HC|  |TAMS 0x0000000089300000, 0x0000000089300000| Complete 
| 148|0x0000000089400000, 0x0000000089500000, 0x0000000089500000|100%|HC|  |TAMS 0x0000000089400000, 0x0000000089400000| Complete 
| 149|0x0000000089500000, 0x0000000089600000, 0x0000000089600000|100%|HC|  |TAMS 0x0000000089500000, 0x0000000089500000| Complete 
| 150|0x0000000089600000, 0x0000000089700000, 0x0000000089700000|100%|HC|  |TAMS 0x0000000089600000, 0x0000000089600000| Complete 
| 151|0x0000000089700000, 0x0000000089800000, 0x0000000089800000|100%|HC|  |TAMS 0x0000000089700000, 0x0000000089700000| Complete 
| 152|0x0000000089800000, 0x0000000089900000, 0x0000000089900000|100%|HS|  |TAMS 0x0000000089800000, 0x0000000089800000| Complete 
| 153|0x0000000089900000, 0x0000000089a00000, 0x0000000089a00000|100%|HC|  |TAMS 0x0000000089900000, 0x0000000089900000| Complete 
| 154|0x0000000089a00000, 0x0000000089b00000, 0x0000000089b00000|100%| O|  |TAMS 0x0000000089a00000, 0x0000000089a00000| Untracked 
| 155|0x0000000089b00000, 0x0000000089c00000, 0x0000000089c00000|100%| O|  |TAMS 0x0000000089b00000, 0x0000000089b00000| Untracked 
| 156|0x0000000089c00000, 0x0000000089d00000, 0x0000000089d00000|100%| O|  |TAMS 0x0000000089c00000, 0x0000000089c00000| Untracked 
| 157|0x0000000089d00000, 0x0000000089e00000, 0x0000000089e00000|100%| O|  |TAMS 0x0000000089d00000, 0x0000000089d00000| Untracked 
| 158|0x0000000089e00000, 0x0000000089f00000, 0x0000000089f00000|100%| O|  |TAMS 0x0000000089e00000, 0x0000000089e00000| Untracked 
| 159|0x0000000089f00000, 0x000000008a000000, 0x000000008a000000|100%| O|  |TAMS 0x0000000089f00000, 0x0000000089f00000| Untracked 
| 160|0x000000008a000000, 0x000000008a100000, 0x000000008a100000|100%| O|  |TAMS 0x000000008a000000, 0x000000008a000000| Untracked 
| 161|0x000000008a100000, 0x000000008a200000, 0x000000008a200000|100%| O|  |TAMS 0x000000008a100000, 0x000000008a100000| Untracked 
| 162|0x000000008a200000, 0x000000008a26b200, 0x000000008a300000| 41%| O|  |TAMS 0x000000008a200000, 0x000000008a200000| Untracked 
| 163|0x000000008a300000, 0x000000008a300000, 0x000000008a400000|  0%| F|  |TAMS 0x000000008a300000, 0x000000008a300000| Untracked 
| 164|0x000000008a400000, 0x000000008a400000, 0x000000008a500000|  0%| F|  |TAMS 0x000000008a400000, 0x000000008a400000| Untracked 
| 165|0x000000008a500000, 0x000000008a500000, 0x000000008a600000|  0%| F|  |TAMS 0x000000008a500000, 0x000000008a500000| Untracked 
| 166|0x000000008a600000, 0x000000008a600000, 0x000000008a700000|  0%| F|  |TAMS 0x000000008a600000, 0x000000008a600000| Untracked 
| 167|0x000000008a700000, 0x000000008a700000, 0x000000008a800000|  0%| F|  |TAMS 0x000000008a700000, 0x000000008a700000| Untracked 
| 168|0x000000008a800000, 0x000000008a800000, 0x000000008a900000|  0%| F|  |TAMS 0x000000008a800000, 0x000000008a800000| Untracked 
| 169|0x000000008a900000, 0x000000008a900000, 0x000000008aa00000|  0%| F|  |TAMS 0x000000008a900000, 0x000000008a900000| Untracked 
| 170|0x000000008aa00000, 0x000000008aa00000, 0x000000008ab00000|  0%| F|  |TAMS 0x000000008aa00000, 0x000000008aa00000| Untracked 
| 171|0x000000008ab00000, 0x000000008ab00000, 0x000000008ac00000|  0%| F|  |TAMS 0x000000008ab00000, 0x000000008ab00000| Untracked 
| 172|0x000000008ac00000, 0x000000008ac00000, 0x000000008ad00000|  0%| F|  |TAMS 0x000000008ac00000, 0x000000008ac00000| Untracked 
| 173|0x000000008ad00000, 0x000000008ad00000, 0x000000008ae00000|  0%| F|  |TAMS 0x000000008ad00000, 0x000000008ad00000| Untracked 
| 174|0x000000008ae00000, 0x000000008ae00000, 0x000000008af00000|  0%| F|  |TAMS 0x000000008ae00000, 0x000000008ae00000| Untracked 
| 175|0x000000008af00000, 0x000000008af00000, 0x000000008b000000|  0%| F|  |TAMS 0x000000008af00000, 0x000000008af00000| Untracked 
| 176|0x000000008b000000, 0x000000008b000000, 0x000000008b100000|  0%| F|  |TAMS 0x000000008b000000, 0x000000008b000000| Untracked 
| 177|0x000000008b100000, 0x000000008b100000, 0x000000008b200000|  0%| F|  |TAMS 0x000000008b100000, 0x000000008b100000| Untracked 
| 178|0x000000008b200000, 0x000000008b200000, 0x000000008b300000|  0%| F|  |TAMS 0x000000008b200000, 0x000000008b200000| Untracked 
| 179|0x000000008b300000, 0x000000008b300000, 0x000000008b400000|  0%| F|  |TAMS 0x000000008b300000, 0x000000008b300000| Untracked 
| 180|0x000000008b400000, 0x000000008b400000, 0x000000008b500000|  0%| F|  |TAMS 0x000000008b400000, 0x000000008b400000| Untracked 
| 181|0x000000008b500000, 0x000000008b500000, 0x000000008b600000|  0%| F|  |TAMS 0x000000008b500000, 0x000000008b500000| Untracked 
| 182|0x000000008b600000, 0x000000008b600000, 0x000000008b700000|  0%| F|  |TAMS 0x000000008b600000, 0x000000008b600000| Untracked 
| 183|0x000000008b700000, 0x000000008b700000, 0x000000008b800000|  0%| F|  |TAMS 0x000000008b700000, 0x000000008b700000| Untracked 
| 184|0x000000008b800000, 0x000000008b800000, 0x000000008b900000|  0%| F|  |TAMS 0x000000008b800000, 0x000000008b800000| Untracked 
| 185|0x000000008b900000, 0x000000008b900000, 0x000000008ba00000|  0%| F|  |TAMS 0x000000008b900000, 0x000000008b900000| Untracked 
| 186|0x000000008ba00000, 0x000000008ba00000, 0x000000008bb00000|  0%| F|  |TAMS 0x000000008ba00000, 0x000000008ba00000| Untracked 
| 187|0x000000008bb00000, 0x000000008bc00000, 0x000000008bc00000|100%| S|CS|TAMS 0x000000008bb00000, 0x000000008bb00000| Complete 
| 188|0x000000008bc00000, 0x000000008bd00000, 0x000000008bd00000|100%| S|CS|TAMS 0x000000008bc00000, 0x000000008bc00000| Complete 
| 189|0x000000008bd00000, 0x000000008be00000, 0x000000008be00000|100%| S|CS|TAMS 0x000000008bd00000, 0x000000008bd00000| Complete 
| 190|0x000000008be00000, 0x000000008be00000, 0x000000008bf00000|  0%| F|  |TAMS 0x000000008be00000, 0x000000008be00000| Untracked 
| 191|0x000000008bf00000, 0x000000008bf00000, 0x000000008c000000|  0%| F|  |TAMS 0x000000008bf00000, 0x000000008bf00000| Untracked 
| 192|0x000000008c000000, 0x000000008c000000, 0x000000008c100000|  0%| F|  |TAMS 0x000000008c000000, 0x000000008c000000| Untracked 
| 193|0x000000008c100000, 0x000000008c100000, 0x000000008c200000|  0%| F|  |TAMS 0x000000008c100000, 0x000000008c100000| Untracked 
| 194|0x000000008c200000, 0x000000008c200000, 0x000000008c300000|  0%| F|  |TAMS 0x000000008c200000, 0x000000008c200000| Untracked 
| 195|0x000000008c300000, 0x000000008c300000, 0x000000008c400000|  0%| F|  |TAMS 0x000000008c300000, 0x000000008c300000| Untracked 
| 196|0x000000008c400000, 0x000000008c400000, 0x000000008c500000|  0%| F|  |TAMS 0x000000008c400000, 0x000000008c400000| Untracked 
| 197|0x000000008c500000, 0x000000008c500000, 0x000000008c600000|  0%| F|  |TAMS 0x000000008c500000, 0x000000008c500000| Untracked 
| 198|0x000000008c600000, 0x000000008c600000, 0x000000008c700000|  0%| F|  |TAMS 0x000000008c600000, 0x000000008c600000| Untracked 
| 199|0x000000008c700000, 0x000000008c700000, 0x000000008c800000|  0%| F|  |TAMS 0x000000008c700000, 0x000000008c700000| Untracked 
| 200|0x000000008c800000, 0x000000008c800000, 0x000000008c900000|  0%| F|  |TAMS 0x000000008c800000, 0x000000008c800000| Untracked 
| 201|0x000000008c900000, 0x000000008c900000, 0x000000008ca00000|  0%| F|  |TAMS 0x000000008c900000, 0x000000008c900000| Untracked 
| 202|0x000000008ca00000, 0x000000008ca00000, 0x000000008cb00000|  0%| F|  |TAMS 0x000000008ca00000, 0x000000008ca00000| Untracked 
| 203|0x000000008cb00000, 0x000000008cb00000, 0x000000008cc00000|  0%| F|  |TAMS 0x000000008cb00000, 0x000000008cb00000| Untracked 
| 204|0x000000008cc00000, 0x000000008cc00000, 0x000000008cd00000|  0%| F|  |TAMS 0x000000008cc00000, 0x000000008cc00000| Untracked 
| 205|0x000000008cd00000, 0x000000008cd00000, 0x000000008ce00000|  0%| F|  |TAMS 0x000000008cd00000, 0x000000008cd00000| Untracked 
| 206|0x000000008ce00000, 0x000000008ce00000, 0x000000008cf00000|  0%| F|  |TAMS 0x000000008ce00000, 0x000000008ce00000| Untracked 
| 207|0x000000008cf00000, 0x000000008cf00000, 0x000000008d000000|  0%| F|  |TAMS 0x000000008cf00000, 0x000000008cf00000| Untracked 
| 208|0x000000008d000000, 0x000000008d000000, 0x000000008d100000|  0%| F|  |TAMS 0x000000008d000000, 0x000000008d000000| Untracked 
| 209|0x000000008d100000, 0x000000008d100000, 0x000000008d200000|  0%| F|  |TAMS 0x000000008d100000, 0x000000008d100000| Untracked 
| 210|0x000000008d200000, 0x000000008d200000, 0x000000008d300000|  0%| F|  |TAMS 0x000000008d200000, 0x000000008d200000| Untracked 
| 211|0x000000008d300000, 0x000000008d300000, 0x000000008d400000|  0%| F|  |TAMS 0x000000008d300000, 0x000000008d300000| Untracked 
| 212|0x000000008d400000, 0x000000008d400000, 0x000000008d500000|  0%| F|  |TAMS 0x000000008d400000, 0x000000008d400000| Untracked 
| 213|0x000000008d500000, 0x000000008d500000, 0x000000008d600000|  0%| F|  |TAMS 0x000000008d500000, 0x000000008d500000| Untracked 
| 214|0x000000008d600000, 0x000000008d600000, 0x000000008d700000|  0%| F|  |TAMS 0x000000008d600000, 0x000000008d600000| Untracked 
| 215|0x000000008d700000, 0x000000008d700000, 0x000000008d800000|  0%| F|  |TAMS 0x000000008d700000, 0x000000008d700000| Untracked 
| 216|0x000000008d800000, 0x000000008d800000, 0x000000008d900000|  0%| F|  |TAMS 0x000000008d800000, 0x000000008d800000| Untracked 
| 217|0x000000008d900000, 0x000000008d900000, 0x000000008da00000|  0%| F|  |TAMS 0x000000008d900000, 0x000000008d900000| Untracked 
| 218|0x000000008da00000, 0x000000008da00000, 0x000000008db00000|  0%| F|  |TAMS 0x000000008da00000, 0x000000008da00000| Untracked 
| 219|0x000000008db00000, 0x000000008db00000, 0x000000008dc00000|  0%| F|  |TAMS 0x000000008db00000, 0x000000008db00000| Untracked 
| 220|0x000000008dc00000, 0x000000008dc00000, 0x000000008dd00000|  0%| F|  |TAMS 0x000000008dc00000, 0x000000008dc00000| Untracked 
| 221|0x000000008dd00000, 0x000000008dd00000, 0x000000008de00000|  0%| F|  |TAMS 0x000000008dd00000, 0x000000008dd00000| Untracked 
| 222|0x000000008de00000, 0x000000008de00000, 0x000000008df00000|  0%| F|  |TAMS 0x000000008de00000, 0x000000008de00000| Untracked 
| 223|0x000000008df00000, 0x000000008df00000, 0x000000008e000000|  0%| F|  |TAMS 0x000000008df00000, 0x000000008df00000| Untracked 
| 224|0x000000008e000000, 0x000000008e000000, 0x000000008e100000|  0%| F|  |TAMS 0x000000008e000000, 0x000000008e000000| Untracked 
| 225|0x000000008e100000, 0x000000008e100000, 0x000000008e200000|  0%| F|  |TAMS 0x000000008e100000, 0x000000008e100000| Untracked 
| 226|0x000000008e200000, 0x000000008e200000, 0x000000008e300000|  0%| F|  |TAMS 0x000000008e200000, 0x000000008e200000| Untracked 
| 227|0x000000008e300000, 0x000000008e300000, 0x000000008e400000|  0%| F|  |TAMS 0x000000008e300000, 0x000000008e300000| Untracked 
| 228|0x000000008e400000, 0x000000008e400000, 0x000000008e500000|  0%| F|  |TAMS 0x000000008e400000, 0x000000008e400000| Untracked 
| 229|0x000000008e500000, 0x000000008e500000, 0x000000008e600000|  0%| F|  |TAMS 0x000000008e500000, 0x000000008e500000| Untracked 
| 230|0x000000008e600000, 0x000000008e600000, 0x000000008e700000|  0%| F|  |TAMS 0x000000008e600000, 0x000000008e600000| Untracked 
| 231|0x000000008e700000, 0x000000008e700000, 0x000000008e800000|  0%| F|  |TAMS 0x000000008e700000, 0x000000008e700000| Untracked 
| 232|0x000000008e800000, 0x000000008e800000, 0x000000008e900000|  0%| F|  |TAMS 0x000000008e800000, 0x000000008e800000| Untracked 
| 233|0x000000008e900000, 0x000000008e900000, 0x000000008ea00000|  0%| F|  |TAMS 0x000000008e900000, 0x000000008e900000| Untracked 
| 234|0x000000008ea00000, 0x000000008ea00000, 0x000000008eb00000|  0%| F|  |TAMS 0x000000008ea00000, 0x000000008ea00000| Untracked 
| 235|0x000000008eb00000, 0x000000008eb00000, 0x000000008ec00000|  0%| F|  |TAMS 0x000000008eb00000, 0x000000008eb00000| Untracked 
| 236|0x000000008ec00000, 0x000000008ec00000, 0x000000008ed00000|  0%| F|  |TAMS 0x000000008ec00000, 0x000000008ec00000| Untracked 
| 237|0x000000008ed00000, 0x000000008ed00000, 0x000000008ee00000|  0%| F|  |TAMS 0x000000008ed00000, 0x000000008ed00000| Untracked 
| 238|0x000000008ee00000, 0x000000008ee00000, 0x000000008ef00000|  0%| F|  |TAMS 0x000000008ee00000, 0x000000008ee00000| Untracked 
| 239|0x000000008ef00000, 0x000000008ef00000, 0x000000008f000000|  0%| F|  |TAMS 0x000000008ef00000, 0x000000008ef00000| Untracked 

Card table byte_map: [0x0000021319ae0000,0x0000021319ee0000] _byte_map_base: 0x00000213196e0000

Marking Bits (Prev, Next): (CMBitMap*) 0x000002130200cf88, (CMBitMap*) 0x000002130200cfc0
 Prev Bits: [0x000002131a2e0000, 0x000002131c2e0000)
 Next Bits: [0x000002131c2e0000, 0x000002131e2e0000)

Polling page: 0x00000213017a0000

Metaspace:

Usage:
  Non-class:     72.21 MB capacity,    70.90 MB ( 98%) used,     1.08 MB (  2%) free+waste,   231.56 KB ( <1%) overhead. 
      Class:     11.46 MB capacity,    10.63 MB ( 93%) used,   742.55 KB (  6%) free+waste,   109.06 KB ( <1%) overhead. 
       Both:     83.67 MB capacity,    81.53 MB ( 97%) used,     1.81 MB (  2%) free+waste,   340.63 KB ( <1%) overhead. 

Virtual space:
  Non-class space:       74.00 MB reserved,      72.25 MB ( 98%) committed 
      Class space:        1.00 GB reserved,      11.50 MB (  1%) committed 
             Both:        1.07 GB reserved,      83.75 MB (  8%) committed 

Chunk freelists:
   Non-Class:  40.00 KB
       Class:  10.00 KB
        Both:  50.00 KB

MaxMetaspaceSize: 17179869184.00 GB
CompressedClassSpaceSize: 1.00 GB
Initial GC threshold: 20.80 MB
Current GC threshold: 136.25 MB
CDS: off

CodeHeap 'non-profiled nmethods': size=120064Kb used=4392Kb max_used=4392Kb free=115671Kb
 bounds [0x00000213121a0000, 0x00000213125f0000, 0x00000213196e0000]
CodeHeap 'profiled nmethods': size=120000Kb used=18064Kb max_used=18064Kb free=101935Kb
 bounds [0x000002130ac70000, 0x000002130be20000, 0x00000213121a0000]
CodeHeap 'non-nmethods': size=5696Kb used=2390Kb max_used=2418Kb free=3306Kb
 bounds [0x000002130a6e0000, 0x000002130a950000, 0x000002130ac70000]
 total_blobs=9337 nmethods=8443 adapters=806
 compilation: enabled
              stopped_count=0, restarted_count=0
 full_count=0

Compilation events (20 events):
Event: 28.108 Thread 0x00000213207fe000 nmethod 8555 0x000002130be11310 code [0x000002130be114c0, 0x000002130be116a8]
Event: 28.108 Thread 0x00000213207fe000 8556       3       sun.reflect.generics.scope.MethodScope::computeEnclosingScope (8 bytes)
Event: 28.109 Thread 0x00000213207fe000 nmethod 8556 0x000002130be11790 code [0x000002130be11980, 0x000002130be11e98]
Event: 28.109 Thread 0x00000213207fe000 8557       3       sun.reflect.generics.scope.MethodScope::getEnclosingClass (11 bytes)
Event: 28.109 Thread 0x00000213207fe000 nmethod 8557 0x000002130be12090 code [0x000002130be12240, 0x000002130be124d8]
Event: 28.113 Thread 0x00000213207fe000 8558       1       org.gradle.launcher.daemon.server.exec.LogToClient::access$100 (5 bytes)
Event: 28.114 Thread 0x00000213207fe000 nmethod 8558 0x00000213125e7810 code [0x00000213125e79c0, 0x00000213125e7a58]
Event: 28.117 Thread 0x00000213207fe000 8559       3       java.lang.String::<init> (55 bytes)
Event: 28.117 Thread 0x00000213207fe000 nmethod 8559 0x000002130be12590 code [0x000002130be12780, 0x000002130be12ae8]
Event: 28.119 Thread 0x00000213207fb000 8560       4       org.codehaus.groovy.reflection.stdclasses.CachedSAMClass$$Lambda$366/0x00000001004cc040::test (12 bytes)
Event: 28.130 Thread 0x00000213207fb000 nmethod 8560 0x00000213125e7b10 code [0x00000213125e7d00, 0x00000213125e8228]
Event: 28.130 Thread 0x00000213207fb000 8562   !   4       org.codehaus.groovy.vmplugin.v8.Java8::checkCanSetAccessible (49 bytes)
Event: 28.131 Thread 0x00000213207fe000 8564   !   3       java.util.zip.ZipFile::getMetaInfEntryNames (106 bytes)
Event: 28.131 Thread 0x00000213207fb000 nmethod 8562 0x00000213125e8690 code [0x00000213125e8820, 0x00000213125e88d8]
Event: 28.131 Thread 0x00000213207fb000 8563       4       java.lang.String::<init> (55 bytes)
Event: 28.131 Thread 0x00000213207fe000 nmethod 8564 0x000002130be12c90 code [0x000002130be12ea0, 0x000002130be13738]
Event: 28.145 Thread 0x00000213207fe000 8567       3       javax.management.ObjectName::<init> (15 bytes)
Event: 28.146 Thread 0x00000213207fe000 nmethod 8567 0x000002130be13c90 code [0x000002130be13e60, 0x000002130be13fe8]
Event: 28.151 Thread 0x00000213207fb000 nmethod 8563 0x00000213125e8990 code [0x00000213125e8bc0, 0x00000213125e99c0]
Event: 28.151 Thread 0x00000213207fb000 8565   !   4       java.lang.StringCoding::decode (300 bytes)

GC Heap History (20 events):
Event: 19.291 GC heap after
{Heap after GC invocations=54 (full 0):
 garbage-first heap   total 204800K, used 103381K [0x0000000080000000, 0x0000000100000000)
  region size 1024K, 4 young (4096K), 4 survivors (4096K)
 Metaspace       used 62924K, capacity 64716K, committed 64896K, reserved 1105920K
  class space    used 8097K, capacity 8816K, committed 8832K, reserved 1048576K
}
Event: 19.423 GC heap before
{Heap before GC invocations=54 (full 0):
 garbage-first heap   total 204800K, used 106453K [0x0000000080000000, 0x0000000100000000)
  region size 1024K, 8 young (8192K), 4 survivors (4096K)
 Metaspace       used 63516K, capacity 65356K, committed 65536K, reserved 1105920K
  class space    used 8164K, capacity 8880K, committed 8960K, reserved 1048576K
}
Event: 19.430 GC heap after
{Heap after GC invocations=55 (full 0):
 garbage-first heap   total 204800K, used 103898K [0x0000000080000000, 0x0000000100000000)
  region size 1024K, 4 young (4096K), 4 survivors (4096K)
 Metaspace       used 63516K, capacity 65356K, committed 65536K, reserved 1105920K
  class space    used 8164K, capacity 8880K, committed 8960K, reserved 1048576K
}
Event: 19.612 GC heap before
{Heap before GC invocations=56 (full 0):
 garbage-first heap   total 204800K, used 122330K [0x0000000080000000, 0x0000000100000000)
  region size 1024K, 18 young (18432K), 4 survivors (4096K)
 Metaspace       used 63520K, capacity 65362K, committed 65536K, reserved 1105920K
  class space    used 8165K, capacity 8881K, committed 8960K, reserved 1048576K
}
Event: 19.625 GC heap after
{Heap after GC invocations=57 (full 0):
 garbage-first heap   total 204800K, used 110430K [0x0000000080000000, 0x0000000100000000)
  region size 1024K, 6 young (6144K), 6 survivors (6144K)
 Metaspace       used 63520K, capacity 65362K, committed 65536K, reserved 1105920K
  class space    used 8165K, capacity 8881K, committed 8960K, reserved 1048576K
}
Event: 20.585 GC heap before
{Heap before GC invocations=58 (full 0):
 garbage-first heap   total 204800K, used 155486K [0x0000000080000000, 0x0000000100000000)
  region size 1024K, 48 young (49152K), 6 survivors (6144K)
 Metaspace       used 66860K, capacity 68745K, committed 68992K, reserved 1110016K
  class space    used 8581K, capacity 9315K, committed 9344K, reserved 1048576K
}
Event: 20.600 GC heap after
{Heap after GC invocations=59 (full 0):
 garbage-first heap   total 204800K, used 109251K [0x0000000080000000, 0x0000000100000000)
  region size 1024K, 3 young (3072K), 3 survivors (3072K)
 Metaspace       used 66860K, capacity 68745K, committed 68992K, reserved 1110016K
  class space    used 8581K, capacity 9315K, committed 9344K, reserved 1048576K
}
Event: 20.675 GC heap before
{Heap before GC invocations=59 (full 0):
 garbage-first heap   total 204800K, used 114371K [0x0000000080000000, 0x0000000100000000)
  region size 1024K, 9 young (9216K), 3 survivors (3072K)
 Metaspace       used 67259K, capacity 69071K, committed 69376K, reserved 1110016K
  class space    used 8654K, capacity 9380K, committed 9472K, reserved 1048576K
}
Event: 20.679 GC heap after
{Heap after GC invocations=60 (full 0):
 garbage-first heap   total 204800K, used 109734K [0x0000000080000000, 0x0000000100000000)
  region size 1024K, 3 young (3072K), 3 survivors (3072K)
 Metaspace       used 67259K, capacity 69071K, committed 69376K, reserved 1110016K
  class space    used 8654K, capacity 9380K, committed 9472K, reserved 1048576K
}
Event: 21.501 GC heap before
{Heap before GC invocations=61 (full 0):
 garbage-first heap   total 204800K, used 151718K [0x0000000080000000, 0x0000000100000000)
  region size 1024K, 44 young (45056K), 3 survivors (3072K)
 Metaspace       used 70993K, capacity 72819K, committed 72960K, reserved 1112064K
  class space    used 9124K, capacity 9870K, committed 9984K, reserved 1048576K
}
Event: 21.514 GC heap after
{Heap after GC invocations=62 (full 0):
 garbage-first heap   total 204800K, used 110248K [0x0000000080000000, 0x0000000100000000)
  region size 1024K, 5 young (5120K), 5 survivors (5120K)
 Metaspace       used 70993K, capacity 72819K, committed 72960K, reserved 1112064K
  class space    used 9124K, capacity 9870K, committed 9984K, reserved 1048576K
}
Event: 21.997 GC heap before
{Heap before GC invocations=62 (full 0):
 garbage-first heap   total 204800K, used 154280K [0x0000000080000000, 0x0000000100000000)
  region size 1024K, 48 young (49152K), 5 survivors (5120K)
 Metaspace       used 71724K, capacity 73630K, committed 73728K, reserved 1114112K
  class space    used 9220K, capacity 9971K, committed 9984K, reserved 1048576K
}
Event: 22.023 GC heap after
{Heap after GC invocations=63 (full 0):
 garbage-first heap   total 245760K, used 113311K [0x0000000080000000, 0x0000000100000000)
  region size 1024K, 6 young (6144K), 6 survivors (6144K)
 Metaspace       used 71724K, capacity 73630K, committed 73728K, reserved 1114112K
  class space    used 9220K, capacity 9971K, committed 9984K, reserved 1048576K
}
Event: 24.058 GC heap before
{Heap before GC invocations=64 (full 0):
 garbage-first heap   total 245760K, used 175775K [0x0000000080000000, 0x0000000100000000)
  region size 1024K, 67 young (68608K), 6 survivors (6144K)
 Metaspace       used 78456K, capacity 80443K, committed 80512K, reserved 1118208K
  class space    used 10304K, capacity 11077K, committed 11136K, reserved 1048576K
}
Event: 24.096 GC heap after
{Heap after GC invocations=65 (full 0):
 garbage-first heap   total 245760K, used 117253K [0x0000000080000000, 0x0000000100000000)
  region size 1024K, 7 young (7168K), 7 survivors (7168K)
 Metaspace       used 78456K, capacity 80443K, committed 80512K, reserved 1118208K
  class space    used 10304K, capacity 11077K, committed 11136K, reserved 1048576K
}
Event: 24.976 GC heap before
{Heap before GC invocations=65 (full 0):
 garbage-first heap   total 245760K, used 143877K [0x0000000080000000, 0x0000000100000000)
  region size 1024K, 35 young (35840K), 7 survivors (7168K)
 Metaspace       used 81539K, capacity 83613K, committed 83712K, reserved 1122304K
  class space    used 10601K, capacity 11422K, committed 11520K, reserved 1048576K
}
Event: 25.009 GC heap after
{Heap after GC invocations=66 (full 0):
 garbage-first heap   total 245760K, used 122046K [0x0000000080000000, 0x0000000100000000)
  region size 1024K, 9 young (9216K), 9 survivors (9216K)
 Metaspace       used 81539K, capacity 83613K, committed 83712K, reserved 1122304K
  class space    used 10601K, capacity 11422K, committed 11520K, reserved 1048576K
}
Event: 25.632 GC heap before
{Heap before GC invocations=67 (full 0):
 garbage-first heap   total 245760K, used 152766K [0x0000000080000000, 0x0000000100000000)
  region size 1024K, 14 young (14336K), 9 survivors (9216K)
 Metaspace       used 81539K, capacity 83613K, committed 83712K, reserved 1122304K
  class space    used 10601K, capacity 11422K, committed 11520K, reserved 1048576K
}
Event: 25.660 GC heap after
{Heap after GC invocations=68 (full 0):
 garbage-first heap   total 245760K, used 154141K [0x0000000080000000, 0x0000000100000000)
  region size 1024K, 9 young (9216K), 9 survivors (9216K)
 Metaspace       used 81539K, capacity 83613K, committed 83712K, reserved 1122304K
  class space    used 10601K, capacity 11422K, committed 11520K, reserved 1048576K
}
Event: 28.157 GC heap before
{Heap before GC invocations=69 (full 0):
 garbage-first heap   total 245760K, used 208413K [0x0000000080000000, 0x0000000100000000)
  region size 1024K, 50 young (51200K), 9 survivors (9216K)
 Metaspace       used 83485K, capacity 85678K, committed 85760K, reserved 1124352K
  class space    used 10882K, capacity 11734K, committed 11776K, reserved 1048576K
}

Deoptimization events (20 events):
Event: 26.917 Thread 0x0000021327313000 Uncommon trap: trap_request=0xffffffde fr.pc=0x00000213122a6ca4 relative=0x00000000000002e4
Event: 26.917 Thread 0x0000021327313000 Uncommon trap: reason=class_check action=maybe_recompile pc=0x00000213122a6ca4 method=java.util.Collections$SetFromMap.remove(Ljava/lang/Object;)Z @ 5 c2
Event: 26.917 Thread 0x0000021327313000 DEOPT PACKING pc=0x00000213122a6ca4 sp=0x0000006e98dfdb70
Event: 26.917 Thread 0x0000021327313000 DEOPT UNPACKING pc=0x000002130a6e85af sp=0x0000006e98dfdb68 mode 2
Event: 26.982 Thread 0x0000021327313000 Uncommon trap: trap_request=0xffffffde fr.pc=0x000002131255baec relative=0x000000000000022c
Event: 26.982 Thread 0x0000021327313000 Uncommon trap: reason=class_check action=maybe_recompile pc=0x000002131255baec method=java.util.stream.StreamOpFlag.fromCharacteristics(Ljava/util/Spliterator;)I @ 14 c2
Event: 26.982 Thread 0x0000021327313000 DEOPT PACKING pc=0x000002131255baec sp=0x0000006e98dfd4b0
Event: 26.982 Thread 0x0000021327313000 DEOPT UNPACKING pc=0x000002130a6e85af sp=0x0000006e98dfd398 mode 2
Event: 26.997 Thread 0x00000213232b1000 DEOPT PACKING pc=0x000002130afb83c9 sp=0x0000006e94ffc830
Event: 26.997 Thread 0x00000213232b1000 DEOPT UNPACKING pc=0x000002130a729d0e sp=0x0000006e94ffbca8 mode 0
Event: 27.006 Thread 0x0000021327313000 Uncommon trap: trap_request=0xffffffde fr.pc=0x00000213122a6ca4 relative=0x00000000000002e4
Event: 27.006 Thread 0x0000021327313000 Uncommon trap: reason=class_check action=maybe_recompile pc=0x00000213122a6ca4 method=java.util.Collections$SetFromMap.remove(Ljava/lang/Object;)Z @ 5 c2
Event: 27.006 Thread 0x0000021327313000 DEOPT PACKING pc=0x00000213122a6ca4 sp=0x0000006e98dfdb70
Event: 27.006 Thread 0x0000021327313000 DEOPT UNPACKING pc=0x000002130a6e85af sp=0x0000006e98dfdb68 mode 2
Event: 28.113 Thread 0x000002132274d800 Uncommon trap: trap_request=0xffffff4d fr.pc=0x000002131232ae80 relative=0x00000000000009e0
Event: 28.113 Thread 0x000002132274d800 Uncommon trap: reason=unstable_if action=reinterpret pc=0x000002131232ae80 method=java.lang.ThreadLocal.get()Ljava/lang/Object; @ 11 c2
Event: 28.113 Thread 0x000002132274d800 DEOPT PACKING pc=0x000002131232ae80 sp=0x0000006e992fbae0
Event: 28.113 Thread 0x000002132274d800 DEOPT UNPACKING pc=0x000002130a6e85af sp=0x0000006e992fb900 mode 2
Event: 28.131 Thread 0x000002132274d800 DEOPT PACKING pc=0x000002130b17cfae sp=0x0000006e992f9d80
Event: 28.131 Thread 0x000002132274d800 DEOPT UNPACKING pc=0x000002130a729d0e sp=0x0000006e992f9288 mode 0

Classes redefined (0 events):
No events

Internal exceptions (20 events):
Event: 26.995 Thread 0x00000213232b1000 Exception <a 'java/lang/NoSuchMethodError'{0x000000008d6e4288}: <clinit>> (0x000000008d6e4288) thrown at [./src/hotspot/share/prims/jni.cpp, line 1365]
Event: 26.996 Thread 0x00000213232b1000 Exception <a 'java/lang/NoSuchMethodError'{0x000000008d6f0be8}: <clinit>> (0x000000008d6f0be8) thrown at [./src/hotspot/share/prims/jni.cpp, line 1365]
Event: 26.998 Thread 0x00000213232b1000 Exception <a 'java/lang/NoSuchMethodError'{0x000000008d6fc428}: <clinit>> (0x000000008d6fc428) thrown at [./src/hotspot/share/prims/jni.cpp, line 1365]
Event: 27.009 Thread 0x00000213232b1000 Exception <a 'java/lang/NoSuchMethodError'{0x000000008d5338b8}: <clinit>> (0x000000008d5338b8) thrown at [./src/hotspot/share/prims/jni.cpp, line 1365]
Event: 27.012 Thread 0x00000213232b1000 Exception <a 'java/lang/NoSuchMethodError'{0x000000008d54f770}: <clinit>> (0x000000008d54f770) thrown at [./src/hotspot/share/prims/jni.cpp, line 1365]
Event: 27.012 Thread 0x00000213232b1000 Exception <a 'java/lang/NoSuchMethodError'{0x000000008d550ee8}: <clinit>> (0x000000008d550ee8) thrown at [./src/hotspot/share/prims/jni.cpp, line 1365]
Event: 27.013 Thread 0x00000213232b1000 Exception <a 'java/lang/NoSuchMethodError'{0x000000008d552cd8}: <clinit>> (0x000000008d552cd8) thrown at [./src/hotspot/share/prims/jni.cpp, line 1365]
Event: 27.027 Thread 0x00000213232d0000 Exception <a 'java/lang/ClassNotFoundException'{0x000000008d9bd088}: org/jetbrains/plugins/gradle/tooling/util/SourceSetCachedFinder$1BeanInfo> (0x000000008d9bd088) thrown at [./src/hotspot/share/classfile/systemDictionary.cpp, line 231]
Event: 27.028 Thread 0x00000213232d0000 Exception <a 'java/lang/ClassNotFoundException'{0x000000008d9cf0e0}: org/jetbrains/plugins/gradle/tooling/util/SourceSetCachedFinder$1Customizer> (0x000000008d9cf0e0) thrown at [./src/hotspot/share/classfile/systemDictionary.cpp, line 231]
Event: 27.031 Thread 0x00000213232d0000 Exception <a 'java/lang/ClassNotFoundException'{0x000000008d567690}: org/jetbrains/plugins/gradle/tooling/util/SourceSetCachedFinder$2BeanInfo> (0x000000008d567690) thrown at [./src/hotspot/share/classfile/systemDictionary.cpp, line 231]
Event: 27.034 Thread 0x00000213232d0000 Exception <a 'java/lang/ClassNotFoundException'{0x000000008d5796e8}: org/jetbrains/plugins/gradle/tooling/util/SourceSetCachedFinder$2Customizer> (0x000000008d5796e8) thrown at [./src/hotspot/share/classfile/systemDictionary.cpp, line 231]
Event: 27.039 Thread 0x00000213232d0000 Exception <a 'java/lang/ClassNotFoundException'{0x000000008d5c5610}: org/jetbrains/plugins/gradle/tooling/util/SourceSetCachedFinderBeanInfo> (0x000000008d5c5610) thrown at [./src/hotspot/share/classfile/systemDictionary.cpp, line 231]
Event: 27.040 Thread 0x00000213232d0000 Exception <a 'java/lang/ClassNotFoundException'{0x000000008d5d83f0}: org/jetbrains/plugins/gradle/tooling/util/SourceSetCachedFinderCustomizer> (0x000000008d5d83f0) thrown at [./src/hotspot/share/classfile/systemDictionary.cpp, line 231]
Event: 27.059 Thread 0x00000213232d0000 Exception <a 'java/lang/ClassNotFoundException'{0x000000008d4b2d90}: org/jetbrains/plugins/gradle/tooling/util/SourceSetCachedFinder$ArtifactsMapBeanInfo> (0x000000008d4b2d90) thrown at [./src/hotspot/share/classfile/systemDictionary.cpp, line 231]
Event: 27.060 Thread 0x00000213232d0000 Exception <a 'java/lang/ClassNotFoundException'{0x000000008d4c5a48}: org/jetbrains/plugins/gradle/tooling/util/SourceSetCachedFinder$ArtifactsMapCustomizer> (0x000000008d4c5a48) thrown at [./src/hotspot/share/classfile/systemDictionary.cpp, line 231]
Event: 28.113 Thread 0x000002132274d800 Implicit null exception at 0x000002131232a5f5 to 0x000002131232ae68
Event: 28.149 Thread 0x00000213232d0000 Exception <a 'java/lang/ClassNotFoundException'{0x000000008c062300}: org/gradle/api/internal/artifacts/configurations/DefaultConfigurationContainer_DecoratedBeanInfo> (0x000000008c062300) thrown at [./src/hotspot/share/classfile/systemDictionary.cpp, line 231]
Event: 28.151 Thread 0x00000213232d0000 Exception <a 'java/lang/ClassNotFoundException'{0x000000008bfe48d8}: org/gradle/api/internal/artifacts/configurations/DefaultConfigurationContainerBeanInfo> (0x000000008bfe48d8) thrown at [./src/hotspot/share/classfile/systemDictionary.cpp, line 231]
Event: 28.152 Thread 0x00000213232d0000 Exception <a 'java/lang/ClassNotFoundException'{0x000000008bffecc8}: org/gradle/api/internal/AbstractValidatingNamedDomainObjectContainerBeanInfo> (0x000000008bffecc8) thrown at [./src/hotspot/share/classfile/systemDictionary.cpp, line 231]
Event: 28.153 Thread 0x00000213232d0000 Exception <a 'java/lang/ClassNotFoundException'{0x000000008be197f8}: org/gradle/api/internal/AbstractValidatingNamedDomainObjectContainerCustomizer> (0x000000008be197f8) thrown at [./src/hotspot/share/classfile/systemDictionary.cpp, line 231]

Events (20 events):
Event: 28.151 loading class org/gradle/api/internal/AbstractValidatingNamedDomainObjectContainerBeanInfo done
Event: 28.152 loading class org/gradle/api/internal/AbstractValidatingNamedDomainObjectContainerBeanInfo
Event: 28.152 loading class org/gradle/api/internal/AbstractValidatingNamedDomainObjectContainerBeanInfo done
Event: 28.152 loading class org/gradle/api/internal/AbstractValidatingNamedDomainObjectContainerBeanInfo
Event: 28.152 loading class org/gradle/api/internal/AbstractValidatingNamedDomainObjectContainerBeanInfo done
Event: 28.152 loading class org/gradle/api/internal/AbstractValidatingNamedDomainObjectContainerCustomizer
Event: 28.152 loading class org/gradle/api/internal/AbstractValidatingNamedDomainObjectContainerCustomizer done
Event: 28.153 loading class org/gradle/api/internal/AbstractValidatingNamedDomainObjectContainerCustomizer
Event: 28.153 loading class org/gradle/api/internal/AbstractValidatingNamedDomainObjectContainerCustomizer done
Event: 28.153 loading class org/gradle/api/internal/AbstractValidatingNamedDomainObjectContainerCustomizer
Event: 28.153 loading class org/gradle/api/internal/AbstractValidatingNamedDomainObjectContainerCustomizer done
Event: 28.154 loading class com/amazon/ion/IonBinaryWriter
Event: 28.154 loading class com/amazon/ion/IonBinaryWriter done
Event: 28.155 loading class org/gradle/api/internal/artifacts/configurations/DefaultConfigurationContainerCustomizer
Event: 28.155 loading class org/gradle/api/internal/artifacts/configurations/DefaultConfigurationContainerCustomizer done
Event: 28.156 loading class org/gradle/api/internal/artifacts/configurations/DefaultConfigurationContainerCustomizer
Event: 28.156 loading class org/gradle/api/internal/artifacts/configurations/DefaultConfigurationContainerCustomizer done
Event: 28.156 loading class com/amazon/ion/IonWriter
Event: 28.156 loading class com/amazon/ion/IonWriter done
Event: 28.156 Executing VM operation: G1CollectForAllocation


Dynamic libraries:
0x00007ff6ede50000 - 0x00007ff6ede5d000 	C:\Program Files\Microsoft\jdk-11.0.12.7-hotspot\bin\java.exe
0x00007ffc6a5f0000 - 0x00007ffc6a7e8000 	C:\WINDOWS\SYSTEM32\ntdll.dll
0x00007ffc68e50000 - 0x00007ffc68f0f000 	C:\WINDOWS\System32\KERNEL32.DLL
0x00007ffc68030000 - 0x00007ffc68302000 	C:\WINDOWS\System32\KERNELBASE.dll
0x00007ffc65130000 - 0x00007ffc651c1000 	C:\WINDOWS\SYSTEM32\apphelp.dll
0x00007ffc684c0000 - 0x00007ffc685c0000 	C:\WINDOWS\System32\ucrtbase.dll
0x00007ffc60200000 - 0x00007ffc60217000 	C:\Program Files\Microsoft\jdk-11.0.12.7-hotspot\bin\jli.dll
0x00007ffc52510000 - 0x00007ffc52525000 	C:\Program Files\Microsoft\jdk-11.0.12.7-hotspot\bin\VCRUNTIME140.dll
0x00007ffc6a260000 - 0x00007ffc6a401000 	C:\WINDOWS\System32\USER32.dll
0x00007ffc67d70000 - 0x00007ffc67d92000 	C:\WINDOWS\System32\win32u.dll
0x00007ffc69f80000 - 0x00007ffc69fab000 	C:\WINDOWS\System32\GDI32.dll
0x00007ffc683b0000 - 0x00007ffc684bf000 	C:\WINDOWS\System32\gdi32full.dll
0x00007ffc68310000 - 0x00007ffc683ad000 	C:\WINDOWS\System32\msvcp_win.dll
0x00007ffc53190000 - 0x00007ffc5342a000 	C:\WINDOWS\WinSxS\amd64_microsoft.windows.common-controls_6595b64144ccf1df_6.0.19041.1110_none_60b5254171f9507e\COMCTL32.dll
0x00007ffc68c80000 - 0x00007ffc68d1e000 	C:\WINDOWS\System32\msvcrt.dll
0x00007ffc69f40000 - 0x00007ffc69f72000 	C:\WINDOWS\System32\IMM32.DLL
0x00007ffc22370000 - 0x00007ffc2240b000 	C:\Program Files\Microsoft\jdk-11.0.12.7-hotspot\bin\msvcp140.dll
0x00007ffc0ba80000 - 0x00007ffc0c5e1000 	C:\Program Files\Microsoft\jdk-11.0.12.7-hotspot\bin\server\jvm.dll
0x00007ffc68630000 - 0x00007ffc686de000 	C:\WINDOWS\System32\ADVAPI32.dll
0x00007ffc696d0000 - 0x00007ffc6976c000 	C:\WINDOWS\System32\sechost.dll
0x00007ffc68aa0000 - 0x00007ffc68bc5000 	C:\WINDOWS\System32\RPCRT4.dll
0x00007ffc6a180000 - 0x00007ffc6a188000 	C:\WINDOWS\System32\PSAPI.DLL
0x00007ffc47720000 - 0x00007ffc47747000 	C:\WINDOWS\SYSTEM32\WINMM.dll
0x00007ffc60250000 - 0x00007ffc60259000 	C:\WINDOWS\SYSTEM32\WSOCK32.dll
0x00007ffc5c450000 - 0x00007ffc5c45a000 	C:\WINDOWS\SYSTEM32\VERSION.dll
0x00007ffc69ed0000 - 0x00007ffc69f3b000 	C:\WINDOWS\System32\ws2_32.DLL
0x00007ffc66530000 - 0x00007ffc66542000 	C:\WINDOWS\SYSTEM32\kernel.appcore.dll
0x00007ffc590d0000 - 0x00007ffc590e0000 	C:\Program Files\Microsoft\jdk-11.0.12.7-hotspot\bin\verify.dll
0x00007ffc65940000 - 0x00007ffc65b24000 	C:\WINDOWS\SYSTEM32\DBGHELP.DLL
0x00007ffc5e650000 - 0x00007ffc5e685000 	C:\WINDOWS\SYSTEM32\dbgcore.DLL
0x00007ffc67ce0000 - 0x00007ffc67d62000 	C:\WINDOWS\System32\bcryptPrimitives.dll
0x00007ffc524e0000 - 0x00007ffc52508000 	C:\Program Files\Microsoft\jdk-11.0.12.7-hotspot\bin\java.dll
0x00007ffc52160000 - 0x00007ffc5216a000 	C:\Program Files\Microsoft\jdk-11.0.12.7-hotspot\bin\jimage.dll
0x00007ffc42070000 - 0x00007ffc42087000 	C:\Program Files\Microsoft\jdk-11.0.12.7-hotspot\bin\zip.dll
0x00007ffc68f20000 - 0x00007ffc69664000 	C:\WINDOWS\System32\SHELL32.dll
0x00007ffc65d80000 - 0x00007ffc66512000 	C:\WINDOWS\SYSTEM32\windows.storage.dll
0x00007ffc686e0000 - 0x00007ffc68a35000 	C:\WINDOWS\System32\combase.dll
0x00007ffc67660000 - 0x00007ffc67690000 	C:\WINDOWS\SYSTEM32\Wldp.dll
0x00007ffc68bd0000 - 0x00007ffc68c7d000 	C:\WINDOWS\System32\SHCORE.dll
0x00007ffc68a40000 - 0x00007ffc68a95000 	C:\WINDOWS\System32\shlwapi.dll
0x00007ffc67c20000 - 0x00007ffc67c3f000 	C:\WINDOWS\SYSTEM32\profapi.dll
0x00007ffc42050000 - 0x00007ffc42069000 	C:\Program Files\Microsoft\jdk-11.0.12.7-hotspot\bin\net.dll
0x00007ffc58120000 - 0x00007ffc5822c000 	C:\WINDOWS\SYSTEM32\WINHTTP.dll
0x00007ffc673c0000 - 0x00007ffc6742a000 	C:\WINDOWS\system32\mswsock.dll
0x00007ffc41720000 - 0x00007ffc41732000 	C:\Program Files\Microsoft\jdk-11.0.12.7-hotspot\bin\nio.dll
0x00007ffc3ae40000 - 0x00007ffc3ae67000 	C:\Users\Kevin\.gradle\native\e1d6ef7f7dcc3fd88c89a11ec53ec762bb8ba0a96d01ffa2cd45eb1d1d8dd5c5\windows-amd64\native-platform.dll
0x00007ffc1e9b0000 - 0x00007ffc1eaf4000 	C:\Users\Kevin\.gradle\native\0d407fdbe67a94daf76414ababcb853783967236a71b16ec16e742cd7a986fd3\windows-amd64\native-platform-file-events.dll
0x00007ffc44210000 - 0x00007ffc44219000 	C:\Program Files\Microsoft\jdk-11.0.12.7-hotspot\bin\management.dll
0x00007ffc3d960000 - 0x00007ffc3d96b000 	C:\Program Files\Microsoft\jdk-11.0.12.7-hotspot\bin\management_ext.dll
0x00007ffc675b0000 - 0x00007ffc675c8000 	C:\WINDOWS\SYSTEM32\CRYPTSP.dll
0x00007ffc66ce0000 - 0x00007ffc66d14000 	C:\WINDOWS\system32\rsaenh.dll
0x00007ffc67da0000 - 0x00007ffc67dc7000 	C:\WINDOWS\System32\bcrypt.dll
0x00007ffc67be0000 - 0x00007ffc67c0e000 	C:\WINDOWS\SYSTEM32\USERENV.dll
0x00007ffc675d0000 - 0x00007ffc675dc000 	C:\WINDOWS\SYSTEM32\CRYPTBASE.dll
0x00007ffc670b0000 - 0x00007ffc670eb000 	C:\WINDOWS\SYSTEM32\IPHLPAPI.DLL
0x00007ffc69d90000 - 0x00007ffc69d98000 	C:\WINDOWS\System32\NSI.dll
0x00007ffc58840000 - 0x00007ffc58857000 	C:\WINDOWS\SYSTEM32\dhcpcsvc6.DLL
0x00007ffc5c3a0000 - 0x00007ffc5c3bd000 	C:\WINDOWS\SYSTEM32\dhcpcsvc.DLL
0x00007ffc670f0000 - 0x00007ffc671ba000 	C:\WINDOWS\SYSTEM32\DNSAPI.dll

dbghelp: loaded successfully - version: 4.0.5 - missing functions: none
symbol engine: initialized successfully - sym options: 0x614 - pdb path: .;C:\Program Files\Microsoft\jdk-11.0.12.7-hotspot\bin;C:\WINDOWS\SYSTEM32;C:\WINDOWS\WinSxS\amd64_microsoft.windows.common-controls_6595b64144ccf1df_6.0.19041.1110_none_60b5254171f9507e;C:\Program Files\Microsoft\jdk-11.0.12.7-hotspot\bin\server;C:\Users\Kevin\.gradle\native\e1d6ef7f7dcc3fd88c89a11ec53ec762bb8ba0a96d01ffa2cd45eb1d1d8dd5c5\windows-amd64;C:\Users\Kevin\.gradle\native\0d407fdbe67a94daf76414ababcb853783967236a71b16ec16e742cd7a986fd3\windows-amd64

VM Arguments:
jvm_args: --add-opens=java.base/java.util=ALL-UNNAMED --add-opens=java.base/java.lang=ALL-UNNAMED --add-opens=java.base/java.lang.invoke=ALL-UNNAMED --add-opens=java.base/java.util=ALL-UNNAMED --add-opens=java.prefs/java.util.prefs=ALL-UNNAMED --add-opens=java.prefs/java.util.prefs=ALL-UNNAMED --add-opens=java.base/java.nio.charset=ALL-UNNAMED --add-opens=java.base/java.net=ALL-UNNAMED --add-opens=java.base/java.util.concurrent.atomic=ALL-UNNAMED -Xmx2048m -Dfile.encoding=UTF-8 -Duser.country=CO -Duser.language=es -Duser.variant 
java_command: org.gradle.launcher.daemon.bootstrap.GradleDaemon 7.5
java_class_path (initial): C:\Users\Kevin\.gradle\wrapper\dists\gradle-7.5-bin\f1w0cc9nuo0eivz97x2xlu9sv\gradle-7.5\lib\gradle-launcher-7.5.jar
Launcher Type: SUN_STANDARD

[Global flags]
     intx CICompilerCount                          = 3                                         {product} {ergonomic}
     uint ConcGCThreads                            = 1                                         {product} {ergonomic}
     uint G1ConcRefinementThreads                  = 4                                         {product} {ergonomic}
   size_t G1HeapRegionSize                         = 1048576                                   {product} {ergonomic}
    uintx GCDrainStackTargetSize                   = 64                                        {product} {ergonomic}
   size_t InitialHeapSize                          = 65011712                                  {product} {ergonomic}
   size_t MarkStackSize                            = 4194304                                   {product} {ergonomic}
   size_t MaxHeapSize                              = 2147483648                                {product} {command line}
   size_t MaxNewSize                               = 1287651328                                {product} {ergonomic}
   size_t MinHeapDeltaBytes                        = 1048576                                   {product} {ergonomic}
    uintx NonNMethodCodeHeapSize                   = 5830732                                {pd product} {ergonomic}
    uintx NonProfiledCodeHeapSize                  = 122913754                              {pd product} {ergonomic}
    uintx ProfiledCodeHeapSize                     = 122913754                              {pd product} {ergonomic}
    uintx ReservedCodeCacheSize                    = 251658240                              {pd product} {ergonomic}
     bool SegmentedCodeCache                       = true                                      {product} {ergonomic}
     bool UseCompressedClassPointers               = true                                 {lp64_product} {ergonomic}
     bool UseCompressedOops                        = true                                 {lp64_product} {ergonomic}
     bool UseG1GC                                  = true                                      {product} {ergonomic}
     bool UseLargePagesIndividualAllocation        = false                                  {pd product} {ergonomic}

Logging:
Log output configuration:
 #0: stdout all=warning uptime,level,tags
 #1: stderr all=off uptime,level,tags

Environment Variables:
PATH=C:\Program Files\Microsoft\jdk-11.0.12.7-hotspot\bin;C:\Program Files\Common Files\Oracle\Java\javapath;C:\Program Files (x86)\Common Files\Oracle\Java\javapath;C:\WINDOWS\system32;C:\WINDOWS;C:\WINDOWS\System32\Wbem;C:\WINDOWS\System32\WindowsPowerShell\v1.0\;C:\WINDOWS\System32\OpenSSH\;C:\Program Files\Git\cmd;C:\Program Files\dotnet\;C:\Program Files\Microsoft SQL Server\120\Tools\Binn\;C:\Program Files\Microsoft SQL Server\Client SDK\ODBC\110\Tools\Binn\;C:\Program Files (x86)\Microsoft SQL Server\120\Tools\Binn\;C:\Program Files\Microsoft SQL Server\120\DTS\Binn\;C:\Program Files (x86)\Microsoft SQL Server\120\Tools\Binn\ManagementStudio\;C:\Program Files (x86)\Microsoft SQL Server\120\DTS\Binn\;C:\Program Files\Microsoft SQL Server\150\Tools\Binn\;C:\Program Files\Microsoft SQL Server\Client SDK\ODBC\170\Tools\Binn\;C:\Program Files\MySQL\MySQL Shell 8.0\bin\;C:\Users\Kevin\AppData\Local\Programs\Python\Python39\Scripts\;C:\Users\Kevin\AppData\Local\Programs\Python\Python39\;C:\Users\Kevin\AppData\Local\Microsoft\WindowsApps;C:\Users\Kevin\.dotnet\tools;C:\Users\Kevin\AppData\Local\GitHubDesktop\bin;;C:\Users\Kevin\AppData\Local\Programs\Microsoft VS Code\bin
USERNAME=Kevin
OS=Windows_NT
PROCESSOR_IDENTIFIER=Intel64 Family 6 Model 126 Stepping 5, GenuineIntel



---------------  S Y S T E M  ---------------

OS: Windows 10 , 64 bit Build 19041 (10.0.19041.2364)
OS uptime: 19 days 19:51 hours

CPU:total 4 (initial active 4) (2 cores per cpu, 2 threads per core) family 6 model 126 stepping 5 microcode 0xa0, cmov, cx8, fxsr, mmx, sse, sse2, sse3, ssse3, sse4.1, sse4.2, popcnt, avx, avx2, aes, clmul, erms, 3dnowpref, lzcnt, ht, tsc, tscinvbit, bmi1, bmi2, adx, evex, sha, fma

Memory: 4k page, system-wide physical 3902M (233M free)
TotalPageFile size 15678M (AvailPageFile size 11M)
current process WorkingSet (physical memory assigned to process): 270M, peak: 321M
current process commit charge ("private bytes"): 495M, peak: 578M

vm_info: OpenJDK 64-Bit Server VM (11.0.12+7) for windows-amd64 JRE (11.0.12+7), built on Jul 21 2021 15:41:43 by "" with unknown MS VC++:1916

END.
