#
# There is insufficient memory for the Java Runtime Environment to continue.
# Native memory allocation (mmap) failed to map 58720256 bytes for Failed to commit area from 0x000000008d600000 to 0x0000000090e00000 of length 58720256.
# Possible reasons:
#   The system is out of physical RAM or swap space
#   The process is running with CompressedOops enabled, and the Java Heap may be blocking the growth of the native heap
# Possible solutions:
#   Reduce memory load on the system
#   Increase physical memory or swap space
#   Check if swap backing store is full
#   Decrease Java heap size (-Xmx/-Xms)
#   Decrease number of Java threads
#   Decrease Java thread stack sizes (-Xss)
#   Set larger code cache with -XX:ReservedCodeCacheSize=
#   JVM is running with Unscaled Compressed Oops mode in which the Java heap is
#     placed in the first 4GB address space. The Java Heap base address is the
#     maximum limit for the native heap growth. Please use -XX:HeapBaseMinAddress
#     to set the Java Heap base and to place the Java Heap above 4GB virtual address.
# This output file may be truncated or incomplete.
#
#  Out of Memory Error (./src/hotspot/os/windows/os_windows.cpp:3380), pid=8004, tid=14376
#
# JRE version: OpenJDK Runtime Environment Microsoft-25199 (11.0.12+7) (build 11.0.12+7)
# Java VM: OpenJDK 64-Bit Server VM Microsoft-25199 (11.0.12+7, mixed mode, tiered, compressed oops, g1 gc, windows-amd64)
# No core dump will be written. Minidumps are not enabled by default on client versions of Windows
#

---------------  S U M M A R Y ------------

Command Line: --add-opens=java.base/java.util=ALL-UNNAMED --add-opens=java.base/java.lang=ALL-UNNAMED --add-opens=java.base/java.lang.invoke=ALL-UNNAMED --add-opens=java.base/java.util=ALL-UNNAMED --add-opens=java.prefs/java.util.prefs=ALL-UNNAMED --add-opens=java.prefs/java.util.prefs=ALL-UNNAMED --add-opens=java.base/java.nio.charset=ALL-UNNAMED --add-opens=java.base/java.net=ALL-UNNAMED --add-opens=java.base/java.util.concurrent.atomic=ALL-UNNAMED -Xmx2048m -Dfile.encoding=UTF-8 -Duser.country=CO -Duser.language=es -Duser.variant org.gradle.launcher.daemon.bootstrap.GradleDaemon 7.5

Host: Intel(R) Core(TM) i3-1005G1 CPU @ 1.20GHz, 4 cores, 3G,  Windows 10 , 64 bit Build 19041 (10.0.19041.2364)
Time: Wed Mar  8 22:59:51 2023 Hora est. Pacífico, Sudamérica elapsed time: 32.222086 seconds (0d 0h 0m 32s)

---------------  T H R E A D  ---------------

Current thread (0x00000299dbf26800):  VMThread "VM Thread" [stack: 0x000000ecda900000,0x000000ecdaa00000] [id=14376]

Stack: [0x000000ecda900000,0x000000ecdaa00000]
[error occurred during error reporting (printing stack bounds), id 0xc0000005, EXCEPTION_ACCESS_VIOLATION (0xc0000005) at pc=0x00000299c56d12e7]

Native frames: (J=compiled Java code, j=interpreted, Vv=VM code, C=native code)
V  [jvm.dll+0x6090fa]
V  [jvm.dll+0x79229e]
V  [jvm.dll+0x79396f]
V  [jvm.dll+0x793f95]
V  [jvm.dll+0x793f4b]
V  [jvm.dll+0x608487]
V  [jvm.dll+0x608b98]
C  [ntdll.dll+0xa241f]
C  [ntdll.dll+0x514a4]
C  [ntdll.dll+0xa0f4e]
C  0x00000299c56d12e7

VM_Operation (0x000000ecdbbf4420): G1CollectForAllocation, mode: safepoint, requested by thread 0x00000299ddbfc000


---------------  P R O C E S S  ---------------

Threads class SMR info:
_java_thread_list=0x00000299e4814c60, length=78, elements={
0x00000299bb7ef800, 0x00000299dbf29000, 0x00000299dbf2a800, 0x00000299dbf87000,
0x00000299dbf88000, 0x00000299dbf8b000, 0x00000299dbf90000, 0x00000299dbf95000,
0x00000299dbf96800, 0x00000299dca23800, 0x00000299dd54c800, 0x00000299de8db800,
0x00000299de080000, 0x00000299de067000, 0x00000299ddc9c800, 0x00000299ddbf9800,
0x00000299ddbfc000, 0x00000299dd5f8800, 0x00000299dcf0f800, 0x00000299de418800,
0x00000299de41b000, 0x00000299de41b800, 0x00000299de41a000, 0x00000299de41c800,
0x00000299de41d000, 0x00000299de41e000, 0x00000299de41f000, 0x00000299de419000,
0x00000299e0aa1000, 0x00000299e0aa2000, 0x00000299e0a9e800, 0x00000299e0aa0000,
0x00000299e0a9c000, 0x00000299e0aa2800, 0x00000299e0a9d000, 0x00000299e0aa4000,
0x00000299e0aa5000, 0x00000299e0a9f800, 0x00000299e0aaa800, 0x00000299e0aa6000,
0x00000299e0aaa000, 0x00000299e0aa6800, 0x00000299e0aa7800, 0x00000299e0aa8800,
0x00000299e0aa9000, 0x00000299e10d4800, 0x00000299e10d2000, 0x00000299e10d1000,
0x00000299e10d5800, 0x00000299e10d3000, 0x00000299e10d7000, 0x00000299e10d8000,
0x00000299e10d8800, 0x00000299e10d6000, 0x00000299e10d9800, 0x00000299e10d3800,
0x00000299e10de800, 0x00000299e10da000, 0x00000299e10db000, 0x00000299e10dc000,
0x00000299e10e0000, 0x00000299e10df000, 0x00000299e10dd800, 0x00000299e10dc800,
0x00000299e2c04800, 0x00000299e2c02000, 0x00000299e2c03000, 0x00000299e2c05000,
0x00000299e2c03800, 0x00000299e2c06000, 0x00000299e2c00800, 0x00000299e2c07000,
0x00000299e2c01000, 0x00000299e2c0b000, 0x00000299e2c0b800, 0x00000299e2c0d800,
0x00000299e2c07800, 0x00000299e2c0a000
}

Java Threads: ( => current thread )
  0x00000299bb7ef800 JavaThread "main" [_thread_blocked, id=8120, stack(0x000000ecda300000,0x000000ecda400000)]
  0x00000299dbf29000 JavaThread "Reference Handler" daemon [_thread_blocked, id=7224, stack(0x000000ecdaa00000,0x000000ecdab00000)]
  0x00000299dbf2a800 JavaThread "Finalizer" daemon [_thread_blocked, id=13380, stack(0x000000ecdab00000,0x000000ecdac00000)]
  0x00000299dbf87000 JavaThread "Signal Dispatcher" daemon [_thread_blocked, id=19628, stack(0x000000ecdac00000,0x000000ecdad00000)]
  0x00000299dbf88000 JavaThread "Attach Listener" daemon [_thread_blocked, id=12040, stack(0x000000ecdad00000,0x000000ecdae00000)]
  0x00000299dbf8b000 JavaThread "Service Thread" daemon [_thread_blocked, id=9596, stack(0x000000ecdae00000,0x000000ecdaf00000)]
  0x00000299dbf90000 JavaThread "C2 CompilerThread0" daemon [_thread_blocked, id=15320, stack(0x000000ecdaf00000,0x000000ecdb000000)]
  0x00000299dbf95000 JavaThread "C1 CompilerThread0" daemon [_thread_blocked, id=25504, stack(0x000000ecdb000000,0x000000ecdb100000)]
  0x00000299dbf96800 JavaThread "Sweeper thread" daemon [_thread_blocked, id=20756, stack(0x000000ecdb100000,0x000000ecdb200000)]
  0x00000299dca23800 JavaThread "Common-Cleaner" daemon [_thread_blocked, id=20156, stack(0x000000ecdb200000,0x000000ecdb300000)]
  0x00000299dd54c800 JavaThread "Daemon health stats" [_thread_blocked, id=8436, stack(0x000000ecdb500000,0x000000ecdb600000)]
  0x00000299de8db800 JavaThread "Incoming local TCP Connector on port 56185" [_thread_in_native, id=17604, stack(0x000000ecdb600000,0x000000ecdb700000)]
  0x00000299de080000 JavaThread "Daemon periodic checks" [_thread_blocked, id=10424, stack(0x000000ecdb700000,0x000000ecdb800000)]
  0x00000299de067000 JavaThread "Daemon" [_thread_blocked, id=21968, stack(0x000000ecdb800000,0x000000ecdb900000)]
  0x00000299ddc9c800 JavaThread "Handler for socket connection from /127.0.0.1:56185 to /127.0.0.1:56186" [_thread_in_native, id=4604, stack(0x000000ecdb900000,0x000000ecdba00000)]
  0x00000299ddbf9800 JavaThread "Cancel handler" [_thread_blocked, id=11032, stack(0x000000ecdba00000,0x000000ecdbb00000)]
  0x00000299ddbfc000 JavaThread "Daemon worker" [_thread_blocked, id=12448, stack(0x000000ecdbb00000,0x000000ecdbc00000)]
  0x00000299dd5f8800 JavaThread "Asynchronous log dispatcher for DefaultDaemonConnection: socket connection from /127.0.0.1:56185 to /127.0.0.1:56186" [_thread_blocked, id=24524, stack(0x000000ecdbc00000,0x000000ecdbd00000)]
  0x00000299dcf0f800 JavaThread "Stdin handler" [_thread_blocked, id=4668, stack(0x000000ecdbd00000,0x000000ecdbe00000)]
  0x00000299de418800 JavaThread "Daemon client event forwarder" [_thread_blocked, id=4260, stack(0x000000ecdbe00000,0x000000ecdbf00000)]
  0x00000299de41b000 JavaThread "Cache worker for journal cache (C:\Users\Kevin\.gradle\caches\journal-1)" [_thread_blocked, id=18992, stack(0x000000ecdc100000,0x000000ecdc200000)]
  0x00000299de41b800 JavaThread "File lock request listener" [_thread_in_native, id=23252, stack(0x000000ecdc200000,0x000000ecdc300000)]
  0x00000299de41a000 JavaThread "Cache worker for file hash cache (C:\Users\Kevin\.gradle\caches\7.5\fileHashes)" [_thread_blocked, id=25340, stack(0x000000ecdc300000,0x000000ecdc400000)]
  0x00000299de41c800 JavaThread "File watcher server" daemon [_thread_in_native, id=11816, stack(0x000000ecdc400000,0x000000ecdc500000)]
  0x00000299de41d000 JavaThread "File watcher consumer" daemon [_thread_blocked, id=24320, stack(0x000000ecdc500000,0x000000ecdc600000)]
  0x00000299de41e000 JavaThread "jar transforms" [_thread_blocked, id=21112, stack(0x000000ecdc600000,0x000000ecdc700000)]
  0x00000299de41f000 JavaThread "jar transforms Thread 2" [_thread_blocked, id=3296, stack(0x000000ecdc700000,0x000000ecdc800000)]
  0x00000299de419000 JavaThread "jar transforms Thread 3" [_thread_blocked, id=19804, stack(0x000000ecdc800000,0x000000ecdc900000)]
  0x00000299e0aa1000 JavaThread "jar transforms Thread 4" [_thread_blocked, id=20604, stack(0x000000ecdc900000,0x000000ecdca00000)]
  0x00000299e0aa2000 JavaThread "Cache worker for checksums cache (C:\Users\Kevin\AndroidStudioProjects\FitTitan\.gradle\7.5\checksums)" [_thread_blocked, id=18544, stack(0x000000ecdca00000,0x000000ecdcb00000)]
  0x00000299e0a9e800 JavaThread "Cache worker for cache directory md-rule (C:\Users\Kevin\.gradle\caches\7.5\md-rule)" [_thread_blocked, id=24168, stack(0x000000ecdcb00000,0x000000ecdcc00000)]
  0x00000299e0aa0000 JavaThread "Cache worker for file content cache (C:\Users\Kevin\.gradle\caches\7.5\fileContent)" [_thread_blocked, id=15420, stack(0x000000ecdcc00000,0x000000ecdcd00000)]
  0x00000299e0a9c000 JavaThread "Cache worker for file hash cache (C:\Users\Kevin\AndroidStudioProjects\FitTitan\.gradle\7.5\fileHashes)" [_thread_blocked, id=10088, stack(0x000000ecdcd00000,0x000000ecdce00000)]
  0x00000299e0aa2800 JavaThread "Cache worker for cache directory md-supplier (C:\Users\Kevin\.gradle\caches\7.5\md-supplier)" [_thread_blocked, id=7236, stack(0x000000ecdce00000,0x000000ecdcf00000)]
  0x00000299e0a9d000 JavaThread "Cache worker for execution history cache (C:\Users\Kevin\.gradle\caches\7.5\executionHistory)" [_thread_blocked, id=17900, stack(0x000000ecdcf00000,0x000000ecdd000000)]
  0x00000299e0aa4000 JavaThread "Cache worker for dependencies-accessors (C:\Users\Kevin\AndroidStudioProjects\FitTitan\.gradle\7.5\dependencies-accessors)" [_thread_blocked, id=7680, stack(0x000000ecdd000000,0x000000ecdd100000)]
  0x00000299e0aa5000 JavaThread "Cache worker for Build Output Cleanup Cache (C:\Users\Kevin\AndroidStudioProjects\FitTitan\.gradle\buildOutputCleanup)" [_thread_blocked, id=12640, stack(0x000000ecdd100000,0x000000ecdd200000)]
  0x00000299e0a9f800 JavaThread "Unconstrained build operations" [_thread_blocked, id=18428, stack(0x000000ecdd200000,0x000000ecdd300000)]
  0x00000299e0aaa800 JavaThread "Unconstrained build operations Thread 2" [_thread_blocked, id=11760, stack(0x000000ecdd300000,0x000000ecdd400000)]
  0x00000299e0aa6000 JavaThread "Unconstrained build operations Thread 3" [_thread_blocked, id=25576, stack(0x000000ecdd400000,0x000000ecdd500000)]
  0x00000299e0aaa000 JavaThread "Unconstrained build operations Thread 4" [_thread_blocked, id=7352, stack(0x000000ecdd500000,0x000000ecdd600000)]
  0x00000299e0aa6800 JavaThread "Unconstrained build operations Thread 5" [_thread_blocked, id=17824, stack(0x000000ecdd600000,0x000000ecdd700000)]
  0x00000299e0aa7800 JavaThread "Unconstrained build operations Thread 6" [_thread_blocked, id=20472, stack(0x000000ecdd700000,0x000000ecdd800000)]
  0x00000299e0aa8800 JavaThread "Unconstrained build operations Thread 7" [_thread_blocked, id=8664, stack(0x000000ecdd800000,0x000000ecdd900000)]
  0x00000299e0aa9000 JavaThread "Unconstrained build operations Thread 8" [_thread_blocked, id=4904, stack(0x000000ecdd900000,0x000000ecdda00000)]
  0x00000299e10d4800 JavaThread "Unconstrained build operations Thread 9" [_thread_blocked, id=5060, stack(0x000000ecdda00000,0x000000ecddb00000)]
  0x00000299e10d2000 JavaThread "Unconstrained build operations Thread 10" [_thread_blocked, id=13932, stack(0x000000ecddb00000,0x000000ecddc00000)]
  0x00000299e10d1000 JavaThread "Unconstrained build operations Thread 11" [_thread_blocked, id=19620, stack(0x000000ecddc00000,0x000000ecddd00000)]
  0x00000299e10d5800 JavaThread "Unconstrained build operations Thread 12" [_thread_blocked, id=18580, stack(0x000000ecddd00000,0x000000ecdde00000)]
  0x00000299e10d3000 JavaThread "Unconstrained build operations Thread 13" [_thread_blocked, id=15000, stack(0x000000ecdde00000,0x000000ecddf00000)]
  0x00000299e10d7000 JavaThread "Unconstrained build operations Thread 14" [_thread_blocked, id=22140, stack(0x000000ecddf00000,0x000000ecde000000)]
  0x00000299e10d8000 JavaThread "Unconstrained build operations Thread 15" [_thread_blocked, id=14432, stack(0x000000ecde000000,0x000000ecde100000)]
  0x00000299e10d8800 JavaThread "Unconstrained build operations Thread 16" [_thread_blocked, id=11960, stack(0x000000ecde100000,0x000000ecde200000)]
  0x00000299e10d6000 JavaThread "Unconstrained build operations Thread 17" [_thread_blocked, id=25444, stack(0x000000ecde200000,0x000000ecde300000)]
  0x00000299e10d9800 JavaThread "Unconstrained build operations Thread 18" [_thread_blocked, id=16120, stack(0x000000ecde300000,0x000000ecde400000)]
  0x00000299e10d3800 JavaThread "Unconstrained build operations Thread 19" [_thread_blocked, id=16784, stack(0x000000ecde400000,0x000000ecde500000)]
  0x00000299e10de800 JavaThread "Unconstrained build operations Thread 20" [_thread_blocked, id=7024, stack(0x000000ecde500000,0x000000ecde600000)]
  0x00000299e10da000 JavaThread "Unconstrained build operations Thread 21" [_thread_blocked, id=14676, stack(0x000000ecde600000,0x000000ecde700000)]
  0x00000299e10db000 JavaThread "Unconstrained build operations Thread 22" [_thread_blocked, id=19044, stack(0x000000ecde700000,0x000000ecde800000)]
  0x00000299e10dc000 JavaThread "Unconstrained build operations Thread 23" [_thread_blocked, id=4672, stack(0x000000ecde800000,0x000000ecde900000)]
  0x00000299e10e0000 JavaThread "Unconstrained build operations Thread 24" [_thread_blocked, id=10168, stack(0x000000ecde900000,0x000000ecdea00000)]
  0x00000299e10df000 JavaThread "Unconstrained build operations Thread 25" [_thread_blocked, id=17976, stack(0x000000ecdea00000,0x000000ecdeb00000)]
  0x00000299e10dd800 JavaThread "Unconstrained build operations Thread 26" [_thread_blocked, id=14104, stack(0x000000ecdeb00000,0x000000ecdec00000)]
  0x00000299e10dc800 JavaThread "Unconstrained build operations Thread 27" [_thread_blocked, id=14508, stack(0x000000ecdec00000,0x000000ecded00000)]
  0x00000299e2c04800 JavaThread "Unconstrained build operations Thread 28" [_thread_blocked, id=18480, stack(0x000000ecded00000,0x000000ecdee00000)]
  0x00000299e2c02000 JavaThread "Unconstrained build operations Thread 29" [_thread_blocked, id=2452, stack(0x000000ecdee00000,0x000000ecdef00000)]
  0x00000299e2c03000 JavaThread "Unconstrained build operations Thread 30" [_thread_blocked, id=21280, stack(0x000000ecdef00000,0x000000ecdf000000)]
  0x00000299e2c05000 JavaThread "Unconstrained build operations Thread 31" [_thread_blocked, id=19424, stack(0x000000ecdf000000,0x000000ecdf100000)]
  0x00000299e2c03800 JavaThread "Unconstrained build operations Thread 32" [_thread_blocked, id=19108, stack(0x000000ecdf100000,0x000000ecdf200000)]
  0x00000299e2c06000 JavaThread "Unconstrained build operations Thread 33" [_thread_blocked, id=20852, stack(0x000000ecdf200000,0x000000ecdf300000)]
  0x00000299e2c00800 JavaThread "Unconstrained build operations Thread 34" [_thread_blocked, id=4160, stack(0x000000ecdf300000,0x000000ecdf400000)]
  0x00000299e2c07000 JavaThread "Unconstrained build operations Thread 35" [_thread_blocked, id=7752, stack(0x000000ecdf400000,0x000000ecdf500000)]
  0x00000299e2c01000 JavaThread "Unconstrained build operations Thread 36" [_thread_blocked, id=20812, stack(0x000000ecdf500000,0x000000ecdf600000)]
  0x00000299e2c0b000 JavaThread "Unconstrained build operations Thread 37" [_thread_blocked, id=25324, stack(0x000000ecdf600000,0x000000ecdf700000)]
  0x00000299e2c0b800 JavaThread "Unconstrained build operations Thread 38" [_thread_blocked, id=19052, stack(0x000000ecdf700000,0x000000ecdf800000)]
  0x00000299e2c0d800 JavaThread "Unconstrained build operations Thread 39" [_thread_blocked, id=23440, stack(0x000000ecdf800000,0x000000ecdf900000)]
  0x00000299e2c07800 JavaThread "Unconstrained build operations Thread 40" [_thread_blocked, id=11508, stack(0x000000ecdf900000,0x000000ecdfa00000)]
  0x00000299e2c0a000 JavaThread "Memory manager" [_thread_blocked, id=15832, stack(0x000000ecdfa00000,0x000000ecdfb00000)]

Other Threads:
=>0x00000299dbf26800 VMThread "VM Thread" [stack: 0x000000ecda900000,0x000000ecdaa00000] [id=14376]
  0x00000299dca4d000 WatcherThread [stack: 0x000000ecdb300000,0x000000ecdb400000] [id=20304]
  0x00000299bb806800 GCTaskThread "GC Thread#0" [stack: 0x000000ecda400000,0x000000ecda500000] [id=16944]
  0x00000299dcdab800 GCTaskThread "GC Thread#1" [stack: 0x000000ecdb400000,0x000000ecdb500000] [id=21580]
  0x00000299dcf10000 GCTaskThread "GC Thread#2" [stack: 0x000000ecdbf00000,0x000000ecdc000000] [id=22644]
  0x00000299dcf11000 GCTaskThread "GC Thread#3" [stack: 0x000000ecdc000000,0x000000ecdc100000] [id=14192]
  0x00000299bb836800 ConcurrentGCThread "G1 Main Marker" [stack: 0x000000ecda500000,0x000000ecda600000] [id=22348]
  0x00000299bb838000 ConcurrentGCThread "G1 Conc#0" [stack: 0x000000ecda600000,0x000000ecda700000] [id=21520]
  0x00000299bb890000 ConcurrentGCThread "G1 Refine#0" [stack: 0x000000ecda700000,0x000000ecda800000] [id=21620]
  0x00000299bb891000 ConcurrentGCThread "G1 Young RemSet Sampling" [stack: 0x000000ecda800000,0x000000ecda900000] [id=1712]

Threads with active compile tasks:

VM state:at safepoint (normal execution)

VM Mutex/Monitor currently owned by a thread:  ([mutex/lock_event])
[0x00000299bb7e9e00] Threads_lock - owner thread: 0x00000299dbf26800
[0x00000299bb7e91a0] Heap_lock - owner thread: 0x00000299ddbfc000

Heap address: 0x0000000080000000, size: 2048 MB, Compressed Oops mode: 32-bit
Narrow klass base: 0x0000000000000000, Narrow klass shift: 3
Compressed class space size: 1073741824 Address: 0x0000000100000000

Heap:
 garbage-first heap   total 276480K, used 123205K [0x0000000080000000, 0x0000000100000000)
  region size 1024K, 2 young (2048K), 2 survivors (2048K)
 Metaspace       used 72585K, capacity 74506K, committed 74672K, reserved 1114112K
  class space    used 9371K, capacity 10142K, committed 10240K, reserved 1048576K
Heap Regions: E=young(eden), S=young(survivor), O=old, HS=humongous(starts), HC=humongous(continues), CS=collection set, F=free, A=archive, TAMS=top-at-mark-start (previous, next)
|   0|0x0000000080000000, 0x0000000080100000, 0x0000000080100000|100%|HS|  |TAMS 0x0000000080100000, 0x0000000080100000| Complete 
|   1|0x0000000080100000, 0x0000000080200000, 0x0000000080200000|100%|HC|  |TAMS 0x0000000080200000, 0x0000000080200000| Complete 
|   2|0x0000000080200000, 0x0000000080300000, 0x0000000080300000|100%|HC|  |TAMS 0x0000000080300000, 0x0000000080300000| Complete 
|   3|0x0000000080300000, 0x0000000080400000, 0x0000000080400000|100%| O|  |TAMS 0x0000000080400000, 0x0000000080400000| Untracked 
|   4|0x0000000080400000, 0x0000000080500000, 0x0000000080500000|100%| O|  |TAMS 0x0000000080500000, 0x0000000080500000| Untracked 
|   5|0x0000000080500000, 0x0000000080600000, 0x0000000080600000|100%| O|  |TAMS 0x0000000080600000, 0x0000000080600000| Untracked 
|   6|0x0000000080600000, 0x0000000080700000, 0x0000000080700000|100%| O|  |TAMS 0x0000000080700000, 0x0000000080700000| Untracked 
|   7|0x0000000080700000, 0x0000000080800000, 0x0000000080800000|100%| O|  |TAMS 0x0000000080800000, 0x0000000080800000| Untracked 
|   8|0x0000000080800000, 0x0000000080900000, 0x0000000080900000|100%| O|  |TAMS 0x0000000080900000, 0x0000000080900000| Untracked 
|   9|0x0000000080900000, 0x0000000080a00000, 0x0000000080a00000|100%| O|  |TAMS 0x0000000080a00000, 0x0000000080a00000| Untracked 
|  10|0x0000000080a00000, 0x0000000080b00000, 0x0000000080b00000|100%| O|  |TAMS 0x0000000080b00000, 0x0000000080b00000| Untracked 
|  11|0x0000000080b00000, 0x0000000080c00000, 0x0000000080c00000|100%| O|  |TAMS 0x0000000080c00000, 0x0000000080c00000| Untracked 
|  12|0x0000000080c00000, 0x0000000080d00000, 0x0000000080d00000|100%| O|  |TAMS 0x0000000080d00000, 0x0000000080d00000| Untracked 
|  13|0x0000000080d00000, 0x0000000080e00000, 0x0000000080e00000|100%| O|  |TAMS 0x0000000080e00000, 0x0000000080e00000| Untracked 
|  14|0x0000000080e00000, 0x0000000080f00000, 0x0000000080f00000|100%| O|  |TAMS 0x0000000080f00000, 0x0000000080f00000| Untracked 
|  15|0x0000000080f00000, 0x0000000081000000, 0x0000000081000000|100%| O|  |TAMS 0x0000000081000000, 0x0000000081000000| Untracked 
|  16|0x0000000081000000, 0x0000000081100000, 0x0000000081100000|100%| O|  |TAMS 0x0000000081100000, 0x0000000081100000| Untracked 
|  17|0x0000000081100000, 0x0000000081200000, 0x0000000081200000|100%|HS|  |TAMS 0x0000000081200000, 0x0000000081200000| Complete 
|  18|0x0000000081200000, 0x0000000081300000, 0x0000000081300000|100%|HC|  |TAMS 0x0000000081300000, 0x0000000081300000| Complete 
|  19|0x0000000081300000, 0x0000000081400000, 0x0000000081400000|100%|HS|  |TAMS 0x0000000081400000, 0x0000000081400000| Complete 
|  20|0x0000000081400000, 0x0000000081500000, 0x0000000081500000|100%|HC|  |TAMS 0x0000000081500000, 0x0000000081500000| Complete 
|  21|0x0000000081500000, 0x0000000081600000, 0x0000000081600000|100%|HC|  |TAMS 0x0000000081600000, 0x0000000081600000| Complete 
|  22|0x0000000081600000, 0x0000000081700000, 0x0000000081700000|100%|HS|  |TAMS 0x0000000081700000, 0x0000000081700000| Complete 
|  23|0x0000000081700000, 0x0000000081800000, 0x0000000081800000|100%|HC|  |TAMS 0x0000000081800000, 0x0000000081800000| Complete 
|  24|0x0000000081800000, 0x0000000081900000, 0x0000000081900000|100%|HC|  |TAMS 0x0000000081900000, 0x0000000081900000| Complete 
|  25|0x0000000081900000, 0x0000000081a00000, 0x0000000081a00000|100%|HS|  |TAMS 0x0000000081a00000, 0x0000000081a00000| Complete 
|  26|0x0000000081a00000, 0x0000000081b00000, 0x0000000081b00000|100%|HC|  |TAMS 0x0000000081b00000, 0x0000000081b00000| Complete 
|  27|0x0000000081b00000, 0x0000000081c00000, 0x0000000081c00000|100%| O|  |TAMS 0x0000000081c00000, 0x0000000081c00000| Untracked 
|  28|0x0000000081c00000, 0x0000000081d00000, 0x0000000081d00000|100%|HS|  |TAMS 0x0000000081d00000, 0x0000000081d00000| Complete 
|  29|0x0000000081d00000, 0x0000000081e00000, 0x0000000081e00000|100%|HC|  |TAMS 0x0000000081e00000, 0x0000000081e00000| Complete 
|  30|0x0000000081e00000, 0x0000000081f00000, 0x0000000081f00000|100%|HC|  |TAMS 0x0000000081f00000, 0x0000000081f00000| Complete 
|  31|0x0000000081f00000, 0x0000000082000000, 0x0000000082000000|100%|HC|  |TAMS 0x0000000082000000, 0x0000000082000000| Complete 
|  32|0x0000000082000000, 0x0000000082100000, 0x0000000082100000|100%|HC|  |TAMS 0x0000000082100000, 0x0000000082100000| Complete 
|  33|0x0000000082100000, 0x0000000082200000, 0x0000000082200000|100%|HC|  |TAMS 0x0000000082200000, 0x0000000082200000| Complete 
|  34|0x0000000082200000, 0x0000000082300000, 0x0000000082300000|100%|HC|  |TAMS 0x0000000082300000, 0x0000000082300000| Complete 
|  35|0x0000000082300000, 0x0000000082400000, 0x0000000082400000|100%|HC|  |TAMS 0x0000000082400000, 0x0000000082400000| Complete 
|  36|0x0000000082400000, 0x0000000082500000, 0x0000000082500000|100%|HC|  |TAMS 0x0000000082500000, 0x0000000082500000| Complete 
|  37|0x0000000082500000, 0x0000000082600000, 0x0000000082600000|100%|HC|  |TAMS 0x0000000082600000, 0x0000000082600000| Complete 
|  38|0x0000000082600000, 0x0000000082700000, 0x0000000082700000|100%| O|  |TAMS 0x0000000082700000, 0x0000000082700000| Untracked 
|  39|0x0000000082700000, 0x0000000082800000, 0x0000000082800000|100%| O|  |TAMS 0x0000000082800000, 0x0000000082800000| Untracked 
|  40|0x0000000082800000, 0x0000000082900000, 0x0000000082900000|100%| O|  |TAMS 0x0000000082900000, 0x0000000082900000| Untracked 
|  41|0x0000000082900000, 0x0000000082a00000, 0x0000000082a00000|100%| O|  |TAMS 0x0000000082a00000, 0x0000000082a00000| Untracked 
|  42|0x0000000082a00000, 0x0000000082b00000, 0x0000000082b00000|100%|HS|  |TAMS 0x0000000082b00000, 0x0000000082b00000| Complete 
|  43|0x0000000082b00000, 0x0000000082c00000, 0x0000000082c00000|100%|HC|  |TAMS 0x0000000082c00000, 0x0000000082c00000| Complete 
|  44|0x0000000082c00000, 0x0000000082d00000, 0x0000000082d00000|100%|HS|  |TAMS 0x0000000082d00000, 0x0000000082d00000| Complete 
|  45|0x0000000082d00000, 0x0000000082e00000, 0x0000000082e00000|100%|HC|  |TAMS 0x0000000082e00000, 0x0000000082e00000| Complete 
|  46|0x0000000082e00000, 0x0000000082f00000, 0x0000000082f00000|100%|HC|  |TAMS 0x0000000082f00000, 0x0000000082f00000| Complete 
|  47|0x0000000082f00000, 0x0000000083000000, 0x0000000083000000|100%|HC|  |TAMS 0x0000000083000000, 0x0000000083000000| Complete 
|  48|0x0000000083000000, 0x0000000083100000, 0x0000000083100000|100%|HC|  |TAMS 0x0000000083100000, 0x0000000083100000| Complete 
|  49|0x0000000083100000, 0x0000000083200000, 0x0000000083200000|100%| O|  |TAMS 0x0000000083200000, 0x0000000083200000| Untracked 
|  50|0x0000000083200000, 0x0000000083300000, 0x0000000083300000|100%| O|  |TAMS 0x0000000083300000, 0x0000000083300000| Untracked 
|  51|0x0000000083300000, 0x0000000083400000, 0x0000000083400000|100%| O|  |TAMS 0x0000000083400000, 0x0000000083400000| Untracked 
|  52|0x0000000083400000, 0x0000000083500000, 0x0000000083500000|100%| O|  |TAMS 0x0000000083500000, 0x0000000083500000| Untracked 
|  53|0x0000000083500000, 0x0000000083600000, 0x0000000083600000|100%| O|  |TAMS 0x0000000083600000, 0x0000000083600000| Untracked 
|  54|0x0000000083600000, 0x0000000083700000, 0x0000000083700000|100%| O|  |TAMS 0x0000000083700000, 0x0000000083700000| Untracked 
|  55|0x0000000083700000, 0x0000000083800000, 0x0000000083800000|100%| O|  |TAMS 0x0000000083800000, 0x0000000083800000| Untracked 
|  56|0x0000000083800000, 0x0000000083900000, 0x0000000083900000|100%|HS|  |TAMS 0x0000000083900000, 0x0000000083900000| Complete 
|  57|0x0000000083900000, 0x0000000083a00000, 0x0000000083a00000|100%|HC|  |TAMS 0x0000000083a00000, 0x0000000083a00000| Complete 
|  58|0x0000000083a00000, 0x0000000083b00000, 0x0000000083b00000|100%|HC|  |TAMS 0x0000000083b00000, 0x0000000083b00000| Complete 
|  59|0x0000000083b00000, 0x0000000083c00000, 0x0000000083c00000|100%| O|  |TAMS 0x0000000083c00000, 0x0000000083c00000| Untracked 
|  60|0x0000000083c00000, 0x0000000083d00000, 0x0000000083d00000|100%|HS|  |TAMS 0x0000000083d00000, 0x0000000083d00000| Complete 
|  61|0x0000000083d00000, 0x0000000083e00000, 0x0000000083e00000|100%|HC|  |TAMS 0x0000000083e00000, 0x0000000083e00000| Complete 
|  62|0x0000000083e00000, 0x0000000083f00000, 0x0000000083f00000|100%| O|  |TAMS 0x0000000083f00000, 0x0000000083f00000| Untracked 
|  63|0x0000000083f00000, 0x0000000084000000, 0x0000000084000000|100%|HS|  |TAMS 0x0000000084000000, 0x0000000084000000| Complete 
|  64|0x0000000084000000, 0x0000000084100000, 0x0000000084100000|100%|HC|  |TAMS 0x0000000084100000, 0x0000000084100000| Complete 
|  65|0x0000000084100000, 0x0000000084200000, 0x0000000084200000|100%|HC|  |TAMS 0x0000000084200000, 0x0000000084200000| Complete 
|  66|0x0000000084200000, 0x0000000084300000, 0x0000000084300000|100%|HC|  |TAMS 0x0000000084300000, 0x0000000084300000| Complete 
|  67|0x0000000084300000, 0x0000000084400000, 0x0000000084400000|100%|HC|  |TAMS 0x0000000084400000, 0x0000000084400000| Complete 
|  68|0x0000000084400000, 0x0000000084500000, 0x0000000084500000|100%|HC|  |TAMS 0x0000000084500000, 0x0000000084500000| Complete 
|  69|0x0000000084500000, 0x0000000084600000, 0x0000000084600000|100%|HC|  |TAMS 0x0000000084600000, 0x0000000084600000| Complete 
|  70|0x0000000084600000, 0x0000000084700000, 0x0000000084700000|100%|HC|  |TAMS 0x0000000084700000, 0x0000000084700000| Complete 
|  71|0x0000000084700000, 0x0000000084800000, 0x0000000084800000|100%|HC|  |TAMS 0x0000000084800000, 0x0000000084800000| Complete 
|  72|0x0000000084800000, 0x0000000084900000, 0x0000000084900000|100%|HC|  |TAMS 0x0000000084900000, 0x0000000084900000| Complete 
|  73|0x0000000084900000, 0x0000000084a00000, 0x0000000084a00000|100%|HS|  |TAMS 0x0000000084a00000, 0x0000000084a00000| Complete 
|  74|0x0000000084a00000, 0x0000000084b00000, 0x0000000084b00000|100%|HC|  |TAMS 0x0000000084b00000, 0x0000000084b00000| Complete 
|  75|0x0000000084b00000, 0x0000000084c00000, 0x0000000084c00000|100%|HS|  |TAMS 0x0000000084c00000, 0x0000000084c00000| Complete 
|  76|0x0000000084c00000, 0x0000000084d00000, 0x0000000084d00000|100%|HC|  |TAMS 0x0000000084d00000, 0x0000000084d00000| Complete 
|  77|0x0000000084d00000, 0x0000000084e00000, 0x0000000084e00000|100%|HC|  |TAMS 0x0000000084e00000, 0x0000000084e00000| Complete 
|  78|0x0000000084e00000, 0x0000000084f00000, 0x0000000084f00000|100%| O|  |TAMS 0x0000000084f00000, 0x0000000084f00000| Untracked 
|  79|0x0000000084f00000, 0x0000000085000000, 0x0000000085000000|100%| O|  |TAMS 0x0000000085000000, 0x0000000085000000| Untracked 
|  80|0x0000000085000000, 0x0000000085100000, 0x0000000085100000|100%| O|  |TAMS 0x0000000085100000, 0x0000000085100000| Untracked 
|  81|0x0000000085100000, 0x0000000085200000, 0x0000000085200000|100%| O|  |TAMS 0x0000000085200000, 0x0000000085200000| Untracked 
|  82|0x0000000085200000, 0x0000000085300000, 0x0000000085300000|100%| O|  |TAMS 0x0000000085300000, 0x0000000085300000| Untracked 
|  83|0x0000000085300000, 0x0000000085400000, 0x0000000085400000|100%| O|  |TAMS 0x0000000085400000, 0x0000000085400000| Untracked 
|  84|0x0000000085400000, 0x0000000085500000, 0x0000000085500000|100%|HS|  |TAMS 0x0000000085500000, 0x0000000085500000| Complete 
|  85|0x0000000085500000, 0x0000000085600000, 0x0000000085600000|100%|HC|  |TAMS 0x0000000085600000, 0x0000000085600000| Complete 
|  86|0x0000000085600000, 0x0000000085700000, 0x0000000085700000|100%|HC|  |TAMS 0x0000000085700000, 0x0000000085700000| Complete 
|  87|0x0000000085700000, 0x0000000085800000, 0x0000000085800000|100%|HC|  |TAMS 0x0000000085800000, 0x0000000085800000| Complete 
|  88|0x0000000085800000, 0x0000000085900000, 0x0000000085900000|100%|HC|  |TAMS 0x0000000085900000, 0x0000000085900000| Complete 
|  89|0x0000000085900000, 0x0000000085a00000, 0x0000000085a00000|100%| O|  |TAMS 0x0000000085a00000, 0x0000000085a00000| Untracked 
|  90|0x0000000085a00000, 0x0000000085b00000, 0x0000000085b00000|100%| O|  |TAMS 0x0000000085b00000, 0x0000000085b00000| Untracked 
|  91|0x0000000085b00000, 0x0000000085c00000, 0x0000000085c00000|100%| O|  |TAMS 0x0000000085c00000, 0x0000000085c00000| Untracked 
|  92|0x0000000085c00000, 0x0000000085d00000, 0x0000000085d00000|100%| O|  |TAMS 0x0000000085d00000, 0x0000000085d00000| Untracked 
|  93|0x0000000085d00000, 0x0000000085e00000, 0x0000000085e00000|100%| O|  |TAMS 0x0000000085e00000, 0x0000000085e00000| Untracked 
|  94|0x0000000085e00000, 0x0000000085f00000, 0x0000000085f00000|100%|HS|  |TAMS 0x0000000085f00000, 0x0000000085f00000| Complete 
|  95|0x0000000085f00000, 0x0000000086000000, 0x0000000086000000|100%|HS|  |TAMS 0x0000000086000000, 0x0000000086000000| Complete 
|  96|0x0000000086000000, 0x0000000086100000, 0x0000000086100000|100%|HC|  |TAMS 0x0000000086100000, 0x0000000086100000| Complete 
|  97|0x0000000086100000, 0x0000000086200000, 0x0000000086200000|100%|HS|  |TAMS 0x0000000086200000, 0x0000000086200000| Complete 
|  98|0x0000000086200000, 0x0000000086300000, 0x0000000086300000|100%| O|  |TAMS 0x0000000086300000, 0x0000000086300000| Untracked 
|  99|0x0000000086300000, 0x0000000086400000, 0x0000000086400000|100%| O|  |TAMS 0x0000000086400000, 0x0000000086400000| Untracked 
| 100|0x0000000086400000, 0x0000000086500000, 0x0000000086500000|100%|HS|  |TAMS 0x0000000086500000, 0x0000000086500000| Complete 
| 101|0x0000000086500000, 0x0000000086600000, 0x0000000086600000|100%|HC|  |TAMS 0x0000000086600000, 0x0000000086600000| Complete 
| 102|0x0000000086600000, 0x0000000086700000, 0x0000000086700000|100%|HC|  |TAMS 0x0000000086700000, 0x0000000086700000| Complete 
| 103|0x0000000086700000, 0x0000000086800000, 0x0000000086800000|100%|HC|  |TAMS 0x0000000086800000, 0x0000000086800000| Complete 
| 104|0x0000000086800000, 0x0000000086900000, 0x0000000086900000|100%| O|  |TAMS 0x0000000086900000, 0x0000000086900000| Untracked 
| 105|0x0000000086900000, 0x0000000086a00000, 0x0000000086a00000|100%| O|  |TAMS 0x0000000086966a00, 0x0000000086a00000| Untracked 
| 106|0x0000000086a00000, 0x0000000086b00000, 0x0000000086b00000|100%| O|  |TAMS 0x0000000086b00000, 0x0000000086b00000| Untracked 
| 107|0x0000000086b00000, 0x0000000086c00000, 0x0000000086c00000|100%| O|  |TAMS 0x0000000086c00000, 0x0000000086c00000| Untracked 
| 108|0x0000000086c00000, 0x0000000086d00000, 0x0000000086d00000|100%| O|  |TAMS 0x0000000086d00000, 0x0000000086d00000| Untracked 
| 109|0x0000000086d00000, 0x0000000086e00000, 0x0000000086e00000|100%| O|  |TAMS 0x0000000086e00000, 0x0000000086e00000| Untracked 
| 110|0x0000000086e00000, 0x0000000086f00000, 0x0000000086f00000|100%| O|  |TAMS 0x0000000086e00000, 0x0000000086f00000| Untracked 
| 111|0x0000000086f00000, 0x0000000087000000, 0x0000000087000000|100%| O|  |TAMS 0x0000000086f00000, 0x0000000087000000| Untracked 
| 112|0x0000000087000000, 0x0000000087100000, 0x0000000087100000|100%| O|  |TAMS 0x0000000087000000, 0x0000000087100000| Untracked 
| 113|0x0000000087100000, 0x0000000087200000, 0x0000000087200000|100%| O|  |TAMS 0x0000000087100000, 0x0000000087200000| Untracked 
| 114|0x0000000087200000, 0x0000000087300000, 0x0000000087300000|100%| O|  |TAMS 0x0000000087200000, 0x0000000087300000| Untracked 
| 115|0x0000000087300000, 0x000000008737e600, 0x0000000087400000| 49%| O|  |TAMS 0x0000000087300000, 0x000000008737e600| Untracked 
| 116|0x0000000087400000, 0x0000000087400000, 0x0000000087500000|  0%| F|  |TAMS 0x0000000087400000, 0x0000000087400000| Untracked 
| 117|0x0000000087500000, 0x0000000087600000, 0x0000000087600000|100%| O|  |TAMS 0x0000000087500000, 0x0000000087600000| Untracked 
| 118|0x0000000087600000, 0x0000000087700000, 0x0000000087700000|100%| O|  |TAMS 0x0000000087600000, 0x0000000087700000| Untracked 
| 119|0x0000000087700000, 0x0000000087800000, 0x0000000087800000|100%| O|  |TAMS 0x0000000087700000, 0x0000000087800000| Untracked 
| 120|0x0000000087800000, 0x0000000087800000, 0x0000000087900000|  0%| F|  |TAMS 0x0000000087800000, 0x0000000087800000| Untracked 
| 121|0x0000000087900000, 0x0000000087900000, 0x0000000087a00000|  0%| F|  |TAMS 0x0000000087900000, 0x0000000087900000| Untracked 
| 122|0x0000000087a00000, 0x0000000087a00000, 0x0000000087b00000|  0%| F|  |TAMS 0x0000000087a00000, 0x0000000087a00000| Untracked 
| 123|0x0000000087b00000, 0x0000000087b00000, 0x0000000087c00000|  0%| F|  |TAMS 0x0000000087b00000, 0x0000000087b00000| Untracked 
| 124|0x0000000087c00000, 0x0000000087c00000, 0x0000000087d00000|  0%| F|  |TAMS 0x0000000087c00000, 0x0000000087c00000| Untracked 
| 125|0x0000000087d00000, 0x0000000087d00000, 0x0000000087e00000|  0%| F|  |TAMS 0x0000000087d00000, 0x0000000087d00000| Untracked 
| 126|0x0000000087e00000, 0x0000000087e00000, 0x0000000087f00000|  0%| F|  |TAMS 0x0000000087e00000, 0x0000000087e00000| Untracked 
| 127|0x0000000087f00000, 0x0000000087f00000, 0x0000000088000000|  0%| F|  |TAMS 0x0000000087f00000, 0x0000000087f00000| Untracked 
| 128|0x0000000088000000, 0x0000000088000000, 0x0000000088100000|  0%| F|  |TAMS 0x0000000088000000, 0x0000000088000000| Untracked 
| 129|0x0000000088100000, 0x0000000088100000, 0x0000000088200000|  0%| F|  |TAMS 0x0000000088100000, 0x0000000088100000| Untracked 
| 130|0x0000000088200000, 0x0000000088200000, 0x0000000088300000|  0%| F|  |TAMS 0x0000000088200000, 0x0000000088200000| Untracked 
| 131|0x0000000088300000, 0x0000000088300000, 0x0000000088400000|  0%| F|  |TAMS 0x0000000088300000, 0x0000000088300000| Untracked 
| 132|0x0000000088400000, 0x0000000088400000, 0x0000000088500000|  0%| F|  |TAMS 0x0000000088400000, 0x0000000088400000| Untracked 
| 133|0x0000000088500000, 0x0000000088500000, 0x0000000088600000|  0%| F|  |TAMS 0x0000000088500000, 0x0000000088500000| Untracked 
| 134|0x0000000088600000, 0x0000000088600000, 0x0000000088700000|  0%| F|  |TAMS 0x0000000088600000, 0x0000000088600000| Untracked 
| 135|0x0000000088700000, 0x0000000088700000, 0x0000000088800000|  0%| F|  |TAMS 0x0000000088700000, 0x0000000088700000| Untracked 
| 136|0x0000000088800000, 0x0000000088800000, 0x0000000088900000|  0%| F|  |TAMS 0x0000000088800000, 0x0000000088800000| Untracked 
| 137|0x0000000088900000, 0x0000000088900000, 0x0000000088a00000|  0%| F|  |TAMS 0x0000000088900000, 0x0000000088900000| Untracked 
| 138|0x0000000088a00000, 0x0000000088a00000, 0x0000000088b00000|  0%| F|  |TAMS 0x0000000088a00000, 0x0000000088a00000| Untracked 
| 139|0x0000000088b00000, 0x0000000088b00000, 0x0000000088c00000|  0%| F|  |TAMS 0x0000000088b00000, 0x0000000088b00000| Untracked 
| 140|0x0000000088c00000, 0x0000000088c00000, 0x0000000088d00000|  0%| F|  |TAMS 0x0000000088c00000, 0x0000000088c00000| Untracked 
| 141|0x0000000088d00000, 0x0000000088d00000, 0x0000000088e00000|  0%| F|  |TAMS 0x0000000088d00000, 0x0000000088d00000| Untracked 
| 142|0x0000000088e00000, 0x0000000088e00000, 0x0000000088f00000|  0%| F|  |TAMS 0x0000000088e00000, 0x0000000088e00000| Untracked 
| 143|0x0000000088f00000, 0x0000000088f00000, 0x0000000089000000|  0%| F|  |TAMS 0x0000000088f00000, 0x0000000088f00000| Untracked 
| 144|0x0000000089000000, 0x0000000089000000, 0x0000000089100000|  0%| F|  |TAMS 0x0000000089000000, 0x0000000089000000| Untracked 
| 145|0x0000000089100000, 0x0000000089100000, 0x0000000089200000|  0%| F|  |TAMS 0x0000000089100000, 0x0000000089100000| Untracked 
| 146|0x0000000089200000, 0x0000000089200000, 0x0000000089300000|  0%| F|  |TAMS 0x0000000089200000, 0x0000000089200000| Untracked 
| 147|0x0000000089300000, 0x0000000089300000, 0x0000000089400000|  0%| F|  |TAMS 0x0000000089300000, 0x0000000089300000| Untracked 
| 148|0x0000000089400000, 0x0000000089400000, 0x0000000089500000|  0%| F|  |TAMS 0x0000000089400000, 0x0000000089400000| Untracked 
| 149|0x0000000089500000, 0x0000000089500000, 0x0000000089600000|  0%| F|  |TAMS 0x0000000089500000, 0x0000000089500000| Untracked 
| 150|0x0000000089600000, 0x0000000089600000, 0x0000000089700000|  0%| F|  |TAMS 0x0000000089600000, 0x0000000089600000| Untracked 
| 151|0x0000000089700000, 0x0000000089700000, 0x0000000089800000|  0%| F|  |TAMS 0x0000000089700000, 0x0000000089700000| Untracked 
| 152|0x0000000089800000, 0x0000000089800000, 0x0000000089900000|  0%| F|  |TAMS 0x0000000089800000, 0x0000000089800000| Untracked 
| 153|0x0000000089900000, 0x0000000089900000, 0x0000000089a00000|  0%| F|  |TAMS 0x0000000089900000, 0x0000000089900000| Untracked 
| 154|0x0000000089a00000, 0x0000000089a00000, 0x0000000089b00000|  0%| F|  |TAMS 0x0000000089a00000, 0x0000000089a00000| Untracked 
| 155|0x0000000089b00000, 0x0000000089b00000, 0x0000000089c00000|  0%| F|  |TAMS 0x0000000089b00000, 0x0000000089b00000| Untracked 
| 156|0x0000000089c00000, 0x0000000089c00000, 0x0000000089d00000|  0%| F|  |TAMS 0x0000000089c00000, 0x0000000089c00000| Untracked 
| 157|0x0000000089d00000, 0x0000000089d00000, 0x0000000089e00000|  0%| F|  |TAMS 0x0000000089d00000, 0x0000000089d00000| Untracked 
| 158|0x0000000089e00000, 0x0000000089e00000, 0x0000000089f00000|  0%| F|  |TAMS 0x0000000089e00000, 0x0000000089e00000| Untracked 
| 159|0x0000000089f00000, 0x0000000089f00000, 0x000000008a000000|  0%| F|  |TAMS 0x0000000089f00000, 0x0000000089f00000| Untracked 
| 160|0x000000008a000000, 0x000000008a000000, 0x000000008a100000|  0%| F|  |TAMS 0x000000008a000000, 0x000000008a000000| Untracked 
| 161|0x000000008a100000, 0x000000008a100000, 0x000000008a200000|  0%| F|  |TAMS 0x000000008a100000, 0x000000008a100000| Untracked 
| 162|0x000000008a200000, 0x000000008a200000, 0x000000008a300000|  0%| F|  |TAMS 0x000000008a200000, 0x000000008a200000| Untracked 
| 163|0x000000008a300000, 0x000000008a300000, 0x000000008a400000|  0%| F|  |TAMS 0x000000008a300000, 0x000000008a300000| Untracked 
| 164|0x000000008a400000, 0x000000008a400000, 0x000000008a500000|  0%| F|  |TAMS 0x000000008a400000, 0x000000008a400000| Untracked 
| 165|0x000000008a500000, 0x000000008a500000, 0x000000008a600000|  0%| F|  |TAMS 0x000000008a500000, 0x000000008a500000| Untracked 
| 166|0x000000008a600000, 0x000000008a600000, 0x000000008a700000|  0%| F|  |TAMS 0x000000008a600000, 0x000000008a600000| Untracked 
| 167|0x000000008a700000, 0x000000008a700000, 0x000000008a800000|  0%| F|  |TAMS 0x000000008a700000, 0x000000008a700000| Untracked 
| 168|0x000000008a800000, 0x000000008a800000, 0x000000008a900000|  0%| F|  |TAMS 0x000000008a800000, 0x000000008a800000| Untracked 
| 169|0x000000008a900000, 0x000000008a900000, 0x000000008aa00000|  0%| F|  |TAMS 0x000000008a900000, 0x000000008a900000| Untracked 
| 170|0x000000008aa00000, 0x000000008aa00000, 0x000000008ab00000|  0%| F|  |TAMS 0x000000008aa00000, 0x000000008aa00000| Untracked 
| 171|0x000000008ab00000, 0x000000008ab00000, 0x000000008ac00000|  0%| F|  |TAMS 0x000000008ab00000, 0x000000008ab00000| Untracked 
| 172|0x000000008ac00000, 0x000000008ac00000, 0x000000008ad00000|  0%| F|  |TAMS 0x000000008ac00000, 0x000000008ac00000| Untracked 
| 173|0x000000008ad00000, 0x000000008ad00000, 0x000000008ae00000|  0%| F|  |TAMS 0x000000008ad00000, 0x000000008ad00000| Untracked 
| 174|0x000000008ae00000, 0x000000008ae00000, 0x000000008af00000|  0%| F|  |TAMS 0x000000008ae00000, 0x000000008ae00000| Untracked 
| 175|0x000000008af00000, 0x000000008af00000, 0x000000008b000000|  0%| F|  |TAMS 0x000000008af00000, 0x000000008af00000| Untracked 
| 176|0x000000008b000000, 0x000000008b000000, 0x000000008b100000|  0%| F|  |TAMS 0x000000008b000000, 0x000000008b000000| Untracked 
| 177|0x000000008b100000, 0x000000008b100000, 0x000000008b200000|  0%| F|  |TAMS 0x000000008b100000, 0x000000008b100000| Untracked 
| 178|0x000000008b200000, 0x000000008b200000, 0x000000008b300000|  0%| F|  |TAMS 0x000000008b200000, 0x000000008b200000| Untracked 
| 179|0x000000008b300000, 0x000000008b300000, 0x000000008b400000|  0%| F|  |TAMS 0x000000008b300000, 0x000000008b300000| Untracked 
| 180|0x000000008b400000, 0x000000008b400000, 0x000000008b500000|  0%| F|  |TAMS 0x000000008b400000, 0x000000008b400000| Untracked 
| 181|0x000000008b500000, 0x000000008b500000, 0x000000008b600000|  0%| F|  |TAMS 0x000000008b500000, 0x000000008b500000| Untracked 
| 182|0x000000008b600000, 0x000000008b600000, 0x000000008b700000|  0%| F|  |TAMS 0x000000008b600000, 0x000000008b600000| Untracked 
| 183|0x000000008b700000, 0x000000008b700000, 0x000000008b800000|  0%| F|  |TAMS 0x000000008b700000, 0x000000008b700000| Untracked 
| 184|0x000000008b800000, 0x000000008b800000, 0x000000008b900000|  0%| F|  |TAMS 0x000000008b800000, 0x000000008b800000| Untracked 
| 185|0x000000008b900000, 0x000000008b900000, 0x000000008ba00000|  0%| F|  |TAMS 0x000000008b900000, 0x000000008b900000| Untracked 
| 186|0x000000008ba00000, 0x000000008ba00000, 0x000000008bb00000|  0%| F|  |TAMS 0x000000008ba00000, 0x000000008ba00000| Untracked 
| 187|0x000000008bb00000, 0x000000008bb00000, 0x000000008bc00000|  0%| F|  |TAMS 0x000000008bb00000, 0x000000008bb00000| Untracked 
| 188|0x000000008bc00000, 0x000000008bc00000, 0x000000008bd00000|  0%| F|  |TAMS 0x000000008bc00000, 0x000000008bc00000| Untracked 
| 189|0x000000008bd00000, 0x000000008bd00000, 0x000000008be00000|  0%| F|  |TAMS 0x000000008bd00000, 0x000000008bd00000| Untracked 
| 190|0x000000008be00000, 0x000000008be00000, 0x000000008bf00000|  0%| F|  |TAMS 0x000000008be00000, 0x000000008be00000| Untracked 
| 191|0x000000008bf00000, 0x000000008bf00000, 0x000000008c000000|  0%| F|  |TAMS 0x000000008bf00000, 0x000000008bf00000| Untracked 
| 192|0x000000008c000000, 0x000000008c000000, 0x000000008c100000|  0%| F|  |TAMS 0x000000008c000000, 0x000000008c000000| Untracked 
| 193|0x000000008c100000, 0x000000008c100000, 0x000000008c200000|  0%| F|  |TAMS 0x000000008c100000, 0x000000008c100000| Untracked 
| 194|0x000000008c200000, 0x000000008c200000, 0x000000008c300000|  0%| F|  |TAMS 0x000000008c200000, 0x000000008c200000| Untracked 
| 195|0x000000008c300000, 0x000000008c300000, 0x000000008c400000|  0%| F|  |TAMS 0x000000008c300000, 0x000000008c300000| Untracked 
| 196|0x000000008c400000, 0x000000008c400000, 0x000000008c500000|  0%| F|  |TAMS 0x000000008c400000, 0x000000008c400000| Untracked 
| 197|0x000000008c500000, 0x000000008c5d2ee8, 0x000000008c600000| 82%| S|CS|TAMS 0x000000008c500000, 0x000000008c500000| Complete 
| 198|0x000000008c600000, 0x000000008c700000, 0x000000008c700000|100%| S|CS|TAMS 0x000000008c600000, 0x000000008c600000| Complete 
| 199|0x000000008c700000, 0x000000008c700000, 0x000000008c800000|  0%| F|  |TAMS 0x000000008c700000, 0x000000008c700000| Untracked 
| 200|0x000000008c800000, 0x000000008c800000, 0x000000008c900000|  0%| F|  |TAMS 0x000000008c800000, 0x000000008c800000| Untracked 
| 201|0x000000008c900000, 0x000000008c900000, 0x000000008ca00000|  0%| F|  |TAMS 0x000000008c900000, 0x000000008c900000| Untracked 
| 202|0x000000008ca00000, 0x000000008ca00000, 0x000000008cb00000|  0%| F|  |TAMS 0x000000008ca00000, 0x000000008ca00000| Untracked 
| 203|0x000000008cb00000, 0x000000008cb00000, 0x000000008cc00000|  0%| F|  |TAMS 0x000000008cb00000, 0x000000008cb00000| Untracked 
| 204|0x000000008cc00000, 0x000000008cc00000, 0x000000008cd00000|  0%| F|  |TAMS 0x000000008cc00000, 0x000000008cc00000| Untracked 
| 205|0x000000008cd00000, 0x000000008cd00000, 0x000000008ce00000|  0%| F|  |TAMS 0x000000008cd00000, 0x000000008cd00000| Untracked 
| 206|0x000000008ce00000, 0x000000008ce00000, 0x000000008cf00000|  0%| F|  |TAMS 0x000000008ce00000, 0x000000008ce00000| Untracked 
| 207|0x000000008cf00000, 0x000000008cf00000, 0x000000008d000000|  0%| F|  |TAMS 0x000000008cf00000, 0x000000008cf00000| Untracked 
| 208|0x000000008d000000, 0x000000008d000000, 0x000000008d100000|  0%| F|  |TAMS 0x000000008d000000, 0x000000008d000000| Untracked 
| 209|0x000000008d100000, 0x000000008d100000, 0x000000008d200000|  0%| F|  |TAMS 0x000000008d100000, 0x000000008d100000| Untracked 
| 210|0x000000008d200000, 0x000000008d200000, 0x000000008d300000|  0%| F|  |TAMS 0x000000008d200000, 0x000000008d200000| Untracked 
| 211|0x000000008d300000, 0x000000008d300000, 0x000000008d400000|  0%| F|  |TAMS 0x000000008d300000, 0x000000008d300000| Untracked 
| 212|0x000000008d400000, 0x000000008d400000, 0x000000008d500000|  0%| F|  |TAMS 0x000000008d400000, 0x000000008d400000| Untracked 
| 213|0x000000008d500000, 0x000000008d500000, 0x000000008d600000|  0%| F|  |TAMS 0x000000008d500000, 0x000000008d500000| Untracked 

Card table byte_map: [0x00000299d5110000,0x00000299d5510000] _byte_map_base: 0x00000299d4d10000

Marking Bits (Prev, Next): (CMBitMap*) 0x00000299bb82dc48, (CMBitMap*) 0x00000299bb82dc80
 Prev Bits: [0x00000299d5910000, 0x00000299d7910000)
 Next Bits: [0x00000299d7910000, 0x00000299d9910000)

Polling page: 0x00000299bb8c0000

Metaspace:

Usage:
  Non-class:     62.86 MB capacity,    61.73 MB ( 98%) used,   945.64 KB (  1%) free+waste,   203.75 KB ( <1%) overhead. 
      Class:      9.90 MB capacity,     9.15 MB ( 92%) used,   673.64 KB (  7%) free+waste,    97.13 KB ( <1%) overhead. 
       Both:     72.76 MB capacity,    70.88 MB ( 97%) used,     1.58 MB (  2%) free+waste,   300.88 KB ( <1%) overhead. 

Virtual space:
  Non-class space:       64.00 MB reserved,      62.92 MB ( 98%) committed 
      Class space:        1.00 GB reserved,      10.00 MB ( <1%) committed 
             Both:        1.06 GB reserved,      72.92 MB (  7%) committed 

Chunk freelists:
   Non-Class:  4.00 KB
       Class:  2.00 KB
        Both:  6.00 KB

MaxMetaspaceSize: 17179869184.00 GB
CompressedClassSpaceSize: 1.00 GB
Initial GC threshold: 20.80 MB
Current GC threshold: 115.70 MB
CDS: off

CodeHeap 'non-profiled nmethods': size=120064Kb used=3806Kb max_used=3806Kb free=116258Kb
 bounds [0x00000299cd190000, 0x00000299cd550000, 0x00000299d46d0000]
CodeHeap 'profiled nmethods': size=120000Kb used=15523Kb max_used=15523Kb free=104476Kb
 bounds [0x00000299c5c60000, 0x00000299c6b90000, 0x00000299cd190000]
CodeHeap 'non-nmethods': size=5696Kb used=2382Kb max_used=2422Kb free=3313Kb
 bounds [0x00000299c56d0000, 0x00000299c5940000, 0x00000299c5c60000]
 total_blobs=8430 nmethods=7542 adapters=800
 compilation: enabled
              stopped_count=0, restarted_count=0
 full_count=0

Compilation events (20 events):
Event: 32.132 Thread 0x00000299dbf95000 nmethod 7637 0x00000299c6b83610 code [0x00000299c6b837e0, 0x00000299c6b83b58]
Event: 32.138 Thread 0x00000299dbf90000 nmethod 7629 0x00000299cd544c10 code [0x00000299cd544de0, 0x00000299cd545098]
Event: 32.138 Thread 0x00000299dbf90000 7589       4       java.util.regex.Pattern$LastNode::match (45 bytes)
Event: 32.139 Thread 0x00000299dbf90000 nmethod 7589 0x00000299cd545310 code [0x00000299cd5454a0, 0x00000299cd545578]
Event: 32.139 Thread 0x00000299dbf90000 7582       4       java.lang.Class::getInterfaces (6 bytes)
Event: 32.146 Thread 0x00000299dbf95000 7638       3       java.util.jar.Attributes::<init> (7 bytes)
Event: 32.146 Thread 0x00000299dbf95000 nmethod 7638 0x00000299c6b83c90 code [0x00000299c6b83ea0, 0x00000299c6b84248]
Event: 32.149 Thread 0x00000299dbf90000 nmethod 7582 0x00000299cd545690 code [0x00000299cd545860, 0x00000299cd545ea8]
Event: 32.150 Thread 0x00000299dbf90000 7559       4       java.util.TreeMap$PrivateEntryIterator::hasNext (13 bytes)
Event: 32.150 Thread 0x00000299dbf90000 nmethod 7559 0x00000299cd546190 code [0x00000299cd546320, 0x00000299cd546398]
Event: 32.150 Thread 0x00000299dbf90000 7427       4       java.lang.String::<init> (14 bytes)
Event: 32.151 Thread 0x00000299dbf95000 7639  s!   3       sun.net.www.protocol.file.Handler::openConnection (273 bytes)
Event: 32.154 Thread 0x00000299dbf95000 nmethod 7639 0x00000299c6b84410 code [0x00000299c6b849c0, 0x00000299c6b873a8]
Event: 32.157 Thread 0x00000299dbf90000 nmethod 7427 0x00000299cd546490 code [0x00000299cd546640, 0x00000299cd546cf8]
Event: 32.157 Thread 0x00000299dbf90000 7380       4       java.util.stream.AbstractPipeline::evaluate (94 bytes)
Event: 32.158 Thread 0x00000299dbf95000 7640       1       java.nio.charset.CharsetDecoder::charset (5 bytes)
Event: 32.158 Thread 0x00000299dbf95000 nmethod 7640 0x00000299cd546f90 code [0x00000299cd547140, 0x00000299cd5471f8]
Event: 32.160 Thread 0x00000299dbf90000 nmethod 7380 0x00000299cd547290 code [0x00000299cd547440, 0x00000299cd547638]
Event: 32.162 Thread 0x00000299dbf95000 7641       3       java.nio.HeapByteBuffer::compact (85 bytes)
Event: 32.162 Thread 0x00000299dbf95000 nmethod 7641 0x00000299c6b88490 code [0x00000299c6b886a0, 0x00000299c6b88ca8]

GC Heap History (20 events):
Event: 22.002 GC heap after
{Heap after GC invocations=50 (full 0):
 garbage-first heap   total 147456K, used 87390K [0x0000000080000000, 0x0000000100000000)
  region size 1024K, 3 young (3072K), 3 survivors (3072K)
 Metaspace       used 48653K, capacity 49963K, committed 49968K, reserved 1093632K
  class space    used 6279K, capacity 6783K, committed 6784K, reserved 1048576K
}
Event: 22.496 GC heap before
{Heap before GC invocations=51 (full 0):
 garbage-first heap   total 147456K, used 117086K [0x0000000080000000, 0x0000000100000000)
  region size 1024K, 27 young (27648K), 3 survivors (3072K)
 Metaspace       used 50277K, capacity 51650K, committed 51888K, reserved 1093632K
  class space    used 6560K, capacity 7112K, committed 7168K, reserved 1048576K
}
Event: 22.513 GC heap after
{Heap after GC invocations=52 (full 0):
 garbage-first heap   total 182272K, used 94663K [0x0000000080000000, 0x0000000100000000)
  region size 1024K, 4 young (4096K), 4 survivors (4096K)
 Metaspace       used 50277K, capacity 51650K, committed 51888K, reserved 1093632K
  class space    used 6560K, capacity 7112K, committed 7168K, reserved 1048576K
}
Event: 24.231 GC heap before
{Heap before GC invocations=52 (full 0):
 garbage-first heap   total 182272K, used 129479K [0x0000000080000000, 0x0000000100000000)
  region size 1024K, 38 young (38912K), 4 survivors (4096K)
 Metaspace       used 52217K, capacity 53639K, committed 53936K, reserved 1095680K
  class space    used 6788K, capacity 7364K, committed 7424K, reserved 1048576K
}
Event: 24.246 GC heap after
{Heap after GC invocations=53 (full 0):
 garbage-first heap   total 182272K, used 95711K [0x0000000080000000, 0x0000000100000000)
  region size 1024K, 4 young (4096K), 4 survivors (4096K)
 Metaspace       used 52217K, capacity 53639K, committed 53936K, reserved 1095680K
  class space    used 6788K, capacity 7364K, committed 7424K, reserved 1048576K
}
Event: 25.505 GC heap before
{Heap before GC invocations=54 (full 0):
 garbage-first heap   total 182272K, used 135647K [0x0000000080000000, 0x0000000100000000)
  region size 1024K, 44 young (45056K), 4 survivors (4096K)
 Metaspace       used 55350K, capacity 56847K, committed 57008K, reserved 1097728K
  class space    used 7263K, capacity 7875K, committed 7936K, reserved 1048576K
}
Event: 25.519 GC heap after
{Heap after GC invocations=55 (full 0):
 garbage-first heap   total 182272K, used 98007K [0x0000000080000000, 0x0000000100000000)
  region size 1024K, 4 young (4096K), 4 survivors (4096K)
 Metaspace       used 55350K, capacity 56847K, committed 57008K, reserved 1097728K
  class space    used 7263K, capacity 7875K, committed 7936K, reserved 1048576K
}
Event: 26.232 GC heap before
{Heap before GC invocations=55 (full 0):
 garbage-first heap   total 182272K, used 120535K [0x0000000080000000, 0x0000000100000000)
  region size 1024K, 27 young (27648K), 4 survivors (4096K)
 Metaspace       used 57490K, capacity 59007K, committed 59312K, reserved 1099776K
  class space    used 7489K, capacity 8101K, committed 8192K, reserved 1048576K
}
Event: 26.243 GC heap after
{Heap after GC invocations=56 (full 0):
 garbage-first heap   total 182272K, used 99384K [0x0000000080000000, 0x0000000100000000)
  region size 1024K, 4 young (4096K), 4 survivors (4096K)
 Metaspace       used 57490K, capacity 59007K, committed 59312K, reserved 1099776K
  class space    used 7489K, capacity 8101K, committed 8192K, reserved 1048576K
}
Event: 26.481 GC heap before
{Heap before GC invocations=57 (full 0):
 garbage-first heap   total 182272K, used 107576K [0x0000000080000000, 0x0000000100000000)
  region size 1024K, 10 young (10240K), 4 survivors (4096K)
 Metaspace       used 57621K, capacity 59325K, committed 59568K, reserved 1101824K
  class space    used 7505K, capacity 8143K, committed 8192K, reserved 1048576K
}
Event: 26.497 GC heap after
{Heap after GC invocations=58 (full 0):
 garbage-first heap   total 219136K, used 106889K [0x0000000080000000, 0x0000000100000000)
  region size 1024K, 5 young (5120K), 5 survivors (5120K)
 Metaspace       used 57621K, capacity 59325K, committed 59568K, reserved 1101824K
  class space    used 7505K, capacity 8143K, committed 8192K, reserved 1048576K
}
Event: 26.654 GC heap before
{Heap before GC invocations=59 (full 0):
 garbage-first heap   total 219136K, used 115081K [0x0000000080000000, 0x0000000100000000)
  region size 1024K, 10 young (10240K), 5 survivors (5120K)
 Metaspace       used 57900K, capacity 59549K, committed 59568K, reserved 1101824K
  class space    used 7554K, capacity 8175K, committed 8192K, reserved 1048576K
}
Event: 26.671 GC heap after
{Heap after GC invocations=60 (full 0):
 garbage-first heap   total 219136K, used 113035K [0x0000000080000000, 0x0000000100000000)
  region size 1024K, 6 young (6144K), 6 survivors (6144K)
 Metaspace       used 57900K, capacity 59549K, committed 59568K, reserved 1101824K
  class space    used 7554K, capacity 8175K, committed 8192K, reserved 1048576K
}
Event: 29.198 GC heap before
{Heap before GC invocations=61 (full 0):
 garbage-first heap   total 219136K, used 158091K [0x0000000080000000, 0x0000000100000000)
  region size 1024K, 49 young (50176K), 6 survivors (6144K)
 Metaspace       used 62494K, capacity 64281K, committed 64560K, reserved 1105920K
  class space    used 8108K, capacity 8790K, committed 8832K, reserved 1048576K
}
Event: 29.227 GC heap after
{Heap after GC invocations=62 (full 0):
 garbage-first heap   total 219136K, used 115544K [0x0000000080000000, 0x0000000100000000)
  region size 1024K, 5 young (5120K), 5 survivors (5120K)
 Metaspace       used 62494K, capacity 64281K, committed 64560K, reserved 1105920K
  class space    used 8108K, capacity 8790K, committed 8832K, reserved 1048576K
}
Event: 30.630 GC heap before
{Heap before GC invocations=62 (full 0):
 garbage-first heap   total 219136K, used 155480K [0x0000000080000000, 0x0000000100000000)
  region size 1024K, 45 young (46080K), 5 survivors (5120K)
 Metaspace       used 68888K, capacity 70800K, committed 71088K, reserved 1110016K
  class space    used 8884K, capacity 9646K, committed 9728K, reserved 1048576K
}
Event: 30.643 GC heap after
{Heap after GC invocations=63 (full 0):
 garbage-first heap   total 219136K, used 118341K [0x0000000080000000, 0x0000000100000000)
  region size 1024K, 7 young (7168K), 7 survivors (7168K)
 Metaspace       used 68888K, capacity 70800K, committed 71088K, reserved 1110016K
  class space    used 8884K, capacity 9646K, committed 9728K, reserved 1048576K
}
Event: 31.658 GC heap before
{Heap before GC invocations=64 (full 0):
 garbage-first heap   total 219136K, used 172613K [0x0000000080000000, 0x0000000100000000)
  region size 1024K, 53 young (54272K), 7 survivors (7168K)
 Metaspace       used 71380K, capacity 73264K, committed 73392K, reserved 1112064K
  class space    used 9200K, capacity 9943K, committed 9984K, reserved 1048576K
}
Event: 31.729 GC heap after
{Heap after GC invocations=65 (full 0):
 garbage-first heap   total 219136K, used 121450K [0x0000000080000000, 0x0000000100000000)
  region size 1024K, 7 young (7168K), 7 survivors (7168K)
 Metaspace       used 71380K, capacity 73264K, committed 73392K, reserved 1112064K
  class space    used 9200K, capacity 9943K, committed 9984K, reserved 1048576K
}
Event: 32.163 GC heap before
{Heap before GC invocations=65 (full 0):
 garbage-first heap   total 219136K, used 135786K [0x0000000080000000, 0x0000000100000000)
  region size 1024K, 22 young (22528K), 7 survivors (7168K)
 Metaspace       used 72585K, capacity 74506K, committed 74672K, reserved 1114112K
  class space    used 9371K, capacity 10142K, committed 10240K, reserved 1048576K
}

Deoptimization events (20 events):
Event: 31.627 Thread 0x00000299ddbfc000 DEOPT PACKING pc=0x00000299cd3778e0 sp=0x000000ecdbbf6980
Event: 31.627 Thread 0x00000299ddbfc000 DEOPT UNPACKING pc=0x00000299c56d85af sp=0x000000ecdbbf6698 mode 2
Event: 31.627 Thread 0x00000299ddbfc000 Uncommon trap: trap_request=0xffffff4d fr.pc=0x00000299cd389930 relative=0x0000000000003eb0
Event: 31.628 Thread 0x00000299ddbfc000 Uncommon trap: reason=unstable_if action=reinterpret pc=0x00000299cd389930 method=java.lang.ClassValue.match(Ljava/lang/ClassValue$Entry;)Z @ 12 c2
Event: 31.628 Thread 0x00000299ddbfc000 DEOPT PACKING pc=0x00000299cd389930 sp=0x000000ecdbbf68a0
Event: 31.628 Thread 0x00000299ddbfc000 DEOPT UNPACKING pc=0x00000299c56d85af sp=0x000000ecdbbf6690 mode 2
Event: 31.651 Thread 0x00000299ddbfc000 Uncommon trap: trap_request=0xffffff4d fr.pc=0x00000299cd33a604 relative=0x0000000000003124
Event: 31.651 Thread 0x00000299ddbfc000 Uncommon trap: reason=unstable_if action=reinterpret pc=0x00000299cd33a604 method=java.lang.ClassValue.match(Ljava/lang/ClassValue$Entry;)Z @ 12 c2
Event: 31.651 Thread 0x00000299ddbfc000 DEOPT PACKING pc=0x00000299cd33a604 sp=0x000000ecdbbf6630
Event: 31.651 Thread 0x00000299ddbfc000 DEOPT UNPACKING pc=0x00000299c56d85af sp=0x000000ecdbbf6350 mode 2
Event: 31.896 Thread 0x00000299ddbfc000 Uncommon trap: trap_request=0xffffff4d fr.pc=0x00000299cd4b9c9c relative=0x000000000000033c
Event: 31.896 Thread 0x00000299ddbfc000 Uncommon trap: reason=unstable_if action=reinterpret pc=0x00000299cd4b9c9c method=org.gradle.internal.reflect.PropertyAccessorType.of(Ljava/lang/reflect/Method;)Lorg/gradle/internal/reflect/PropertyAccessorType; @ 56 c2
Event: 31.897 Thread 0x00000299ddbfc000 DEOPT PACKING pc=0x00000299cd4b9c9c sp=0x000000ecdbbf6740
Event: 31.897 Thread 0x00000299ddbfc000 DEOPT UNPACKING pc=0x00000299c56d85af sp=0x000000ecdbbf6700 mode 2
Event: 32.094 Thread 0x00000299ddbfc000 Uncommon trap: trap_request=0xffffff4d fr.pc=0x00000299cd4b2524 relative=0x0000000000000204
Event: 32.094 Thread 0x00000299ddbfc000 Uncommon trap: reason=unstable_if action=reinterpret pc=0x00000299cd4b2524 method=org.objectweb.asm.Label.resolve([BI)Z @ 80 c2
Event: 32.094 Thread 0x00000299ddbfc000 DEOPT PACKING pc=0x00000299cd4b2524 sp=0x000000ecdbbf4e30
Event: 32.094 Thread 0x00000299ddbfc000 DEOPT UNPACKING pc=0x00000299c56d85af sp=0x000000ecdbbf4d98 mode 2
Event: 32.126 Thread 0x00000299ddbfc000 DEOPT PACKING pc=0x00000299c605b71c sp=0x000000ecdbbf5b10
Event: 32.126 Thread 0x00000299ddbfc000 DEOPT UNPACKING pc=0x00000299c5719d0e sp=0x000000ecdbbf4ff0 mode 0

Classes redefined (0 events):
No events

Internal exceptions (20 events):
Event: 29.592 Thread 0x00000299ddbfc000 Exception <a 'java/lang/NoSuchMethodError'{0x000000008c53c410}: 'java.lang.Object java.lang.invoke.DelegatingMethodHandle$Holder.reinvoke_L(java.lang.Object, int, int, int, java.lang.Object, java.lang.Object, java.lang.Object, java.lang.Object)'> (0x000000008c53c410) thrown at [./src/hotspot/share/interpreter/linkResolver.cpp, line 773]
Event: 29.593 Thread 0x00000299ddbfc000 Exception <a 'java/lang/NoSuchMethodError'{0x000000008c544e18}: 'java.lang.Object java.lang.invoke.DirectMethodHandle$Holder.invokeStatic(java.lang.Object, java.lang.Object, java.lang.Object, java.lang.Object, java.lang.Object, int)'> (0x000000008c544e18) thrown at [./src/hotspot/share/interpreter/linkResolver.cpp, line 773]
Event: 29.859 Thread 0x00000299ddbfc000 Exception <a 'java/lang/NoSuchMethodError'{0x000000008bda7af0}: 'java.lang.Object java.lang.invoke.DirectMethodHandle$Holder.invokeSpecial(java.lang.Object, java.lang.Object, int, int, java.lang.Object, java.lang.Object, java.lang.Object)'> (0x000000008bda7af0) thrown at [./src/hotspot/share/interpreter/linkResolver.cpp, line 773]
Event: 29.860 Thread 0x00000299ddbfc000 Exception <a 'java/lang/NoSuchMethodError'{0x000000008bdac868}: 'java.lang.Object java.lang.invoke.DelegatingMethodHandle$Holder.reinvoke_L(java.lang.Object, int, int, java.lang.Object, java.lang.Object, java.lang.Object)'> (0x000000008bdac868) thrown at [./src/hotspot/share/interpreter/linkResolver.cpp, line 773]
Event: 29.867 Thread 0x00000299ddbfc000 Exception <a 'java/lang/NoSuchMethodError'{0x000000008bdc33e0}: 'java.lang.Object java.lang.invoke.DirectMethodHandle$Holder.invokeStatic(java.lang.Object, java.lang.Object, java.lang.Object, java.lang.Object, int, int)'> (0x000000008bdc33e0) thrown at [./src/hotspot/share/interpreter/linkResolver.cpp, line 773]
Event: 29.871 Thread 0x00000299ddbfc000 Exception <a 'java/lang/NoSuchMethodError'{0x000000008bdd9d00}: 'java.lang.Object java.lang.invoke.DirectMethodHandle$Holder.invokeStatic(java.lang.Object, java.lang.Object, java.lang.Object, java.lang.Object, int, int, java.lang.Object)'> (0x000000008bdd9d00) thrown at [./src/hotspot/share/interpreter/linkResolver.cpp, line 773]
Event: 29.873 Thread 0x00000299ddbfc000 Exception <a 'java/lang/NoSuchMethodError'{0x000000008bdf1f98}: 'java.lang.Object java.lang.invoke.DirectMethodHandle$Holder.invokeStatic(java.lang.Object, java.lang.Object, java.lang.Object, java.lang.Object, int, int, java.lang.Object, java.lang.Object)'> (0x000000008bdf1f98) thrown at [./src/hotspot/share/interpreter/linkResolver.cpp, line 773]
Event: 29.876 Thread 0x00000299ddbfc000 Exception <a 'java/lang/NoSuchMethodError'{0x000000008bc0bc50}: 'java.lang.Object java.lang.invoke.DirectMethodHandle$Holder.invokeStatic(java.lang.Object, java.lang.Object, java.lang.Object, java.lang.Object, int, int, java.lang.Object, java.lang.Object, java.lang.Object)'> (0x000000008bc0bc50) thrown at [./src/hotspot/share/interpreter/linkResolver.cpp, line 773]
Event: 29.988 Thread 0x00000299ddbfc000 Exception <a 'java/lang/IncompatibleClassChangeError'{0x000000008bb35c30}: Found class java.lang.Object, but interface was expected> (0x000000008bb35c30) thrown at [./src/hotspot/share/interpreter/linkResolver.cpp, line 839]
Event: 30.127 Thread 0x00000299ddbfc000 Implicit null exception at 0x00000299cd4ca16a to 0x00000299cd4cb5c0
Event: 30.447 Thread 0x00000299ddbfc000 Implicit null exception at 0x00000299cd2d3e0b to 0x00000299cd2d3ee4
Event: 31.000 Thread 0x00000299ddbfc000 Exception <a 'sun/nio/fs/WindowsException'{0x000000008c45dbb0}> (0x000000008c45dbb0) thrown at [./src/hotspot/share/prims/jni.cpp, line 615]
Event: 31.639 Thread 0x00000299ddbfc000 Exception <a 'java/lang/ClassNotFoundException'{0x000000008a3ff228}: org/gradle/api/plugins/internal/DefaultBasePluginConventionBeanInfo> (0x000000008a3ff228) thrown at [./src/hotspot/share/classfile/systemDictionary.cpp, line 231]
Event: 31.641 Thread 0x00000299ddbfc000 Exception <a 'java/lang/ClassNotFoundException'{0x000000008a245858}: org/gradle/api/plugins/BasePluginConventionBeanInfo> (0x000000008a245858) thrown at [./src/hotspot/share/classfile/systemDictionary.cpp, line 231]
Event: 31.643 Thread 0x00000299ddbfc000 Exception <a 'java/lang/ClassNotFoundException'{0x000000008a28be28}: org/gradle/api/plugins/BasePluginConventionCustomizer> (0x000000008a28be28) thrown at [./src/hotspot/share/classfile/systemDictionary.cpp, line 231]
Event: 31.645 Thread 0x00000299ddbfc000 Exception <a 'java/lang/ClassNotFoundException'{0x000000008a2e4370}: org/gradle/api/plugins/internal/DefaultBasePluginConventionCustomizer> (0x000000008a2e4370) thrown at [./src/hotspot/share/classfile/systemDictionary.cpp, line 231]
Event: 31.654 Thread 0x00000299ddbfc000 Exception <a 'java/lang/ClassNotFoundException'{0x000000008a1710b8}: org/gradle/api/plugins/internal/DefaultJavaPluginConventionBeanInfo> (0x000000008a1710b8) thrown at [./src/hotspot/share/classfile/systemDictionary.cpp, line 231]
Event: 31.656 Thread 0x00000299ddbfc000 Exception <a 'java/lang/ClassNotFoundException'{0x000000008a1b7400}: org/gradle/api/plugins/JavaPluginConventionBeanInfo> (0x000000008a1b7400) thrown at [./src/hotspot/share/classfile/systemDictionary.cpp, line 231]
Event: 31.657 Thread 0x00000299ddbfc000 Exception <a 'java/lang/ClassNotFoundException'{0x000000008a1fd740}: org/gradle/api/plugins/JavaPluginConventionCustomizer> (0x000000008a1fd740) thrown at [./src/hotspot/share/classfile/systemDictionary.cpp, line 231]
Event: 31.751 Thread 0x00000299ddbfc000 Exception <a 'java/lang/ClassNotFoundException'{0x000000008d560848}: org/gradle/api/plugins/internal/DefaultJavaPluginConventionCustomizer> (0x000000008d560848) thrown at [./src/hotspot/share/classfile/systemDictionary.cpp, line 231]

Events (20 events):
Event: 32.144 loading class com/android/tools/build/jetifier/processor/Processor$Companion done
Event: 32.145 loading class com/android/tools/build/jetifier/core/config/ConfigParser
Event: 32.145 loading class com/android/tools/build/jetifier/core/config/ConfigParser done
Event: 32.147 loading class com/android/tools/build/jetifier/core/utils/Log
Event: 32.147 loading class com/android/tools/build/jetifier/core/utils/Log done
Event: 32.149 loading class com/android/tools/build/jetifier/core/utils/LogLevel
Event: 32.149 loading class com/android/tools/build/jetifier/core/utils/LogLevel done
Event: 32.150 loading class com/android/tools/build/jetifier/core/utils/StdOutLogConsumer
Event: 32.150 loading class com/android/tools/build/jetifier/core/utils/StdOutLogConsumer done
Event: 32.150 loading class com/android/tools/build/jetifier/core/utils/LogConsumer
Event: 32.150 loading class com/android/tools/build/jetifier/core/utils/LogConsumer done
Event: 32.151 loading class kotlin/text/Charsets
Event: 32.151 loading class kotlin/text/Charsets done
Event: 32.151 loading class kotlin/text/Charsets
Event: 32.151 loading class kotlin/text/Charsets done
Event: 32.158 loading class kotlin/io/TextStreamsKt
Event: 32.158 loading class kotlin/io/TextStreamsKt done
Event: 32.159 loading class kotlin/io/TextStreamsKt
Event: 32.159 loading class kotlin/io/TextStreamsKt done
Event: 32.163 Executing VM operation: G1CollectForAllocation


Dynamic libraries:
0x00007ff63ccc0000 - 0x00007ff63cccd000 	C:\Program Files\Microsoft\jdk-11.0.12.7-hotspot\bin\java.exe
0x00007ffc6a5f0000 - 0x00007ffc6a7e8000 	C:\WINDOWS\SYSTEM32\ntdll.dll
0x00007ffc68e50000 - 0x00007ffc68f0f000 	C:\WINDOWS\System32\KERNEL32.DLL
0x00007ffc68030000 - 0x00007ffc68302000 	C:\WINDOWS\System32\KERNELBASE.dll
0x00007ffc65130000 - 0x00007ffc651c1000 	C:\WINDOWS\SYSTEM32\apphelp.dll
0x00007ffc684c0000 - 0x00007ffc685c0000 	C:\WINDOWS\System32\ucrtbase.dll
0x00007ffc60200000 - 0x00007ffc60217000 	C:\Program Files\Microsoft\jdk-11.0.12.7-hotspot\bin\jli.dll
0x00007ffc52510000 - 0x00007ffc52525000 	C:\Program Files\Microsoft\jdk-11.0.12.7-hotspot\bin\VCRUNTIME140.dll
0x00007ffc6a260000 - 0x00007ffc6a401000 	C:\WINDOWS\System32\USER32.dll
0x00007ffc67d70000 - 0x00007ffc67d92000 	C:\WINDOWS\System32\win32u.dll
0x00007ffc69f80000 - 0x00007ffc69fab000 	C:\WINDOWS\System32\GDI32.dll
0x00007ffc683b0000 - 0x00007ffc684bf000 	C:\WINDOWS\System32\gdi32full.dll
0x00007ffc68310000 - 0x00007ffc683ad000 	C:\WINDOWS\System32\msvcp_win.dll
0x00007ffc53190000 - 0x00007ffc5342a000 	C:\WINDOWS\WinSxS\amd64_microsoft.windows.common-controls_6595b64144ccf1df_6.0.19041.1110_none_60b5254171f9507e\COMCTL32.dll
0x00007ffc68c80000 - 0x00007ffc68d1e000 	C:\WINDOWS\System32\msvcrt.dll
0x00007ffc69f40000 - 0x00007ffc69f72000 	C:\WINDOWS\System32\IMM32.DLL
0x00007ffc2c290000 - 0x00007ffc2c32b000 	C:\Program Files\Microsoft\jdk-11.0.12.7-hotspot\bin\msvcp140.dll
0x00007ffc0ba80000 - 0x00007ffc0c5e1000 	C:\Program Files\Microsoft\jdk-11.0.12.7-hotspot\bin\server\jvm.dll
0x00007ffc68630000 - 0x00007ffc686de000 	C:\WINDOWS\System32\ADVAPI32.dll
0x00007ffc696d0000 - 0x00007ffc6976c000 	C:\WINDOWS\System32\sechost.dll
0x00007ffc68aa0000 - 0x00007ffc68bc5000 	C:\WINDOWS\System32\RPCRT4.dll
0x00007ffc6a180000 - 0x00007ffc6a188000 	C:\WINDOWS\System32\PSAPI.DLL
0x00007ffc47720000 - 0x00007ffc47747000 	C:\WINDOWS\SYSTEM32\WINMM.dll
0x00007ffc5c450000 - 0x00007ffc5c45a000 	C:\WINDOWS\SYSTEM32\VERSION.dll
0x00007ffc60250000 - 0x00007ffc60259000 	C:\WINDOWS\SYSTEM32\WSOCK32.dll
0x00007ffc69ed0000 - 0x00007ffc69f3b000 	C:\WINDOWS\System32\WS2_32.dll
0x00007ffc66530000 - 0x00007ffc66542000 	C:\WINDOWS\SYSTEM32\kernel.appcore.dll
0x00007ffc590d0000 - 0x00007ffc590e0000 	C:\Program Files\Microsoft\jdk-11.0.12.7-hotspot\bin\verify.dll
0x00007ffc65940000 - 0x00007ffc65b24000 	C:\WINDOWS\SYSTEM32\DBGHELP.DLL
0x00007ffc5e650000 - 0x00007ffc5e685000 	C:\WINDOWS\SYSTEM32\dbgcore.DLL
0x00007ffc67ce0000 - 0x00007ffc67d62000 	C:\WINDOWS\System32\bcryptPrimitives.dll
0x00007ffc524e0000 - 0x00007ffc52508000 	C:\Program Files\Microsoft\jdk-11.0.12.7-hotspot\bin\java.dll
0x00007ffc52160000 - 0x00007ffc5216a000 	C:\Program Files\Microsoft\jdk-11.0.12.7-hotspot\bin\jimage.dll
0x00007ffc42070000 - 0x00007ffc42087000 	C:\Program Files\Microsoft\jdk-11.0.12.7-hotspot\bin\zip.dll
0x00007ffc68f20000 - 0x00007ffc69664000 	C:\WINDOWS\System32\SHELL32.dll
0x00007ffc65d80000 - 0x00007ffc66512000 	C:\WINDOWS\SYSTEM32\windows.storage.dll
0x00007ffc686e0000 - 0x00007ffc68a35000 	C:\WINDOWS\System32\combase.dll
0x00007ffc67660000 - 0x00007ffc67690000 	C:\WINDOWS\SYSTEM32\Wldp.dll
0x00007ffc68bd0000 - 0x00007ffc68c7d000 	C:\WINDOWS\System32\SHCORE.dll
0x00007ffc68a40000 - 0x00007ffc68a95000 	C:\WINDOWS\System32\shlwapi.dll
0x00007ffc67c20000 - 0x00007ffc67c3f000 	C:\WINDOWS\SYSTEM32\profapi.dll
0x00007ffc42050000 - 0x00007ffc42069000 	C:\Program Files\Microsoft\jdk-11.0.12.7-hotspot\bin\net.dll
0x00007ffc58120000 - 0x00007ffc5822c000 	C:\WINDOWS\SYSTEM32\WINHTTP.dll
0x00007ffc673c0000 - 0x00007ffc6742a000 	C:\WINDOWS\system32\mswsock.dll
0x00007ffc41720000 - 0x00007ffc41732000 	C:\Program Files\Microsoft\jdk-11.0.12.7-hotspot\bin\nio.dll
0x00007ffc3ae40000 - 0x00007ffc3ae67000 	C:\Users\Kevin\.gradle\native\e1d6ef7f7dcc3fd88c89a11ec53ec762bb8ba0a96d01ffa2cd45eb1d1d8dd5c5\windows-amd64\native-platform.dll
0x00007ffc1e9b0000 - 0x00007ffc1eaf4000 	C:\Users\Kevin\.gradle\native\0d407fdbe67a94daf76414ababcb853783967236a71b16ec16e742cd7a986fd3\windows-amd64\native-platform-file-events.dll
0x00007ffc44210000 - 0x00007ffc44219000 	C:\Program Files\Microsoft\jdk-11.0.12.7-hotspot\bin\management.dll
0x00007ffc3d960000 - 0x00007ffc3d96b000 	C:\Program Files\Microsoft\jdk-11.0.12.7-hotspot\bin\management_ext.dll
0x00007ffc675b0000 - 0x00007ffc675c8000 	C:\WINDOWS\SYSTEM32\CRYPTSP.dll
0x00007ffc66ce0000 - 0x00007ffc66d14000 	C:\WINDOWS\system32\rsaenh.dll
0x00007ffc67da0000 - 0x00007ffc67dc7000 	C:\WINDOWS\System32\bcrypt.dll
0x00007ffc67be0000 - 0x00007ffc67c0e000 	C:\WINDOWS\SYSTEM32\USERENV.dll
0x00007ffc675d0000 - 0x00007ffc675dc000 	C:\WINDOWS\SYSTEM32\CRYPTBASE.dll
0x00007ffc670b0000 - 0x00007ffc670eb000 	C:\WINDOWS\SYSTEM32\IPHLPAPI.DLL
0x00007ffc69d90000 - 0x00007ffc69d98000 	C:\WINDOWS\System32\NSI.dll
0x00007ffc58840000 - 0x00007ffc58857000 	C:\WINDOWS\SYSTEM32\dhcpcsvc6.DLL
0x00007ffc5c3a0000 - 0x00007ffc5c3bd000 	C:\WINDOWS\SYSTEM32\dhcpcsvc.DLL
0x00007ffc670f0000 - 0x00007ffc671ba000 	C:\WINDOWS\SYSTEM32\DNSAPI.dll

dbghelp: loaded successfully - version: 4.0.5 - missing functions: none
symbol engine: initialized successfully - sym options: 0x614 - pdb path: .;C:\Program Files\Microsoft\jdk-11.0.12.7-hotspot\bin;C:\WINDOWS\SYSTEM32;C:\WINDOWS\WinSxS\amd64_microsoft.windows.common-controls_6595b64144ccf1df_6.0.19041.1110_none_60b5254171f9507e;C:\Program Files\Microsoft\jdk-11.0.12.7-hotspot\bin\server;C:\Users\Kevin\.gradle\native\e1d6ef7f7dcc3fd88c89a11ec53ec762bb8ba0a96d01ffa2cd45eb1d1d8dd5c5\windows-amd64;C:\Users\Kevin\.gradle\native\0d407fdbe67a94daf76414ababcb853783967236a71b16ec16e742cd7a986fd3\windows-amd64

VM Arguments:
jvm_args: --add-opens=java.base/java.util=ALL-UNNAMED --add-opens=java.base/java.lang=ALL-UNNAMED --add-opens=java.base/java.lang.invoke=ALL-UNNAMED --add-opens=java.base/java.util=ALL-UNNAMED --add-opens=java.prefs/java.util.prefs=ALL-UNNAMED --add-opens=java.prefs/java.util.prefs=ALL-UNNAMED --add-opens=java.base/java.nio.charset=ALL-UNNAMED --add-opens=java.base/java.net=ALL-UNNAMED --add-opens=java.base/java.util.concurrent.atomic=ALL-UNNAMED -Xmx2048m -Dfile.encoding=UTF-8 -Duser.country=CO -Duser.language=es -Duser.variant 
java_command: org.gradle.launcher.daemon.bootstrap.GradleDaemon 7.5
java_class_path (initial): C:\Users\Kevin\.gradle\wrapper\dists\gradle-7.5-bin\f1w0cc9nuo0eivz97x2xlu9sv\gradle-7.5\lib\gradle-launcher-7.5.jar
Launcher Type: SUN_STANDARD

[Global flags]
     intx CICompilerCount                          = 3                                         {product} {ergonomic}
     uint ConcGCThreads                            = 1                                         {product} {ergonomic}
     uint G1ConcRefinementThreads                  = 4                                         {product} {ergonomic}
   size_t G1HeapRegionSize                         = 1048576                                   {product} {ergonomic}
    uintx GCDrainStackTargetSize                   = 64                                        {product} {ergonomic}
   size_t InitialHeapSize                          = 65011712                                  {product} {ergonomic}
   size_t MarkStackSize                            = 4194304                                   {product} {ergonomic}
   size_t MaxHeapSize                              = 2147483648                                {product} {command line}
   size_t MaxNewSize                               = 1287651328                                {product} {ergonomic}
   size_t MinHeapDeltaBytes                        = 1048576                                   {product} {ergonomic}
    uintx NonNMethodCodeHeapSize                   = 5830732                                {pd product} {ergonomic}
    uintx NonProfiledCodeHeapSize                  = 122913754                              {pd product} {ergonomic}
    uintx ProfiledCodeHeapSize                     = 122913754                              {pd product} {ergonomic}
    uintx ReservedCodeCacheSize                    = 251658240                              {pd product} {ergonomic}
     bool SegmentedCodeCache                       = true                                      {product} {ergonomic}
     bool UseCompressedClassPointers               = true                                 {lp64_product} {ergonomic}
     bool UseCompressedOops                        = true                                 {lp64_product} {ergonomic}
     bool UseG1GC                                  = true                                      {product} {ergonomic}
     bool UseLargePagesIndividualAllocation        = false                                  {pd product} {ergonomic}

Logging:
Log output configuration:
 #0: stdout all=warning uptime,level,tags
 #1: stderr all=off uptime,level,tags

Environment Variables:
PATH=C:\Program Files\Microsoft\jdk-11.0.12.7-hotspot\bin;C:\Program Files\Common Files\Oracle\Java\javapath;C:\Program Files (x86)\Common Files\Oracle\Java\javapath;C:\WINDOWS\system32;C:\WINDOWS;C:\WINDOWS\System32\Wbem;C:\WINDOWS\System32\WindowsPowerShell\v1.0\;C:\WINDOWS\System32\OpenSSH\;C:\Program Files\Git\cmd;C:\Program Files\dotnet\;C:\Program Files\Microsoft SQL Server\120\Tools\Binn\;C:\Program Files\Microsoft SQL Server\Client SDK\ODBC\110\Tools\Binn\;C:\Program Files (x86)\Microsoft SQL Server\120\Tools\Binn\;C:\Program Files\Microsoft SQL Server\120\DTS\Binn\;C:\Program Files (x86)\Microsoft SQL Server\120\Tools\Binn\ManagementStudio\;C:\Program Files (x86)\Microsoft SQL Server\120\DTS\Binn\;C:\Program Files\Microsoft SQL Server\150\Tools\Binn\;C:\Program Files\Microsoft SQL Server\Client SDK\ODBC\170\Tools\Binn\;C:\Program Files\MySQL\MySQL Shell 8.0\bin\;C:\Users\Kevin\AppData\Local\Programs\Python\Python39\Scripts\;C:\Users\Kevin\AppData\Local\Programs\Python\Python39\;C:\Users\Kevin\AppData\Local\Microsoft\WindowsApps;C:\Users\Kevin\.dotnet\tools;C:\Users\Kevin\AppData\Local\GitHubDesktop\bin;;C:\Users\Kevin\AppData\Local\Programs\Microsoft VS Code\bin
USERNAME=Kevin
OS=Windows_NT
PROCESSOR_IDENTIFIER=Intel64 Family 6 Model 126 Stepping 5, GenuineIntel



---------------  S Y S T E M  ---------------

OS: Windows 10 , 64 bit Build 19041 (10.0.19041.2364)
OS uptime: 19 days 19:54 hours

CPU:total 4 (initial active 4) (2 cores per cpu, 2 threads per core) family 6 model 126 stepping 5 microcode 0xa0, cmov, cx8, fxsr, mmx, sse, sse2, sse3, ssse3, sse4.1, sse4.2, popcnt, avx, avx2, aes, clmul, erms, 3dnowpref, lzcnt, ht, tsc, tscinvbit, bmi1, bmi2, adx, evex, sha, fma

Memory: 4k page, system-wide physical 3902M (232M free)
TotalPageFile size 15678M (AvailPageFile size 49M)
current process WorkingSet (physical memory assigned to process): 249M, peak: 249M
current process commit charge ("private bytes"): 448M, peak: 504M

vm_info: OpenJDK 64-Bit Server VM (11.0.12+7) for windows-amd64 JRE (11.0.12+7), built on Jul 21 2021 15:41:43 by "" with unknown MS VC++:1916

END.
